<jcr:root jcr:primaryType="rep:root" xmlns:docview012="www.apache.org/jackrabbit/test/namespaceImportTest012" xmlns:jcr="http://www.jcp.org/jcr/1.0" xmlns:docview01="www.apache.org/jackrabbit/test/namespaceImportTest01" xmlns:mix="http://www.jcp.org/jcr/mix/1.0" xmlns:rep="internal" xmlns:test="http://www.apache.org/jackrabbit/test" xmlns:nt="http://www.jcp.org/jcr/nt/1.0" xmlns:docview0="www.apache.org/jackrabbit/test/namespaceImportTest0" xmlns:docview="www.apache.org/jackrabbit/test/namespaceImportTest" xmlns:xs="http://www.w3.org/2001/XMLSchema" xmlns:fn="http://www.w3.org/2004/10/xpath-functions" xmlns:sv="http://www.jcp.org/jcr/sv/1.0" xmlns="" xmlns:tst="www.apache.org/jackrabbit/test/namespaceRegistryTest">
  <jcr:system jcr:primaryType="rep:system">
    <jcr:versionStorage jcr:primaryType="rep:versionStorage" jcr:mixinTypes="">&lt;_x0035_c36f17b-e748-4cee-af91-2c72ff38cb20 jcr:primaryType="nt:versionHistory" jcr:mixinTypes="" jcr:uuid="5c36f17b-e748-4cee-af91-2c72ff38cb20" jcr:versionableUuid="28cc14bf-3ef4-4cc4-9f12-e46e6776643e"&gt;
    <jcr:versionLabels jcr:primaryType="nt:versionLabels" jcr:mixinTypes="" />
    <jcr:rootVersion jcr:primaryType="nt:version" jcr:mixinTypes="" jcr:uuid="b73db6d3-0533-4837-afbf-bbe63347d805" jcr:created="2008-05-19T14:21:41.452-07:00" jcr:predecessors="" jcr:successors="9c71d185-f0f9-4e00-ab5f-0433ea39d3f5" />&lt;_x0031_.0 jcr:primaryType="nt:version" jcr:mixinTypes="" jcr:uuid="9c71d185-f0f9-4e00-ab5f-0433ea39d3f5" jcr:created="2008-05-19T14:21:41.577-07:00" jcr:predecessors="b73db6d3-0533-4837-afbf-bbe63347d805" jcr:successors=""&gt;
    <jcr:frozenNode jcr:primaryType="nt:frozenNode" jcr:mixinTypes="" jcr:uuid="4d10bd63-6e74-414d-a30c-c9807c983a36" jcr:frozenUuid="28cc14bf-3ef4-4cc4-9f12-e46e6776643e" jcr:frozenPrimaryType="test:versionable" jcr:frozenMixinTypes="" jcr:versionHistory="5c36f17b-e748-4cee-af91-2c72ff38cb20" jcr:predecessors="b73db6d3-0533-4837-afbf-bbe63347d805" />&lt;/_x0031_.0&gt;&lt;/_x0035_c36f17b-e748-4cee-af91-2c72ff38cb20&gt;&lt;_x0032_6350f25-6ada-437f-ba3c-db0d6b18c317 jcr:primaryType="nt:versionHistory" jcr:mixinTypes="" jcr:uuid="26350f25-6ada-437f-ba3c-db0d6b18c317" jcr:versionableUuid="b3f242b2-2b9f-412a-9d02-6eb45d9bc2cf"&gt;
    <jcr:versionLabels jcr:primaryType="nt:versionLabels" jcr:mixinTypes="" />
    <jcr:rootVersion jcr:primaryType="nt:version" jcr:mixinTypes="" jcr:uuid="540156a8-2870-4e28-a99d-38f6c50d983b" jcr:created="2008-05-19T14:21:16.870-07:00" jcr:predecessors="" jcr:successors="" />&lt;/_x0032_6350f25-6ada-437f-ba3c-db0d6b18c317&gt;
    <f181f63d-2927-4e4e-940c-05902f5e6d1a jcr:primaryType="nt:versionHistory" jcr:mixinTypes="" jcr:uuid="f181f63d-2927-4e4e-940c-05902f5e6d1a" jcr:versionableUuid="197de366-3314-42a1-b97e-5823d6170545">
    <jcr:versionLabels jcr:primaryType="nt:versionLabels" jcr:mixinTypes="" />
    <jcr:rootVersion jcr:primaryType="nt:version" jcr:mixinTypes="" jcr:uuid="1643a7d9-5f60-43fa-839c-3ac25c7e8f5c" jcr:created="2008-05-19T14:21:51.497-07:00" jcr:predecessors="" jcr:successors="9d0096b9-b32c-4fa6-a9d1-fa32c99225d2" />&lt;_x0031_.0 jcr:primaryType="nt:version" jcr:mixinTypes="" jcr:uuid="9d0096b9-b32c-4fa6-a9d1-fa32c99225d2" jcr:created="2008-05-19T14:21:51.562-07:00" jcr:predecessors="1643a7d9-5f60-43fa-839c-3ac25c7e8f5c" jcr:successors=""&gt;
    <jcr:frozenNode jcr:primaryType="nt:frozenNode" jcr:mixinTypes="" jcr:uuid="670d2627-85f1-43bb-8778-1bd1580ffdb5" jcr:frozenUuid="197de366-3314-42a1-b97e-5823d6170545" jcr:frozenPrimaryType="test:versionable" jcr:frozenMixinTypes="" jcr:versionHistory="f181f63d-2927-4e4e-940c-05902f5e6d1a" jcr:predecessors="1643a7d9-5f60-43fa-839c-3ac25c7e8f5c" />&lt;/_x0031_.0&gt;</f181f63d-2927-4e4e-940c-05902f5e6d1a>
    <fbd3ce94-bdc2-45c5-8ba1-376d474f1187 jcr:primaryType="nt:versionHistory" jcr:mixinTypes="" jcr:uuid="fbd3ce94-bdc2-45c5-8ba1-376d474f1187" jcr:versionableUuid="1a276372-6691-4267-80b3-9141f9d0c025">
    <jcr:versionLabels jcr:primaryType="nt:versionLabels" jcr:mixinTypes="" />&lt;_x0031_.1 jcr:primaryType="nt:version" jcr:mixinTypes="" jcr:uuid="225b4f9e-4095-4859-8153-cd3704b108a8" jcr:created="2008-05-19T14:21:58.501-07:00" jcr:predecessors="59941ddb-7ad2-46fb-89a1-cdaa5e233552" jcr:successors=""&gt;
    <jcr:frozenNode jcr:primaryType="nt:frozenNode" jcr:mixinTypes="" jcr:uuid="1665d7e4-c3c2-474c-ae38-0f7547c73ba3" jcr:frozenUuid="1a276372-6691-4267-80b3-9141f9d0c025" jcr:frozenPrimaryType="test:versionable" jcr:frozenMixinTypes="" jcr:versionHistory="fbd3ce94-bdc2-45c5-8ba1-376d474f1187" jcr:predecessors="59941ddb-7ad2-46fb-89a1-cdaa5e233552" />&lt;/_x0031_.1&gt;&lt;_x0031_.0 jcr:primaryType="nt:version" jcr:mixinTypes="" jcr:uuid="59941ddb-7ad2-46fb-89a1-cdaa5e233552" jcr:created="2008-05-19T14:21:58.414-07:00" jcr:predecessors="7a9e9525-246c-4a76-bfd4-be294f12ebf8" jcr:successors="225b4f9e-4095-4859-8153-cd3704b108a8"&gt;
    <jcr:frozenNode jcr:primaryType="nt:frozenNode" jcr:mixinTypes="" jcr:uuid="2b24366d-e127-44ce-bd70-a73f5e8e65d4" jcr:frozenUuid="1a276372-6691-4267-80b3-9141f9d0c025" jcr:frozenPrimaryType="test:versionable" jcr:frozenMixinTypes="" jcr:versionHistory="fbd3ce94-bdc2-45c5-8ba1-376d474f1187" jcr:predecessors="7a9e9525-246c-4a76-bfd4-be294f12ebf8" />&lt;/_x0031_.0&gt;
    <jcr:rootVersion jcr:primaryType="nt:version" jcr:mixinTypes="" jcr:uuid="7a9e9525-246c-4a76-bfd4-be294f12ebf8" jcr:created="2008-05-19T14:21:58.318-07:00" jcr:predecessors="" jcr:successors="59941ddb-7ad2-46fb-89a1-cdaa5e233552" /></fbd3ce94-bdc2-45c5-8ba1-376d474f1187>&lt;_x0034_513d4b5-de01-4d95-8de0-751dfc226a4b jcr:primaryType="nt:versionHistory" jcr:mixinTypes="" jcr:uuid="4513d4b5-de01-4d95-8de0-751dfc226a4b" jcr:versionableUuid="76951922-0576-4043-908d-11fe2c22411f"&gt;
    <jcr:versionLabels jcr:primaryType="nt:versionLabels" jcr:mixinTypes="" />&lt;_x0031_.0 jcr:primaryType="nt:version" jcr:mixinTypes="" jcr:uuid="e437289e-2bd6-4534-a764-d232ea872efe" jcr:created="2008-05-19T14:21:48.976-07:00" jcr:predecessors="cb12dc7f-15c9-45bc-9c82-4d1bf9df832f" jcr:successors=""&gt;
    <jcr:frozenNode jcr:primaryType="nt:frozenNode" jcr:mixinTypes="" jcr:uuid="855d285b-0a01-4f1c-a884-691fccc37649" jcr:frozenUuid="76951922-0576-4043-908d-11fe2c22411f" jcr:frozenPrimaryType="test:versionable" jcr:frozenMixinTypes="" jcr:versionHistory="4513d4b5-de01-4d95-8de0-751dfc226a4b" jcr:predecessors="cb12dc7f-15c9-45bc-9c82-4d1bf9df832f" />&lt;/_x0031_.0&gt;
    <jcr:rootVersion jcr:primaryType="nt:version" jcr:mixinTypes="" jcr:uuid="cb12dc7f-15c9-45bc-9c82-4d1bf9df832f" jcr:created="2008-05-19T14:21:48.880-07:00" jcr:predecessors="" jcr:successors="e437289e-2bd6-4534-a764-d232ea872efe" />&lt;/_x0034_513d4b5-de01-4d95-8de0-751dfc226a4b&gt;&lt;_x0035_d8cee26-f7cb-46d8-b854-23981a5dc36e jcr:primaryType="nt:versionHistory" jcr:mixinTypes="" jcr:uuid="5d8cee26-f7cb-46d8-b854-23981a5dc36e" jcr:versionableUuid="5fa46d87-5201-4850-a632-4f08ea5a86a9"&gt;
    <jcr:versionLabels jcr:primaryType="nt:versionLabels" jcr:mixinTypes="" />&lt;_x0031_.0 jcr:primaryType="nt:version" jcr:mixinTypes="" jcr:uuid="28180301-6865-485c-bab2-e281fcfe0f71" jcr:created="2008-05-19T14:22:14.278-07:00" jcr:predecessors="4e58a68f-0ff9-4998-9aa2-a6205fd0007c" jcr:successors=""&gt;
    <jcr:frozenNode jcr:primaryType="nt:frozenNode" jcr:mixinTypes="" jcr:uuid="354c5f86-3fee-47ca-8960-0875c9b6b898" jcr:frozenUuid="5fa46d87-5201-4850-a632-4f08ea5a86a9" jcr:frozenPrimaryType="test:versionable" jcr:frozenMixinTypes="" jcr:versionHistory="5d8cee26-f7cb-46d8-b854-23981a5dc36e" jcr:predecessors="4e58a68f-0ff9-4998-9aa2-a6205fd0007c" />&lt;/_x0031_.0&gt;
    <jcr:rootVersion jcr:primaryType="nt:version" jcr:mixinTypes="" jcr:uuid="4e58a68f-0ff9-4998-9aa2-a6205fd0007c" jcr:created="2008-05-19T14:22:14.132-07:00" jcr:predecessors="" jcr:successors="28180301-6865-485c-bab2-e281fcfe0f71" />&lt;/_x0035_d8cee26-f7cb-46d8-b854-23981a5dc36e&gt;&lt;_x0039_4aba7d9-4398-4b1c-be1d-75645ee360a5 jcr:primaryType="nt:versionHistory" jcr:mixinTypes="" jcr:uuid="94aba7d9-4398-4b1c-be1d-75645ee360a5" jcr:versionableUuid="fb56dba3-86f8-4316-a050-8f4fdb212ae7"&gt;
    <jcr:versionLabels jcr:primaryType="nt:versionLabels" jcr:mixinTypes="" />&lt;_x0031_.0 jcr:primaryType="nt:version" jcr:mixinTypes="" jcr:uuid="760d39d1-6295-46ef-983b-c3f534a38217" jcr:created="2008-05-19T14:21:26.459-07:00" jcr:predecessors="0f44d654-15bd-4a42-b258-932be0bda270" jcr:successors=""&gt;
    <jcr:frozenNode jcr:primaryType="nt:frozenNode" jcr:mixinTypes="" jcr:uuid="fb3ccf88-3b3e-4ca6-94e4-ff4b3e38a897" jcr:frozenUuid="fb56dba3-86f8-4316-a050-8f4fdb212ae7" jcr:frozenPrimaryType="test:versionable" jcr:frozenMixinTypes="" jcr:versionHistory="94aba7d9-4398-4b1c-be1d-75645ee360a5" jcr:predecessors="0f44d654-15bd-4a42-b258-932be0bda270" />&lt;/_x0031_.0&gt;
    <jcr:rootVersion jcr:primaryType="nt:version" jcr:mixinTypes="" jcr:uuid="0f44d654-15bd-4a42-b258-932be0bda270" jcr:created="2008-05-19T14:21:26.355-07:00" jcr:predecessors="" jcr:successors="760d39d1-6295-46ef-983b-c3f534a38217" />&lt;/_x0039_4aba7d9-4398-4b1c-be1d-75645ee360a5&gt;&lt;_x0037_64cd048-b3d7-47c5-a1a6-ea5dab6706d0 jcr:primaryType="nt:versionHistory" jcr:mixinTypes="" jcr:uuid="764cd048-b3d7-47c5-a1a6-ea5dab6706d0" jcr:versionableUuid="5278fc1d-aa6b-4c49-94a8-8159a1cb1e55"&gt;
    <jcr:versionLabels jcr:primaryType="nt:versionLabels" jcr:mixinTypes="" />
    <jcr:rootVersion jcr:primaryType="nt:version" jcr:mixinTypes="" jcr:uuid="42f4112d-ff8a-4e60-ac9f-0fec1de966a0" jcr:created="2008-05-19T14:22:04.130-07:00" jcr:predecessors="" jcr:successors="dbbede0c-e9e1-4349-8f1c-773b377bb81f" />&lt;_x0031_.1 jcr:primaryType="nt:version" jcr:mixinTypes="" jcr:uuid="d460f4fa-8dbb-42f9-827e-f6823149672c" jcr:created="2008-05-19T14:22:04.234-07:00" jcr:predecessors="dbbede0c-e9e1-4349-8f1c-773b377bb81f" jcr:successors=""&gt;
    <jcr:frozenNode jcr:primaryType="nt:frozenNode" jcr:mixinTypes="" jcr:uuid="7135e348-56cf-44f5-b8d0-c60f65e76998" jcr:frozenUuid="5278fc1d-aa6b-4c49-94a8-8159a1cb1e55" jcr:frozenPrimaryType="test:versionable" jcr:frozenMixinTypes="" jcr:versionHistory="764cd048-b3d7-47c5-a1a6-ea5dab6706d0" jcr:predecessors="dbbede0c-e9e1-4349-8f1c-773b377bb81f" />&lt;/_x0031_.1&gt;&lt;_x0031_.0 jcr:primaryType="nt:version" jcr:mixinTypes="" jcr:uuid="dbbede0c-e9e1-4349-8f1c-773b377bb81f" jcr:created="2008-05-19T14:22:04.201-07:00" jcr:predecessors="42f4112d-ff8a-4e60-ac9f-0fec1de966a0" jcr:successors="d460f4fa-8dbb-42f9-827e-f6823149672c"&gt;
    <jcr:frozenNode jcr:primaryType="nt:frozenNode" jcr:mixinTypes="" jcr:uuid="b5ee40ba-d2d9-44a4-ae8d-7f7d3df51c0a" jcr:frozenUuid="5278fc1d-aa6b-4c49-94a8-8159a1cb1e55" jcr:frozenPrimaryType="test:versionable" jcr:frozenMixinTypes="" jcr:versionHistory="764cd048-b3d7-47c5-a1a6-ea5dab6706d0" jcr:predecessors="42f4112d-ff8a-4e60-ac9f-0fec1de966a0" />&lt;/_x0031_.0&gt;&lt;/_x0037_64cd048-b3d7-47c5-a1a6-ea5dab6706d0&gt;&lt;_x0039_8b63cfa-3503-4062-9608-e05ad05bb5b3 jcr:primaryType="nt:versionHistory" jcr:mixinTypes="" jcr:uuid="98b63cfa-3503-4062-9608-e05ad05bb5b3" jcr:versionableUuid="a8abffb0-c144-4575-83d5-837cf65429ab"&gt;
    <jcr:versionLabels jcr:primaryType="nt:versionLabels" jcr:mixinTypes="" />
    <jcr:rootVersion jcr:primaryType="nt:version" jcr:mixinTypes="" jcr:uuid="e954bb93-8562-46d6-87ee-06a261eee895" jcr:created="2008-05-19T14:21:30.643-07:00" jcr:predecessors="" jcr:successors="c7a50377-05c6-488b-8424-9291105fd45f" />&lt;_x0031_.0 jcr:primaryType="nt:version" jcr:mixinTypes="" jcr:uuid="c7a50377-05c6-488b-8424-9291105fd45f" jcr:created="2008-05-19T14:21:30.712-07:00" jcr:predecessors="e954bb93-8562-46d6-87ee-06a261eee895" jcr:successors=""&gt;
    <jcr:frozenNode jcr:primaryType="nt:frozenNode" jcr:mixinTypes="" jcr:uuid="6a69464f-81ba-4b18-a489-964418b4b2ea" jcr:frozenUuid="a8abffb0-c144-4575-83d5-837cf65429ab" jcr:frozenPrimaryType="test:versionable" jcr:frozenMixinTypes="" prop1="versionableNodeName1" jcr:versionHistory="98b63cfa-3503-4062-9608-e05ad05bb5b3" jcr:predecessors="e954bb93-8562-46d6-87ee-06a261eee895">
      <versionableNodeName2 jcr:primaryType="nt:unstructured" jcr:mixinTypes="" prop1="versionableNodeName2">
        <nonVersionableNodeName1 jcr:primaryType="nt:unstructured" jcr:mixinTypes="" prop1="changed" />
      </versionableNodeName2>
    </jcr:frozenNode>&lt;/_x0031_.0&gt;&lt;/_x0039_8b63cfa-3503-4062-9608-e05ad05bb5b3&gt;&lt;_x0034_34d7f87-6dce-4aa9-ae1d-4cbcbcb138ed jcr:primaryType="nt:versionHistory" jcr:mixinTypes="" jcr:uuid="434d7f87-6dce-4aa9-ae1d-4cbcbcb138ed" jcr:versionableUuid="e40b4a17-c277-4b84-bc91-1d7f2b70e924"&gt;
    <jcr:versionLabels jcr:primaryType="nt:versionLabels" jcr:mixinTypes="" />
    <jcr:rootVersion jcr:primaryType="nt:version" jcr:mixinTypes="" jcr:uuid="4e433ac1-0326-4c90-a80b-45b78cfea7f9" jcr:created="2008-05-19T14:21:09.286-07:00" jcr:predecessors="" jcr:successors="" />&lt;/_x0034_34d7f87-6dce-4aa9-ae1d-4cbcbcb138ed&gt;
    <dce837e0-fbfa-403c-9d75-eba11c2409d5 jcr:primaryType="nt:versionHistory" jcr:mixinTypes="" jcr:uuid="dce837e0-fbfa-403c-9d75-eba11c2409d5" jcr:versionableUuid="ec8c9c6a-2cfb-4450-8397-f1d74f4fcb97">
    <jcr:versionLabels jcr:primaryType="nt:versionLabels" jcr:mixinTypes="" />&lt;_x0031_.1 jcr:primaryType="nt:version" jcr:mixinTypes="" jcr:uuid="0fd3d0ca-db5b-4769-9dcd-d07d939b6c8d" jcr:created="2008-05-19T14:22:13.809-07:00" jcr:predecessors="ff769f9b-c889-48ec-9b46-91ef5464b78c" jcr:successors=""&gt;
    <jcr:frozenNode jcr:primaryType="nt:frozenNode" jcr:mixinTypes="" jcr:uuid="51846aa1-d52d-456a-824e-0b06a4fda063" jcr:frozenUuid="ec8c9c6a-2cfb-4450-8397-f1d74f4fcb97" jcr:frozenPrimaryType="test:versionable" jcr:frozenMixinTypes="" jcr:versionHistory="dce837e0-fbfa-403c-9d75-eba11c2409d5" jcr:predecessors="ff769f9b-c889-48ec-9b46-91ef5464b78c" />&lt;/_x0031_.1&gt;&lt;_x0031_.0 jcr:primaryType="nt:version" jcr:mixinTypes="" jcr:uuid="ff769f9b-c889-48ec-9b46-91ef5464b78c" jcr:created="2008-05-19T14:22:13.792-07:00" jcr:predecessors="4a6a13f5-faff-43c2-84ee-7edcc3826efc" jcr:successors="0fd3d0ca-db5b-4769-9dcd-d07d939b6c8d"&gt;
    <jcr:frozenNode jcr:primaryType="nt:frozenNode" jcr:mixinTypes="" jcr:uuid="bf70ae24-8ea6-468a-b3bd-43dc6f76506f" jcr:frozenUuid="ec8c9c6a-2cfb-4450-8397-f1d74f4fcb97" jcr:frozenPrimaryType="test:versionable" jcr:frozenMixinTypes="" jcr:versionHistory="dce837e0-fbfa-403c-9d75-eba11c2409d5" jcr:predecessors="4a6a13f5-faff-43c2-84ee-7edcc3826efc" />&lt;/_x0031_.0&gt;
    <jcr:rootVersion jcr:primaryType="nt:version" jcr:mixinTypes="" jcr:uuid="4a6a13f5-faff-43c2-84ee-7edcc3826efc" jcr:created="2008-05-19T14:22:13.646-07:00" jcr:predecessors="" jcr:successors="ff769f9b-c889-48ec-9b46-91ef5464b78c" /></dce837e0-fbfa-403c-9d75-eba11c2409d5>
    <d913a77f-1cb7-40a8-bc3e-d7075e6129e0 jcr:primaryType="nt:versionHistory" jcr:mixinTypes="" jcr:uuid="d913a77f-1cb7-40a8-bc3e-d7075e6129e0" jcr:versionableUuid="413bd0c4-ac63-40eb-bd50-709c9b17c0bc">
    <jcr:versionLabels jcr:primaryType="nt:versionLabels" jcr:mixinTypes="" />
    <jcr:rootVersion jcr:primaryType="nt:version" jcr:mixinTypes="" jcr:uuid="7132ace8-0b87-47e5-b5f5-2be074a55d97" jcr:created="2008-05-19T14:21:40.131-07:00" jcr:predecessors="" jcr:successors="c5bb05d9-52bd-4267-b007-c07061459bd5" />&lt;_x0031_.0 jcr:primaryType="nt:version" jcr:mixinTypes="" jcr:uuid="c5bb05d9-52bd-4267-b007-c07061459bd5" jcr:created="2008-05-19T14:21:40.206-07:00" jcr:predecessors="7132ace8-0b87-47e5-b5f5-2be074a55d97" jcr:successors=""&gt;
    <jcr:frozenNode jcr:primaryType="nt:frozenNode" jcr:mixinTypes="" jcr:uuid="06304589-f22d-45d2-8c41-ebf8be5edd67" jcr:frozenUuid="413bd0c4-ac63-40eb-bd50-709c9b17c0bc" jcr:frozenPrimaryType="test:versionable" jcr:frozenMixinTypes="" jcr:versionHistory="d913a77f-1cb7-40a8-bc3e-d7075e6129e0" jcr:predecessors="7132ace8-0b87-47e5-b5f5-2be074a55d97" />&lt;/_x0031_.0&gt;</d913a77f-1cb7-40a8-bc3e-d7075e6129e0>
    <a3f66009-027f-441a-86e1-47f672d3d154 jcr:primaryType="nt:versionHistory" jcr:mixinTypes="" jcr:uuid="a3f66009-027f-441a-86e1-47f672d3d154" jcr:versionableUuid="3d658615-b8b4-45f3-b64f-e0b12fb77f4d">
    <jcr:versionLabels jcr:primaryType="nt:versionLabels" jcr:mixinTypes="" />
    <jcr:rootVersion jcr:primaryType="nt:version" jcr:mixinTypes="" jcr:uuid="bfae160b-e601-41b5-a057-852f2086b689" jcr:created="2008-05-19T14:21:23.227-07:00" jcr:predecessors="" jcr:successors="7042e3a6-7d0f-465b-be4f-8bc7b060dffa" />&lt;_x0031_.0 jcr:primaryType="nt:version" jcr:mixinTypes="" jcr:uuid="7042e3a6-7d0f-465b-be4f-8bc7b060dffa" jcr:created="2008-05-19T14:21:23.315-07:00" jcr:predecessors="bfae160b-e601-41b5-a057-852f2086b689" jcr:successors=""&gt;
    <jcr:frozenNode jcr:primaryType="nt:frozenNode" jcr:mixinTypes="" jcr:uuid="9b0d01ad-0fc2-4e98-ad78-7102b795077c" jcr:frozenUuid="3d658615-b8b4-45f3-b64f-e0b12fb77f4d" jcr:frozenPrimaryType="nt:unstructured" jcr:frozenMixinTypes="mix:versionable" prop1="abc" prop2="abc" jcr:versionHistory="a3f66009-027f-441a-86e1-47f672d3d154" jcr:predecessors="bfae160b-e601-41b5-a057-852f2086b689" />&lt;/_x0031_.0&gt;</a3f66009-027f-441a-86e1-47f672d3d154>&lt;_x0030_7e084d8-1a5c-4ec0-9cce-dafbf485372a jcr:primaryType="nt:versionHistory" jcr:mixinTypes="" jcr:uuid="07e084d8-1a5c-4ec0-9cce-dafbf485372a" jcr:versionableUuid="2a7656ec-98b6-4c7c-ba3f-7823fe09c240"&gt;
    <jcr:versionLabels jcr:primaryType="nt:versionLabels" jcr:mixinTypes="" />
    <jcr:rootVersion jcr:primaryType="nt:version" jcr:mixinTypes="" jcr:uuid="84980abe-147a-4287-a371-907c2ef358fc" jcr:created="2008-05-19T14:22:12.400-07:00" jcr:predecessors="" jcr:successors="c427944f-e0de-46bb-a306-b59067d7915d" />&lt;_x0031_.1 jcr:primaryType="nt:version" jcr:mixinTypes="" jcr:uuid="13639e56-926f-41c4-9812-868fadf4518c" jcr:created="2008-05-19T14:22:12.574-07:00" jcr:predecessors="c427944f-e0de-46bb-a306-b59067d7915d" jcr:successors=""&gt;
    <jcr:frozenNode jcr:primaryType="nt:frozenNode" jcr:mixinTypes="" jcr:uuid="a4c4c47e-0037-43a6-bcc1-1c65144bb29f" jcr:frozenUuid="2a7656ec-98b6-4c7c-ba3f-7823fe09c240" jcr:frozenPrimaryType="test:versionable" jcr:frozenMixinTypes="" jcr:versionHistory="07e084d8-1a5c-4ec0-9cce-dafbf485372a" jcr:predecessors="c427944f-e0de-46bb-a306-b59067d7915d" />&lt;/_x0031_.1&gt;&lt;_x0031_.0 jcr:primaryType="nt:version" jcr:mixinTypes="" jcr:uuid="c427944f-e0de-46bb-a306-b59067d7915d" jcr:created="2008-05-19T14:22:12.488-07:00" jcr:predecessors="84980abe-147a-4287-a371-907c2ef358fc" jcr:successors="13639e56-926f-41c4-9812-868fadf4518c"&gt;
    <jcr:frozenNode jcr:primaryType="nt:frozenNode" jcr:mixinTypes="" jcr:uuid="4a57fe4a-bd8e-4ca3-8401-d72718e1e2f2" jcr:frozenUuid="2a7656ec-98b6-4c7c-ba3f-7823fe09c240" jcr:frozenPrimaryType="test:versionable" jcr:frozenMixinTypes="" jcr:versionHistory="07e084d8-1a5c-4ec0-9cce-dafbf485372a" jcr:predecessors="84980abe-147a-4287-a371-907c2ef358fc" />&lt;/_x0031_.0&gt;&lt;/_x0030_7e084d8-1a5c-4ec0-9cce-dafbf485372a&gt;&lt;_x0039_7363e40-f9ea-48fa-b4f7-eee46203076c jcr:primaryType="nt:versionHistory" jcr:mixinTypes="" jcr:uuid="97363e40-f9ea-48fa-b4f7-eee46203076c" jcr:versionableUuid="a16f391e-e0d6-4843-b5be-73aac12f0cee"&gt;
    <jcr:versionLabels jcr:primaryType="nt:versionLabels" jcr:mixinTypes="" />
    <jcr:rootVersion jcr:primaryType="nt:version" jcr:mixinTypes="" jcr:uuid="17be23a6-bf93-4ca3-8c88-97b840b9e3f8" jcr:created="2008-05-19T14:21:50.428-07:00" jcr:predecessors="" jcr:successors="" />&lt;/_x0039_7363e40-f9ea-48fa-b4f7-eee46203076c&gt;
    <c18c39ed-f43a-4313-a207-437fd8958b1c jcr:primaryType="nt:versionHistory" jcr:mixinTypes="" jcr:uuid="c18c39ed-f43a-4313-a207-437fd8958b1c" jcr:versionableUuid="c683fd89-0375-49c7-8da1-c4fcbff900b7">
    <jcr:versionLabels jcr:primaryType="nt:versionLabels" jcr:mixinTypes="" />&lt;_x0031_.1 jcr:primaryType="nt:version" jcr:mixinTypes="" jcr:uuid="dbcd6be7-3335-41c5-875f-6120c22c43be" jcr:created="2008-05-19T14:21:57.670-07:00" jcr:predecessors="23091d05-87a9-46a8-ada5-131254eb9851" jcr:successors=""&gt;
    <jcr:frozenNode jcr:primaryType="nt:frozenNode" jcr:mixinTypes="" jcr:uuid="2ccfe49f-fbb1-4abe-a962-662dcce040a5" jcr:frozenUuid="c683fd89-0375-49c7-8da1-c4fcbff900b7" jcr:frozenPrimaryType="test:versionable" jcr:frozenMixinTypes="" jcr:versionHistory="c18c39ed-f43a-4313-a207-437fd8958b1c" jcr:predecessors="23091d05-87a9-46a8-ada5-131254eb9851" />&lt;/_x0031_.1&gt;&lt;_x0031_.0 jcr:primaryType="nt:version" jcr:mixinTypes="" jcr:uuid="23091d05-87a9-46a8-ada5-131254eb9851" jcr:created="2008-05-19T14:21:57.656-07:00" jcr:predecessors="75a26107-d689-4296-9a67-e56bf507d605" jcr:successors="dbcd6be7-3335-41c5-875f-6120c22c43be"&gt;
    <jcr:frozenNode jcr:primaryType="nt:frozenNode" jcr:mixinTypes="" jcr:uuid="5c6d6af1-a5be-4553-8299-cfe1627ff040" jcr:frozenUuid="c683fd89-0375-49c7-8da1-c4fcbff900b7" jcr:frozenPrimaryType="test:versionable" jcr:frozenMixinTypes="" jcr:versionHistory="c18c39ed-f43a-4313-a207-437fd8958b1c" jcr:predecessors="75a26107-d689-4296-9a67-e56bf507d605" />&lt;/_x0031_.0&gt;
    <jcr:rootVersion jcr:primaryType="nt:version" jcr:mixinTypes="" jcr:uuid="75a26107-d689-4296-9a67-e56bf507d605" jcr:created="2008-05-19T14:21:57.577-07:00" jcr:predecessors="" jcr:successors="23091d05-87a9-46a8-ada5-131254eb9851" /></c18c39ed-f43a-4313-a207-437fd8958b1c>
    <cbfd95ec-e1c8-44b6-93b6-f8bea03acda3 jcr:primaryType="nt:versionHistory" jcr:mixinTypes="" jcr:uuid="cbfd95ec-e1c8-44b6-93b6-f8bea03acda3" jcr:versionableUuid="4c52a85f-8382-41b0-931a-34d610fc3b98">
    <jcr:versionLabels jcr:primaryType="nt:versionLabels" jcr:mixinTypes="" />
    <jcr:rootVersion jcr:primaryType="nt:version" jcr:mixinTypes="" jcr:uuid="a5bd4c3a-6660-4079-9370-77c0c7d95b7a" jcr:created="2008-05-19T14:21:25.517-07:00" jcr:predecessors="" jcr:successors="a154dacf-5581-4bda-94a5-e6d150e61c9f" />&lt;_x0031_.0 jcr:primaryType="nt:version" jcr:mixinTypes="" jcr:uuid="a154dacf-5581-4bda-94a5-e6d150e61c9f" jcr:created="2008-05-19T14:21:25.564-07:00" jcr:predecessors="a5bd4c3a-6660-4079-9370-77c0c7d95b7a" jcr:successors=""&gt;
    <jcr:frozenNode jcr:primaryType="nt:frozenNode" jcr:mixinTypes="" jcr:uuid="faa89469-26d5-44f8-9f60-8b3b0ca1538b" jcr:frozenUuid="4c52a85f-8382-41b0-931a-34d610fc3b98" jcr:frozenPrimaryType="test:versionable" jcr:frozenMixinTypes="" jcr:versionHistory="cbfd95ec-e1c8-44b6-93b6-f8bea03acda3" jcr:predecessors="a5bd4c3a-6660-4079-9370-77c0c7d95b7a" />&lt;/_x0031_.0&gt;</cbfd95ec-e1c8-44b6-93b6-f8bea03acda3>
    <b38b905d-f194-4428-a1ba-b4537e1dcb99 jcr:primaryType="nt:versionHistory" jcr:mixinTypes="" jcr:uuid="b38b905d-f194-4428-a1ba-b4537e1dcb99" jcr:versionableUuid="64c15c18-1589-48ac-a761-74bd73589c0b">
    <jcr:versionLabels jcr:primaryType="nt:versionLabels" jcr:mixinTypes="" />
    <jcr:rootVersion jcr:primaryType="nt:version" jcr:mixinTypes="" jcr:uuid="6ec3af53-1811-495b-9fc4-5453e84ad8a7" jcr:created="2008-05-19T14:21:55.497-07:00" jcr:predecessors="" jcr:successors="9758bc6a-be24-41fe-ad5b-04a01c56bc6b" />&lt;_x0031_.0 jcr:primaryType="nt:version" jcr:mixinTypes="" jcr:uuid="9758bc6a-be24-41fe-ad5b-04a01c56bc6b" jcr:created="2008-05-19T14:21:55.600-07:00" jcr:predecessors="6ec3af53-1811-495b-9fc4-5453e84ad8a7" jcr:successors="b377b6ef-cda5-4904-b914-5d809117d55d"&gt;
    <jcr:frozenNode jcr:primaryType="nt:frozenNode" jcr:mixinTypes="" jcr:uuid="a43c25cc-bad2-4902-a086-570d21c69f1a" jcr:frozenUuid="64c15c18-1589-48ac-a761-74bd73589c0b" jcr:frozenPrimaryType="test:versionable" jcr:frozenMixinTypes="" jcr:versionHistory="b38b905d-f194-4428-a1ba-b4537e1dcb99" jcr:predecessors="6ec3af53-1811-495b-9fc4-5453e84ad8a7" />&lt;/_x0031_.0&gt;&lt;_x0031_.1 jcr:primaryType="nt:version" jcr:mixinTypes="" jcr:uuid="b377b6ef-cda5-4904-b914-5d809117d55d" jcr:created="2008-05-19T14:21:55.680-07:00" jcr:predecessors="9758bc6a-be24-41fe-ad5b-04a01c56bc6b" jcr:successors=""&gt;
    <jcr:frozenNode jcr:primaryType="nt:frozenNode" jcr:mixinTypes="" jcr:uuid="d435401d-f68d-4856-892d-a1231818d18b" jcr:frozenUuid="64c15c18-1589-48ac-a761-74bd73589c0b" jcr:frozenPrimaryType="test:versionable" jcr:frozenMixinTypes="" jcr:versionHistory="b38b905d-f194-4428-a1ba-b4537e1dcb99" jcr:predecessors="9758bc6a-be24-41fe-ad5b-04a01c56bc6b" />&lt;/_x0031_.1&gt;</b38b905d-f194-4428-a1ba-b4537e1dcb99>&lt;_x0035_ee212d0-66fc-4963-b7d5-16c6be140ef9 jcr:primaryType="nt:versionHistory" jcr:mixinTypes="" jcr:uuid="5ee212d0-66fc-4963-b7d5-16c6be140ef9" jcr:versionableUuid="1201f75d-3315-49e9-8da6-513dce743071"&gt;
    <jcr:versionLabels jcr:primaryType="nt:versionLabels" jcr:mixinTypes="" />
    <jcr:rootVersion jcr:primaryType="nt:version" jcr:mixinTypes="" jcr:uuid="4cdd9b21-0a66-4a8f-ba62-03384a0b6c03" jcr:created="2008-05-19T14:21:33.870-07:00" jcr:predecessors="" jcr:successors="" />&lt;/_x0035_ee212d0-66fc-4963-b7d5-16c6be140ef9&gt;&lt;_x0031_e70af19-855d-4297-add7-5dab625950b2 jcr:primaryType="nt:versionHistory" jcr:mixinTypes="" jcr:uuid="1e70af19-855d-4297-add7-5dab625950b2" jcr:versionableUuid="56457ce7-4f52-4930-8d58-e9683c5b27a7"&gt;
    <jcr:versionLabels jcr:primaryType="nt:versionLabels" jcr:mixinTypes="" />
    <jcr:rootVersion jcr:primaryType="nt:version" jcr:mixinTypes="" jcr:uuid="45aef211-908d-4897-876c-fb77d9917360" jcr:created="2008-05-19T14:21:10.248-07:00" jcr:predecessors="" jcr:successors="fb60f651-4bd8-44e8-83d4-287ec8635fb1" />&lt;_x0031_.0 jcr:primaryType="nt:version" jcr:mixinTypes="" jcr:uuid="fb60f651-4bd8-44e8-83d4-287ec8635fb1" jcr:created="2008-05-19T14:21:10.291-07:00" jcr:predecessors="45aef211-908d-4897-876c-fb77d9917360" jcr:successors=""&gt;
    <jcr:frozenNode jcr:primaryType="nt:frozenNode" jcr:mixinTypes="" jcr:uuid="186d2cf1-79f4-454b-92c8-c76f27c4a892" jcr:frozenUuid="56457ce7-4f52-4930-8d58-e9683c5b27a7" jcr:frozenPrimaryType="nt:unstructured" jcr:frozenMixinTypes="mix:versionable" jcr:versionHistory="1e70af19-855d-4297-add7-5dab625950b2" jcr:predecessors="45aef211-908d-4897-876c-fb77d9917360" />&lt;/_x0031_.0&gt;&lt;/_x0031_e70af19-855d-4297-add7-5dab625950b2&gt;&lt;_x0031_7084bdb-0620-4241-88a7-8e5c6ab471ad jcr:primaryType="nt:versionHistory" jcr:mixinTypes="" jcr:uuid="17084bdb-0620-4241-88a7-8e5c6ab471ad" jcr:versionableUuid="fed2e8b9-9b96-48b6-b9cd-b223ef4b29e7"&gt;
    <jcr:versionLabels jcr:primaryType="nt:versionLabels" jcr:mixinTypes="" />&lt;_x0031_.4 jcr:primaryType="nt:version" jcr:mixinTypes="" jcr:uuid="9b9f71b3-445e-405e-b552-08148b20ef4a" jcr:created="2008-05-19T14:21:45.738-07:00" jcr:predecessors="de4ae97c-445a-4629-9292-ef67c075d130" jcr:successors=""&gt;
    <jcr:frozenNode jcr:primaryType="nt:frozenNode" jcr:mixinTypes="" jcr:uuid="665e5e97-b3ad-410e-b831-ed853397f5b0" jcr:frozenUuid="fed2e8b9-9b96-48b6-b9cd-b223ef4b29e7" jcr:frozenPrimaryType="test:versionable" jcr:frozenMixinTypes="" jcr:versionHistory="17084bdb-0620-4241-88a7-8e5c6ab471ad" jcr:predecessors="de4ae97c-445a-4629-9292-ef67c075d130" />&lt;/_x0031_.4&gt;&lt;_x0031_.0 jcr:primaryType="nt:version" jcr:mixinTypes="" jcr:uuid="424012b4-a7d6-470e-bc8d-10cb929e9893" jcr:created="2008-05-19T14:21:45.369-07:00" jcr:predecessors="9a2a8c04-db73-44d4-9ed2-c3d2c1f70f39" jcr:successors="53b5e0b2-5079-43eb-8cb3-eee2af4a382e"&gt;
    <jcr:frozenNode jcr:primaryType="nt:frozenNode" jcr:mixinTypes="" jcr:uuid="9b6b2574-f383-4345-9cc0-9e76f87c6a91" jcr:frozenUuid="fed2e8b9-9b96-48b6-b9cd-b223ef4b29e7" jcr:frozenPrimaryType="test:versionable" jcr:frozenMixinTypes="" jcr:versionHistory="17084bdb-0620-4241-88a7-8e5c6ab471ad" jcr:predecessors="9a2a8c04-db73-44d4-9ed2-c3d2c1f70f39" />&lt;/_x0031_.0&gt;&lt;_x0031_.3 jcr:primaryType="nt:version" jcr:mixinTypes="" jcr:uuid="de4ae97c-445a-4629-9292-ef67c075d130" jcr:created="2008-05-19T14:21:45.494-07:00" jcr:predecessors="9ca7971c-2490-4811-87cf-2013de2e0ff1" jcr:successors="9b9f71b3-445e-405e-b552-08148b20ef4a"&gt;
    <jcr:frozenNode jcr:primaryType="nt:frozenNode" jcr:mixinTypes="" jcr:uuid="92726252-a719-4b53-a5e2-157b8a764f88" jcr:frozenUuid="fed2e8b9-9b96-48b6-b9cd-b223ef4b29e7" jcr:frozenPrimaryType="test:versionable" jcr:frozenMixinTypes="" jcr:versionHistory="17084bdb-0620-4241-88a7-8e5c6ab471ad" jcr:predecessors="9ca7971c-2490-4811-87cf-2013de2e0ff1" />&lt;/_x0031_.3&gt;&lt;_x0031_.1 jcr:primaryType="nt:version" jcr:mixinTypes="" jcr:uuid="53b5e0b2-5079-43eb-8cb3-eee2af4a382e" jcr:created="2008-05-19T14:21:45.380-07:00" jcr:predecessors="424012b4-a7d6-470e-bc8d-10cb929e9893" jcr:successors="9ca7971c-2490-4811-87cf-2013de2e0ff1"&gt;
    <jcr:frozenNode jcr:primaryType="nt:frozenNode" jcr:mixinTypes="" jcr:uuid="40802297-ab36-4e11-afd0-5416724ebfc4" jcr:frozenUuid="fed2e8b9-9b96-48b6-b9cd-b223ef4b29e7" jcr:frozenPrimaryType="test:versionable" jcr:frozenMixinTypes="" jcr:versionHistory="17084bdb-0620-4241-88a7-8e5c6ab471ad" jcr:predecessors="424012b4-a7d6-470e-bc8d-10cb929e9893" />&lt;/_x0031_.1&gt;
    <jcr:rootVersion jcr:primaryType="nt:version" jcr:mixinTypes="" jcr:uuid="9a2a8c04-db73-44d4-9ed2-c3d2c1f70f39" jcr:created="2008-05-19T14:21:45.311-07:00" jcr:predecessors="" jcr:successors="424012b4-a7d6-470e-bc8d-10cb929e9893" />&lt;_x0031_.2 jcr:primaryType="nt:version" jcr:mixinTypes="" jcr:uuid="9ca7971c-2490-4811-87cf-2013de2e0ff1" jcr:created="2008-05-19T14:21:45.415-07:00" jcr:predecessors="53b5e0b2-5079-43eb-8cb3-eee2af4a382e" jcr:successors="de4ae97c-445a-4629-9292-ef67c075d130"&gt;
    <jcr:frozenNode jcr:primaryType="nt:frozenNode" jcr:mixinTypes="" jcr:uuid="0c394b0a-b979-479d-9a25-55274487bb26" jcr:frozenUuid="fed2e8b9-9b96-48b6-b9cd-b223ef4b29e7" jcr:frozenPrimaryType="test:versionable" jcr:frozenMixinTypes="" jcr:versionHistory="17084bdb-0620-4241-88a7-8e5c6ab471ad" jcr:predecessors="53b5e0b2-5079-43eb-8cb3-eee2af4a382e" />&lt;/_x0031_.2&gt;&lt;/_x0031_7084bdb-0620-4241-88a7-8e5c6ab471ad&gt;
    <c89917a6-04ee-4953-8f90-fe7740c37d35 jcr:primaryType="nt:versionHistory" jcr:mixinTypes="" jcr:uuid="c89917a6-04ee-4953-8f90-fe7740c37d35" jcr:versionableUuid="a728071e-3f96-41f3-bfba-d1345c6bc2a2">
      <jcr:versionLabels jcr:primaryType="nt:versionLabels" jcr:mixinTypes="" />
      <jcr:rootVersion jcr:primaryType="nt:version" jcr:mixinTypes="" jcr:uuid="0fa5f708-a71d-4eef-a12e-42f3be535cae" jcr:created="2008-05-19T14:21:14.000-07:00" jcr:predecessors="" jcr:successors="" />
    </c89917a6-04ee-4953-8f90-fe7740c37d35>
    <f77cc49b-729c-4ec4-85fb-d80469390ca0 jcr:primaryType="nt:versionHistory" jcr:mixinTypes="" jcr:uuid="f77cc49b-729c-4ec4-85fb-d80469390ca0" jcr:versionableUuid="0566612f-50a6-4398-b21d-a08f22b54694">
    <jcr:versionLabels jcr:primaryType="nt:versionLabels" jcr:mixinTypes="" />&lt;_x0031_.1 jcr:primaryType="nt:version" jcr:mixinTypes="" jcr:uuid="555fe0e3-1132-494c-bb75-fd5216b5b4f1" jcr:created="2008-05-19T14:22:03.395-07:00" jcr:predecessors="ebecb415-2bdd-4c35-8bde-edef00bb16d5" jcr:successors=""&gt;
    <jcr:frozenNode jcr:primaryType="nt:frozenNode" jcr:mixinTypes="" jcr:uuid="10448c80-d4c3-4dde-b503-852be2098716" jcr:frozenUuid="0566612f-50a6-4398-b21d-a08f22b54694" jcr:frozenPrimaryType="test:versionable" jcr:frozenMixinTypes="" jcr:versionHistory="f77cc49b-729c-4ec4-85fb-d80469390ca0" jcr:predecessors="ebecb415-2bdd-4c35-8bde-edef00bb16d5" />&lt;/_x0031_.1&gt;
    <jcr:rootVersion jcr:primaryType="nt:version" jcr:mixinTypes="" jcr:uuid="16fe8f5a-fe1d-4f39-bef8-2b8518ebf29e" jcr:created="2008-05-19T14:22:03.237-07:00" jcr:predecessors="" jcr:successors="ebecb415-2bdd-4c35-8bde-edef00bb16d5" />&lt;_x0031_.0 jcr:primaryType="nt:version" jcr:mixinTypes="" jcr:uuid="ebecb415-2bdd-4c35-8bde-edef00bb16d5" jcr:created="2008-05-19T14:22:03.365-07:00" jcr:predecessors="16fe8f5a-fe1d-4f39-bef8-2b8518ebf29e" jcr:successors="555fe0e3-1132-494c-bb75-fd5216b5b4f1"&gt;
    <jcr:frozenNode jcr:primaryType="nt:frozenNode" jcr:mixinTypes="" jcr:uuid="3cf9cdfa-5405-461d-b4cd-d88128cdf659" jcr:frozenUuid="0566612f-50a6-4398-b21d-a08f22b54694" jcr:frozenPrimaryType="test:versionable" jcr:frozenMixinTypes="" jcr:versionHistory="f77cc49b-729c-4ec4-85fb-d80469390ca0" jcr:predecessors="16fe8f5a-fe1d-4f39-bef8-2b8518ebf29e" />&lt;/_x0031_.0&gt;</f77cc49b-729c-4ec4-85fb-d80469390ca0>&lt;_x0032_c6edd82-c36d-47a6-8bcf-04bbae5dba6f jcr:primaryType="nt:versionHistory" jcr:mixinTypes="" jcr:uuid="2c6edd82-c36d-47a6-8bcf-04bbae5dba6f" jcr:versionableUuid="ef3b2247-3664-4eee-b277-96101bcf8671"&gt;
    <jcr:versionLabels jcr:primaryType="nt:versionLabels" jcr:mixinTypes="" />&lt;_x0031_.1 jcr:primaryType="nt:version" jcr:mixinTypes="" jcr:uuid="cc726fff-377c-4ae5-9b17-130c856c12d2" jcr:created="2008-05-19T14:21:53.623-07:00" jcr:predecessors="e5de81db-3d8b-409f-a26e-42e796edcc3d" jcr:successors=""&gt;
    <jcr:frozenNode jcr:primaryType="nt:frozenNode" jcr:mixinTypes="" jcr:uuid="4f9ffab1-44fa-49f0-8b60-0d26eb9dfd72" jcr:frozenUuid="ef3b2247-3664-4eee-b277-96101bcf8671" jcr:frozenPrimaryType="test:versionable" jcr:frozenMixinTypes="" jcr:versionHistory="2c6edd82-c36d-47a6-8bcf-04bbae5dba6f" jcr:predecessors="e5de81db-3d8b-409f-a26e-42e796edcc3d" />&lt;/_x0031_.1&gt;
    <jcr:rootVersion jcr:primaryType="nt:version" jcr:mixinTypes="" jcr:uuid="74a37252-e252-42b0-ada3-e93c63585c6f" jcr:created="2008-05-19T14:21:53.464-07:00" jcr:predecessors="" jcr:successors="e5de81db-3d8b-409f-a26e-42e796edcc3d" />&lt;_x0031_.0 jcr:primaryType="nt:version" jcr:mixinTypes="" jcr:uuid="e5de81db-3d8b-409f-a26e-42e796edcc3d" jcr:created="2008-05-19T14:21:53.605-07:00" jcr:predecessors="74a37252-e252-42b0-ada3-e93c63585c6f" jcr:successors="cc726fff-377c-4ae5-9b17-130c856c12d2"&gt;
    <jcr:frozenNode jcr:primaryType="nt:frozenNode" jcr:mixinTypes="" jcr:uuid="0f3aaa03-861d-4333-b4a9-e2cecfe1861c" jcr:frozenUuid="ef3b2247-3664-4eee-b277-96101bcf8671" jcr:frozenPrimaryType="test:versionable" jcr:frozenMixinTypes="" jcr:versionHistory="2c6edd82-c36d-47a6-8bcf-04bbae5dba6f" jcr:predecessors="74a37252-e252-42b0-ada3-e93c63585c6f" />&lt;/_x0031_.0&gt;&lt;/_x0032_c6edd82-c36d-47a6-8bcf-04bbae5dba6f&gt;&lt;_x0037_916c306-d704-4bbe-bbb9-8a39610770b8 jcr:primaryType="nt:versionHistory" jcr:mixinTypes="" jcr:uuid="7916c306-d704-4bbe-bbb9-8a39610770b8" jcr:versionableUuid="2af502ea-ee82-43dc-aa40-1dc531a3b644"&gt;
    <jcr:versionLabels jcr:primaryType="nt:versionLabels" jcr:mixinTypes="" />
    <jcr:rootVersion jcr:primaryType="nt:version" jcr:mixinTypes="" jcr:uuid="f3529343-c086-416f-9455-33554896f551" jcr:created="2008-05-19T14:21:10.594-07:00" jcr:predecessors="" jcr:successors="" />&lt;/_x0037_916c306-d704-4bbe-bbb9-8a39610770b8&gt;
    <db4e3ae1-2798-4419-9f20-c20ebcf20059 jcr:primaryType="nt:versionHistory" jcr:mixinTypes="" jcr:uuid="db4e3ae1-2798-4419-9f20-c20ebcf20059" jcr:versionableUuid="9f1c2c7d-f379-4e0a-bc3c-771a0c4c20d3">
    <jcr:versionLabels jcr:primaryType="nt:versionLabels" jcr:mixinTypes="" />&lt;_x0031_.1 jcr:primaryType="nt:version" jcr:mixinTypes="" jcr:uuid="9bea6aeb-bbaf-474a-9e85-7f1abb54490b" jcr:created="2008-05-19T14:21:58.650-07:00" jcr:predecessors="98ca3be5-13b9-4107-92ba-4f86d16ad8db" jcr:successors=""&gt;
    <jcr:frozenNode jcr:primaryType="nt:frozenNode" jcr:mixinTypes="" jcr:uuid="8cb7e2a6-7998-4751-9d68-6e4380238f6b" jcr:frozenUuid="9f1c2c7d-f379-4e0a-bc3c-771a0c4c20d3" jcr:frozenPrimaryType="test:versionable" jcr:frozenMixinTypes="" jcr:versionHistory="db4e3ae1-2798-4419-9f20-c20ebcf20059" jcr:predecessors="98ca3be5-13b9-4107-92ba-4f86d16ad8db" />&lt;/_x0031_.1&gt;&lt;_x0031_.0 jcr:primaryType="nt:version" jcr:mixinTypes="" jcr:uuid="98ca3be5-13b9-4107-92ba-4f86d16ad8db" jcr:created="2008-05-19T14:21:58.612-07:00" jcr:predecessors="f028353e-ab81-4d64-b442-2669a4ffc55b" jcr:successors="9bea6aeb-bbaf-474a-9e85-7f1abb54490b"&gt;
    <jcr:frozenNode jcr:primaryType="nt:frozenNode" jcr:mixinTypes="" jcr:uuid="152925a3-6240-4f71-8f1b-354995fe1101" jcr:frozenUuid="9f1c2c7d-f379-4e0a-bc3c-771a0c4c20d3" jcr:frozenPrimaryType="test:versionable" jcr:frozenMixinTypes="" jcr:versionHistory="db4e3ae1-2798-4419-9f20-c20ebcf20059" jcr:predecessors="f028353e-ab81-4d64-b442-2669a4ffc55b" />&lt;/_x0031_.0&gt;
    <jcr:rootVersion jcr:primaryType="nt:version" jcr:mixinTypes="" jcr:uuid="f028353e-ab81-4d64-b442-2669a4ffc55b" jcr:created="2008-05-19T14:21:58.538-07:00" jcr:predecessors="" jcr:successors="98ca3be5-13b9-4107-92ba-4f86d16ad8db" /></db4e3ae1-2798-4419-9f20-c20ebcf20059>&lt;_x0032_81b1b9f-be37-41c3-935a-16d43e870789 jcr:primaryType="nt:versionHistory" jcr:mixinTypes="" jcr:uuid="281b1b9f-be37-41c3-935a-16d43e870789" jcr:versionableUuid="2c56d634-26c5-406e-ae66-8a2c91e0f129"&gt;
    <jcr:versionLabels jcr:primaryType="nt:versionLabels" jcr:mixinTypes="" />
    <jcr:rootVersion jcr:primaryType="nt:version" jcr:mixinTypes="" jcr:uuid="3cf3ec6a-85da-43c7-96fa-b85cdc0d73ed" jcr:created="2008-05-19T14:22:17.837-07:00" jcr:predecessors="" jcr:successors="341a39d4-4359-45be-8d48-e8b11082fd25" />&lt;_x0031_.1 jcr:primaryType="nt:version" jcr:mixinTypes="" jcr:uuid="776e3c19-9c7d-4c41-9d2d-284524854315" jcr:created="2008-05-19T14:22:17.977-07:00" jcr:predecessors="341a39d4-4359-45be-8d48-e8b11082fd25" jcr:successors=""&gt;
    <jcr:frozenNode jcr:primaryType="nt:frozenNode" jcr:mixinTypes="" jcr:uuid="3361d876-38c9-4c77-8eda-a6ff1003bece" jcr:frozenUuid="2c56d634-26c5-406e-ae66-8a2c91e0f129" jcr:frozenPrimaryType="test:versionable" jcr:frozenMixinTypes="" jcr:versionHistory="281b1b9f-be37-41c3-935a-16d43e870789" jcr:predecessors="341a39d4-4359-45be-8d48-e8b11082fd25" />&lt;/_x0031_.1&gt;&lt;_x0031_.0 jcr:primaryType="nt:version" jcr:mixinTypes="" jcr:uuid="341a39d4-4359-45be-8d48-e8b11082fd25" jcr:created="2008-05-19T14:22:17.964-07:00" jcr:predecessors="3cf3ec6a-85da-43c7-96fa-b85cdc0d73ed" jcr:successors="776e3c19-9c7d-4c41-9d2d-284524854315"&gt;
    <jcr:frozenNode jcr:primaryType="nt:frozenNode" jcr:mixinTypes="" jcr:uuid="02e221ec-148d-43f4-aa5b-5c2a3a62f3ee" jcr:frozenUuid="2c56d634-26c5-406e-ae66-8a2c91e0f129" jcr:frozenPrimaryType="test:versionable" jcr:frozenMixinTypes="" jcr:versionHistory="281b1b9f-be37-41c3-935a-16d43e870789" jcr:predecessors="3cf3ec6a-85da-43c7-96fa-b85cdc0d73ed" />&lt;/_x0031_.0&gt;&lt;/_x0032_81b1b9f-be37-41c3-935a-16d43e870789&gt;&lt;_x0032_95fefb0-a078-4bde-b45d-9af22a133b36 jcr:primaryType="nt:versionHistory" jcr:mixinTypes="" jcr:uuid="295fefb0-a078-4bde-b45d-9af22a133b36" jcr:versionableUuid="83a65f93-c731-47d7-879c-80c3ef61157e"&gt;
    <jcr:versionLabels jcr:primaryType="nt:versionLabels" jcr:mixinTypes="" />&lt;_x0031_.0 jcr:primaryType="nt:version" jcr:mixinTypes="" jcr:uuid="7ab20842-45e4-4c23-98dc-ae446ec15531" jcr:created="2008-05-19T14:21:55.776-07:00" jcr:predecessors="98ef691a-f12d-4ead-9ee6-cee330560b19" jcr:successors="e8cd33e8-3b37-4bf5-9c82-5073b4e7fdce"&gt;
    <jcr:frozenNode jcr:primaryType="nt:frozenNode" jcr:mixinTypes="" jcr:uuid="c90abf64-1131-4747-9d6e-bbb8a0186780" jcr:frozenUuid="83a65f93-c731-47d7-879c-80c3ef61157e" jcr:frozenPrimaryType="test:versionable" jcr:frozenMixinTypes="" jcr:versionHistory="295fefb0-a078-4bde-b45d-9af22a133b36" jcr:predecessors="98ef691a-f12d-4ead-9ee6-cee330560b19" />&lt;/_x0031_.0&gt;
    <jcr:rootVersion jcr:primaryType="nt:version" jcr:mixinTypes="" jcr:uuid="98ef691a-f12d-4ead-9ee6-cee330560b19" jcr:created="2008-05-19T14:21:55.710-07:00" jcr:predecessors="" jcr:successors="7ab20842-45e4-4c23-98dc-ae446ec15531" />&lt;_x0031_.1 jcr:primaryType="nt:version" jcr:mixinTypes="" jcr:uuid="e8cd33e8-3b37-4bf5-9c82-5073b4e7fdce" jcr:created="2008-05-19T14:21:55.813-07:00" jcr:predecessors="7ab20842-45e4-4c23-98dc-ae446ec15531" jcr:successors=""&gt;
    <jcr:frozenNode jcr:primaryType="nt:frozenNode" jcr:mixinTypes="" jcr:uuid="009aefcb-41be-410b-ba1a-36f4715562f4" jcr:frozenUuid="83a65f93-c731-47d7-879c-80c3ef61157e" jcr:frozenPrimaryType="test:versionable" jcr:frozenMixinTypes="" jcr:versionHistory="295fefb0-a078-4bde-b45d-9af22a133b36" jcr:predecessors="7ab20842-45e4-4c23-98dc-ae446ec15531" />&lt;/_x0031_.1&gt;&lt;/_x0032_95fefb0-a078-4bde-b45d-9af22a133b36&gt;&lt;_x0036_347216d-aa18-4b34-b8c8-79d8c76de424 jcr:primaryType="nt:versionHistory" jcr:mixinTypes="" jcr:uuid="6347216d-aa18-4b34-b8c8-79d8c76de424" jcr:versionableUuid="7924a8ad-6b4d-4ba6-8a5d-0c683ecec948"&gt;
    <jcr:versionLabels jcr:primaryType="nt:versionLabels" jcr:mixinTypes="" />
    <jcr:rootVersion jcr:primaryType="nt:version" jcr:mixinTypes="" jcr:uuid="7115c515-454f-4aac-9989-08392360bfbe" jcr:created="2008-05-19T14:21:15.853-07:00" jcr:predecessors="" jcr:successors="" />&lt;/_x0036_347216d-aa18-4b34-b8c8-79d8c76de424&gt;
    <fd333a1e-6a34-4fa1-8c98-62669224f8a1 jcr:primaryType="nt:versionHistory" jcr:mixinTypes="" jcr:uuid="fd333a1e-6a34-4fa1-8c98-62669224f8a1" jcr:versionableUuid="2cd3c0c4-1773-46d9-8819-b83050983a14">
      <jcr:versionLabels jcr:primaryType="nt:versionLabels" jcr:mixinTypes="" />
      <jcr:rootVersion jcr:primaryType="nt:version" jcr:mixinTypes="" jcr:uuid="e17b45a3-24c6-4032-a4e0-e17877be9081" jcr:created="2008-05-19T14:21:28.046-07:00" jcr:predecessors="" jcr:successors="" />
    </fd333a1e-6a34-4fa1-8c98-62669224f8a1>&lt;_x0033_fb2d8b8-0b45-422f-997d-e073cf8239af jcr:primaryType="nt:versionHistory" jcr:mixinTypes="" jcr:uuid="3fb2d8b8-0b45-422f-997d-e073cf8239af" jcr:versionableUuid="53cfb112-30b3-4654-a2a9-3c3ff1ff308d"&gt;
    <jcr:versionLabels jcr:primaryType="nt:versionLabels" jcr:mixinTypes="" />
    <jcr:rootVersion jcr:primaryType="nt:version" jcr:mixinTypes="" jcr:uuid="9b0770a7-54e4-4fc4-b57f-d289522b0782" jcr:created="2008-05-19T14:21:52.016-07:00" jcr:predecessors="" jcr:successors="" />&lt;/_x0033_fb2d8b8-0b45-422f-997d-e073cf8239af&gt;&lt;_x0030_fe9ba29-d056-40eb-8666-d6aee76a24d2 jcr:primaryType="nt:versionHistory" jcr:mixinTypes="" jcr:uuid="0fe9ba29-d056-40eb-8666-d6aee76a24d2" jcr:versionableUuid="e6c96760-830d-4273-a266-a240e699c99a"&gt;
    <jcr:versionLabels jcr:primaryType="nt:versionLabels" jcr:mixinTypes="" />
    <jcr:rootVersion jcr:primaryType="nt:version" jcr:mixinTypes="" jcr:uuid="594c8756-91eb-4933-b917-1aadce8ffbd3" jcr:created="2008-05-19T14:21:16.748-07:00" jcr:predecessors="" jcr:successors="" />&lt;/_x0030_fe9ba29-d056-40eb-8666-d6aee76a24d2&gt;
    <c40465e0-2706-4685-ae15-1aa89847e93a jcr:primaryType="nt:versionHistory" jcr:mixinTypes="" jcr:uuid="c40465e0-2706-4685-ae15-1aa89847e93a" jcr:versionableUuid="24c7ec20-f925-4b74-9e2b-a01769026f2e">
    <jcr:versionLabels jcr:primaryType="nt:versionLabels" jcr:mixinTypes="" />&lt;_x0031_.0 jcr:primaryType="nt:version" jcr:mixinTypes="" jcr:uuid="c71fb2d6-24e8-4aeb-b8b3-3eea9cd731b0" jcr:created="2008-05-19T14:21:36.589-07:00" jcr:predecessors="c8f09d37-e0af-4442-bdd6-47f0207daffd" jcr:successors="421178d7-143a-42fa-ae13-8fc84e05a078"&gt;
    <jcr:frozenNode jcr:primaryType="nt:frozenNode" jcr:mixinTypes="" jcr:uuid="28f03766-84b9-4818-98ae-b4735f7585fe" jcr:frozenUuid="24c7ec20-f925-4b74-9e2b-a01769026f2e" jcr:frozenPrimaryType="test:versionable" jcr:frozenMixinTypes="" jcr:versionHistory="c40465e0-2706-4685-ae15-1aa89847e93a" jcr:predecessors="c8f09d37-e0af-4442-bdd6-47f0207daffd" />&lt;/_x0031_.0&gt;&lt;_x0031_.1 jcr:primaryType="nt:version" jcr:mixinTypes="" jcr:uuid="421178d7-143a-42fa-ae13-8fc84e05a078" jcr:created="2008-05-19T14:21:36.603-07:00" jcr:predecessors="c71fb2d6-24e8-4aeb-b8b3-3eea9cd731b0" jcr:successors=""&gt;
    <jcr:frozenNode jcr:primaryType="nt:frozenNode" jcr:mixinTypes="" jcr:uuid="008631ca-18b7-453a-a1c7-4ce8cf5f2f7d" jcr:frozenUuid="24c7ec20-f925-4b74-9e2b-a01769026f2e" jcr:frozenPrimaryType="test:versionable" jcr:frozenMixinTypes="" jcr:versionHistory="c40465e0-2706-4685-ae15-1aa89847e93a" jcr:predecessors="c71fb2d6-24e8-4aeb-b8b3-3eea9cd731b0" />&lt;/_x0031_.1&gt;
    <jcr:rootVersion jcr:primaryType="nt:version" jcr:mixinTypes="" jcr:uuid="c8f09d37-e0af-4442-bdd6-47f0207daffd" jcr:created="2008-05-19T14:21:36.454-07:00" jcr:predecessors="" jcr:successors="c71fb2d6-24e8-4aeb-b8b3-3eea9cd731b0" /></c40465e0-2706-4685-ae15-1aa89847e93a>&lt;_x0031_4f2ac38-3d60-4794-b0b5-6b308e0ad627 jcr:primaryType="nt:versionHistory" jcr:mixinTypes="" jcr:uuid="14f2ac38-3d60-4794-b0b5-6b308e0ad627" jcr:versionableUuid="67df6bcc-dc73-411b-9423-4e4ef29b077a"&gt;
    <jcr:versionLabels jcr:primaryType="nt:versionLabels" jcr:mixinTypes="" />&lt;_x0031_.0 jcr:primaryType="nt:version" jcr:mixinTypes="" jcr:uuid="674c23f3-f9dc-4972-9ac5-7fcf805bb908" jcr:created="2008-05-19T14:21:10.162-07:00" jcr:predecessors="c55ff8b4-d153-4ac9-aad8-0ded515f49e0" jcr:successors=""&gt;
    <jcr:frozenNode jcr:primaryType="nt:frozenNode" jcr:mixinTypes="" jcr:uuid="e96960f4-3b5c-403d-8cd5-3c55998d7cf9" jcr:frozenUuid="67df6bcc-dc73-411b-9423-4e4ef29b077a" jcr:frozenPrimaryType="nt:unstructured" jcr:frozenMixinTypes="mix:versionable" jcr:versionHistory="14f2ac38-3d60-4794-b0b5-6b308e0ad627" jcr:predecessors="c55ff8b4-d153-4ac9-aad8-0ded515f49e0" />&lt;/_x0031_.0&gt;
    <jcr:rootVersion jcr:primaryType="nt:version" jcr:mixinTypes="" jcr:uuid="c55ff8b4-d153-4ac9-aad8-0ded515f49e0" jcr:created="2008-05-19T14:21:10.137-07:00" jcr:predecessors="" jcr:successors="674c23f3-f9dc-4972-9ac5-7fcf805bb908" />&lt;/_x0031_4f2ac38-3d60-4794-b0b5-6b308e0ad627&gt;&lt;_x0037_b21377c-b62a-439d-adf6-70efbe1956c7 jcr:primaryType="nt:versionHistory" jcr:mixinTypes="" jcr:uuid="7b21377c-b62a-439d-adf6-70efbe1956c7" jcr:versionableUuid="985fa730-6c23-4754-9f04-85253eacc033"&gt;
    <jcr:versionLabels jcr:primaryType="nt:versionLabels" jcr:mixinTypes="" />
    <jcr:rootVersion jcr:primaryType="nt:version" jcr:mixinTypes="" jcr:uuid="89c87002-36af-4f36-b817-757123d57afb" jcr:created="2008-05-19T14:22:15.177-07:00" jcr:predecessors="" jcr:successors="" />&lt;/_x0037_b21377c-b62a-439d-adf6-70efbe1956c7&gt;
    <cf4dcda6-7a4a-44fe-958a-5aca162dff3a jcr:primaryType="nt:versionHistory" jcr:mixinTypes="" jcr:uuid="cf4dcda6-7a4a-44fe-958a-5aca162dff3a" jcr:versionableUuid="1fa77446-23ef-4ef7-865a-db3e2d7e38ad">
    <jcr:versionLabels jcr:primaryType="nt:versionLabels" jcr:mixinTypes="" />&lt;_x0031_.0 jcr:primaryType="nt:version" jcr:mixinTypes="" jcr:uuid="00add34a-df8c-42ca-a820-99a9aaef0f75" jcr:created="2008-05-19T14:21:29.319-07:00" jcr:predecessors="fccefedf-4caf-4eff-afff-62664e3b8ade" jcr:successors=""&gt;
    <jcr:frozenNode jcr:primaryType="nt:frozenNode" jcr:mixinTypes="" jcr:uuid="705d84f1-584e-4f0c-b77a-8cd37e5d8248" jcr:frozenUuid="1fa77446-23ef-4ef7-865a-db3e2d7e38ad" jcr:frozenPrimaryType="test:versionable" jcr:frozenMixinTypes="" prop1="versionableNodeName1" jcr:versionHistory="cf4dcda6-7a4a-44fe-958a-5aca162dff3a" jcr:predecessors="fccefedf-4caf-4eff-afff-62664e3b8ade" />&lt;/_x0031_.0&gt;
    <jcr:rootVersion jcr:primaryType="nt:version" jcr:mixinTypes="" jcr:uuid="fccefedf-4caf-4eff-afff-62664e3b8ade" jcr:created="2008-05-19T14:21:29.227-07:00" jcr:predecessors="" jcr:successors="00add34a-df8c-42ca-a820-99a9aaef0f75" /></cf4dcda6-7a4a-44fe-958a-5aca162dff3a>
    <aafea4e6-444a-42d8-9f83-892e5940b0ea jcr:primaryType="nt:versionHistory" jcr:mixinTypes="" jcr:uuid="aafea4e6-444a-42d8-9f83-892e5940b0ea" jcr:versionableUuid="a671435f-182b-443f-acdc-fc53a6fc84ca">
      <jcr:versionLabels jcr:primaryType="nt:versionLabels" jcr:mixinTypes="" />
      <jcr:rootVersion jcr:primaryType="nt:version" jcr:mixinTypes="" jcr:uuid="303abdac-5c69-4be4-9a3a-da0b0e84119e" jcr:created="2008-05-19T14:21:15.433-07:00" jcr:predecessors="" jcr:successors="" />
    </aafea4e6-444a-42d8-9f83-892e5940b0ea>
    <e802985c-452e-4f8a-9545-ff24e2936896 jcr:primaryType="nt:versionHistory" jcr:mixinTypes="" jcr:uuid="e802985c-452e-4f8a-9545-ff24e2936896" jcr:versionableUuid="ae901b7b-bf4b-4c19-bedd-59593f276488">
    <jcr:versionLabels jcr:primaryType="nt:versionLabels" jcr:mixinTypes="" />&lt;_x0031_.0 jcr:primaryType="nt:version" jcr:mixinTypes="" jcr:uuid="26ecea31-8e4d-4b95-ac8e-24f08a247005" jcr:created="2008-05-19T14:21:52.909-07:00" jcr:predecessors="90ca51e4-8f67-4758-9fcf-f53d3f552d27" jcr:successors=""&gt;
    <jcr:frozenNode jcr:primaryType="nt:frozenNode" jcr:mixinTypes="" jcr:uuid="53ee3c27-b89e-46e8-aaa6-2e09e7616610" jcr:frozenUuid="ae901b7b-bf4b-4c19-bedd-59593f276488" jcr:frozenPrimaryType="test:versionable" jcr:frozenMixinTypes="" jcr:versionHistory="e802985c-452e-4f8a-9545-ff24e2936896" jcr:predecessors="90ca51e4-8f67-4758-9fcf-f53d3f552d27" />&lt;/_x0031_.0&gt;
    <jcr:rootVersion jcr:primaryType="nt:version" jcr:mixinTypes="" jcr:uuid="90ca51e4-8f67-4758-9fcf-f53d3f552d27" jcr:created="2008-05-19T14:21:52.840-07:00" jcr:predecessors="" jcr:successors="26ecea31-8e4d-4b95-ac8e-24f08a247005" /></e802985c-452e-4f8a-9545-ff24e2936896>
    <d0bca199-031c-4330-a8da-faead768c235 jcr:primaryType="nt:versionHistory" jcr:mixinTypes="" jcr:uuid="d0bca199-031c-4330-a8da-faead768c235" jcr:versionableUuid="c7f774b0-1d32-4789-a648-3e4237f6400d">
      <jcr:versionLabels jcr:primaryType="nt:versionLabels" jcr:mixinTypes="" />
      <jcr:rootVersion jcr:primaryType="nt:version" jcr:mixinTypes="" jcr:uuid="9cbfe55c-e424-4d6a-9fc1-69010b2b1788" jcr:created="2008-05-19T14:21:13.562-07:00" jcr:predecessors="" jcr:successors="" />
    </d0bca199-031c-4330-a8da-faead768c235>
    <a3685a3c-1353-4130-96d1-ed22b9d37b2d jcr:primaryType="nt:versionHistory" jcr:mixinTypes="" jcr:uuid="a3685a3c-1353-4130-96d1-ed22b9d37b2d" jcr:versionableUuid="34ad173d-1d53-4b6b-afca-48afcf0c9de1">
      <jcr:versionLabels jcr:primaryType="nt:versionLabels" jcr:mixinTypes="" />
      <jcr:rootVersion jcr:primaryType="nt:version" jcr:mixinTypes="" jcr:uuid="449025d3-4f56-446d-835c-d4ddff4a50c0" jcr:created="2008-05-19T14:21:13.460-07:00" jcr:predecessors="" jcr:successors="" />
    </a3685a3c-1353-4130-96d1-ed22b9d37b2d>&lt;_x0039_8a814f8-d257-45b8-8d2e-7e2a195ca776 jcr:primaryType="nt:versionHistory" jcr:mixinTypes="" jcr:uuid="98a814f8-d257-45b8-8d2e-7e2a195ca776" jcr:versionableUuid="31aec780-8a58-487c-97aa-4d8f92083ae6"&gt;
    <jcr:versionLabels jcr:primaryType="nt:versionLabels" jcr:mixinTypes="" />
    <jcr:rootVersion jcr:primaryType="nt:version" jcr:mixinTypes="" jcr:uuid="56386ce5-18c8-4c62-b8ab-b200aa7b5da6" jcr:created="2008-05-19T14:22:16.745-07:00" jcr:predecessors="" jcr:successors="" />&lt;/_x0039_8a814f8-d257-45b8-8d2e-7e2a195ca776&gt;
    <a55f7dbc-e89f-4b3a-9a59-bbb9509b4977 jcr:primaryType="nt:versionHistory" jcr:mixinTypes="" jcr:uuid="a55f7dbc-e89f-4b3a-9a59-bbb9509b4977" jcr:versionableUuid="9c537b62-f237-467c-9d6f-c1345bdbb2d2">
    <jcr:versionLabels jcr:primaryType="nt:versionLabels" jcr:mixinTypes="" />
    <jcr:rootVersion jcr:primaryType="nt:version" jcr:mixinTypes="" jcr:uuid="3e90ab39-ead4-46c7-b9f9-2e3259f3c1be" jcr:created="2008-05-19T14:21:28.667-07:00" jcr:predecessors="" jcr:successors="f7b2522e-5883-49d3-af7f-cef372c323f7" />&lt;_x0031_.1 jcr:primaryType="nt:version" jcr:mixinTypes="" jcr:uuid="84e1c5c1-c9d4-4891-b06a-c69c591348d0" jcr:created="2008-05-19T14:21:29.110-07:00" jcr:predecessors="f7b2522e-5883-49d3-af7f-cef372c323f7" jcr:successors=""&gt;
    <jcr:frozenNode jcr:primaryType="nt:frozenNode" jcr:mixinTypes="" jcr:uuid="110035d7-56e6-4bc3-bb0b-e4d9f4b63872" jcr:frozenUuid="9c537b62-f237-467c-9d6f-c1345bdbb2d2" jcr:frozenPrimaryType="test:versionable" jcr:frozenMixinTypes="" jcr:versionHistory="a55f7dbc-e89f-4b3a-9a59-bbb9509b4977" jcr:predecessors="f7b2522e-5883-49d3-af7f-cef372c323f7" />&lt;/_x0031_.1&gt;&lt;_x0031_.0 jcr:primaryType="nt:version" jcr:mixinTypes="" jcr:uuid="f7b2522e-5883-49d3-af7f-cef372c323f7" jcr:created="2008-05-19T14:21:28.887-07:00" jcr:predecessors="3e90ab39-ead4-46c7-b9f9-2e3259f3c1be" jcr:successors="84e1c5c1-c9d4-4891-b06a-c69c591348d0 6e5ca14d-73e7-47e9-93b4-d1d81efa7aa2"&gt;
    <jcr:frozenNode jcr:primaryType="nt:frozenNode" jcr:mixinTypes="" jcr:uuid="c5de9809-f3db-414a-b892-7775fda3b5c8" jcr:frozenUuid="9c537b62-f237-467c-9d6f-c1345bdbb2d2" jcr:frozenPrimaryType="test:versionable" jcr:frozenMixinTypes="" jcr:versionHistory="a55f7dbc-e89f-4b3a-9a59-bbb9509b4977" jcr:predecessors="3e90ab39-ead4-46c7-b9f9-2e3259f3c1be" />&lt;/_x0031_.0&gt;&lt;_x0031_.0.1 jcr:primaryType="nt:version" jcr:mixinTypes="" jcr:uuid="6e5ca14d-73e7-47e9-93b4-d1d81efa7aa2" jcr:created="2008-05-19T14:21:29.131-07:00" jcr:predecessors="f7b2522e-5883-49d3-af7f-cef372c323f7" jcr:successors=""&gt;
    <jcr:frozenNode jcr:primaryType="nt:frozenNode" jcr:mixinTypes="" jcr:uuid="074a4983-5a72-4898-8c66-437a56daba37" jcr:frozenUuid="9c537b62-f237-467c-9d6f-c1345bdbb2d2" jcr:frozenPrimaryType="test:versionable" jcr:frozenMixinTypes="" jcr:versionHistory="a55f7dbc-e89f-4b3a-9a59-bbb9509b4977" jcr:predecessors="f7b2522e-5883-49d3-af7f-cef372c323f7" />&lt;/_x0031_.0.1&gt;</a55f7dbc-e89f-4b3a-9a59-bbb9509b4977>&lt;_x0034_1c946e6-f0c1-4656-91ef-9e1b43e52752 jcr:primaryType="nt:versionHistory" jcr:mixinTypes="" jcr:uuid="41c946e6-f0c1-4656-91ef-9e1b43e52752" jcr:versionableUuid="f40f657a-34a5-4ea3-9a6c-ca80c8a19a39"&gt;
    <jcr:versionLabels jcr:primaryType="nt:versionLabels" jcr:mixinTypes="" />
    <jcr:rootVersion jcr:primaryType="nt:version" jcr:mixinTypes="" jcr:uuid="eb73c7fb-3e68-4c0d-98fd-944c3f9d752d" jcr:created="2008-05-19T14:22:09.962-07:00" jcr:predecessors="" jcr:successors="" />&lt;/_x0034_1c946e6-f0c1-4656-91ef-9e1b43e52752&gt;
    <bb8cf4ce-14e8-4b78-8f66-91f55180ba64 jcr:primaryType="nt:versionHistory" jcr:mixinTypes="" jcr:uuid="bb8cf4ce-14e8-4b78-8f66-91f55180ba64" jcr:versionableUuid="031564c2-9abb-480f-b86f-15c7cc53564e">
    <jcr:versionLabels jcr:primaryType="nt:versionLabels" jcr:mixinTypes="" />&lt;_x0031_.0 jcr:primaryType="nt:version" jcr:mixinTypes="" jcr:uuid="f11926b0-f64d-4cff-8c10-ab5c2d5bca6c" jcr:created="2008-05-19T14:21:26.606-07:00" jcr:predecessors="e7a24284-34e7-418b-bce6-70a76986c47e" jcr:successors=""&gt;
    <jcr:frozenNode jcr:primaryType="nt:frozenNode" jcr:mixinTypes="" jcr:uuid="4fe26566-f42e-4f16-9e73-f54b5ab3bb94" jcr:frozenUuid="031564c2-9abb-480f-b86f-15c7cc53564e" jcr:frozenPrimaryType="test:versionable" jcr:frozenMixinTypes="" jcr:versionHistory="bb8cf4ce-14e8-4b78-8f66-91f55180ba64" jcr:predecessors="e7a24284-34e7-418b-bce6-70a76986c47e" />&lt;/_x0031_.0&gt;
    <jcr:rootVersion jcr:primaryType="nt:version" jcr:mixinTypes="" jcr:uuid="e7a24284-34e7-418b-bce6-70a76986c47e" jcr:created="2008-05-19T14:21:26.553-07:00" jcr:predecessors="" jcr:successors="f11926b0-f64d-4cff-8c10-ab5c2d5bca6c" /></bb8cf4ce-14e8-4b78-8f66-91f55180ba64>&lt;_x0034_2735c91-2e1c-4cf2-be0f-f101f7d644ff jcr:primaryType="nt:versionHistory" jcr:mixinTypes="" jcr:uuid="42735c91-2e1c-4cf2-be0f-f101f7d644ff" jcr:versionableUuid="2e02ceeb-21cb-43bb-b5b8-ae5bbd683726"&gt;
    <jcr:versionLabels jcr:primaryType="nt:versionLabels" jcr:mixinTypes="" />
    <jcr:rootVersion jcr:primaryType="nt:version" jcr:mixinTypes="" jcr:uuid="9031e82f-3196-4cde-955e-278d3ba69d17" jcr:created="2008-05-19T14:21:29.727-07:00" jcr:predecessors="" jcr:successors="5509f2d7-3ea7-412b-9f18-f921b150fb11" />&lt;_x0031_.0 jcr:primaryType="nt:version" jcr:mixinTypes="" jcr:uuid="5509f2d7-3ea7-412b-9f18-f921b150fb11" jcr:created="2008-05-19T14:21:29.789-07:00" jcr:predecessors="9031e82f-3196-4cde-955e-278d3ba69d17" jcr:successors=""&gt;
    <jcr:frozenNode jcr:primaryType="nt:frozenNode" jcr:mixinTypes="" jcr:uuid="ea886378-68a3-432f-8b25-408e04cbda39" jcr:frozenUuid="2e02ceeb-21cb-43bb-b5b8-ae5bbd683726" jcr:frozenPrimaryType="test:versionable" jcr:frozenMixinTypes="" prop1="changed" jcr:versionHistory="42735c91-2e1c-4cf2-be0f-f101f7d644ff" jcr:predecessors="9031e82f-3196-4cde-955e-278d3ba69d17" />&lt;/_x0031_.0&gt;&lt;/_x0034_2735c91-2e1c-4cf2-be0f-f101f7d644ff&gt;
    <af356b3a-7a3f-4984-a37a-44026a582854 jcr:primaryType="nt:versionHistory" jcr:mixinTypes="" jcr:uuid="af356b3a-7a3f-4984-a37a-44026a582854" jcr:versionableUuid="8b9c79fc-421d-4a7c-9535-241689af6377">
    <jcr:versionLabels jcr:primaryType="nt:versionLabels" jcr:mixinTypes="" />&lt;_x0031_.1 jcr:primaryType="nt:version" jcr:mixinTypes="" jcr:uuid="bf867cbe-ec05-4fc0-a4ad-6015bf9b178f" jcr:created="2008-05-19T14:22:08.489-07:00" jcr:predecessors="92845c22-beb3-4c69-97cf-467172fb1baf" jcr:successors="213c80ed-378d-4b21-9cde-c58f447c6267"&gt;
    <jcr:frozenNode jcr:primaryType="nt:frozenNode" jcr:mixinTypes="" jcr:uuid="eb7c952e-6b0c-48f1-a0e2-c781f45ab8c3" jcr:frozenUuid="8b9c79fc-421d-4a7c-9535-241689af6377" jcr:frozenPrimaryType="test:versionable" jcr:frozenMixinTypes="" jcr:versionHistory="af356b3a-7a3f-4984-a37a-44026a582854" jcr:predecessors="92845c22-beb3-4c69-97cf-467172fb1baf" />&lt;/_x0031_.1&gt;&lt;_x0031_.2 jcr:primaryType="nt:version" jcr:mixinTypes="" jcr:uuid="213c80ed-378d-4b21-9cde-c58f447c6267" jcr:created="2008-05-19T14:22:09.094-07:00" jcr:predecessors="bf867cbe-ec05-4fc0-a4ad-6015bf9b178f" jcr:successors=""&gt;
    <jcr:frozenNode jcr:primaryType="nt:frozenNode" jcr:mixinTypes="" jcr:uuid="ad875598-d028-48bb-88ff-8df0e9dd0ebd" jcr:frozenUuid="8b9c79fc-421d-4a7c-9535-241689af6377" jcr:frozenPrimaryType="test:versionable" jcr:frozenMixinTypes="" jcr:versionHistory="af356b3a-7a3f-4984-a37a-44026a582854" jcr:predecessors="bf867cbe-ec05-4fc0-a4ad-6015bf9b178f">
      <childNodeName jcr:primaryType="test:versionable" jcr:mixinTypes="" jcr:uuid="60bb861b-8ca7-46e9-a67e-4ada03455e24" jcr:isCheckedOut="true" jcr:versionHistory="0ee376df-9e08-4549-8e6d-c58b2464ed79" jcr:baseVersion="34d27db9-5d8d-44f4-a38a-2232c50cf712" jcr:predecessors="34d27db9-5d8d-44f4-a38a-2232c50cf712" />
    </jcr:frozenNode>&lt;/_x0031_.2&gt;
    <jcr:rootVersion jcr:primaryType="nt:version" jcr:mixinTypes="" jcr:uuid="4cdd3b76-fc1f-45ba-9d92-fc84747c42ed" jcr:created="2008-05-19T14:22:08.396-07:00" jcr:predecessors="" jcr:successors="92845c22-beb3-4c69-97cf-467172fb1baf" />&lt;_x0031_.0 jcr:primaryType="nt:version" jcr:mixinTypes="" jcr:uuid="92845c22-beb3-4c69-97cf-467172fb1baf" jcr:created="2008-05-19T14:22:08.459-07:00" jcr:predecessors="4cdd3b76-fc1f-45ba-9d92-fc84747c42ed" jcr:successors="bf867cbe-ec05-4fc0-a4ad-6015bf9b178f"&gt;
    <jcr:frozenNode jcr:primaryType="nt:frozenNode" jcr:mixinTypes="" jcr:uuid="a5afcb95-8894-4bb5-8207-027550414794" jcr:frozenUuid="8b9c79fc-421d-4a7c-9535-241689af6377" jcr:frozenPrimaryType="test:versionable" jcr:frozenMixinTypes="" jcr:versionHistory="af356b3a-7a3f-4984-a37a-44026a582854" jcr:predecessors="4cdd3b76-fc1f-45ba-9d92-fc84747c42ed" />&lt;/_x0031_.0&gt;</af356b3a-7a3f-4984-a37a-44026a582854>&lt;_x0030_de437c4-d051-4de7-b6a1-b976a2516b36 jcr:primaryType="nt:versionHistory" jcr:mixinTypes="" jcr:uuid="0de437c4-d051-4de7-b6a1-b976a2516b36" jcr:versionableUuid="838b6171-ab2a-4d39-9b8f-0e8f4bb385cb"&gt;
    <jcr:versionLabels jcr:primaryType="nt:versionLabels" jcr:mixinTypes="" />
    <jcr:rootVersion jcr:primaryType="nt:version" jcr:mixinTypes="" jcr:uuid="3300b9b5-dac1-4620-acd1-bbb3dc7c8c67" jcr:created="2008-05-19T14:22:03.721-07:00" jcr:predecessors="" jcr:successors="9261cd2b-c063-43fa-937a-ed97f3cef26d" />&lt;_x0031_.1 jcr:primaryType="nt:version" jcr:mixinTypes="" jcr:uuid="499b0670-b29c-4a91-8346-85693d769858" jcr:created="2008-05-19T14:22:04.088-07:00" jcr:predecessors="9261cd2b-c063-43fa-937a-ed97f3cef26d" jcr:successors=""&gt;
    <jcr:frozenNode jcr:primaryType="nt:frozenNode" jcr:mixinTypes="" jcr:uuid="1b4c779e-f997-42c4-93e7-f84d7754d260" jcr:frozenUuid="838b6171-ab2a-4d39-9b8f-0e8f4bb385cb" jcr:frozenPrimaryType="test:versionable" jcr:frozenMixinTypes="" jcr:versionHistory="0de437c4-d051-4de7-b6a1-b976a2516b36" jcr:predecessors="9261cd2b-c063-43fa-937a-ed97f3cef26d" />&lt;/_x0031_.1&gt;&lt;_x0031_.0 jcr:primaryType="nt:version" jcr:mixinTypes="" jcr:uuid="9261cd2b-c063-43fa-937a-ed97f3cef26d" jcr:created="2008-05-19T14:22:04.074-07:00" jcr:predecessors="3300b9b5-dac1-4620-acd1-bbb3dc7c8c67" jcr:successors="499b0670-b29c-4a91-8346-85693d769858"&gt;
    <jcr:frozenNode jcr:primaryType="nt:frozenNode" jcr:mixinTypes="" jcr:uuid="1aee65d1-a89c-4981-ac9f-4ac89a471dcd" jcr:frozenUuid="838b6171-ab2a-4d39-9b8f-0e8f4bb385cb" jcr:frozenPrimaryType="test:versionable" jcr:frozenMixinTypes="" jcr:versionHistory="0de437c4-d051-4de7-b6a1-b976a2516b36" jcr:predecessors="3300b9b5-dac1-4620-acd1-bbb3dc7c8c67" />&lt;/_x0031_.0&gt;&lt;/_x0030_de437c4-d051-4de7-b6a1-b976a2516b36&gt;
    <b03e3aa8-c321-414f-93bb-dd46716a52e8 jcr:primaryType="nt:versionHistory" jcr:mixinTypes="" jcr:uuid="b03e3aa8-c321-414f-93bb-dd46716a52e8" jcr:versionableUuid="62cae90f-fcc0-4718-83a7-fe84cbdc7e82">
    <jcr:versionLabels jcr:primaryType="nt:versionLabels" jcr:mixinTypes="" />
    <jcr:rootVersion jcr:primaryType="nt:version" jcr:mixinTypes="" jcr:uuid="52ac9088-afbc-4597-b158-5a46d2cb9852" jcr:created="2008-05-19T14:21:42.101-07:00" jcr:predecessors="" jcr:successors="b7757692-1729-46a7-82aa-3b95ee9453be" />&lt;_x0031_.0 jcr:primaryType="nt:version" jcr:mixinTypes="" jcr:uuid="b7757692-1729-46a7-82aa-3b95ee9453be" jcr:created="2008-05-19T14:21:42.224-07:00" jcr:predecessors="52ac9088-afbc-4597-b158-5a46d2cb9852" jcr:successors=""&gt;
    <jcr:frozenNode jcr:primaryType="nt:frozenNode" jcr:mixinTypes="" jcr:uuid="c48acb17-fb66-4bfa-bde0-f258b0bd5b04" jcr:frozenUuid="62cae90f-fcc0-4718-83a7-fe84cbdc7e82" jcr:frozenPrimaryType="test:versionable" jcr:frozenMixinTypes="" jcr:versionHistory="b03e3aa8-c321-414f-93bb-dd46716a52e8" jcr:predecessors="52ac9088-afbc-4597-b158-5a46d2cb9852" />&lt;/_x0031_.0&gt;</b03e3aa8-c321-414f-93bb-dd46716a52e8>&lt;_x0032_a8c31a7-b7d0-4fde-b5d9-2edc5c6650b6 jcr:primaryType="nt:versionHistory" jcr:mixinTypes="" jcr:uuid="2a8c31a7-b7d0-4fde-b5d9-2edc5c6650b6" jcr:versionableUuid="ccbed36f-8f59-4579-907d-e8cc08fa9c71"&gt;
    <jcr:versionLabels jcr:primaryType="nt:versionLabels" jcr:mixinTypes="" />
    <jcr:rootVersion jcr:primaryType="nt:version" jcr:mixinTypes="" jcr:uuid="7affc724-3b10-4e02-ae39-275b06549dd2" jcr:created="2008-05-19T14:21:28.136-07:00" jcr:predecessors="" jcr:successors="17ad1a8f-a404-4b73-b615-1b5c06df6091" />&lt;_x0031_.0 jcr:primaryType="nt:version" jcr:mixinTypes="" jcr:uuid="17ad1a8f-a404-4b73-b615-1b5c06df6091" jcr:created="2008-05-19T14:21:28.193-07:00" jcr:predecessors="7affc724-3b10-4e02-ae39-275b06549dd2" jcr:successors=""&gt;
    <jcr:frozenNode jcr:primaryType="nt:frozenNode" jcr:mixinTypes="" jcr:uuid="1c48d27b-1d99-4c7c-aecd-0976a7eb9cbb" jcr:frozenUuid="ccbed36f-8f59-4579-907d-e8cc08fa9c71" jcr:frozenPrimaryType="test:versionable" jcr:frozenMixinTypes="" prop1="changed" jcr:versionHistory="2a8c31a7-b7d0-4fde-b5d9-2edc5c6650b6" jcr:predecessors="7affc724-3b10-4e02-ae39-275b06549dd2" />&lt;/_x0031_.0&gt;&lt;/_x0032_a8c31a7-b7d0-4fde-b5d9-2edc5c6650b6&gt;&lt;_x0039_7471532-9636-46ad-bec5-f645891a090d jcr:primaryType="nt:versionHistory" jcr:mixinTypes="" jcr:uuid="97471532-9636-46ad-bec5-f645891a090d" jcr:versionableUuid="e3a23372-6aed-4ed8-8d43-b38c3bef88a5"&gt;
    <jcr:versionLabels jcr:primaryType="nt:versionLabels" jcr:mixinTypes="" />
    <jcr:rootVersion jcr:primaryType="nt:version" jcr:mixinTypes="" jcr:uuid="72556299-3eb8-4a0e-adfa-95225a391e72" jcr:created="2008-05-19T14:21:18.501-07:00" jcr:predecessors="" jcr:successors="" />&lt;/_x0039_7471532-9636-46ad-bec5-f645891a090d&gt;
    <b5d91fb8-ed95-4253-948b-d75a2f414bad jcr:primaryType="nt:versionHistory" jcr:mixinTypes="" jcr:uuid="b5d91fb8-ed95-4253-948b-d75a2f414bad" jcr:versionableUuid="ab4c3b2f-59cc-4fc8-9926-1cff6118ddd3">
    <jcr:versionLabels jcr:primaryType="nt:versionLabels" jcr:mixinTypes="" />
    <jcr:rootVersion jcr:primaryType="nt:version" jcr:mixinTypes="" jcr:uuid="16f8c600-33e7-4f47-8468-315c1231c8a1" jcr:created="2008-05-19T14:21:55.373-07:00" jcr:predecessors="" jcr:successors="1e4bdae3-d23b-47f0-b0eb-fef91109e068" />&lt;_x0031_.1 jcr:primaryType="nt:version" jcr:mixinTypes="" jcr:uuid="d0131099-4f0e-4bf2-9625-06a1735340b3" jcr:created="2008-05-19T14:21:55.463-07:00" jcr:predecessors="1e4bdae3-d23b-47f0-b0eb-fef91109e068" jcr:successors=""&gt;
    <jcr:frozenNode jcr:primaryType="nt:frozenNode" jcr:mixinTypes="" jcr:uuid="13df0671-0188-44a7-b4b6-41a715872b15" jcr:frozenUuid="ab4c3b2f-59cc-4fc8-9926-1cff6118ddd3" jcr:frozenPrimaryType="test:versionable" jcr:frozenMixinTypes="" jcr:versionHistory="b5d91fb8-ed95-4253-948b-d75a2f414bad" jcr:predecessors="1e4bdae3-d23b-47f0-b0eb-fef91109e068" />&lt;/_x0031_.1&gt;&lt;_x0031_.0 jcr:primaryType="nt:version" jcr:mixinTypes="" jcr:uuid="1e4bdae3-d23b-47f0-b0eb-fef91109e068" jcr:created="2008-05-19T14:21:55.453-07:00" jcr:predecessors="16f8c600-33e7-4f47-8468-315c1231c8a1" jcr:successors="d0131099-4f0e-4bf2-9625-06a1735340b3"&gt;
    <jcr:frozenNode jcr:primaryType="nt:frozenNode" jcr:mixinTypes="" jcr:uuid="688f2666-430a-4ce8-8dbf-bff6b88d9e6d" jcr:frozenUuid="ab4c3b2f-59cc-4fc8-9926-1cff6118ddd3" jcr:frozenPrimaryType="test:versionable" jcr:frozenMixinTypes="" jcr:versionHistory="b5d91fb8-ed95-4253-948b-d75a2f414bad" jcr:predecessors="16f8c600-33e7-4f47-8468-315c1231c8a1" />&lt;/_x0031_.0&gt;</b5d91fb8-ed95-4253-948b-d75a2f414bad>
    <a00a2f41-04bf-4b3d-8d42-44eb50d10fa1 jcr:primaryType="nt:versionHistory" jcr:mixinTypes="" jcr:uuid="a00a2f41-04bf-4b3d-8d42-44eb50d10fa1" jcr:versionableUuid="0a75c9ab-100b-49c7-a78d-d9672fb97773">
    <jcr:versionLabels jcr:primaryType="nt:versionLabels" jcr:mixinTypes="" />
    <jcr:rootVersion jcr:primaryType="nt:version" jcr:mixinTypes="" jcr:uuid="84ae7c74-4025-4b62-9b2a-776a850ac8d2" jcr:created="2008-05-19T14:21:22.261-07:00" jcr:predecessors="" jcr:successors="9558e9bf-f98e-4bb8-bbc1-03654cecc613" />&lt;_x0031_.0 jcr:primaryType="nt:version" jcr:mixinTypes="" jcr:uuid="9558e9bf-f98e-4bb8-bbc1-03654cecc613" jcr:created="2008-05-19T14:21:22.318-07:00" jcr:predecessors="84ae7c74-4025-4b62-9b2a-776a850ac8d2" jcr:successors=""&gt;
    <jcr:frozenNode jcr:primaryType="nt:frozenNode" jcr:mixinTypes="" jcr:uuid="bc746d8f-3f33-4d6d-b909-7009a882861e" jcr:frozenUuid="0a75c9ab-100b-49c7-a78d-d9672fb97773" jcr:frozenPrimaryType="nt:unstructured" jcr:frozenMixinTypes="mix:versionable" prop1="abc" prop2="abc" jcr:versionHistory="a00a2f41-04bf-4b3d-8d42-44eb50d10fa1" jcr:predecessors="84ae7c74-4025-4b62-9b2a-776a850ac8d2" />&lt;/_x0031_.0&gt;</a00a2f41-04bf-4b3d-8d42-44eb50d10fa1>
    <c5376029-4cd2-46bc-945f-44bd0ea9fc0d jcr:primaryType="nt:versionHistory" jcr:mixinTypes="" jcr:uuid="c5376029-4cd2-46bc-945f-44bd0ea9fc0d" jcr:versionableUuid="4c299cf6-3f1c-4549-b468-85e67ae8ec4d">
    <jcr:versionLabels jcr:primaryType="nt:versionLabels" jcr:mixinTypes="" />
    <jcr:rootVersion jcr:primaryType="nt:version" jcr:mixinTypes="" jcr:uuid="d3096226-09a0-469e-9370-1802d816c784" jcr:created="2008-05-19T14:21:24.019-07:00" jcr:predecessors="" jcr:successors="b4ff679e-2cb7-4c8b-9731-27d50c70e501" />&lt;_x0031_.0 jcr:primaryType="nt:version" jcr:mixinTypes="" jcr:uuid="b4ff679e-2cb7-4c8b-9731-27d50c70e501" jcr:created="2008-05-19T14:21:24.047-07:00" jcr:predecessors="d3096226-09a0-469e-9370-1802d816c784" jcr:successors=""&gt;
    <jcr:frozenNode jcr:primaryType="nt:frozenNode" jcr:mixinTypes="" jcr:uuid="9fb29c59-3bf9-4a92-a332-24b6026d56d5" jcr:frozenUuid="4c299cf6-3f1c-4549-b468-85e67ae8ec4d" jcr:frozenPrimaryType="nt:unstructured" jcr:frozenMixinTypes="mix:versionable" jcr:versionHistory="c5376029-4cd2-46bc-945f-44bd0ea9fc0d" jcr:predecessors="d3096226-09a0-469e-9370-1802d816c784">
      <node2 jcr:primaryType="nt:unstructured" jcr:mixinTypes="" />
    </jcr:frozenNode>&lt;/_x0031_.0&gt;</c5376029-4cd2-46bc-945f-44bd0ea9fc0d>
    <a2a34a59-5e33-450b-9df1-1dc28053f7a5 jcr:primaryType="nt:versionHistory" jcr:mixinTypes="" jcr:uuid="a2a34a59-5e33-450b-9df1-1dc28053f7a5" jcr:versionableUuid="c8fee772-40b9-4fe8-a70e-daa35d18821f">
      <jcr:versionLabels jcr:primaryType="nt:versionLabels" jcr:mixinTypes="" />
      <jcr:rootVersion jcr:primaryType="nt:version" jcr:mixinTypes="" jcr:uuid="4ba4e93f-79ce-4eee-8ed4-c5c9d72e7949" jcr:created="2008-05-19T14:21:16.993-07:00" jcr:predecessors="" jcr:successors="" />
    </a2a34a59-5e33-450b-9df1-1dc28053f7a5>&lt;_x0032_0dc19c0-9484-4a58-88b8-89e703e6c7ce jcr:primaryType="nt:versionHistory" jcr:mixinTypes="" jcr:uuid="20dc19c0-9484-4a58-88b8-89e703e6c7ce" jcr:versionableUuid="cd464e1f-7aed-42b6-9574-e4972e815581"&gt;
    <jcr:versionLabels jcr:primaryType="nt:versionLabels" jcr:mixinTypes="" />&lt;_x0031_.0 jcr:primaryType="nt:version" jcr:mixinTypes="" jcr:uuid="69dca08c-4bc0-4404-8030-154b1b78f199" jcr:created="2008-05-19T14:21:22.845-07:00" jcr:predecessors="99a9c297-5892-49e5-9eaa-1c91c8f13dce" jcr:successors=""&gt;
    <jcr:frozenNode jcr:primaryType="nt:frozenNode" jcr:mixinTypes="" jcr:uuid="7fc7c076-fa13-4e57-bedc-ec0e3e865c7c" jcr:frozenUuid="cd464e1f-7aed-42b6-9574-e4972e815581" jcr:frozenPrimaryType="nt:unstructured" jcr:frozenMixinTypes="mix:versionable" prop1="abc" prop2="abc" jcr:versionHistory="20dc19c0-9484-4a58-88b8-89e703e6c7ce" jcr:predecessors="99a9c297-5892-49e5-9eaa-1c91c8f13dce" />&lt;/_x0031_.0&gt;
    <jcr:rootVersion jcr:primaryType="nt:version" jcr:mixinTypes="" jcr:uuid="99a9c297-5892-49e5-9eaa-1c91c8f13dce" jcr:created="2008-05-19T14:21:22.808-07:00" jcr:predecessors="" jcr:successors="69dca08c-4bc0-4404-8030-154b1b78f199" />&lt;/_x0032_0dc19c0-9484-4a58-88b8-89e703e6c7ce&gt;
    <d0e71017-2eea-4c58-8454-562327449feb jcr:primaryType="nt:versionHistory" jcr:mixinTypes="" jcr:uuid="d0e71017-2eea-4c58-8454-562327449feb" jcr:versionableUuid="778fadd3-3295-44b4-939e-03a6c9541cef">
      <jcr:versionLabels jcr:primaryType="nt:versionLabels" jcr:mixinTypes="" />
      <jcr:rootVersion jcr:primaryType="nt:version" jcr:mixinTypes="" jcr:uuid="512e04c2-dd58-433b-971e-133ee4957bac" jcr:created="2008-05-19T14:21:37.146-07:00" jcr:predecessors="" jcr:successors="" />
    </d0e71017-2eea-4c58-8454-562327449feb>&lt;_x0032_f6c0123-93e3-4554-b19f-11e818031cf8 jcr:primaryType="nt:versionHistory" jcr:mixinTypes="" jcr:uuid="2f6c0123-93e3-4554-b19f-11e818031cf8" jcr:versionableUuid="d49550c5-56e3-4cbd-85c4-38d14b20190c"&gt;
    <jcr:versionLabels jcr:primaryType="nt:versionLabels" jcr:mixinTypes="" />&lt;_x0031_.0 jcr:primaryType="nt:version" jcr:mixinTypes="" jcr:uuid="cc70106a-b88e-49e9-9b81-a07d0676e0d8" jcr:created="2008-05-19T14:21:28.814-07:00" jcr:predecessors="721c07f9-f428-4197-a4ee-b37cac510cbc" jcr:successors="68d2c2e1-e2fb-4c45-933e-b7181e60e22d be076688-064d-4334-aadf-f39e166cb239"&gt;
    <jcr:frozenNode jcr:primaryType="nt:frozenNode" jcr:mixinTypes="" jcr:uuid="d4a21c89-37c8-4a4e-98a2-b92b91b2ef55" jcr:frozenUuid="d49550c5-56e3-4cbd-85c4-38d14b20190c" jcr:frozenPrimaryType="test:versionable" jcr:frozenMixinTypes="" jcr:versionHistory="2f6c0123-93e3-4554-b19f-11e818031cf8" jcr:predecessors="721c07f9-f428-4197-a4ee-b37cac510cbc">
      <versionableNodeName1 jcr:primaryType="test:versionable" jcr:mixinTypes="" jcr:uuid="9d772715-0fc8-41a4-bda9-8491fd179b00" jcr:isCheckedOut="true" jcr:versionHistory="ce8b08e6-cc0f-4282-909a-24afbbfb1e6c" jcr:baseVersion="44bb4aef-6332-49c3-a564-ad2fb6cf1538" jcr:predecessors="44bb4aef-6332-49c3-a564-ad2fb6cf1538" />
    </jcr:frozenNode>&lt;/_x0031_.0&gt;&lt;_x0031_.0.1 jcr:primaryType="nt:version" jcr:mixinTypes="" jcr:uuid="68d2c2e1-e2fb-4c45-933e-b7181e60e22d" jcr:created="2008-05-19T14:21:28.993-07:00" jcr:predecessors="cc70106a-b88e-49e9-9b81-a07d0676e0d8" jcr:successors=""&gt;
    <jcr:frozenNode jcr:primaryType="nt:frozenNode" jcr:mixinTypes="" jcr:uuid="1c11c5a5-d0cb-4e35-b3bc-d51aebec6ad1" jcr:frozenUuid="d49550c5-56e3-4cbd-85c4-38d14b20190c" jcr:frozenPrimaryType="test:versionable" jcr:frozenMixinTypes="" jcr:versionHistory="2f6c0123-93e3-4554-b19f-11e818031cf8" jcr:predecessors="cc70106a-b88e-49e9-9b81-a07d0676e0d8">
      <versionableNodeName1 jcr:primaryType="test:versionable" jcr:mixinTypes="" jcr:uuid="9d772715-0fc8-41a4-bda9-8491fd179b00" jcr:isCheckedOut="true" jcr:versionHistory="ce8b08e6-cc0f-4282-909a-24afbbfb1e6c" jcr:baseVersion="8bfaaa9d-0861-40ec-beb5-fd72e696fd06" jcr:predecessors="8bfaaa9d-0861-40ec-beb5-fd72e696fd06" />
    </jcr:frozenNode>&lt;/_x0031_.0.1&gt;
    <jcr:rootVersion jcr:primaryType="nt:version" jcr:mixinTypes="" jcr:uuid="721c07f9-f428-4197-a4ee-b37cac510cbc" jcr:created="2008-05-19T14:21:28.549-07:00" jcr:predecessors="" jcr:successors="cc70106a-b88e-49e9-9b81-a07d0676e0d8" />&lt;_x0031_.1 jcr:primaryType="nt:version" jcr:mixinTypes="" jcr:uuid="be076688-064d-4334-aadf-f39e166cb239" jcr:created="2008-05-19T14:21:28.956-07:00" jcr:predecessors="cc70106a-b88e-49e9-9b81-a07d0676e0d8" jcr:successors=""&gt;
    <jcr:frozenNode jcr:primaryType="nt:frozenNode" jcr:mixinTypes="" jcr:uuid="7d3c1dae-8fc1-4d4c-9e6d-3a624be69c3b" jcr:frozenUuid="d49550c5-56e3-4cbd-85c4-38d14b20190c" jcr:frozenPrimaryType="test:versionable" jcr:frozenMixinTypes="" jcr:versionHistory="2f6c0123-93e3-4554-b19f-11e818031cf8" jcr:predecessors="cc70106a-b88e-49e9-9b81-a07d0676e0d8">
      <versionableNodeName1 jcr:primaryType="test:versionable" jcr:mixinTypes="" jcr:uuid="9d772715-0fc8-41a4-bda9-8491fd179b00" jcr:isCheckedOut="true" jcr:versionHistory="ce8b08e6-cc0f-4282-909a-24afbbfb1e6c" jcr:baseVersion="8bfaaa9d-0861-40ec-beb5-fd72e696fd06" jcr:predecessors="8bfaaa9d-0861-40ec-beb5-fd72e696fd06" />
    </jcr:frozenNode>&lt;/_x0031_.1&gt;&lt;/_x0032_f6c0123-93e3-4554-b19f-11e818031cf8&gt;&lt;_x0038_757f882-2642-457a-932d-ba0f7e09a928 jcr:primaryType="nt:versionHistory" jcr:mixinTypes="" jcr:uuid="8757f882-2642-457a-932d-ba0f7e09a928" jcr:versionableUuid="93633499-f8c6-4fd5-8e88-8019413fb21a"&gt;
    <jcr:versionLabels jcr:primaryType="nt:versionLabels" jcr:mixinTypes="" />
    <jcr:rootVersion jcr:primaryType="nt:version" jcr:mixinTypes="" jcr:uuid="c8cf31fd-b47b-4dc7-ab48-6ec09e3d7335" jcr:created="2008-05-19T14:21:26.258-07:00" jcr:predecessors="" jcr:successors="212daf90-3e67-48d2-aabe-270fb2afeda4" />&lt;_x0031_.0 jcr:primaryType="nt:version" jcr:mixinTypes="" jcr:uuid="212daf90-3e67-48d2-aabe-270fb2afeda4" jcr:created="2008-05-19T14:21:26.325-07:00" jcr:predecessors="c8cf31fd-b47b-4dc7-ab48-6ec09e3d7335" jcr:successors=""&gt;
    <jcr:frozenNode jcr:primaryType="nt:frozenNode" jcr:mixinTypes="" jcr:uuid="c4c76b1e-5ffe-45e3-a4f1-a24949daee66" jcr:frozenUuid="93633499-f8c6-4fd5-8e88-8019413fb21a" jcr:frozenPrimaryType="test:versionable" jcr:frozenMixinTypes="" jcr:versionHistory="8757f882-2642-457a-932d-ba0f7e09a928" jcr:predecessors="c8cf31fd-b47b-4dc7-ab48-6ec09e3d7335" />&lt;/_x0031_.0&gt;&lt;/_x0038_757f882-2642-457a-932d-ba0f7e09a928&gt;
    <a02da977-77bd-470e-b406-51e5f23facc3 jcr:primaryType="nt:versionHistory" jcr:mixinTypes="" jcr:uuid="a02da977-77bd-470e-b406-51e5f23facc3" jcr:versionableUuid="72445c1e-fb7d-4922-90d4-e2bdf96243a0">
    <jcr:versionLabels jcr:primaryType="nt:versionLabels" jcr:mixinTypes="" />&lt;_x0031_.0 jcr:primaryType="nt:version" jcr:mixinTypes="" jcr:uuid="db316f63-68a1-420d-b1bc-00e0942a8f7d" jcr:created="2008-05-19T14:21:39.717-07:00" jcr:predecessors="6aeb4d67-3780-4627-9792-53d617c092ea" jcr:successors=""&gt;
    <jcr:frozenNode jcr:primaryType="nt:frozenNode" jcr:mixinTypes="" jcr:uuid="c5c39e85-85ff-4801-9033-586c2f9aa2ad" jcr:frozenUuid="72445c1e-fb7d-4922-90d4-e2bdf96243a0" jcr:frozenPrimaryType="test:versionable" jcr:frozenMixinTypes="" jcr:versionHistory="a02da977-77bd-470e-b406-51e5f23facc3" jcr:predecessors="6aeb4d67-3780-4627-9792-53d617c092ea" />&lt;/_x0031_.0&gt;
    <jcr:rootVersion jcr:primaryType="nt:version" jcr:mixinTypes="" jcr:uuid="6aeb4d67-3780-4627-9792-53d617c092ea" jcr:created="2008-05-19T14:21:39.666-07:00" jcr:predecessors="" jcr:successors="db316f63-68a1-420d-b1bc-00e0942a8f7d" /></a02da977-77bd-470e-b406-51e5f23facc3>
    <de6de25a-4fd4-4c76-8597-ee62b4523fe7 jcr:primaryType="nt:versionHistory" jcr:mixinTypes="" jcr:uuid="de6de25a-4fd4-4c76-8597-ee62b4523fe7" jcr:versionableUuid="c39f597e-c77e-426a-b973-4b840d64c2a5">
    <jcr:versionLabels jcr:primaryType="nt:versionLabels" jcr:mixinTypes="" />&lt;_x0031_.0 jcr:primaryType="nt:version" jcr:mixinTypes="" jcr:uuid="8395a826-d808-44d4-92ac-9e658129b3b6" jcr:created="2008-05-19T14:21:57.082-07:00" jcr:predecessors="3c85bd89-e31a-427b-a2ef-482c9a71ccd8" jcr:successors="c0279275-7db2-4df3-80b2-25efb3038cba"&gt;
    <jcr:frozenNode jcr:primaryType="nt:frozenNode" jcr:mixinTypes="" jcr:uuid="6b9d1e0a-0e34-49b1-a146-d3665753d6be" jcr:frozenUuid="c39f597e-c77e-426a-b973-4b840d64c2a5" jcr:frozenPrimaryType="test:versionable" jcr:frozenMixinTypes="" jcr:versionHistory="de6de25a-4fd4-4c76-8597-ee62b4523fe7" jcr:predecessors="3c85bd89-e31a-427b-a2ef-482c9a71ccd8" />&lt;/_x0031_.0&gt;
    <jcr:rootVersion jcr:primaryType="nt:version" jcr:mixinTypes="" jcr:uuid="3c85bd89-e31a-427b-a2ef-482c9a71ccd8" jcr:created="2008-05-19T14:21:57.004-07:00" jcr:predecessors="" jcr:successors="8395a826-d808-44d4-92ac-9e658129b3b6" />&lt;_x0031_.1 jcr:primaryType="nt:version" jcr:mixinTypes="" jcr:uuid="c0279275-7db2-4df3-80b2-25efb3038cba" jcr:created="2008-05-19T14:21:57.413-07:00" jcr:predecessors="8395a826-d808-44d4-92ac-9e658129b3b6" jcr:successors=""&gt;
    <jcr:frozenNode jcr:primaryType="nt:frozenNode" jcr:mixinTypes="" jcr:uuid="0e18edea-2b8f-44b9-9344-01392b8b9dc6" jcr:frozenUuid="c39f597e-c77e-426a-b973-4b840d64c2a5" jcr:frozenPrimaryType="test:versionable" jcr:frozenMixinTypes="" jcr:versionHistory="de6de25a-4fd4-4c76-8597-ee62b4523fe7" jcr:predecessors="8395a826-d808-44d4-92ac-9e658129b3b6" />&lt;/_x0031_.1&gt;</de6de25a-4fd4-4c76-8597-ee62b4523fe7>&lt;_x0038_94d2d6e-f8ef-493f-9199-48cc0b71660e jcr:primaryType="nt:versionHistory" jcr:mixinTypes="" jcr:uuid="894d2d6e-f8ef-493f-9199-48cc0b71660e" jcr:versionableUuid="3d7e3405-a079-4c9a-a27d-514b27941051"&gt;
    <jcr:versionLabels jcr:primaryType="nt:versionLabels" jcr:mixinTypes="" />
    <jcr:rootVersion jcr:primaryType="nt:version" jcr:mixinTypes="" jcr:uuid="d5bc1f01-99fe-4825-8d22-c602da4489d6" jcr:created="2008-05-19T14:21:36.920-07:00" jcr:predecessors="" jcr:successors="" />&lt;/_x0038_94d2d6e-f8ef-493f-9199-48cc0b71660e&gt;&lt;_x0030_c044e3d-bf42-465f-b269-5e253c358162 jcr:primaryType="nt:versionHistory" jcr:mixinTypes="" jcr:uuid="0c044e3d-bf42-465f-b269-5e253c358162" jcr:versionableUuid="184e5bbf-519c-497f-ab82-94bb653ab8b9"&gt;
    <jcr:versionLabels jcr:primaryType="nt:versionLabels" jcr:mixinTypes="" />&lt;_x0031_.2 jcr:primaryType="nt:version" jcr:mixinTypes="" jcr:uuid="705d8dc6-b924-437d-9836-07a1c855c5a9" jcr:created="2008-05-19T14:22:06.366-07:00" jcr:predecessors="5a3da3ba-41bc-4b08-abaf-7fb2a308faf4" jcr:successors=""&gt;
    <jcr:frozenNode jcr:primaryType="nt:frozenNode" jcr:mixinTypes="" jcr:uuid="7c406b34-5328-48c5-9cce-6d3e000eec9e" jcr:frozenUuid="184e5bbf-519c-497f-ab82-94bb653ab8b9" jcr:frozenPrimaryType="test:versionable" jcr:frozenMixinTypes="" jcr:versionHistory="0c044e3d-bf42-465f-b269-5e253c358162" jcr:predecessors="5a3da3ba-41bc-4b08-abaf-7fb2a308faf4">
      <childNodeName jcr:primaryType="test:versionable" jcr:mixinTypes="" jcr:uuid="fb0bb35d-2406-46ac-852d-62d9cb37dcb0" jcr:isCheckedOut="true" jcr:versionHistory="dd9c6dd2-6e6c-4819-bf13-63eb6dd43e6b" jcr:baseVersion="f271f3ea-34b1-441c-8e0c-db6937f5fec6" jcr:predecessors="f271f3ea-34b1-441c-8e0c-db6937f5fec6" />
    </jcr:frozenNode>&lt;/_x0031_.2&gt;&lt;_x0031_.1 jcr:primaryType="nt:version" jcr:mixinTypes="" jcr:uuid="5a3da3ba-41bc-4b08-abaf-7fb2a308faf4" jcr:created="2008-05-19T14:22:06.070-07:00" jcr:predecessors="0be02563-3c1f-494b-ab06-19e7927d650c" jcr:successors="705d8dc6-b924-437d-9836-07a1c855c5a9"&gt;
    <jcr:frozenNode jcr:primaryType="nt:frozenNode" jcr:mixinTypes="" jcr:uuid="aae96408-8d72-4e23-a049-9b903991646b" jcr:frozenUuid="184e5bbf-519c-497f-ab82-94bb653ab8b9" jcr:frozenPrimaryType="test:versionable" jcr:frozenMixinTypes="" jcr:versionHistory="0c044e3d-bf42-465f-b269-5e253c358162" jcr:predecessors="0be02563-3c1f-494b-ab06-19e7927d650c" />&lt;/_x0031_.1&gt;
    <jcr:rootVersion jcr:primaryType="nt:version" jcr:mixinTypes="" jcr:uuid="df7df4a3-21fc-490c-be52-16f3a5c9c69a" jcr:created="2008-05-19T14:22:05.974-07:00" jcr:predecessors="" jcr:successors="0be02563-3c1f-494b-ab06-19e7927d650c" />&lt;_x0031_.0 jcr:primaryType="nt:version" jcr:mixinTypes="" jcr:uuid="0be02563-3c1f-494b-ab06-19e7927d650c" jcr:created="2008-05-19T14:22:06.056-07:00" jcr:predecessors="df7df4a3-21fc-490c-be52-16f3a5c9c69a" jcr:successors="5a3da3ba-41bc-4b08-abaf-7fb2a308faf4"&gt;
    <jcr:frozenNode jcr:primaryType="nt:frozenNode" jcr:mixinTypes="" jcr:uuid="966a5fbb-cfb7-4396-9766-d39f4ca622e1" jcr:frozenUuid="184e5bbf-519c-497f-ab82-94bb653ab8b9" jcr:frozenPrimaryType="test:versionable" jcr:frozenMixinTypes="" jcr:versionHistory="0c044e3d-bf42-465f-b269-5e253c358162" jcr:predecessors="df7df4a3-21fc-490c-be52-16f3a5c9c69a" />&lt;/_x0031_.0&gt;&lt;/_x0030_c044e3d-bf42-465f-b269-5e253c358162&gt;&lt;_x0036_d376957-d6fc-41d1-879f-2ede1cf28b12 jcr:primaryType="nt:versionHistory" jcr:mixinTypes="" jcr:uuid="6d376957-d6fc-41d1-879f-2ede1cf28b12" jcr:versionableUuid="68b68de1-6f7b-477c-988b-c452aaa40063"&gt;
    <jcr:versionLabels jcr:primaryType="nt:versionLabels" jcr:mixinTypes="" />
    <jcr:rootVersion jcr:primaryType="nt:version" jcr:mixinTypes="" jcr:uuid="cc9ce6b4-06ea-4647-af2a-bca46a93c5f2" jcr:created="2008-05-19T14:21:10.560-07:00" jcr:predecessors="" jcr:successors="" />&lt;/_x0036_d376957-d6fc-41d1-879f-2ede1cf28b12&gt;
    <bd11b6f5-53db-487d-9e44-bf3edff5d17a jcr:primaryType="nt:versionHistory" jcr:mixinTypes="" jcr:uuid="bd11b6f5-53db-487d-9e44-bf3edff5d17a" jcr:versionableUuid="f6e4cc57-0d47-4860-b971-8a46fb3f9c49">
    <jcr:versionLabels jcr:primaryType="nt:versionLabels" jcr:mixinTypes="" />&lt;_x0031_.2 jcr:primaryType="nt:version" jcr:mixinTypes="" jcr:uuid="95c22253-bee6-4d4f-b486-50a0e51a5fbf" jcr:created="2008-05-19T14:22:08.294-07:00" jcr:predecessors="39e1e470-6450-4814-bd66-417fb4031413" jcr:successors=""&gt;
    <jcr:frozenNode jcr:primaryType="nt:frozenNode" jcr:mixinTypes="" jcr:uuid="d738e3c6-158b-43e9-9beb-d694b0394e7f" jcr:frozenUuid="f6e4cc57-0d47-4860-b971-8a46fb3f9c49" jcr:frozenPrimaryType="test:versionable" jcr:frozenMixinTypes="" jcr:versionHistory="bd11b6f5-53db-487d-9e44-bf3edff5d17a" jcr:predecessors="39e1e470-6450-4814-bd66-417fb4031413">
      <childNodeName jcr:primaryType="test:versionable" jcr:mixinTypes="" jcr:uuid="408b4c79-0bbf-4a91-b3a7-74b93d8226ef" jcr:isCheckedOut="true" jcr:versionHistory="44429d76-c2c3-4a95-b1d6-1cd0746ce518" jcr:baseVersion="68374710-3862-4d88-886a-29df8b931af5" jcr:predecessors="68374710-3862-4d88-886a-29df8b931af5" />
    </jcr:frozenNode>&lt;/_x0031_.2&gt;&lt;_x0031_.0 jcr:primaryType="nt:version" jcr:mixinTypes="" jcr:uuid="6f1e251f-b385-4cac-a1b1-c82307f06b4e" jcr:created="2008-05-19T14:22:07.796-07:00" jcr:predecessors="6b362623-c4c7-4dbe-88b3-350c8d3fef47" jcr:successors="39e1e470-6450-4814-bd66-417fb4031413"&gt;
    <jcr:frozenNode jcr:primaryType="nt:frozenNode" jcr:mixinTypes="" jcr:uuid="05c03f96-4c68-4aa2-a73e-69552abf4197" jcr:frozenUuid="f6e4cc57-0d47-4860-b971-8a46fb3f9c49" jcr:frozenPrimaryType="test:versionable" jcr:frozenMixinTypes="" jcr:versionHistory="bd11b6f5-53db-487d-9e44-bf3edff5d17a" jcr:predecessors="6b362623-c4c7-4dbe-88b3-350c8d3fef47" />&lt;/_x0031_.0&gt;
    <jcr:rootVersion jcr:primaryType="nt:version" jcr:mixinTypes="" jcr:uuid="6b362623-c4c7-4dbe-88b3-350c8d3fef47" jcr:created="2008-05-19T14:22:07.714-07:00" jcr:predecessors="" jcr:successors="6f1e251f-b385-4cac-a1b1-c82307f06b4e" />&lt;_x0031_.1 jcr:primaryType="nt:version" jcr:mixinTypes="" jcr:uuid="39e1e470-6450-4814-bd66-417fb4031413" jcr:created="2008-05-19T14:22:07.810-07:00" jcr:predecessors="6f1e251f-b385-4cac-a1b1-c82307f06b4e" jcr:successors="95c22253-bee6-4d4f-b486-50a0e51a5fbf"&gt;
    <jcr:frozenNode jcr:primaryType="nt:frozenNode" jcr:mixinTypes="" jcr:uuid="03e91d69-925f-4a46-ac93-eb9fe2e4bfce" jcr:frozenUuid="f6e4cc57-0d47-4860-b971-8a46fb3f9c49" jcr:frozenPrimaryType="test:versionable" jcr:frozenMixinTypes="" jcr:versionHistory="bd11b6f5-53db-487d-9e44-bf3edff5d17a" jcr:predecessors="6f1e251f-b385-4cac-a1b1-c82307f06b4e" />&lt;/_x0031_.1&gt;</bd11b6f5-53db-487d-9e44-bf3edff5d17a>
    <f491a614-bc71-4022-bf91-c1ed82ffd708 jcr:primaryType="nt:versionHistory" jcr:mixinTypes="" jcr:uuid="f491a614-bc71-4022-bf91-c1ed82ffd708" jcr:versionableUuid="88a207bc-0c53-46c7-b53e-d6701812d241">
    <jcr:versionLabels jcr:primaryType="nt:versionLabels" jcr:mixinTypes="" />
    <jcr:rootVersion jcr:primaryType="nt:version" jcr:mixinTypes="" jcr:uuid="ee0b458e-2cfd-47e6-b700-39858f7cda9a" jcr:created="2008-05-19T14:21:28.507-07:00" jcr:predecessors="" jcr:successors="8cce0b17-66c6-451d-ad57-540b9d764c82" />&lt;_x0031_.0 jcr:primaryType="nt:version" jcr:mixinTypes="" jcr:uuid="8cce0b17-66c6-451d-ad57-540b9d764c82" jcr:created="2008-05-19T14:21:28.913-07:00" jcr:predecessors="ee0b458e-2cfd-47e6-b700-39858f7cda9a" jcr:successors=""&gt;
    <jcr:frozenNode jcr:primaryType="nt:frozenNode" jcr:mixinTypes="" jcr:uuid="95b61822-9642-4c8d-9f9f-9b355ca47945" jcr:frozenUuid="88a207bc-0c53-46c7-b53e-d6701812d241" jcr:frozenPrimaryType="test:versionable" jcr:frozenMixinTypes="" jcr:versionHistory="f491a614-bc71-4022-bf91-c1ed82ffd708" jcr:predecessors="ee0b458e-2cfd-47e6-b700-39858f7cda9a" />&lt;/_x0031_.0&gt;</f491a614-bc71-4022-bf91-c1ed82ffd708>&lt;_x0030_43814da-9731-48f5-9015-f5436af60b66 jcr:primaryType="nt:versionHistory" jcr:mixinTypes="" jcr:uuid="043814da-9731-48f5-9015-f5436af60b66" jcr:versionableUuid="a4fb447f-4493-4db6-9a31-f13ba944c765"&gt;
    <jcr:versionLabels jcr:primaryType="nt:versionLabels" jcr:mixinTypes="" />
    <jcr:rootVersion jcr:primaryType="nt:version" jcr:mixinTypes="" jcr:uuid="293c0ee9-9894-49f5-a3af-c0e4e6dfcf9a" jcr:created="2008-05-19T14:22:09.837-07:00" jcr:predecessors="" jcr:successors="ae724fbf-0846-4821-8813-4a44cb7f62fe" />&lt;_x0031_.1 jcr:primaryType="nt:version" jcr:mixinTypes="" jcr:uuid="b1803a7e-dbdf-460c-bad2-0d985710a785" jcr:created="2008-05-19T14:22:09.929-07:00" jcr:predecessors="ae724fbf-0846-4821-8813-4a44cb7f62fe" jcr:successors=""&gt;
    <jcr:frozenNode jcr:primaryType="nt:frozenNode" jcr:mixinTypes="" jcr:uuid="a3e7c019-c8f3-404b-8d4b-5de6d0b017b4" jcr:frozenUuid="a4fb447f-4493-4db6-9a31-f13ba944c765" jcr:frozenPrimaryType="test:versionable" jcr:frozenMixinTypes="" jcr:versionHistory="043814da-9731-48f5-9015-f5436af60b66" jcr:predecessors="ae724fbf-0846-4821-8813-4a44cb7f62fe" />&lt;/_x0031_.1&gt;&lt;_x0031_.0 jcr:primaryType="nt:version" jcr:mixinTypes="" jcr:uuid="ae724fbf-0846-4821-8813-4a44cb7f62fe" jcr:created="2008-05-19T14:22:09.916-07:00" jcr:predecessors="293c0ee9-9894-49f5-a3af-c0e4e6dfcf9a" jcr:successors="b1803a7e-dbdf-460c-bad2-0d985710a785"&gt;
    <jcr:frozenNode jcr:primaryType="nt:frozenNode" jcr:mixinTypes="" jcr:uuid="75b499c9-6a63-4f55-b8f5-47d334a1153f" jcr:frozenUuid="a4fb447f-4493-4db6-9a31-f13ba944c765" jcr:frozenPrimaryType="test:versionable" jcr:frozenMixinTypes="" jcr:versionHistory="043814da-9731-48f5-9015-f5436af60b66" jcr:predecessors="293c0ee9-9894-49f5-a3af-c0e4e6dfcf9a" />&lt;/_x0031_.0&gt;&lt;/_x0030_43814da-9731-48f5-9015-f5436af60b66&gt;&lt;_x0033_cb1baaa-293a-4e33-8342-196562a939a0 jcr:primaryType="nt:versionHistory" jcr:mixinTypes="" jcr:uuid="3cb1baaa-293a-4e33-8342-196562a939a0" jcr:versionableUuid="1577e79e-d317-44c3-a476-3db7fe48ddfb"&gt;
    <jcr:versionLabels jcr:primaryType="nt:versionLabels" jcr:mixinTypes="" />
    <jcr:rootVersion jcr:primaryType="nt:version" jcr:mixinTypes="" jcr:uuid="49e07f80-d87b-4c74-90a4-77019d502297" jcr:created="2008-05-19T14:22:17.374-07:00" jcr:predecessors="" jcr:successors="" />&lt;/_x0033_cb1baaa-293a-4e33-8342-196562a939a0&gt;&lt;_x0031_6db7590-4a7d-457a-8a00-3d51756973ec jcr:primaryType="nt:versionHistory" jcr:mixinTypes="" jcr:uuid="16db7590-4a7d-457a-8a00-3d51756973ec" jcr:versionableUuid="be6b3f7b-5d58-482c-9633-25457008c415"&gt;
    <jcr:versionLabels jcr:primaryType="nt:versionLabels" jcr:mixinTypes="" />&lt;_x0031_.0 jcr:primaryType="nt:version" jcr:mixinTypes="" jcr:uuid="93efa4e4-59a9-4336-9afc-222bb115ccbb" jcr:created="2008-05-19T14:21:29.705-07:00" jcr:predecessors="b5b2facd-8f85-4c4f-aab2-0024b2ae27dc" jcr:successors=""&gt;
    <jcr:frozenNode jcr:primaryType="nt:frozenNode" jcr:mixinTypes="" jcr:uuid="55231d45-d6d6-47a8-b948-3beec85c77a2" jcr:frozenUuid="be6b3f7b-5d58-482c-9633-25457008c415" jcr:frozenPrimaryType="test:versionable" jcr:frozenMixinTypes="" prop1="versionableNodeName1" jcr:versionHistory="16db7590-4a7d-457a-8a00-3d51756973ec" jcr:predecessors="b5b2facd-8f85-4c4f-aab2-0024b2ae27dc" />&lt;/_x0031_.0&gt;
    <jcr:rootVersion jcr:primaryType="nt:version" jcr:mixinTypes="" jcr:uuid="b5b2facd-8f85-4c4f-aab2-0024b2ae27dc" jcr:created="2008-05-19T14:21:29.461-07:00" jcr:predecessors="" jcr:successors="93efa4e4-59a9-4336-9afc-222bb115ccbb" />&lt;/_x0031_6db7590-4a7d-457a-8a00-3d51756973ec&gt;&lt;_x0034_42f5224-9b97-467f-ba50-63c94882a7b2 jcr:primaryType="nt:versionHistory" jcr:mixinTypes="" jcr:uuid="442f5224-9b97-467f-ba50-63c94882a7b2" jcr:versionableUuid="dfbef763-a3a9-42c9-bdaf-b8bec2db6ef0"&gt;
    <jcr:versionLabels jcr:primaryType="nt:versionLabels" jcr:mixinTypes="" />
    <jcr:rootVersion jcr:primaryType="nt:version" jcr:mixinTypes="" jcr:uuid="9e399066-9a97-40b3-ab82-eda81f902ae8" jcr:created="2008-05-19T14:21:13.907-07:00" jcr:predecessors="" jcr:successors="" />&lt;/_x0034_42f5224-9b97-467f-ba50-63c94882a7b2&gt;
    <b01e07ee-ef67-4e68-bde0-cf414449cf4c jcr:primaryType="nt:versionHistory" jcr:mixinTypes="" jcr:uuid="b01e07ee-ef67-4e68-bde0-cf414449cf4c" jcr:versionableUuid="93dd4db6-75c1-45a6-9a5f-0a5a1213fbe6">
    <jcr:versionLabels jcr:primaryType="nt:versionLabels" jcr:mixinTypes="" />
    <jcr:rootVersion jcr:primaryType="nt:version" jcr:mixinTypes="" jcr:uuid="9fcba669-4021-49e6-83b9-ebb15054c2fd" jcr:created="2008-05-19T14:21:52.209-07:00" jcr:predecessors="" jcr:successors="72ef47e7-3e05-40f8-b6be-976ba429a194" />&lt;_x0031_.0 jcr:primaryType="nt:version" jcr:mixinTypes="" jcr:uuid="72ef47e7-3e05-40f8-b6be-976ba429a194" jcr:created="2008-05-19T14:21:52.548-07:00" jcr:predecessors="9fcba669-4021-49e6-83b9-ebb15054c2fd" jcr:successors=""&gt;
    <jcr:frozenNode jcr:primaryType="nt:frozenNode" jcr:mixinTypes="" jcr:uuid="b7172dd8-60ce-4e7c-b276-b6ca0d1be3de" jcr:frozenUuid="93dd4db6-75c1-45a6-9a5f-0a5a1213fbe6" jcr:frozenPrimaryType="test:versionable" jcr:frozenMixinTypes="" jcr:versionHistory="b01e07ee-ef67-4e68-bde0-cf414449cf4c" jcr:predecessors="9fcba669-4021-49e6-83b9-ebb15054c2fd" />&lt;/_x0031_.0&gt;</b01e07ee-ef67-4e68-bde0-cf414449cf4c>
    <e0675de4-b803-40e8-b1d0-aa38f44b4d7e jcr:primaryType="nt:versionHistory" jcr:mixinTypes="" jcr:uuid="e0675de4-b803-40e8-b1d0-aa38f44b4d7e" jcr:versionableUuid="d8646e6b-169b-4a77-96f9-08c11cc81739">
    <jcr:versionLabels jcr:primaryType="nt:versionLabels" jcr:mixinTypes="" />&lt;_x0031_.1 jcr:primaryType="nt:version" jcr:mixinTypes="" jcr:uuid="a2d25531-7d25-4996-a9fd-d6b05d591225" jcr:created="2008-05-19T14:22:17.360-07:00" jcr:predecessors="a3695107-6b90-4bfc-8ac5-ca361b35b290" jcr:successors=""&gt;
    <jcr:frozenNode jcr:primaryType="nt:frozenNode" jcr:mixinTypes="" jcr:uuid="0ba54afc-755f-460b-8319-ff04b9d00ba0" jcr:frozenUuid="d8646e6b-169b-4a77-96f9-08c11cc81739" jcr:frozenPrimaryType="test:versionable" jcr:frozenMixinTypes="" jcr:versionHistory="e0675de4-b803-40e8-b1d0-aa38f44b4d7e" jcr:predecessors="a3695107-6b90-4bfc-8ac5-ca361b35b290" />&lt;/_x0031_.1&gt;
    <jcr:rootVersion jcr:primaryType="nt:version" jcr:mixinTypes="" jcr:uuid="f16f1f77-4e29-4d0d-a5dc-43e2cbf16def" jcr:created="2008-05-19T14:22:16.985-07:00" jcr:predecessors="" jcr:successors="a3695107-6b90-4bfc-8ac5-ca361b35b290" />&lt;_x0031_.0 jcr:primaryType="nt:version" jcr:mixinTypes="" jcr:uuid="a3695107-6b90-4bfc-8ac5-ca361b35b290" jcr:created="2008-05-19T14:22:17.344-07:00" jcr:predecessors="f16f1f77-4e29-4d0d-a5dc-43e2cbf16def" jcr:successors="a2d25531-7d25-4996-a9fd-d6b05d591225"&gt;
    <jcr:frozenNode jcr:primaryType="nt:frozenNode" jcr:mixinTypes="" jcr:uuid="cd2af982-ed84-4301-85ab-826e3b981561" jcr:frozenUuid="d8646e6b-169b-4a77-96f9-08c11cc81739" jcr:frozenPrimaryType="test:versionable" jcr:frozenMixinTypes="" jcr:versionHistory="e0675de4-b803-40e8-b1d0-aa38f44b4d7e" jcr:predecessors="f16f1f77-4e29-4d0d-a5dc-43e2cbf16def" />&lt;/_x0031_.0&gt;</e0675de4-b803-40e8-b1d0-aa38f44b4d7e>&lt;_x0037_4436207-aa38-4efa-a0fb-ef833f2412f1 jcr:primaryType="nt:versionHistory" jcr:mixinTypes="" jcr:uuid="74436207-aa38-4efa-a0fb-ef833f2412f1" jcr:versionableUuid="302b4de0-d1f0-40b2-aa91-0e0653ffb3a4"&gt;
    <jcr:versionLabels jcr:primaryType="nt:versionLabels" jcr:mixinTypes="" />
    <jcr:rootVersion jcr:primaryType="nt:version" jcr:mixinTypes="" jcr:uuid="2f190028-618f-416e-9ff7-70d6aca50f89" jcr:created="2008-05-19T14:21:30.022-07:00" jcr:predecessors="" jcr:successors="c88fe5f9-70a5-4e62-8bec-24230c0e9795" />&lt;_x0031_.1 jcr:primaryType="nt:version" jcr:mixinTypes="" jcr:uuid="d8076da6-1642-4e38-9288-6a3a46615238" jcr:created="2008-05-19T14:21:30.102-07:00" jcr:predecessors="c88fe5f9-70a5-4e62-8bec-24230c0e9795" jcr:successors=""&gt;
    <jcr:frozenNode jcr:primaryType="nt:frozenNode" jcr:mixinTypes="" jcr:uuid="5a5747b8-622e-4eac-8d77-cf602c298d15" jcr:frozenUuid="302b4de0-d1f0-40b2-aa91-0e0653ffb3a4" jcr:frozenPrimaryType="test:versionable" jcr:frozenMixinTypes="" prop1="versionableNodeName1" jcr:versionHistory="74436207-aa38-4efa-a0fb-ef833f2412f1" jcr:predecessors="c88fe5f9-70a5-4e62-8bec-24230c0e9795" />&lt;/_x0031_.1&gt;&lt;_x0031_.0 jcr:primaryType="nt:version" jcr:mixinTypes="" jcr:uuid="c88fe5f9-70a5-4e62-8bec-24230c0e9795" jcr:created="2008-05-19T14:21:30.080-07:00" jcr:predecessors="2f190028-618f-416e-9ff7-70d6aca50f89" jcr:successors="d8076da6-1642-4e38-9288-6a3a46615238 534209ec-957b-4875-ab6c-8802bd6f3dfc"&gt;
    <jcr:frozenNode jcr:primaryType="nt:frozenNode" jcr:mixinTypes="" jcr:uuid="fc976872-4898-444e-87e3-4386aa0a511c" jcr:frozenUuid="302b4de0-d1f0-40b2-aa91-0e0653ffb3a4" jcr:frozenPrimaryType="test:versionable" jcr:frozenMixinTypes="" prop1="versionableNodeName1" jcr:versionHistory="74436207-aa38-4efa-a0fb-ef833f2412f1" jcr:predecessors="2f190028-618f-416e-9ff7-70d6aca50f89" />&lt;/_x0031_.0&gt;&lt;_x0031_.0.1 jcr:primaryType="nt:version" jcr:mixinTypes="" jcr:uuid="534209ec-957b-4875-ab6c-8802bd6f3dfc" jcr:created="2008-05-19T14:21:30.125-07:00" jcr:predecessors="c88fe5f9-70a5-4e62-8bec-24230c0e9795" jcr:successors=""&gt;
    <jcr:frozenNode jcr:primaryType="nt:frozenNode" jcr:mixinTypes="" jcr:uuid="6dc9bc11-abe1-4b45-90d2-47223e009097" jcr:frozenUuid="302b4de0-d1f0-40b2-aa91-0e0653ffb3a4" jcr:frozenPrimaryType="test:versionable" jcr:frozenMixinTypes="" prop1="versionableNodeName1" jcr:versionHistory="74436207-aa38-4efa-a0fb-ef833f2412f1" jcr:predecessors="c88fe5f9-70a5-4e62-8bec-24230c0e9795" />&lt;/_x0031_.0.1&gt;&lt;/_x0037_4436207-aa38-4efa-a0fb-ef833f2412f1&gt;
    <faf6184b-738b-427c-90e7-351ed94cdb3b jcr:primaryType="nt:versionHistory" jcr:mixinTypes="" jcr:uuid="faf6184b-738b-427c-90e7-351ed94cdb3b" jcr:versionableUuid="ae4f85cf-500a-4e3c-a5b6-359f3594e1eb">
    <jcr:versionLabels jcr:primaryType="nt:versionLabels" jcr:mixinTypes="" />&lt;_x0031_.1 jcr:primaryType="nt:version" jcr:mixinTypes="" jcr:uuid="9c8ff491-fb6b-4b4b-9982-ce6c08cf8521" jcr:created="2008-05-19T14:21:56.829-07:00" jcr:predecessors="c61b1b2e-d30b-469c-8024-f5e540707f7e" jcr:successors=""&gt;
    <jcr:frozenNode jcr:primaryType="nt:frozenNode" jcr:mixinTypes="" jcr:uuid="062c96e7-c082-424c-a2e8-8e74bf1698f3" jcr:frozenUuid="ae4f85cf-500a-4e3c-a5b6-359f3594e1eb" jcr:frozenPrimaryType="test:versionable" jcr:frozenMixinTypes="" jcr:versionHistory="faf6184b-738b-427c-90e7-351ed94cdb3b" jcr:predecessors="c61b1b2e-d30b-469c-8024-f5e540707f7e" />&lt;/_x0031_.1&gt;
    <jcr:rootVersion jcr:primaryType="nt:version" jcr:mixinTypes="" jcr:uuid="710490f1-6212-4d7c-9f7d-4e82b109c457" jcr:created="2008-05-19T14:21:56.741-07:00" jcr:predecessors="" jcr:successors="c61b1b2e-d30b-469c-8024-f5e540707f7e" />&lt;_x0031_.0 jcr:primaryType="nt:version" jcr:mixinTypes="" jcr:uuid="c61b1b2e-d30b-469c-8024-f5e540707f7e" jcr:created="2008-05-19T14:21:56.817-07:00" jcr:predecessors="710490f1-6212-4d7c-9f7d-4e82b109c457" jcr:successors="9c8ff491-fb6b-4b4b-9982-ce6c08cf8521"&gt;
    <jcr:frozenNode jcr:primaryType="nt:frozenNode" jcr:mixinTypes="" jcr:uuid="f82ccf5f-ead8-44be-b897-0ab800ca93cf" jcr:frozenUuid="ae4f85cf-500a-4e3c-a5b6-359f3594e1eb" jcr:frozenPrimaryType="test:versionable" jcr:frozenMixinTypes="" jcr:versionHistory="faf6184b-738b-427c-90e7-351ed94cdb3b" jcr:predecessors="710490f1-6212-4d7c-9f7d-4e82b109c457" />&lt;/_x0031_.0&gt;</faf6184b-738b-427c-90e7-351ed94cdb3b>&lt;_x0037_e339a75-f18d-44be-a860-60d565f90203 jcr:primaryType="nt:versionHistory" jcr:mixinTypes="" jcr:uuid="7e339a75-f18d-44be-a860-60d565f90203" jcr:versionableUuid="341dca16-d21f-47ed-a221-a40bef8331a4"&gt;
    <jcr:versionLabels jcr:primaryType="nt:versionLabels" jcr:mixinTypes="" />&lt;_x0031_.0 jcr:primaryType="nt:version" jcr:mixinTypes="" jcr:uuid="7f5646d6-7747-46af-b4aa-8112fbc16b6c" jcr:created="2008-05-19T14:22:05.535-07:00" jcr:predecessors="7fc771c1-6b31-4fb6-bbd2-7b6a9847df2f" jcr:successors=""&gt;
    <jcr:frozenNode jcr:primaryType="nt:frozenNode" jcr:mixinTypes="" jcr:uuid="a93cfa79-6259-405b-8844-91fefaddeb5e" jcr:frozenUuid="341dca16-d21f-47ed-a221-a40bef8331a4" jcr:frozenPrimaryType="test:versionable" jcr:frozenMixinTypes="" jcr:versionHistory="7e339a75-f18d-44be-a860-60d565f90203" jcr:predecessors="7fc771c1-6b31-4fb6-bbd2-7b6a9847df2f">
      <versionableNodeName1 jcr:primaryType="nt:unstructured" jcr:mixinTypes="" />
    </jcr:frozenNode>&lt;/_x0031_.0&gt;
    <jcr:rootVersion jcr:primaryType="nt:version" jcr:mixinTypes="" jcr:uuid="7fc771c1-6b31-4fb6-bbd2-7b6a9847df2f" jcr:created="2008-05-19T14:22:05.471-07:00" jcr:predecessors="" jcr:successors="7f5646d6-7747-46af-b4aa-8112fbc16b6c" />&lt;/_x0037_e339a75-f18d-44be-a860-60d565f90203&gt;
    <a3a485c0-bdbe-47ba-9814-fd4401676f3c jcr:primaryType="nt:versionHistory" jcr:mixinTypes="" jcr:uuid="a3a485c0-bdbe-47ba-9814-fd4401676f3c" jcr:versionableUuid="95b756f8-702a-4d88-905e-b882bf243790">
    <jcr:versionLabels jcr:primaryType="nt:versionLabels" jcr:mixinTypes="" />&lt;_x0031_.0 jcr:primaryType="nt:version" jcr:mixinTypes="" jcr:uuid="ae87058f-d07c-4425-b1a5-16bda02701ef" jcr:created="2008-05-19T14:21:54.864-07:00" jcr:predecessors="22bc0267-c2f9-4520-b33e-ccdcf4a9582e" jcr:successors="d5e36788-e434-4a7b-ae60-346bce0176cb"&gt;
    <jcr:frozenNode jcr:primaryType="nt:frozenNode" jcr:mixinTypes="" jcr:uuid="9aedc1d3-d293-4329-8254-4d63bcdd99e1" jcr:frozenUuid="95b756f8-702a-4d88-905e-b882bf243790" jcr:frozenPrimaryType="test:versionable" jcr:frozenMixinTypes="" jcr:versionHistory="a3a485c0-bdbe-47ba-9814-fd4401676f3c" jcr:predecessors="22bc0267-c2f9-4520-b33e-ccdcf4a9582e" />&lt;/_x0031_.0&gt;&lt;_x0031_.1 jcr:primaryType="nt:version" jcr:mixinTypes="" jcr:uuid="d5e36788-e434-4a7b-ae60-346bce0176cb" jcr:created="2008-05-19T14:21:54.883-07:00" jcr:predecessors="ae87058f-d07c-4425-b1a5-16bda02701ef" jcr:successors=""&gt;
    <jcr:frozenNode jcr:primaryType="nt:frozenNode" jcr:mixinTypes="" jcr:uuid="85ffa92a-317f-4a26-9df0-d7589899375b" jcr:frozenUuid="95b756f8-702a-4d88-905e-b882bf243790" jcr:frozenPrimaryType="test:versionable" jcr:frozenMixinTypes="" jcr:versionHistory="a3a485c0-bdbe-47ba-9814-fd4401676f3c" jcr:predecessors="ae87058f-d07c-4425-b1a5-16bda02701ef" />&lt;/_x0031_.1&gt;
    <jcr:rootVersion jcr:primaryType="nt:version" jcr:mixinTypes="" jcr:uuid="22bc0267-c2f9-4520-b33e-ccdcf4a9582e" jcr:created="2008-05-19T14:21:54.787-07:00" jcr:predecessors="" jcr:successors="ae87058f-d07c-4425-b1a5-16bda02701ef" /></a3a485c0-bdbe-47ba-9814-fd4401676f3c>&lt;_x0031_b009121-d65e-4633-8b9c-5d89c1025057 jcr:primaryType="nt:versionHistory" jcr:mixinTypes="" jcr:uuid="1b009121-d65e-4633-8b9c-5d89c1025057" jcr:versionableUuid="4d9383c5-868e-4ffa-82be-248f2b5e58b9"&gt;
    <jcr:versionLabels jcr:primaryType="nt:versionLabels" jcr:mixinTypes="" />&lt;_x0031_.0 jcr:primaryType="nt:version" jcr:mixinTypes="" jcr:uuid="134b1a94-ef68-41fb-9503-ae6690ca6f55" jcr:created="2008-05-19T14:22:11.684-07:00" jcr:predecessors="2bb371c5-3ded-4d91-bb90-279a629c8273" jcr:successors=""&gt;
    <jcr:frozenNode jcr:primaryType="nt:frozenNode" jcr:mixinTypes="" jcr:uuid="aa4ffafb-6cde-4e9e-b0bb-2bd3eab4646c" jcr:frozenUuid="4d9383c5-868e-4ffa-82be-248f2b5e58b9" jcr:frozenPrimaryType="test:versionable" jcr:frozenMixinTypes="" jcr:versionHistory="1b009121-d65e-4633-8b9c-5d89c1025057" jcr:predecessors="2bb371c5-3ded-4d91-bb90-279a629c8273" />&lt;/_x0031_.0&gt;
    <jcr:rootVersion jcr:primaryType="nt:version" jcr:mixinTypes="" jcr:uuid="2bb371c5-3ded-4d91-bb90-279a629c8273" jcr:created="2008-05-19T14:22:11.601-07:00" jcr:predecessors="" jcr:successors="134b1a94-ef68-41fb-9503-ae6690ca6f55" />&lt;/_x0031_b009121-d65e-4633-8b9c-5d89c1025057&gt;&lt;_x0031_0d58fbb-4ba6-4888-972d-12ed1fffe37c jcr:primaryType="nt:versionHistory" jcr:mixinTypes="" jcr:uuid="10d58fbb-4ba6-4888-972d-12ed1fffe37c" jcr:versionableUuid="3281fb41-ec49-4bf8-957c-018468a7782d"&gt;
    <jcr:versionLabels jcr:primaryType="nt:versionLabels" jcr:mixinTypes="" />
    <jcr:rootVersion jcr:primaryType="nt:version" jcr:mixinTypes="" jcr:uuid="02ceb3fa-f59d-47bf-b6ca-759a6cd6ec9d" jcr:created="2008-05-19T14:21:16.159-07:00" jcr:predecessors="" jcr:successors="" />&lt;/_x0031_0d58fbb-4ba6-4888-972d-12ed1fffe37c&gt;&lt;_x0035_898130b-563f-43d7-bfc2-e352eeb95f3d jcr:primaryType="nt:versionHistory" jcr:mixinTypes="" jcr:uuid="5898130b-563f-43d7-bfc2-e352eeb95f3d" jcr:versionableUuid="9bd92967-9aab-4607-aeff-1269ae86d4b6"&gt;
    <jcr:versionLabels jcr:primaryType="nt:versionLabels" jcr:mixinTypes="" />
    <jcr:rootVersion jcr:primaryType="nt:version" jcr:mixinTypes="" jcr:uuid="177d00e2-4439-4638-a191-f2acddaa16ae" jcr:created="2008-05-19T14:21:52.958-07:00" jcr:predecessors="" jcr:successors="" />&lt;/_x0035_898130b-563f-43d7-bfc2-e352eeb95f3d&gt;&lt;_x0037_5d2d309-143f-4e69-bf0f-4a7232988af3 jcr:primaryType="nt:versionHistory" jcr:mixinTypes="" jcr:uuid="75d2d309-143f-4e69-bf0f-4a7232988af3" jcr:versionableUuid="47b13019-7686-4cda-80aa-39154cd0136c"&gt;
    <jcr:versionLabels jcr:primaryType="nt:versionLabels" jcr:mixinTypes="" />
    <jcr:rootVersion jcr:primaryType="nt:version" jcr:mixinTypes="" jcr:uuid="f00fbbe9-5eee-4cd0-b26f-cf75159f596e" jcr:created="2008-05-19T14:21:30.858-07:00" jcr:predecessors="" jcr:successors="fa8b538d-20fb-4839-871c-48ce6e718194" />&lt;_x0031_.0 jcr:primaryType="nt:version" jcr:mixinTypes="" jcr:uuid="fa8b538d-20fb-4839-871c-48ce6e718194" jcr:created="2008-05-19T14:21:30.970-07:00" jcr:predecessors="f00fbbe9-5eee-4cd0-b26f-cf75159f596e" jcr:successors=""&gt;
    <jcr:frozenNode jcr:primaryType="nt:frozenNode" jcr:mixinTypes="" jcr:uuid="7d28e5c4-7eef-4416-ae09-612748ad1863" jcr:frozenUuid="47b13019-7686-4cda-80aa-39154cd0136c" jcr:frozenPrimaryType="test:versionable" jcr:frozenMixinTypes="" prop1="versionableNodeName1" jcr:versionHistory="75d2d309-143f-4e69-bf0f-4a7232988af3" jcr:predecessors="f00fbbe9-5eee-4cd0-b26f-cf75159f596e">
      <versionableNodeName2 jcr:primaryType="test:versionable" jcr:mixinTypes="" jcr:uuid="dbc33d4f-16d8-4ef0-bf46-6510599f8649" jcr:isCheckedOut="true" prop1="versionableNodeName2" jcr:versionHistory="d0940a1a-5187-45c9-ae79-816efa48893e" jcr:baseVersion="86019204-41d8-477e-84de-2a6fb560fd05" jcr:predecessors="86019204-41d8-477e-84de-2a6fb560fd05" />
    </jcr:frozenNode>&lt;/_x0031_.0&gt;&lt;/_x0037_5d2d309-143f-4e69-bf0f-4a7232988af3&gt;&lt;_x0038_5b958b9-5829-4118-8162-dd978bf2079c jcr:primaryType="nt:versionHistory" jcr:mixinTypes="" jcr:uuid="85b958b9-5829-4118-8162-dd978bf2079c" jcr:versionableUuid="e94b4aad-2ef8-40a3-a5e6-78b9f63ec55b"&gt;
    <jcr:versionLabels jcr:primaryType="nt:versionLabels" jcr:mixinTypes="" />
    <jcr:rootVersion jcr:primaryType="nt:version" jcr:mixinTypes="" jcr:uuid="3d2f692e-19f4-4fc1-a553-a8a0fc8b317e" jcr:created="2008-05-19T14:21:14.487-07:00" jcr:predecessors="" jcr:successors="" />&lt;/_x0038_5b958b9-5829-4118-8162-dd978bf2079c&gt;&lt;_x0037_cf84315-b95b-4353-adc9-0b32f52fd59d jcr:primaryType="nt:versionHistory" jcr:mixinTypes="" jcr:uuid="7cf84315-b95b-4353-adc9-0b32f52fd59d" jcr:versionableUuid="57401ead-2f73-4442-b973-dfad794f4983"&gt;
    <jcr:versionLabels jcr:primaryType="nt:versionLabels" jcr:mixinTypes="" />&lt;_x0031_.0 jcr:primaryType="nt:version" jcr:mixinTypes="" jcr:uuid="d6440a69-6201-4678-a6b2-a351a99cf52b" jcr:created="2008-05-19T14:21:47.663-07:00" jcr:predecessors="5f95d900-edb4-4a8f-8e54-c3df796fc260" jcr:successors=""&gt;
    <jcr:frozenNode jcr:primaryType="nt:frozenNode" jcr:mixinTypes="" jcr:uuid="e2f50e4b-1240-4cbd-aee2-a753890c25e2" jcr:frozenUuid="57401ead-2f73-4442-b973-dfad794f4983" jcr:frozenPrimaryType="test:versionable" jcr:frozenMixinTypes="" jcr:versionHistory="7cf84315-b95b-4353-adc9-0b32f52fd59d" jcr:predecessors="5f95d900-edb4-4a8f-8e54-c3df796fc260" />&lt;/_x0031_.0&gt;
    <jcr:rootVersion jcr:primaryType="nt:version" jcr:mixinTypes="" jcr:uuid="5f95d900-edb4-4a8f-8e54-c3df796fc260" jcr:created="2008-05-19T14:21:47.582-07:00" jcr:predecessors="" jcr:successors="d6440a69-6201-4678-a6b2-a351a99cf52b" />&lt;/_x0037_cf84315-b95b-4353-adc9-0b32f52fd59d&gt;&lt;_x0039_617687e-97f4-4687-a5ef-cc9f2fb81872 jcr:primaryType="nt:versionHistory" jcr:mixinTypes="" jcr:uuid="9617687e-97f4-4687-a5ef-cc9f2fb81872" jcr:versionableUuid="eb797acf-928f-4b6d-b813-2c13fc8a1c40"&gt;
    <jcr:versionLabels jcr:primaryType="nt:versionLabels" jcr:mixinTypes="" />
    <jcr:rootVersion jcr:primaryType="nt:version" jcr:mixinTypes="" jcr:uuid="1f3ac640-e474-4de0-8c8e-1ab840b26b79" jcr:created="2008-05-19T14:21:54.111-07:00" jcr:predecessors="" jcr:successors="2efa47e6-cf8b-4866-b237-d717e2d96c43" />&lt;_x0031_.1 jcr:primaryType="nt:version" jcr:mixinTypes="" jcr:uuid="fba30c44-c295-4c73-af84-c8256c3fc406" jcr:created="2008-05-19T14:21:54.426-07:00" jcr:predecessors="2efa47e6-cf8b-4866-b237-d717e2d96c43" jcr:successors=""&gt;
    <jcr:frozenNode jcr:primaryType="nt:frozenNode" jcr:mixinTypes="" jcr:uuid="8f9cc6e1-d811-47ad-b238-1a18d33ad1b2" jcr:frozenUuid="eb797acf-928f-4b6d-b813-2c13fc8a1c40" jcr:frozenPrimaryType="test:versionable" jcr:frozenMixinTypes="" jcr:versionHistory="9617687e-97f4-4687-a5ef-cc9f2fb81872" jcr:predecessors="2efa47e6-cf8b-4866-b237-d717e2d96c43" />&lt;/_x0031_.1&gt;&lt;_x0031_.0 jcr:primaryType="nt:version" jcr:mixinTypes="" jcr:uuid="2efa47e6-cf8b-4866-b237-d717e2d96c43" jcr:created="2008-05-19T14:21:54.408-07:00" jcr:predecessors="1f3ac640-e474-4de0-8c8e-1ab840b26b79" jcr:successors="fba30c44-c295-4c73-af84-c8256c3fc406"&gt;
    <jcr:frozenNode jcr:primaryType="nt:frozenNode" jcr:mixinTypes="" jcr:uuid="12ff2a4f-7f25-496d-ae63-aa7fa00fd695" jcr:frozenUuid="eb797acf-928f-4b6d-b813-2c13fc8a1c40" jcr:frozenPrimaryType="test:versionable" jcr:frozenMixinTypes="" jcr:versionHistory="9617687e-97f4-4687-a5ef-cc9f2fb81872" jcr:predecessors="1f3ac640-e474-4de0-8c8e-1ab840b26b79" />&lt;/_x0031_.0&gt;&lt;/_x0039_617687e-97f4-4687-a5ef-cc9f2fb81872&gt;&lt;_x0031_5b21f17-356d-4b89-913a-a2518ddf96c4 jcr:primaryType="nt:versionHistory" jcr:mixinTypes="" jcr:uuid="15b21f17-356d-4b89-913a-a2518ddf96c4" jcr:versionableUuid="1ee93974-95c2-4368-bb43-fa47efa488c3"&gt;
    <jcr:versionLabels jcr:primaryType="nt:versionLabels" jcr:mixinTypes="" />
    <jcr:rootVersion jcr:primaryType="nt:version" jcr:mixinTypes="" jcr:uuid="0447291b-98dc-49d8-8df3-1ed50c49e4d0" jcr:created="2008-05-19T14:21:56.396-07:00" jcr:predecessors="" jcr:successors="478fd656-679a-443f-9452-d198365e864b" />&lt;_x0031_.0 jcr:primaryType="nt:version" jcr:mixinTypes="" jcr:uuid="478fd656-679a-443f-9452-d198365e864b" jcr:created="2008-05-19T14:21:56.481-07:00" jcr:predecessors="0447291b-98dc-49d8-8df3-1ed50c49e4d0" jcr:successors="c384293e-2d59-4f01-ba62-f5e4a57f1d5b"&gt;
    <jcr:frozenNode jcr:primaryType="nt:frozenNode" jcr:mixinTypes="" jcr:uuid="004049fd-78fa-4271-b148-a9cfa6e25b11" jcr:frozenUuid="1ee93974-95c2-4368-bb43-fa47efa488c3" jcr:frozenPrimaryType="test:versionable" jcr:frozenMixinTypes="" jcr:versionHistory="15b21f17-356d-4b89-913a-a2518ddf96c4" jcr:predecessors="0447291b-98dc-49d8-8df3-1ed50c49e4d0" />&lt;/_x0031_.0&gt;&lt;_x0031_.1 jcr:primaryType="nt:version" jcr:mixinTypes="" jcr:uuid="c384293e-2d59-4f01-ba62-f5e4a57f1d5b" jcr:created="2008-05-19T14:21:56.498-07:00" jcr:predecessors="478fd656-679a-443f-9452-d198365e864b" jcr:successors=""&gt;
    <jcr:frozenNode jcr:primaryType="nt:frozenNode" jcr:mixinTypes="" jcr:uuid="b52d5aae-564e-4a5e-b20a-68f004194393" jcr:frozenUuid="1ee93974-95c2-4368-bb43-fa47efa488c3" jcr:frozenPrimaryType="test:versionable" jcr:frozenMixinTypes="" jcr:versionHistory="15b21f17-356d-4b89-913a-a2518ddf96c4" jcr:predecessors="478fd656-679a-443f-9452-d198365e864b" />&lt;/_x0031_.1&gt;&lt;/_x0031_5b21f17-356d-4b89-913a-a2518ddf96c4&gt;
    <e50b1a3d-df67-4f06-91ab-1a7424fbca4e jcr:primaryType="nt:versionHistory" jcr:mixinTypes="" jcr:uuid="e50b1a3d-df67-4f06-91ab-1a7424fbca4e" jcr:versionableUuid="afbcf555-6197-41c7-8fc2-15364edba781">
    <jcr:versionLabels jcr:primaryType="nt:versionLabels" jcr:mixinTypes="" />&lt;_x0031_.0 jcr:primaryType="nt:version" jcr:mixinTypes="" jcr:uuid="f67f6fb1-80c6-455f-b5c2-3243d11c1003" jcr:created="2008-05-19T14:21:22.713-07:00" jcr:predecessors="01717ecb-aaf3-4fad-94b6-6066f4885eb8" jcr:successors=""&gt;
    <jcr:frozenNode jcr:primaryType="nt:frozenNode" jcr:mixinTypes="" jcr:uuid="a2dfd21e-0a7f-47d2-b4cb-c0a516ab8db2" jcr:frozenUuid="afbcf555-6197-41c7-8fc2-15364edba781" jcr:frozenPrimaryType="nt:unstructured" jcr:frozenMixinTypes="mix:versionable" prop1="abc" prop2="abc" jcr:versionHistory="e50b1a3d-df67-4f06-91ab-1a7424fbca4e" jcr:predecessors="01717ecb-aaf3-4fad-94b6-6066f4885eb8" />&lt;/_x0031_.0&gt;
    <jcr:rootVersion jcr:primaryType="nt:version" jcr:mixinTypes="" jcr:uuid="01717ecb-aaf3-4fad-94b6-6066f4885eb8" jcr:created="2008-05-19T14:21:22.679-07:00" jcr:predecessors="" jcr:successors="f67f6fb1-80c6-455f-b5c2-3243d11c1003" /></e50b1a3d-df67-4f06-91ab-1a7424fbca4e>&lt;_x0038_87b8493-90de-4fe0-abfe-5d62bf636c8b jcr:primaryType="nt:versionHistory" jcr:mixinTypes="" jcr:uuid="887b8493-90de-4fe0-abfe-5d62bf636c8b" jcr:versionableUuid="75b04eb8-9b50-4774-8dbf-1873611aff5a"&gt;
    <jcr:versionLabels jcr:primaryType="nt:versionLabels" jcr:mixinTypes="" />&lt;_x0031_.0 jcr:primaryType="nt:version" jcr:mixinTypes="" jcr:uuid="60242d41-f9ae-40a0-98e4-0dec227a5cee" jcr:created="2008-05-19T14:22:18.685-07:00" jcr:predecessors="856307d6-40e6-44c1-aee0-d33fc6854cc8" jcr:successors="6a5a5a27-97be-45ca-b276-1d7cafc0aaa7"&gt;
    <jcr:frozenNode jcr:primaryType="nt:frozenNode" jcr:mixinTypes="" jcr:uuid="a89a8fe8-8105-460d-bc2f-7033647e7153" jcr:frozenUuid="75b04eb8-9b50-4774-8dbf-1873611aff5a" jcr:frozenPrimaryType="test:versionable" jcr:frozenMixinTypes="" jcr:versionHistory="887b8493-90de-4fe0-abfe-5d62bf636c8b" jcr:predecessors="856307d6-40e6-44c1-aee0-d33fc6854cc8" />&lt;/_x0031_.0&gt;
    <jcr:rootVersion jcr:primaryType="nt:version" jcr:mixinTypes="" jcr:uuid="856307d6-40e6-44c1-aee0-d33fc6854cc8" jcr:created="2008-05-19T14:22:18.397-07:00" jcr:predecessors="" jcr:successors="60242d41-f9ae-40a0-98e4-0dec227a5cee" />&lt;_x0031_.2 jcr:primaryType="nt:version" jcr:mixinTypes="" jcr:uuid="a87ed60d-d3e0-4a95-a075-ff435e9e7cb0" jcr:created="2008-05-19T14:22:19.025-07:00" jcr:predecessors="6a5a5a27-97be-45ca-b276-1d7cafc0aaa7" jcr:successors=""&gt;
    <jcr:frozenNode jcr:primaryType="nt:frozenNode" jcr:mixinTypes="" jcr:uuid="aadef725-0db9-4ea5-aa83-2297a8ecd65d" jcr:frozenUuid="75b04eb8-9b50-4774-8dbf-1873611aff5a" jcr:frozenPrimaryType="test:versionable" jcr:frozenMixinTypes="" jcr:versionHistory="887b8493-90de-4fe0-abfe-5d62bf636c8b" jcr:predecessors="6a5a5a27-97be-45ca-b276-1d7cafc0aaa7">
      <childNodeName jcr:primaryType="test:versionable" jcr:mixinTypes="" jcr:uuid="a4a8509f-c65b-4443-bcef-70de5e2e97e4" jcr:isCheckedOut="true" jcr:versionHistory="105cbb0f-c034-41eb-80ac-b2686fc454a5" jcr:baseVersion="6f37bea7-1360-46d4-9019-0f6b5c426c6a" jcr:predecessors="6f37bea7-1360-46d4-9019-0f6b5c426c6a" />
    </jcr:frozenNode>&lt;/_x0031_.2&gt;&lt;_x0031_.1 jcr:primaryType="nt:version" jcr:mixinTypes="" jcr:uuid="6a5a5a27-97be-45ca-b276-1d7cafc0aaa7" jcr:created="2008-05-19T14:22:18.697-07:00" jcr:predecessors="60242d41-f9ae-40a0-98e4-0dec227a5cee" jcr:successors="a87ed60d-d3e0-4a95-a075-ff435e9e7cb0"&gt;
    <jcr:frozenNode jcr:primaryType="nt:frozenNode" jcr:mixinTypes="" jcr:uuid="be05c290-1742-4e7c-beb0-4a42f1dc8aa7" jcr:frozenUuid="75b04eb8-9b50-4774-8dbf-1873611aff5a" jcr:frozenPrimaryType="test:versionable" jcr:frozenMixinTypes="" jcr:versionHistory="887b8493-90de-4fe0-abfe-5d62bf636c8b" jcr:predecessors="60242d41-f9ae-40a0-98e4-0dec227a5cee" />&lt;/_x0031_.1&gt;&lt;/_x0038_87b8493-90de-4fe0-abfe-5d62bf636c8b&gt;
    <f83fa73c-8ae6-474b-8576-50ce384498a9 jcr:primaryType="nt:versionHistory" jcr:mixinTypes="" jcr:uuid="f83fa73c-8ae6-474b-8576-50ce384498a9" jcr:versionableUuid="851863b8-1273-489b-8538-c60f344ad901">
    <jcr:versionLabels jcr:primaryType="nt:versionLabels" jcr:mixinTypes="" />
    <jcr:rootVersion jcr:primaryType="nt:version" jcr:mixinTypes="" jcr:uuid="07d19e8f-9de6-4e49-9a4d-07b8b098c371" jcr:created="2008-05-19T14:21:33.219-07:00" jcr:predecessors="" jcr:successors="31683465-02cc-4912-a7c4-11de30d94bed" />&lt;_x0031_.0 jcr:primaryType="nt:version" jcr:mixinTypes="" jcr:uuid="31683465-02cc-4912-a7c4-11de30d94bed" jcr:created="2008-05-19T14:21:33.310-07:00" jcr:predecessors="07d19e8f-9de6-4e49-9a4d-07b8b098c371" jcr:successors=""&gt;
    <jcr:frozenNode jcr:primaryType="nt:frozenNode" jcr:mixinTypes="" jcr:uuid="014bc91a-e175-428b-a241-b11ef6f2c129" jcr:frozenUuid="851863b8-1273-489b-8538-c60f344ad901" jcr:frozenPrimaryType="test:versionable" jcr:frozenMixinTypes="" jcr:versionHistory="f83fa73c-8ae6-474b-8576-50ce384498a9" jcr:predecessors="07d19e8f-9de6-4e49-9a4d-07b8b098c371" />&lt;/_x0031_.0&gt;</f83fa73c-8ae6-474b-8576-50ce384498a9>&lt;_x0036_499b5f9-3876-4793-bd36-cf27ccd5b823 jcr:primaryType="nt:versionHistory" jcr:mixinTypes="" jcr:uuid="6499b5f9-3876-4793-bd36-cf27ccd5b823" jcr:versionableUuid="7ebe0682-ae2d-4169-9c3d-b528c69c50a4"&gt;
    <jcr:versionLabels jcr:primaryType="nt:versionLabels" jcr:mixinTypes="" />
    <jcr:rootVersion jcr:primaryType="nt:version" jcr:mixinTypes="" jcr:uuid="49385d27-8127-47df-bc32-5c65f78abc9a" jcr:created="2008-05-19T14:22:07.197-07:00" jcr:predecessors="" jcr:successors="" />&lt;/_x0036_499b5f9-3876-4793-bd36-cf27ccd5b823&gt;
    <b4e191b0-f338-4c86-89c0-b1ec9194e774 jcr:primaryType="nt:versionHistory" jcr:mixinTypes="" jcr:uuid="b4e191b0-f338-4c86-89c0-b1ec9194e774" jcr:versionableUuid="f26b2650-a8d7-436d-8892-3777120ba686">
    <jcr:versionLabels jcr:primaryType="nt:versionLabels" jcr:mixinTypes="" />
    <jcr:rootVersion jcr:primaryType="nt:version" jcr:mixinTypes="" jcr:uuid="772482e9-3d82-4f6f-92f8-9874ea8458a7" jcr:created="2008-05-19T14:22:12.006-07:00" jcr:predecessors="" jcr:successors="3879c7fb-2b4f-4333-94ea-3d8068ed3a7d" />&lt;_x0031_.0 jcr:primaryType="nt:version" jcr:mixinTypes="" jcr:uuid="3879c7fb-2b4f-4333-94ea-3d8068ed3a7d" jcr:created="2008-05-19T14:22:12.140-07:00" jcr:predecessors="772482e9-3d82-4f6f-92f8-9874ea8458a7" jcr:successors="624796c8-1658-4dfa-98da-8535295f3ee5"&gt;
    <jcr:frozenNode jcr:primaryType="nt:frozenNode" jcr:mixinTypes="" jcr:uuid="ac879153-0f82-429f-ad70-0202c227c80b" jcr:frozenUuid="f26b2650-a8d7-436d-8892-3777120ba686" jcr:frozenPrimaryType="test:versionable" jcr:frozenMixinTypes="" jcr:versionHistory="b4e191b0-f338-4c86-89c0-b1ec9194e774" jcr:predecessors="772482e9-3d82-4f6f-92f8-9874ea8458a7" />&lt;/_x0031_.0&gt;&lt;_x0031_.1 jcr:primaryType="nt:version" jcr:mixinTypes="" jcr:uuid="624796c8-1658-4dfa-98da-8535295f3ee5" jcr:created="2008-05-19T14:22:12.152-07:00" jcr:predecessors="3879c7fb-2b4f-4333-94ea-3d8068ed3a7d" jcr:successors=""&gt;
    <jcr:frozenNode jcr:primaryType="nt:frozenNode" jcr:mixinTypes="" jcr:uuid="bd075275-5cea-408d-bd06-40a89e848b68" jcr:frozenUuid="f26b2650-a8d7-436d-8892-3777120ba686" jcr:frozenPrimaryType="test:versionable" jcr:frozenMixinTypes="" jcr:versionHistory="b4e191b0-f338-4c86-89c0-b1ec9194e774" jcr:predecessors="3879c7fb-2b4f-4333-94ea-3d8068ed3a7d" />&lt;/_x0031_.1&gt;</b4e191b0-f338-4c86-89c0-b1ec9194e774>
    <a547d845-dd22-4bec-bb1a-f307b54e14ea jcr:primaryType="nt:versionHistory" jcr:mixinTypes="" jcr:uuid="a547d845-dd22-4bec-bb1a-f307b54e14ea" jcr:versionableUuid="d83c2f3a-788b-4b9c-8e56-42d23391c6cf">
    <jcr:versionLabels jcr:primaryType="nt:versionLabels" jcr:mixinTypes="" />&lt;_x0031_.0 jcr:primaryType="nt:version" jcr:mixinTypes="" jcr:uuid="24362354-a997-4583-95bf-332ab1f94a29" jcr:created="2008-05-19T14:22:16.239-07:00" jcr:predecessors="e5248e6e-c547-4ece-af8f-b745427c2210" jcr:successors=""&gt;
    <jcr:frozenNode jcr:primaryType="nt:frozenNode" jcr:mixinTypes="" jcr:uuid="2fb85cc7-6f99-4bbb-8882-be6ee8ab19fb" jcr:frozenUuid="d83c2f3a-788b-4b9c-8e56-42d23391c6cf" jcr:frozenPrimaryType="test:versionable" jcr:frozenMixinTypes="" jcr:versionHistory="a547d845-dd22-4bec-bb1a-f307b54e14ea" jcr:predecessors="e5248e6e-c547-4ece-af8f-b745427c2210" />&lt;/_x0031_.0&gt;
    <jcr:rootVersion jcr:primaryType="nt:version" jcr:mixinTypes="" jcr:uuid="e5248e6e-c547-4ece-af8f-b745427c2210" jcr:created="2008-05-19T14:22:16.153-07:00" jcr:predecessors="" jcr:successors="24362354-a997-4583-95bf-332ab1f94a29" /></a547d845-dd22-4bec-bb1a-f307b54e14ea>
    <fd9a878b-219a-4ab3-a1a2-ed2b28951afa jcr:primaryType="nt:versionHistory" jcr:mixinTypes="" jcr:uuid="fd9a878b-219a-4ab3-a1a2-ed2b28951afa" jcr:versionableUuid="3eb6780b-a9ab-4b32-8ba9-278b7beaf669">
    <jcr:versionLabels jcr:primaryType="nt:versionLabels" jcr:mixinTypes="" />
    <jcr:rootVersion jcr:primaryType="nt:version" jcr:mixinTypes="" jcr:uuid="1bfe1217-3eac-4d83-b905-455c150982d6" jcr:created="2008-05-19T14:21:45.207-07:00" jcr:predecessors="" jcr:successors="42d1f171-e39a-4bc9-9cd6-b918a1ccdf5c" />&lt;_x0031_.0 jcr:primaryType="nt:version" jcr:mixinTypes="" jcr:uuid="42d1f171-e39a-4bc9-9cd6-b918a1ccdf5c" jcr:created="2008-05-19T14:21:45.270-07:00" jcr:predecessors="1bfe1217-3eac-4d83-b905-455c150982d6" jcr:successors=""&gt;
    <jcr:frozenNode jcr:primaryType="nt:frozenNode" jcr:mixinTypes="" jcr:uuid="bcc00b74-2ab5-4e60-9f3e-85dc69407b14" jcr:frozenUuid="3eb6780b-a9ab-4b32-8ba9-278b7beaf669" jcr:frozenPrimaryType="test:versionable" jcr:frozenMixinTypes="" jcr:versionHistory="fd9a878b-219a-4ab3-a1a2-ed2b28951afa" jcr:predecessors="1bfe1217-3eac-4d83-b905-455c150982d6" />&lt;/_x0031_.0&gt;</fd9a878b-219a-4ab3-a1a2-ed2b28951afa>&lt;_x0030_a647e70-3524-4c16-b5b3-954455722f44 jcr:primaryType="nt:versionHistory" jcr:mixinTypes="" jcr:uuid="0a647e70-3524-4c16-b5b3-954455722f44" jcr:versionableUuid="09216304-61b1-4d2b-b4fb-a5e419f7d097"&gt;
    <jcr:versionLabels jcr:primaryType="nt:versionLabels" jcr:mixinTypes="" />
    <jcr:rootVersion jcr:primaryType="nt:version" jcr:mixinTypes="" jcr:uuid="a8e7f464-a93c-4c8f-bbba-9306982ea3c2" jcr:created="2008-05-19T14:21:35.921-07:00" jcr:predecessors="" jcr:successors="" />&lt;/_x0030_a647e70-3524-4c16-b5b3-954455722f44&gt;&lt;_x0037_c42f0ed-e894-427d-b895-b105bbdbc365 jcr:primaryType="nt:versionHistory" jcr:mixinTypes="" jcr:uuid="7c42f0ed-e894-427d-b895-b105bbdbc365" jcr:versionableUuid="bcaa4f51-b72f-404c-9958-f305e607a7b1"&gt;
    <jcr:versionLabels jcr:primaryType="nt:versionLabels" jcr:mixinTypes="" />
    <jcr:rootVersion jcr:primaryType="nt:version" jcr:mixinTypes="" jcr:uuid="7290caba-d2aa-4e4a-a087-450c0f9772bf" jcr:created="2008-05-19T14:21:24.487-07:00" jcr:predecessors="" jcr:successors="dcf34bf3-5f7e-4427-8929-2b7a6a802831" />&lt;_x0031_.0 jcr:primaryType="nt:version" jcr:mixinTypes="" jcr:uuid="dcf34bf3-5f7e-4427-8929-2b7a6a802831" jcr:created="2008-05-19T14:21:24.523-07:00" jcr:predecessors="7290caba-d2aa-4e4a-a087-450c0f9772bf" jcr:successors=""&gt;
    <jcr:frozenNode jcr:primaryType="nt:frozenNode" jcr:mixinTypes="" jcr:uuid="f9eaa8aa-792c-4c7f-9568-a534995314fb" jcr:frozenUuid="bcaa4f51-b72f-404c-9958-f305e607a7b1" jcr:frozenPrimaryType="nt:unstructured" jcr:frozenMixinTypes="mix:versionable" jcr:versionHistory="7c42f0ed-e894-427d-b895-b105bbdbc365" jcr:predecessors="7290caba-d2aa-4e4a-a087-450c0f9772bf">
      <node2 jcr:primaryType="nt:unstructured" jcr:mixinTypes="" />
    </jcr:frozenNode>&lt;/_x0031_.0&gt;&lt;/_x0037_c42f0ed-e894-427d-b895-b105bbdbc365&gt;
    <d1d1bf4b-e272-4d80-a133-f366dc3af987 jcr:primaryType="nt:versionHistory" jcr:mixinTypes="" jcr:uuid="d1d1bf4b-e272-4d80-a133-f366dc3af987" jcr:versionableUuid="eb6201e8-9a00-4fbe-abfa-e511992dee93">
    <jcr:versionLabels jcr:primaryType="nt:versionLabels" jcr:mixinTypes="" />&lt;_x0031_.1 jcr:primaryType="nt:version" jcr:mixinTypes="" jcr:uuid="626567f5-1fc5-4bf6-b9ee-057405347085" jcr:created="2008-05-19T14:21:30.481-07:00" jcr:predecessors="a376f2c0-0deb-4280-afe9-bec4b90cfd02" jcr:successors=""&gt;
    <jcr:frozenNode jcr:primaryType="nt:frozenNode" jcr:mixinTypes="" jcr:uuid="5d95f61f-cc84-40d4-8a9c-9a0d91a13f1d" jcr:frozenUuid="eb6201e8-9a00-4fbe-abfa-e511992dee93" jcr:frozenPrimaryType="test:versionable" jcr:frozenMixinTypes="" prop1="versionableNodeName1" jcr:versionHistory="d1d1bf4b-e272-4d80-a133-f366dc3af987" jcr:predecessors="a376f2c0-0deb-4280-afe9-bec4b90cfd02" />&lt;/_x0031_.1&gt;&lt;_x0031_.0 jcr:primaryType="nt:version" jcr:mixinTypes="" jcr:uuid="a376f2c0-0deb-4280-afe9-bec4b90cfd02" jcr:created="2008-05-19T14:21:30.458-07:00" jcr:predecessors="6b13ff9e-64d0-485e-92d1-d9fc87684568" jcr:successors="626567f5-1fc5-4bf6-b9ee-057405347085 11564915-44ef-46dc-bb78-0e1fd5c96757"&gt;
    <jcr:frozenNode jcr:primaryType="nt:frozenNode" jcr:mixinTypes="" jcr:uuid="04939044-1ed8-41ba-88dd-4f1a23129e72" jcr:frozenUuid="eb6201e8-9a00-4fbe-abfa-e511992dee93" jcr:frozenPrimaryType="test:versionable" jcr:frozenMixinTypes="" prop1="versionableNodeName1" jcr:versionHistory="d1d1bf4b-e272-4d80-a133-f366dc3af987" jcr:predecessors="6b13ff9e-64d0-485e-92d1-d9fc87684568" />&lt;/_x0031_.0&gt;
    <jcr:rootVersion jcr:primaryType="nt:version" jcr:mixinTypes="" jcr:uuid="6b13ff9e-64d0-485e-92d1-d9fc87684568" jcr:created="2008-05-19T14:21:30.413-07:00" jcr:predecessors="" jcr:successors="a376f2c0-0deb-4280-afe9-bec4b90cfd02" />&lt;_x0031_.0.1 jcr:primaryType="nt:version" jcr:mixinTypes="" jcr:uuid="11564915-44ef-46dc-bb78-0e1fd5c96757" jcr:created="2008-05-19T14:21:30.492-07:00" jcr:predecessors="a376f2c0-0deb-4280-afe9-bec4b90cfd02" jcr:successors=""&gt;
    <jcr:frozenNode jcr:primaryType="nt:frozenNode" jcr:mixinTypes="" jcr:uuid="9b398db7-4489-4d4d-a70d-498c08f88f24" jcr:frozenUuid="eb6201e8-9a00-4fbe-abfa-e511992dee93" jcr:frozenPrimaryType="test:versionable" jcr:frozenMixinTypes="" prop1="versionableNodeName1" jcr:versionHistory="d1d1bf4b-e272-4d80-a133-f366dc3af987" jcr:predecessors="a376f2c0-0deb-4280-afe9-bec4b90cfd02" />&lt;/_x0031_.0.1&gt;</d1d1bf4b-e272-4d80-a133-f366dc3af987>&lt;_x0032_a2cb971-f2b2-41a8-8c87-21280015fade jcr:primaryType="nt:versionHistory" jcr:mixinTypes="" jcr:uuid="2a2cb971-f2b2-41a8-8c87-21280015fade" jcr:versionableUuid="58a083ef-6ff6-496d-a1b8-e25d4b2b056d"&gt;
    <jcr:versionLabels jcr:primaryType="nt:versionLabels" jcr:mixinTypes="" />
    <jcr:rootVersion jcr:primaryType="nt:version" jcr:mixinTypes="" jcr:uuid="320d5e50-1df0-4f7e-bfac-f4ebc986b340" jcr:created="2008-05-19T14:21:26.198-07:00" jcr:predecessors="" jcr:successors="" />&lt;/_x0032_a2cb971-f2b2-41a8-8c87-21280015fade&gt;
    <c1908a7b-d4d8-49fa-842b-d66fa1ee4654 jcr:primaryType="nt:versionHistory" jcr:mixinTypes="" jcr:uuid="c1908a7b-d4d8-49fa-842b-d66fa1ee4654" jcr:versionableUuid="ddf5ff54-afa5-4032-ba86-d57e150b3e9e">
      <jcr:versionLabels jcr:primaryType="nt:versionLabels" jcr:mixinTypes="" />
      <jcr:rootVersion jcr:primaryType="nt:version" jcr:mixinTypes="" jcr:uuid="91fc6a5e-8ba3-4605-a509-69c1a5eee72e" jcr:created="2008-05-19T14:21:14.956-07:00" jcr:predecessors="" jcr:successors="" />
    </c1908a7b-d4d8-49fa-842b-d66fa1ee4654>&lt;_x0032_40b5982-d804-4ab8-9b40-4dc003843af0 jcr:primaryType="nt:versionHistory" jcr:mixinTypes="" jcr:uuid="240b5982-d804-4ab8-9b40-4dc003843af0" jcr:versionableUuid="fc700384-2718-41fd-a151-76168d44faa7"&gt;
    <jcr:versionLabels jcr:primaryType="nt:versionLabels" jcr:mixinTypes="" />
    <jcr:rootVersion jcr:primaryType="nt:version" jcr:mixinTypes="" jcr:uuid="482f07a3-054f-4c6f-beed-64d1c2ed73ab" jcr:created="2008-05-19T14:21:46.255-07:00" jcr:predecessors="" jcr:successors="6d7fd758-f726-4433-bf4e-1ee973b159ed" />&lt;_x0031_.0 jcr:primaryType="nt:version" jcr:mixinTypes="" jcr:uuid="6d7fd758-f726-4433-bf4e-1ee973b159ed" jcr:created="2008-05-19T14:21:46.538-07:00" jcr:predecessors="482f07a3-054f-4c6f-beed-64d1c2ed73ab" jcr:successors=""&gt;
    <jcr:frozenNode jcr:primaryType="nt:frozenNode" jcr:mixinTypes="" jcr:uuid="d5640105-1b46-49f6-b55b-a7aefee61a94" jcr:frozenUuid="fc700384-2718-41fd-a151-76168d44faa7" jcr:frozenPrimaryType="test:versionable" jcr:frozenMixinTypes="" jcr:versionHistory="240b5982-d804-4ab8-9b40-4dc003843af0" jcr:predecessors="482f07a3-054f-4c6f-beed-64d1c2ed73ab" />&lt;/_x0031_.0&gt;&lt;/_x0032_40b5982-d804-4ab8-9b40-4dc003843af0&gt;
    <f94d8cc3-2f74-46d2-a96b-c1a17548da40 jcr:primaryType="nt:versionHistory" jcr:mixinTypes="" jcr:uuid="f94d8cc3-2f74-46d2-a96b-c1a17548da40" jcr:versionableUuid="d6d9b547-3a6b-4bd3-b547-564cf9c08614">
    <jcr:versionLabels jcr:primaryType="nt:versionLabels" jcr:mixinTypes="" />
    <jcr:rootVersion jcr:primaryType="nt:version" jcr:mixinTypes="" jcr:uuid="383770a6-0527-40be-b113-94452f147a7f" jcr:created="2008-05-19T14:21:40.572-07:00" jcr:predecessors="" jcr:successors="8b520fa8-dbd6-4d4d-a669-f0b2b2713678" />&lt;_x0031_.0 jcr:primaryType="nt:version" jcr:mixinTypes="" jcr:uuid="8b520fa8-dbd6-4d4d-a669-f0b2b2713678" jcr:created="2008-05-19T14:21:40.635-07:00" jcr:predecessors="383770a6-0527-40be-b113-94452f147a7f" jcr:successors=""&gt;
    <jcr:frozenNode jcr:primaryType="nt:frozenNode" jcr:mixinTypes="" jcr:uuid="73728382-4e39-47e7-a504-4809d407b0ac" jcr:frozenUuid="d6d9b547-3a6b-4bd3-b547-564cf9c08614" jcr:frozenPrimaryType="test:versionable" jcr:frozenMixinTypes="" jcr:versionHistory="f94d8cc3-2f74-46d2-a96b-c1a17548da40" jcr:predecessors="383770a6-0527-40be-b113-94452f147a7f" />&lt;/_x0031_.0&gt;</f94d8cc3-2f74-46d2-a96b-c1a17548da40>
    <d9b4fc1b-4949-4e2e-89a0-9bd7c8309e49 jcr:primaryType="nt:versionHistory" jcr:mixinTypes="" jcr:uuid="d9b4fc1b-4949-4e2e-89a0-9bd7c8309e49" jcr:versionableUuid="a5f3a0b0-022b-4042-899e-c0e2b99ccd11">
    <jcr:versionLabels jcr:primaryType="nt:versionLabels" jcr:mixinTypes="" />&lt;_x0031_.0 jcr:primaryType="nt:version" jcr:mixinTypes="" jcr:uuid="696b9c66-9076-431a-b90e-459b55684682" jcr:created="2008-05-19T14:21:56.331-07:00" jcr:predecessors="4ca76f0e-1efb-4ec6-848a-1da76e357da7" jcr:successors="9cdba930-9ac0-4c56-aea9-4702f0212782"&gt;
    <jcr:frozenNode jcr:primaryType="nt:frozenNode" jcr:mixinTypes="" jcr:uuid="d88eae63-6185-41ff-9c6e-c36c4bc05de4" jcr:frozenUuid="a5f3a0b0-022b-4042-899e-c0e2b99ccd11" jcr:frozenPrimaryType="test:versionable" jcr:frozenMixinTypes="" jcr:versionHistory="d9b4fc1b-4949-4e2e-89a0-9bd7c8309e49" jcr:predecessors="4ca76f0e-1efb-4ec6-848a-1da76e357da7" />&lt;/_x0031_.0&gt;&lt;_x0031_.1 jcr:primaryType="nt:version" jcr:mixinTypes="" jcr:uuid="9cdba930-9ac0-4c56-aea9-4702f0212782" jcr:created="2008-05-19T14:21:56.359-07:00" jcr:predecessors="696b9c66-9076-431a-b90e-459b55684682" jcr:successors=""&gt;
    <jcr:frozenNode jcr:primaryType="nt:frozenNode" jcr:mixinTypes="" jcr:uuid="d4d6027b-764a-483c-b81a-a1fcf857256b" jcr:frozenUuid="a5f3a0b0-022b-4042-899e-c0e2b99ccd11" jcr:frozenPrimaryType="test:versionable" jcr:frozenMixinTypes="" jcr:versionHistory="d9b4fc1b-4949-4e2e-89a0-9bd7c8309e49" jcr:predecessors="696b9c66-9076-431a-b90e-459b55684682" />&lt;/_x0031_.1&gt;
    <jcr:rootVersion jcr:primaryType="nt:version" jcr:mixinTypes="" jcr:uuid="4ca76f0e-1efb-4ec6-848a-1da76e357da7" jcr:created="2008-05-19T14:21:56.245-07:00" jcr:predecessors="" jcr:successors="696b9c66-9076-431a-b90e-459b55684682" /></d9b4fc1b-4949-4e2e-89a0-9bd7c8309e49>&lt;_x0036_ff4e85c-41ab-495f-9e23-1242fc09c820 jcr:primaryType="nt:versionHistory" jcr:mixinTypes="" jcr:uuid="6ff4e85c-41ab-495f-9e23-1242fc09c820" jcr:versionableUuid="802d2056-b67c-46eb-a058-c8480be4803e"&gt;
    <jcr:versionLabels jcr:primaryType="nt:versionLabels" jcr:mixinTypes="" />
    <jcr:rootVersion jcr:primaryType="nt:version" jcr:mixinTypes="" jcr:uuid="6d42b8e7-291a-4004-8562-500778329820" jcr:created="2008-05-19T14:22:02.869-07:00" jcr:predecessors="" jcr:successors="fb29c9c8-9edf-420d-902a-e2b32b8061cb" />&lt;_x0031_.0 jcr:primaryType="nt:version" jcr:mixinTypes="" jcr:uuid="fb29c9c8-9edf-420d-902a-e2b32b8061cb" jcr:created="2008-05-19T14:22:02.954-07:00" jcr:predecessors="6d42b8e7-291a-4004-8562-500778329820" jcr:successors="b7d9fc46-3de2-4def-98e0-6dd9fabe1066"&gt;
    <jcr:frozenNode jcr:primaryType="nt:frozenNode" jcr:mixinTypes="" jcr:uuid="379147e5-bd4e-40b1-b872-d8f69da836a8" jcr:frozenUuid="802d2056-b67c-46eb-a058-c8480be4803e" jcr:frozenPrimaryType="test:versionable" jcr:frozenMixinTypes="" jcr:versionHistory="6ff4e85c-41ab-495f-9e23-1242fc09c820" jcr:predecessors="6d42b8e7-291a-4004-8562-500778329820" />&lt;/_x0031_.0&gt;&lt;_x0031_.1 jcr:primaryType="nt:version" jcr:mixinTypes="" jcr:uuid="b7d9fc46-3de2-4def-98e0-6dd9fabe1066" jcr:created="2008-05-19T14:22:02.971-07:00" jcr:predecessors="fb29c9c8-9edf-420d-902a-e2b32b8061cb" jcr:successors=""&gt;
    <jcr:frozenNode jcr:primaryType="nt:frozenNode" jcr:mixinTypes="" jcr:uuid="cc813609-642f-4d67-87e5-43e3122ec638" jcr:frozenUuid="802d2056-b67c-46eb-a058-c8480be4803e" jcr:frozenPrimaryType="test:versionable" jcr:frozenMixinTypes="" jcr:versionHistory="6ff4e85c-41ab-495f-9e23-1242fc09c820" jcr:predecessors="fb29c9c8-9edf-420d-902a-e2b32b8061cb" />&lt;/_x0031_.1&gt;&lt;/_x0036_ff4e85c-41ab-495f-9e23-1242fc09c820&gt;&lt;_x0037_b497fe4-5d01-402a-944e-6cc045e5791a jcr:primaryType="nt:versionHistory" jcr:mixinTypes="" jcr:uuid="7b497fe4-5d01-402a-944e-6cc045e5791a" jcr:versionableUuid="d8460f8f-4f1e-4079-a7ba-e9e250f8d4db"&gt;
    <jcr:versionLabels jcr:primaryType="nt:versionLabels" jcr:mixinTypes="" />
    <jcr:rootVersion jcr:primaryType="nt:version" jcr:mixinTypes="" jcr:uuid="37ab56b4-13c2-4983-9d36-1ec6044fbc6e" jcr:created="2008-05-19T14:21:13.820-07:00" jcr:predecessors="" jcr:successors="" />&lt;/_x0037_b497fe4-5d01-402a-944e-6cc045e5791a&gt;&lt;_x0037_62ecac6-eba8-4d8e-85a9-9c87386111cc jcr:primaryType="nt:versionHistory" jcr:mixinTypes="" jcr:uuid="762ecac6-eba8-4d8e-85a9-9c87386111cc" jcr:versionableUuid="834d16b6-a16b-4ab4-8d9e-879ac807dc02"&gt;
    <jcr:versionLabels jcr:primaryType="nt:versionLabels" jcr:mixinTypes="" />
    <jcr:rootVersion jcr:primaryType="nt:version" jcr:mixinTypes="" jcr:uuid="a2348b31-6918-46a2-b300-7d48ea65fa51" jcr:created="2008-05-19T14:22:13.192-07:00" jcr:predecessors="" jcr:successors="" />&lt;/_x0037_62ecac6-eba8-4d8e-85a9-9c87386111cc&gt;&lt;_x0032_0f77361-bc2c-464a-befe-e64fcc21db03 jcr:primaryType="nt:versionHistory" jcr:mixinTypes="" jcr:uuid="20f77361-bc2c-464a-befe-e64fcc21db03" jcr:versionableUuid="bae777fd-1a1f-49b9-9cc0-adad5a682c18"&gt;
    <jcr:versionLabels jcr:primaryType="nt:versionLabels" jcr:mixinTypes="" />&lt;_x0031_.0 jcr:primaryType="nt:version" jcr:mixinTypes="" jcr:uuid="4d9a85e0-cff8-4d27-85e9-0df929797d24" jcr:created="2008-05-19T14:21:49.834-07:00" jcr:predecessors="607684b7-d834-4ee6-9666-e605dc06b3a7" jcr:successors=""&gt;
    <jcr:frozenNode jcr:primaryType="nt:frozenNode" jcr:mixinTypes="" jcr:uuid="01df4fba-3f3b-45de-86ce-c6ef68abdb74" jcr:frozenUuid="bae777fd-1a1f-49b9-9cc0-adad5a682c18" jcr:frozenPrimaryType="test:versionable" jcr:frozenMixinTypes="" jcr:versionHistory="20f77361-bc2c-464a-befe-e64fcc21db03" jcr:predecessors="607684b7-d834-4ee6-9666-e605dc06b3a7" />&lt;/_x0031_.0&gt;
    <jcr:rootVersion jcr:primaryType="nt:version" jcr:mixinTypes="" jcr:uuid="607684b7-d834-4ee6-9666-e605dc06b3a7" jcr:created="2008-05-19T14:21:49.707-07:00" jcr:predecessors="" jcr:successors="4d9a85e0-cff8-4d27-85e9-0df929797d24" />&lt;/_x0032_0f77361-bc2c-464a-befe-e64fcc21db03&gt;&lt;_x0037_3c7b9bb-7162-48ba-b013-130e6483a636 jcr:primaryType="nt:versionHistory" jcr:mixinTypes="" jcr:uuid="73c7b9bb-7162-48ba-b013-130e6483a636" jcr:versionableUuid="ed15596a-647a-4005-b299-27839385a703"&gt;
    <jcr:versionLabels jcr:primaryType="nt:versionLabels" jcr:mixinTypes="" />&lt;_x0031_.0 jcr:primaryType="nt:version" jcr:mixinTypes="" jcr:uuid="16280a05-0fea-4514-94e8-9cd7ce44ca38" jcr:created="2008-05-19T14:22:18.344-07:00" jcr:predecessors="43fe2fb2-9334-49ba-95c9-5e69686edbc9" jcr:successors=""&gt;
    <jcr:frozenNode jcr:primaryType="nt:frozenNode" jcr:mixinTypes="" jcr:uuid="0023a019-2120-46ed-8e85-7cb8d8b8562e" jcr:frozenUuid="ed15596a-647a-4005-b299-27839385a703" jcr:frozenPrimaryType="test:versionable" jcr:frozenMixinTypes="" jcr:versionHistory="73c7b9bb-7162-48ba-b013-130e6483a636" jcr:predecessors="43fe2fb2-9334-49ba-95c9-5e69686edbc9" />&lt;/_x0031_.0&gt;
    <jcr:rootVersion jcr:primaryType="nt:version" jcr:mixinTypes="" jcr:uuid="43fe2fb2-9334-49ba-95c9-5e69686edbc9" jcr:created="2008-05-19T14:22:18.043-07:00" jcr:predecessors="" jcr:successors="16280a05-0fea-4514-94e8-9cd7ce44ca38" />&lt;/_x0037_3c7b9bb-7162-48ba-b013-130e6483a636&gt;&lt;_x0032_df1f012-77da-4deb-80af-d281b515f6b1 jcr:primaryType="nt:versionHistory" jcr:mixinTypes="" jcr:uuid="2df1f012-77da-4deb-80af-d281b515f6b1" jcr:versionableUuid="f0eb70ab-3e4e-4d93-9006-2b652916ce2b"&gt;
    <jcr:versionLabels jcr:primaryType="nt:versionLabels" jcr:mixinTypes="" />
    <jcr:rootVersion jcr:primaryType="nt:version" jcr:mixinTypes="" jcr:uuid="20ec0a54-f8ea-475d-80ad-4cdfd9fc2996" jcr:created="2008-05-19T14:21:40.038-07:00" jcr:predecessors="" jcr:successors="ebbb502e-43ec-457c-afaa-b4c6e05a99c5" />&lt;_x0031_.0 jcr:primaryType="nt:version" jcr:mixinTypes="" jcr:uuid="ebbb502e-43ec-457c-afaa-b4c6e05a99c5" jcr:created="2008-05-19T14:21:40.101-07:00" jcr:predecessors="20ec0a54-f8ea-475d-80ad-4cdfd9fc2996" jcr:successors=""&gt;
    <jcr:frozenNode jcr:primaryType="nt:frozenNode" jcr:mixinTypes="" jcr:uuid="cb48ef69-233d-4740-96b4-89b817fc94a8" jcr:frozenUuid="f0eb70ab-3e4e-4d93-9006-2b652916ce2b" jcr:frozenPrimaryType="test:versionable" jcr:frozenMixinTypes="" jcr:versionHistory="2df1f012-77da-4deb-80af-d281b515f6b1" jcr:predecessors="20ec0a54-f8ea-475d-80ad-4cdfd9fc2996" />&lt;/_x0031_.0&gt;&lt;/_x0032_df1f012-77da-4deb-80af-d281b515f6b1&gt;
    <d7551c2e-c06a-4e31-a798-0902a54686ab jcr:primaryType="nt:versionHistory" jcr:mixinTypes="" jcr:uuid="d7551c2e-c06a-4e31-a798-0902a54686ab" jcr:versionableUuid="1366a6d6-2fa9-478f-b403-9a56734740e7">
    <jcr:versionLabels jcr:primaryType="nt:versionLabels" jcr:mixinTypes="" />
    <jcr:rootVersion jcr:primaryType="nt:version" jcr:mixinTypes="" jcr:uuid="c76db19f-9298-4ecd-aaf7-bc10f5488727" jcr:created="2008-05-19T14:21:53.665-07:00" jcr:predecessors="" jcr:successors="20317395-06ea-4cf3-b9f7-54fd310704b2" />&lt;_x0031_.1 jcr:primaryType="nt:version" jcr:mixinTypes="" jcr:uuid="ddfda911-b842-48fa-a98a-54aa7375bb74" jcr:created="2008-05-19T14:21:53.746-07:00" jcr:predecessors="20317395-06ea-4cf3-b9f7-54fd310704b2" jcr:successors=""&gt;
    <jcr:frozenNode jcr:primaryType="nt:frozenNode" jcr:mixinTypes="" jcr:uuid="e4bc23c6-781a-449b-8933-dcfe5618f84c" jcr:frozenUuid="1366a6d6-2fa9-478f-b403-9a56734740e7" jcr:frozenPrimaryType="test:versionable" jcr:frozenMixinTypes="" jcr:versionHistory="d7551c2e-c06a-4e31-a798-0902a54686ab" jcr:predecessors="20317395-06ea-4cf3-b9f7-54fd310704b2" />&lt;/_x0031_.1&gt;&lt;_x0031_.0 jcr:primaryType="nt:version" jcr:mixinTypes="" jcr:uuid="20317395-06ea-4cf3-b9f7-54fd310704b2" jcr:created="2008-05-19T14:21:53.733-07:00" jcr:predecessors="c76db19f-9298-4ecd-aaf7-bc10f5488727" jcr:successors="ddfda911-b842-48fa-a98a-54aa7375bb74"&gt;
    <jcr:frozenNode jcr:primaryType="nt:frozenNode" jcr:mixinTypes="" jcr:uuid="16a931ba-4390-4513-9b16-fdb00a484f8e" jcr:frozenUuid="1366a6d6-2fa9-478f-b403-9a56734740e7" jcr:frozenPrimaryType="test:versionable" jcr:frozenMixinTypes="" jcr:versionHistory="d7551c2e-c06a-4e31-a798-0902a54686ab" jcr:predecessors="c76db19f-9298-4ecd-aaf7-bc10f5488727" />&lt;/_x0031_.0&gt;</d7551c2e-c06a-4e31-a798-0902a54686ab>
    <a49ea872-8c38-4ab3-940f-eab0d83a88e3 jcr:primaryType="nt:versionHistory" jcr:mixinTypes="" jcr:uuid="a49ea872-8c38-4ab3-940f-eab0d83a88e3" jcr:versionableUuid="216856a8-8753-4daf-9ef7-25cee9529cc2">
    <jcr:versionLabels jcr:primaryType="nt:versionLabels" jcr:mixinTypes="" />&lt;_x0031_.0 jcr:primaryType="nt:version" jcr:mixinTypes="" jcr:uuid="c8f85c81-0180-4b19-8fe3-405a6d18677c" jcr:created="2008-05-19T14:21:34.091-07:00" jcr:predecessors="6f0efe50-3c0e-40ee-b0ef-9e776c58f5cd" jcr:successors="fbed220e-e46e-4cc7-877b-b80807a15e81"&gt;
    <jcr:frozenNode jcr:primaryType="nt:frozenNode" jcr:mixinTypes="" jcr:uuid="591a6dab-6af3-4a38-9049-4c8d26c55b0d" jcr:frozenUuid="216856a8-8753-4daf-9ef7-25cee9529cc2" jcr:frozenPrimaryType="test:versionable" jcr:frozenMixinTypes="" jcr:versionHistory="a49ea872-8c38-4ab3-940f-eab0d83a88e3" jcr:predecessors="6f0efe50-3c0e-40ee-b0ef-9e776c58f5cd" />&lt;/_x0031_.0&gt;&lt;_x0031_.1 jcr:primaryType="nt:version" jcr:mixinTypes="" jcr:uuid="fbed220e-e46e-4cc7-877b-b80807a15e81" jcr:created="2008-05-19T14:21:34.108-07:00" jcr:predecessors="c8f85c81-0180-4b19-8fe3-405a6d18677c" jcr:successors=""&gt;
    <jcr:frozenNode jcr:primaryType="nt:frozenNode" jcr:mixinTypes="" jcr:uuid="bfd7e300-e1c0-45a2-b0b1-4dc5534c9d4b" jcr:frozenUuid="216856a8-8753-4daf-9ef7-25cee9529cc2" jcr:frozenPrimaryType="test:versionable" jcr:frozenMixinTypes="" jcr:versionHistory="a49ea872-8c38-4ab3-940f-eab0d83a88e3" jcr:predecessors="c8f85c81-0180-4b19-8fe3-405a6d18677c" />&lt;/_x0031_.1&gt;
    <jcr:rootVersion jcr:primaryType="nt:version" jcr:mixinTypes="" jcr:uuid="6f0efe50-3c0e-40ee-b0ef-9e776c58f5cd" jcr:created="2008-05-19T14:21:33.963-07:00" jcr:predecessors="" jcr:successors="c8f85c81-0180-4b19-8fe3-405a6d18677c" /></a49ea872-8c38-4ab3-940f-eab0d83a88e3>&lt;_x0033_cc544c6-e1a8-4279-a315-86c63e529cef jcr:primaryType="nt:versionHistory" jcr:mixinTypes="" jcr:uuid="3cc544c6-e1a8-4279-a315-86c63e529cef" jcr:versionableUuid="db38447f-97ea-416a-a6b8-6bb425e1a444"&gt;
    <jcr:versionLabels jcr:primaryType="nt:versionLabels" jcr:mixinTypes="" />
    <jcr:rootVersion jcr:primaryType="nt:version" jcr:mixinTypes="" jcr:uuid="35de6f4d-d385-420e-9a3a-8d8b819ee01b" jcr:created="2008-05-19T14:21:30.550-07:00" jcr:predecessors="" jcr:successors="" />&lt;/_x0033_cc544c6-e1a8-4279-a315-86c63e529cef&gt;&lt;_x0037_a1c71bc-948b-460f-95ee-a8747ef91b97 jcr:primaryType="nt:versionHistory" jcr:mixinTypes="" jcr:uuid="7a1c71bc-948b-460f-95ee-a8747ef91b97" jcr:versionableUuid="59c783a3-102e-4333-9d12-451f05b44d2d"&gt;
    <jcr:versionLabels jcr:primaryType="nt:versionLabels" jcr:mixinTypes="" />
    <jcr:rootVersion jcr:primaryType="nt:version" jcr:mixinTypes="" jcr:uuid="53f19604-34e4-4b5f-adc3-efd98e2991f6" jcr:created="2008-05-19T14:21:39.185-07:00" jcr:predecessors="" jcr:successors="" />&lt;/_x0037_a1c71bc-948b-460f-95ee-a8747ef91b97&gt;
    <a8f59f48-0441-4e36-b52b-2e6328b8212a jcr:primaryType="nt:versionHistory" jcr:mixinTypes="" jcr:uuid="a8f59f48-0441-4e36-b52b-2e6328b8212a" jcr:versionableUuid="25e4c2a8-a73e-43fa-8682-b3455b06c42c">
      <jcr:versionLabels jcr:primaryType="nt:versionLabels" jcr:mixinTypes="" />
      <jcr:rootVersion jcr:primaryType="nt:version" jcr:mixinTypes="" jcr:uuid="5de21264-ede7-4d27-9175-68978c195869" jcr:created="2008-05-19T14:21:10.933-07:00" jcr:predecessors="" jcr:successors="" />
    </a8f59f48-0441-4e36-b52b-2e6328b8212a>
    <d6a2ff7b-0b1f-4627-b6f3-2fa7575f5e97 jcr:primaryType="nt:versionHistory" jcr:mixinTypes="" jcr:uuid="d6a2ff7b-0b1f-4627-b6f3-2fa7575f5e97" jcr:versionableUuid="e2feb454-fad1-49ca-ad13-4454ba3d811f">
      <jcr:versionLabels jcr:primaryType="nt:versionLabels" jcr:mixinTypes="" />
      <jcr:rootVersion jcr:primaryType="nt:version" jcr:mixinTypes="" jcr:uuid="b8eff4a7-d895-47bb-90ac-9151d3b35897" jcr:created="2008-05-19T14:21:15.521-07:00" jcr:predecessors="" jcr:successors="" />
    </d6a2ff7b-0b1f-4627-b6f3-2fa7575f5e97>&lt;_x0030_e4b76e2-e657-4d16-97e6-d64417f8b37e jcr:primaryType="nt:versionHistory" jcr:mixinTypes="" jcr:uuid="0e4b76e2-e657-4d16-97e6-d64417f8b37e" jcr:versionableUuid="a8a3dd52-b4fd-4164-b32c-adeea4287b87"&gt;
    <jcr:versionLabels jcr:primaryType="nt:versionLabels" jcr:mixinTypes="" />
    <jcr:rootVersion jcr:primaryType="nt:version" jcr:mixinTypes="" jcr:uuid="bbdeae28-ebe1-4ba8-bf91-8443bf63dbd6" jcr:created="2008-05-19T14:21:49.005-07:00" jcr:predecessors="" jcr:successors="95bda9fe-edda-4da3-b17c-86c88b1e9693" />&lt;_x0031_.0 jcr:primaryType="nt:version" jcr:mixinTypes="" jcr:uuid="95bda9fe-edda-4da3-b17c-86c88b1e9693" jcr:created="2008-05-19T14:21:49.068-07:00" jcr:predecessors="bbdeae28-ebe1-4ba8-bf91-8443bf63dbd6" jcr:successors=""&gt;
    <jcr:frozenNode jcr:primaryType="nt:frozenNode" jcr:mixinTypes="" jcr:uuid="2b1ddbfa-5a93-4e6a-985f-907bff9f1458" jcr:frozenUuid="a8a3dd52-b4fd-4164-b32c-adeea4287b87" jcr:frozenPrimaryType="test:versionable" jcr:frozenMixinTypes="" jcr:versionHistory="0e4b76e2-e657-4d16-97e6-d64417f8b37e" jcr:predecessors="bbdeae28-ebe1-4ba8-bf91-8443bf63dbd6" />&lt;/_x0031_.0&gt;&lt;/_x0030_e4b76e2-e657-4d16-97e6-d64417f8b37e&gt;&lt;_x0036_376ca64-4566-447d-9e96-3f2a5b664907 jcr:primaryType="nt:versionHistory" jcr:mixinTypes="" jcr:uuid="6376ca64-4566-447d-9e96-3f2a5b664907" jcr:versionableUuid="8b957950-2fc2-4202-ad95-dda09a89ef17"&gt;
    <jcr:versionLabels jcr:primaryType="nt:versionLabels" jcr:mixinTypes="" />
    <jcr:rootVersion jcr:primaryType="nt:version" jcr:mixinTypes="" jcr:uuid="e3038826-9b69-4504-83cd-c509a01d70d7" jcr:created="2008-05-19T14:21:51.601-07:00" jcr:predecessors="" jcr:successors="" />&lt;/_x0036_376ca64-4566-447d-9e96-3f2a5b664907&gt;&lt;_x0032_962ac70-1573-480e-93e3-81d5349d9217 jcr:primaryType="nt:versionHistory" jcr:mixinTypes="" jcr:uuid="2962ac70-1573-480e-93e3-81d5349d9217" jcr:versionableUuid="4d69a669-638f-4c6f-bfb1-093e4dbced66"&gt;
    <jcr:versionLabels jcr:primaryType="nt:versionLabels" jcr:mixinTypes="" />
    <jcr:rootVersion jcr:primaryType="nt:version" jcr:mixinTypes="" jcr:uuid="4afc1d6e-74cc-4e39-8b83-26432c045df1" jcr:created="2008-05-19T14:21:14.671-07:00" jcr:predecessors="" jcr:successors="" />&lt;/_x0032_962ac70-1573-480e-93e3-81d5349d9217&gt;&lt;_x0034_2a407c0-3ce5-4298-8a68-f40ca98680a4 jcr:primaryType="nt:versionHistory" jcr:mixinTypes="" jcr:uuid="42a407c0-3ce5-4298-8a68-f40ca98680a4" jcr:versionableUuid="9eb46ef2-7f1c-47f2-9d13-5e071aa0afc5"&gt;
    <jcr:versionLabels jcr:primaryType="nt:versionLabels" jcr:mixinTypes="" />
    <jcr:rootVersion jcr:primaryType="nt:version" jcr:mixinTypes="" jcr:uuid="c196dba5-4673-4778-876e-dcb0490a2fc0" jcr:created="2008-05-19T14:21:36.089-07:00" jcr:predecessors="" jcr:successors="40e80d6f-48ef-493b-baad-871dda320360" />&lt;_x0031_.0 jcr:primaryType="nt:version" jcr:mixinTypes="" jcr:uuid="40e80d6f-48ef-493b-baad-871dda320360" jcr:created="2008-05-19T14:21:36.160-07:00" jcr:predecessors="c196dba5-4673-4778-876e-dcb0490a2fc0" jcr:successors=""&gt;
    <jcr:frozenNode jcr:primaryType="nt:frozenNode" jcr:mixinTypes="" jcr:uuid="627634fb-de51-4f42-9422-cc7fd3b6b23c" jcr:frozenUuid="9eb46ef2-7f1c-47f2-9d13-5e071aa0afc5" jcr:frozenPrimaryType="test:versionable" jcr:frozenMixinTypes="" jcr:versionHistory="42a407c0-3ce5-4298-8a68-f40ca98680a4" jcr:predecessors="c196dba5-4673-4778-876e-dcb0490a2fc0" />&lt;/_x0031_.0&gt;&lt;/_x0034_2a407c0-3ce5-4298-8a68-f40ca98680a4&gt;&lt;_x0031_05d7f44-8846-496c-88d2-3033041e6478 jcr:primaryType="nt:versionHistory" jcr:mixinTypes="" jcr:uuid="105d7f44-8846-496c-88d2-3033041e6478" jcr:versionableUuid="2f794bdd-425d-4e97-a2d8-7a2731b9c773"&gt;
    <jcr:versionLabels jcr:primaryType="nt:versionLabels" jcr:mixinTypes="" />
    <jcr:rootVersion jcr:primaryType="nt:version" jcr:mixinTypes="" jcr:uuid="e1546980-b0ee-44a0-b37b-dc83d1c5fab8" jcr:created="2008-05-19T14:22:19.430-07:00" jcr:predecessors="" jcr:successors="632095bf-7973-4da4-8d05-686866f792a0" />&lt;_x0031_.0 jcr:primaryType="nt:version" jcr:mixinTypes="" jcr:uuid="632095bf-7973-4da4-8d05-686866f792a0" jcr:created="2008-05-19T14:22:19.553-07:00" jcr:predecessors="e1546980-b0ee-44a0-b37b-dc83d1c5fab8" jcr:successors=""&gt;
    <jcr:frozenNode jcr:primaryType="nt:frozenNode" jcr:mixinTypes="" jcr:uuid="a82b6e18-7fc8-4afd-9335-c3f91b15badf" jcr:frozenUuid="2f794bdd-425d-4e97-a2d8-7a2731b9c773" jcr:frozenPrimaryType="nt:unstructured" jcr:frozenMixinTypes="mix:versionable mix:lockable" jcr:versionHistory="105d7f44-8846-496c-88d2-3033041e6478" jcr:predecessors="e1546980-b0ee-44a0-b37b-dc83d1c5fab8" />&lt;/_x0031_.0&gt;&lt;/_x0031_05d7f44-8846-496c-88d2-3033041e6478&gt;
    <a2108479-2933-4163-b18b-58ed4feb22e0 jcr:primaryType="nt:versionHistory" jcr:mixinTypes="" jcr:uuid="a2108479-2933-4163-b18b-58ed4feb22e0" jcr:versionableUuid="8b82cff7-aa10-4576-adbe-1eeb10a5f8ed">
      <jcr:versionLabels jcr:primaryType="nt:versionLabels" jcr:mixinTypes="" />
      <jcr:rootVersion jcr:primaryType="nt:version" jcr:mixinTypes="" jcr:uuid="145db925-ae6f-4183-9bfa-8dc4afce2828" jcr:created="2008-05-19T14:22:12.587-07:00" jcr:predecessors="" jcr:successors="" />
    </a2108479-2933-4163-b18b-58ed4feb22e0>
    <dc650b27-399e-434a-bc53-cb12a8b2e8d7 jcr:primaryType="nt:versionHistory" jcr:mixinTypes="" jcr:uuid="dc650b27-399e-434a-bc53-cb12a8b2e8d7" jcr:versionableUuid="ad99e574-4573-4af5-9340-ec38dc6a0417">
    <jcr:versionLabels jcr:primaryType="nt:versionLabels" jcr:mixinTypes="" />&lt;_x0031_.1 jcr:primaryType="nt:version" jcr:mixinTypes="" jcr:uuid="272149eb-0f06-4e7e-ac5e-13e54d426bfa" jcr:created="2008-05-19T14:22:14.444-07:00" jcr:predecessors="2c90ec9d-3e4b-4601-83f7-6874cdf7800a" jcr:successors=""&gt;
    <jcr:frozenNode jcr:primaryType="nt:frozenNode" jcr:mixinTypes="" jcr:uuid="53b5091a-cb18-42df-b1cd-b35b971d8750" jcr:frozenUuid="ad99e574-4573-4af5-9340-ec38dc6a0417" jcr:frozenPrimaryType="test:versionable" jcr:frozenMixinTypes="" jcr:versionHistory="dc650b27-399e-434a-bc53-cb12a8b2e8d7" jcr:predecessors="2c90ec9d-3e4b-4601-83f7-6874cdf7800a" />&lt;/_x0031_.1&gt;&lt;_x0031_.0 jcr:primaryType="nt:version" jcr:mixinTypes="" jcr:uuid="2c90ec9d-3e4b-4601-83f7-6874cdf7800a" jcr:created="2008-05-19T14:22:14.409-07:00" jcr:predecessors="561f992b-6f22-49a6-9c24-c6d8cfc8a422" jcr:successors="272149eb-0f06-4e7e-ac5e-13e54d426bfa"&gt;
    <jcr:frozenNode jcr:primaryType="nt:frozenNode" jcr:mixinTypes="" jcr:uuid="73bd53e5-d478-444c-b392-c203c169b5ff" jcr:frozenUuid="ad99e574-4573-4af5-9340-ec38dc6a0417" jcr:frozenPrimaryType="test:versionable" jcr:frozenMixinTypes="" jcr:versionHistory="dc650b27-399e-434a-bc53-cb12a8b2e8d7" jcr:predecessors="561f992b-6f22-49a6-9c24-c6d8cfc8a422" />&lt;/_x0031_.0&gt;
    <jcr:rootVersion jcr:primaryType="nt:version" jcr:mixinTypes="" jcr:uuid="561f992b-6f22-49a6-9c24-c6d8cfc8a422" jcr:created="2008-05-19T14:22:14.340-07:00" jcr:predecessors="" jcr:successors="2c90ec9d-3e4b-4601-83f7-6874cdf7800a" /></dc650b27-399e-434a-bc53-cb12a8b2e8d7>
    <f594fe50-70ee-4082-9b01-7de2177e42d6 jcr:primaryType="nt:versionHistory" jcr:mixinTypes="" jcr:uuid="f594fe50-70ee-4082-9b01-7de2177e42d6" jcr:versionableUuid="f47e53b3-2e83-4290-9f57-eeb3d6235cc2">
    <jcr:versionLabels jcr:primaryType="nt:versionLabels" jcr:mixinTypes="" />
    <jcr:rootVersion jcr:primaryType="nt:version" jcr:mixinTypes="" jcr:uuid="1b56a9a0-40e0-466d-afc5-a95ae46070eb" jcr:created="2008-05-19T14:21:44.555-07:00" jcr:predecessors="" jcr:successors="ae7f8565-56a3-4b10-b3f4-b62406a9856a" />&lt;_x0031_.0 jcr:primaryType="nt:version" jcr:mixinTypes="" jcr:uuid="ae7f8565-56a3-4b10-b3f4-b62406a9856a" jcr:created="2008-05-19T14:21:44.619-07:00" jcr:predecessors="1b56a9a0-40e0-466d-afc5-a95ae46070eb" jcr:successors=""&gt;
    <jcr:frozenNode jcr:primaryType="nt:frozenNode" jcr:mixinTypes="" jcr:uuid="47ebcfdf-bef5-46b2-9504-eba5a3c3cada" jcr:frozenUuid="f47e53b3-2e83-4290-9f57-eeb3d6235cc2" jcr:frozenPrimaryType="test:versionable" jcr:frozenMixinTypes="" jcr:versionHistory="f594fe50-70ee-4082-9b01-7de2177e42d6" jcr:predecessors="1b56a9a0-40e0-466d-afc5-a95ae46070eb" />&lt;/_x0031_.0&gt;</f594fe50-70ee-4082-9b01-7de2177e42d6>&lt;_x0033_3d6d041-2d55-4fa1-ae71-ff3e7567e1c7 jcr:primaryType="nt:versionHistory" jcr:mixinTypes="" jcr:uuid="33d6d041-2d55-4fa1-ae71-ff3e7567e1c7" jcr:versionableUuid="fcaf7b7c-cb8c-4b25-bc17-16a1973f0a98"&gt;
    <jcr:versionLabels jcr:primaryType="nt:versionLabels" jcr:mixinTypes="" />&lt;_x0031_.0 jcr:primaryType="nt:version" jcr:mixinTypes="" jcr:uuid="a6822dfb-4a38-405e-83cf-90d24bc518a5" jcr:created="2008-05-19T14:21:27.516-07:00" jcr:predecessors="881cbbc4-1782-4958-a608-0723ef735845" jcr:successors="158d4a7a-828f-4b8a-af03-05b22298157c 420345d0-da03-4963-a7c8-173608684ecd"&gt;
    <jcr:frozenNode jcr:primaryType="nt:frozenNode" jcr:mixinTypes="" jcr:uuid="2ef11fa8-26c6-462a-b5b7-ae99e8717101" jcr:frozenUuid="fcaf7b7c-cb8c-4b25-bc17-16a1973f0a98" jcr:frozenPrimaryType="test:versionable" jcr:frozenMixinTypes="" prop1="versionableNodeName1" jcr:versionHistory="33d6d041-2d55-4fa1-ae71-ff3e7567e1c7" jcr:predecessors="881cbbc4-1782-4958-a608-0723ef735845" />&lt;/_x0031_.0&gt;
    <jcr:rootVersion jcr:primaryType="nt:version" jcr:mixinTypes="" jcr:uuid="881cbbc4-1782-4958-a608-0723ef735845" jcr:created="2008-05-19T14:21:27.471-07:00" jcr:predecessors="" jcr:successors="a6822dfb-4a38-405e-83cf-90d24bc518a5" />&lt;_x0031_.0.1 jcr:primaryType="nt:version" jcr:mixinTypes="" jcr:uuid="158d4a7a-828f-4b8a-af03-05b22298157c" jcr:created="2008-05-19T14:21:27.642-07:00" jcr:predecessors="a6822dfb-4a38-405e-83cf-90d24bc518a5" jcr:successors=""&gt;
    <jcr:frozenNode jcr:primaryType="nt:frozenNode" jcr:mixinTypes="" jcr:uuid="9f61d9aa-56bc-4189-933d-18d00508fcee" jcr:frozenUuid="fcaf7b7c-cb8c-4b25-bc17-16a1973f0a98" jcr:frozenPrimaryType="test:versionable" jcr:frozenMixinTypes="" prop1="versionableNodeName1" jcr:versionHistory="33d6d041-2d55-4fa1-ae71-ff3e7567e1c7" jcr:predecessors="a6822dfb-4a38-405e-83cf-90d24bc518a5" />&lt;/_x0031_.0.1&gt;&lt;_x0031_.1 jcr:primaryType="nt:version" jcr:mixinTypes="" jcr:uuid="420345d0-da03-4963-a7c8-173608684ecd" jcr:created="2008-05-19T14:21:27.600-07:00" jcr:predecessors="a6822dfb-4a38-405e-83cf-90d24bc518a5" jcr:successors=""&gt;
    <jcr:frozenNode jcr:primaryType="nt:frozenNode" jcr:mixinTypes="" jcr:uuid="dd05f3d6-7207-42b9-8dd8-c4ed82a75b4e" jcr:frozenUuid="fcaf7b7c-cb8c-4b25-bc17-16a1973f0a98" jcr:frozenPrimaryType="test:versionable" jcr:frozenMixinTypes="" prop1="versionableNodeName1" jcr:versionHistory="33d6d041-2d55-4fa1-ae71-ff3e7567e1c7" jcr:predecessors="a6822dfb-4a38-405e-83cf-90d24bc518a5" />&lt;/_x0031_.1&gt;&lt;/_x0033_3d6d041-2d55-4fa1-ae71-ff3e7567e1c7&gt;&lt;_x0038_9214d2f-7d13-4a7e-88ff-0bb64bbc1d84 jcr:primaryType="nt:versionHistory" jcr:mixinTypes="" jcr:uuid="89214d2f-7d13-4a7e-88ff-0bb64bbc1d84" jcr:versionableUuid="a07e1eb9-6853-4121-a4da-a9dd27a31015"&gt;
    <jcr:versionLabels jcr:primaryType="nt:versionLabels" jcr:mixinTypes="" />
    <jcr:rootVersion jcr:primaryType="nt:version" jcr:mixinTypes="" jcr:uuid="d2cf9b59-b724-4974-a826-0de1872e13f5" jcr:created="2008-05-19T14:21:53.129-07:00" jcr:predecessors="" jcr:successors="09ef5a74-a3da-4628-917f-784c5862a37b" />&lt;_x0031_.0 jcr:primaryType="nt:version" jcr:mixinTypes="" jcr:uuid="09ef5a74-a3da-4628-917f-784c5862a37b" jcr:created="2008-05-19T14:21:53.418-07:00" jcr:predecessors="d2cf9b59-b724-4974-a826-0de1872e13f5" jcr:successors="243b807b-82a5-4000-a5cf-41bedc010f55"&gt;
    <jcr:frozenNode jcr:primaryType="nt:frozenNode" jcr:mixinTypes="" jcr:uuid="90f68670-92c4-4e45-a4cc-d181e9ecee53" jcr:frozenUuid="a07e1eb9-6853-4121-a4da-a9dd27a31015" jcr:frozenPrimaryType="test:versionable" jcr:frozenMixinTypes="" jcr:versionHistory="89214d2f-7d13-4a7e-88ff-0bb64bbc1d84" jcr:predecessors="d2cf9b59-b724-4974-a826-0de1872e13f5" />&lt;/_x0031_.0&gt;&lt;_x0031_.1 jcr:primaryType="nt:version" jcr:mixinTypes="" jcr:uuid="243b807b-82a5-4000-a5cf-41bedc010f55" jcr:created="2008-05-19T14:21:53.436-07:00" jcr:predecessors="09ef5a74-a3da-4628-917f-784c5862a37b" jcr:successors=""&gt;
    <jcr:frozenNode jcr:primaryType="nt:frozenNode" jcr:mixinTypes="" jcr:uuid="31e3ca35-5c1b-4671-aae4-c5ecaf092cc1" jcr:frozenUuid="a07e1eb9-6853-4121-a4da-a9dd27a31015" jcr:frozenPrimaryType="test:versionable" jcr:frozenMixinTypes="" jcr:versionHistory="89214d2f-7d13-4a7e-88ff-0bb64bbc1d84" jcr:predecessors="09ef5a74-a3da-4628-917f-784c5862a37b" />&lt;/_x0031_.1&gt;&lt;/_x0038_9214d2f-7d13-4a7e-88ff-0bb64bbc1d84&gt;&lt;_x0039_663b447-4390-46fa-b397-484dbe8292e1 jcr:primaryType="nt:versionHistory" jcr:mixinTypes="" jcr:uuid="9663b447-4390-46fa-b397-484dbe8292e1" jcr:versionableUuid="d6229d4e-f6e9-4360-951d-8a41676efe79"&gt;
    <jcr:versionLabels jcr:primaryType="nt:versionLabels" jcr:mixinTypes="" />
    <jcr:rootVersion jcr:primaryType="nt:version" jcr:mixinTypes="" jcr:uuid="91541460-561b-48c1-8e32-b4114db2b4ca" jcr:created="2008-05-19T14:21:12.615-07:00" jcr:predecessors="" jcr:successors="" />&lt;/_x0039_663b447-4390-46fa-b397-484dbe8292e1&gt;&lt;_x0031_684a70a-2f11-43f3-b011-8d602bff1e1f jcr:primaryType="nt:versionHistory" jcr:mixinTypes="" jcr:uuid="1684a70a-2f11-43f3-b011-8d602bff1e1f" jcr:versionableUuid="09066c5b-f3bd-45df-ab8b-ee662dcf6cc4"&gt;
    <jcr:versionLabels jcr:primaryType="nt:versionLabels" jcr:mixinTypes="" />
    <jcr:rootVersion jcr:primaryType="nt:version" jcr:mixinTypes="" jcr:uuid="19a8b3d2-e715-4397-aa25-68a23c1e7357" jcr:created="2008-05-19T14:21:47.821-07:00" jcr:predecessors="" jcr:successors="368c25c9-9bc6-4d1d-827b-27697ba66098" />&lt;_x0031_.0 jcr:primaryType="nt:version" jcr:mixinTypes="" jcr:uuid="368c25c9-9bc6-4d1d-827b-27697ba66098" jcr:created="2008-05-19T14:21:48.171-07:00" jcr:predecessors="19a8b3d2-e715-4397-aa25-68a23c1e7357" jcr:successors=""&gt;
    <jcr:frozenNode jcr:primaryType="nt:frozenNode" jcr:mixinTypes="" jcr:uuid="ddba4213-3889-4d24-8637-c4b55d0e6cc4" jcr:frozenUuid="09066c5b-f3bd-45df-ab8b-ee662dcf6cc4" jcr:frozenPrimaryType="test:versionable" jcr:frozenMixinTypes="" jcr:versionHistory="1684a70a-2f11-43f3-b011-8d602bff1e1f" jcr:predecessors="19a8b3d2-e715-4397-aa25-68a23c1e7357" />&lt;/_x0031_.0&gt;&lt;/_x0031_684a70a-2f11-43f3-b011-8d602bff1e1f&gt;
    <ac4bf74b-bad7-4ce5-89bf-ac117197fe59 jcr:primaryType="nt:versionHistory" jcr:mixinTypes="" jcr:uuid="ac4bf74b-bad7-4ce5-89bf-ac117197fe59" jcr:versionableUuid="a63aa81d-ecb0-41b7-a866-4394c85e93e3">
    <jcr:versionLabels jcr:primaryType="nt:versionLabels" jcr:mixinTypes="" />&lt;_x0031_.1 jcr:primaryType="nt:version" jcr:mixinTypes="" jcr:uuid="ab153361-b313-4ffe-a877-6fce68a06bf2" jcr:created="2008-05-19T14:21:58.257-07:00" jcr:predecessors="5b4dcc6c-1d8f-48ab-94d5-c7cf77a47c02" jcr:successors=""&gt;
    <jcr:frozenNode jcr:primaryType="nt:frozenNode" jcr:mixinTypes="" jcr:uuid="8a8cb4ab-f1f0-4207-a07d-b8bb29be8e09" jcr:frozenUuid="a63aa81d-ecb0-41b7-a866-4394c85e93e3" jcr:frozenPrimaryType="test:versionable" jcr:frozenMixinTypes="" jcr:versionHistory="ac4bf74b-bad7-4ce5-89bf-ac117197fe59" jcr:predecessors="5b4dcc6c-1d8f-48ab-94d5-c7cf77a47c02" />&lt;/_x0031_.1&gt;&lt;_x0031_.0 jcr:primaryType="nt:version" jcr:mixinTypes="" jcr:uuid="5b4dcc6c-1d8f-48ab-94d5-c7cf77a47c02" jcr:created="2008-05-19T14:21:58.238-07:00" jcr:predecessors="ca67aeab-8fc6-49d8-aaea-11774c1fb424" jcr:successors="ab153361-b313-4ffe-a877-6fce68a06bf2"&gt;
    <jcr:frozenNode jcr:primaryType="nt:frozenNode" jcr:mixinTypes="" jcr:uuid="f188616e-6edd-4d5f-8003-5135c4f60449" jcr:frozenUuid="a63aa81d-ecb0-41b7-a866-4394c85e93e3" jcr:frozenPrimaryType="test:versionable" jcr:frozenMixinTypes="" jcr:versionHistory="ac4bf74b-bad7-4ce5-89bf-ac117197fe59" jcr:predecessors="ca67aeab-8fc6-49d8-aaea-11774c1fb424" />&lt;/_x0031_.0&gt;
    <jcr:rootVersion jcr:primaryType="nt:version" jcr:mixinTypes="" jcr:uuid="ca67aeab-8fc6-49d8-aaea-11774c1fb424" jcr:created="2008-05-19T14:21:57.941-07:00" jcr:predecessors="" jcr:successors="5b4dcc6c-1d8f-48ab-94d5-c7cf77a47c02" /></ac4bf74b-bad7-4ce5-89bf-ac117197fe59>
    <e9d3eaf6-da8f-4726-9c75-10fcab572e26 jcr:primaryType="nt:versionHistory" jcr:mixinTypes="" jcr:uuid="e9d3eaf6-da8f-4726-9c75-10fcab572e26" jcr:versionableUuid="8d722b67-96af-4b79-aa9e-c10c43f7d631">
    <jcr:versionLabels jcr:primaryType="nt:versionLabels" jcr:mixinTypes="" />
    <jcr:rootVersion jcr:primaryType="nt:version" jcr:mixinTypes="" jcr:uuid="036437a1-367c-4d35-b515-80a54e2ab641" jcr:created="2008-05-19T14:21:26.733-07:00" jcr:predecessors="" jcr:successors="313d5f85-6ba8-435c-b65e-ce843f91031e" />&lt;_x0031_.0 jcr:primaryType="nt:version" jcr:mixinTypes="" jcr:uuid="313d5f85-6ba8-435c-b65e-ce843f91031e" jcr:created="2008-05-19T14:21:26.837-07:00" jcr:predecessors="036437a1-367c-4d35-b515-80a54e2ab641" jcr:successors=""&gt;
    <jcr:frozenNode jcr:primaryType="nt:frozenNode" jcr:mixinTypes="" jcr:uuid="294aaac9-bd0e-4cf0-860a-31a9fde8bd20" jcr:frozenUuid="8d722b67-96af-4b79-aa9e-c10c43f7d631" jcr:frozenPrimaryType="test:versionable" jcr:frozenMixinTypes="" jcr:versionHistory="e9d3eaf6-da8f-4726-9c75-10fcab572e26" jcr:predecessors="036437a1-367c-4d35-b515-80a54e2ab641" />&lt;/_x0031_.0&gt;</e9d3eaf6-da8f-4726-9c75-10fcab572e26>&lt;_x0031_c0f8a35-466f-4e6a-9e6c-d9bbf57cd052 jcr:primaryType="nt:versionHistory" jcr:mixinTypes="" jcr:uuid="1c0f8a35-466f-4e6a-9e6c-d9bbf57cd052" jcr:versionableUuid="524ec1e7-fbf9-49ed-8938-12c4f8f53de6"&gt;
    <jcr:versionLabels jcr:primaryType="nt:versionLabels" jcr:mixinTypes="" />&lt;_x0031_.1 jcr:primaryType="nt:version" jcr:mixinTypes="" jcr:uuid="a2a61547-56b0-43a8-9c09-aa2dbbfac15f" jcr:created="2008-05-19T14:22:00.671-07:00" jcr:predecessors="aeb2053f-adb1-4226-a26a-cbd8f83bb4a3" jcr:successors=""&gt;
    <jcr:frozenNode jcr:primaryType="nt:frozenNode" jcr:mixinTypes="" jcr:uuid="8cc5396d-b226-40d2-ae85-8851934a27a0" jcr:frozenUuid="524ec1e7-fbf9-49ed-8938-12c4f8f53de6" jcr:frozenPrimaryType="test:versionable" jcr:frozenMixinTypes="" jcr:versionHistory="1c0f8a35-466f-4e6a-9e6c-d9bbf57cd052" jcr:predecessors="aeb2053f-adb1-4226-a26a-cbd8f83bb4a3" />&lt;/_x0031_.1&gt;
    <jcr:rootVersion jcr:primaryType="nt:version" jcr:mixinTypes="" jcr:uuid="c63fb84b-049d-4ddc-bcdc-2ed320c4eebb" jcr:created="2008-05-19T14:22:00.575-07:00" jcr:predecessors="" jcr:successors="aeb2053f-adb1-4226-a26a-cbd8f83bb4a3" />&lt;_x0031_.0 jcr:primaryType="nt:version" jcr:mixinTypes="" jcr:uuid="aeb2053f-adb1-4226-a26a-cbd8f83bb4a3" jcr:created="2008-05-19T14:22:00.653-07:00" jcr:predecessors="c63fb84b-049d-4ddc-bcdc-2ed320c4eebb" jcr:successors="a2a61547-56b0-43a8-9c09-aa2dbbfac15f"&gt;
    <jcr:frozenNode jcr:primaryType="nt:frozenNode" jcr:mixinTypes="" jcr:uuid="454496a9-4281-49d2-9406-ca40517258bb" jcr:frozenUuid="524ec1e7-fbf9-49ed-8938-12c4f8f53de6" jcr:frozenPrimaryType="test:versionable" jcr:frozenMixinTypes="" jcr:versionHistory="1c0f8a35-466f-4e6a-9e6c-d9bbf57cd052" jcr:predecessors="c63fb84b-049d-4ddc-bcdc-2ed320c4eebb" />&lt;/_x0031_.0&gt;&lt;/_x0031_c0f8a35-466f-4e6a-9e6c-d9bbf57cd052&gt;
    <d23ca126-6203-48fe-bb7b-c5b6cbe7a883 jcr:primaryType="nt:versionHistory" jcr:mixinTypes="" jcr:uuid="d23ca126-6203-48fe-bb7b-c5b6cbe7a883" jcr:versionableUuid="b7dced93-76bd-4c03-8978-10e451708d59">
    <jcr:versionLabels jcr:primaryType="nt:versionLabels" jcr:mixinTypes="" />
    <jcr:rootVersion jcr:primaryType="nt:version" jcr:mixinTypes="" jcr:uuid="0c6e898e-cbea-48a0-b90a-0e6586e728be" jcr:created="2008-05-19T14:21:23.158-07:00" jcr:predecessors="" jcr:successors="05631bc3-fd67-4936-a088-92d52b2213a8" />&lt;_x0031_.0 jcr:primaryType="nt:version" jcr:mixinTypes="" jcr:uuid="05631bc3-fd67-4936-a088-92d52b2213a8" jcr:created="2008-05-19T14:21:23.193-07:00" jcr:predecessors="0c6e898e-cbea-48a0-b90a-0e6586e728be" jcr:successors=""&gt;
    <jcr:frozenNode jcr:primaryType="nt:frozenNode" jcr:mixinTypes="" jcr:uuid="cdb7b13c-f854-45ab-b567-efd3347565c1" jcr:frozenUuid="b7dced93-76bd-4c03-8978-10e451708d59" jcr:frozenPrimaryType="nt:unstructured" jcr:frozenMixinTypes="mix:versionable" prop1="abc" prop2="abc" jcr:versionHistory="d23ca126-6203-48fe-bb7b-c5b6cbe7a883" jcr:predecessors="0c6e898e-cbea-48a0-b90a-0e6586e728be" />&lt;/_x0031_.0&gt;</d23ca126-6203-48fe-bb7b-c5b6cbe7a883>&lt;_x0039_9c31c38-0e76-4f46-b26c-463fc56eb18f jcr:primaryType="nt:versionHistory" jcr:mixinTypes="" jcr:uuid="99c31c38-0e76-4f46-b26c-463fc56eb18f" jcr:versionableUuid="9cd6dcbe-5de7-4f11-bcc0-6eb20ba2596c"&gt;
    <jcr:versionLabels jcr:primaryType="nt:versionLabels" jcr:mixinTypes="" />&lt;_x0031_.0 jcr:primaryType="nt:version" jcr:mixinTypes="" jcr:uuid="2e9cb4a4-cca5-4c96-9e3b-a2b3ee3028c3" jcr:created="2008-05-19T14:21:39.999-07:00" jcr:predecessors="dace4fb6-ca1c-440f-a7fc-51898d3e458a" jcr:successors=""&gt;
    <jcr:frozenNode jcr:primaryType="nt:frozenNode" jcr:mixinTypes="" jcr:uuid="9137079b-5e91-4510-8a4c-fa07fad161f7" jcr:frozenUuid="9cd6dcbe-5de7-4f11-bcc0-6eb20ba2596c" jcr:frozenPrimaryType="test:versionable" jcr:frozenMixinTypes="" jcr:versionHistory="99c31c38-0e76-4f46-b26c-463fc56eb18f" jcr:predecessors="dace4fb6-ca1c-440f-a7fc-51898d3e458a" />&lt;/_x0031_.0&gt;
    <jcr:rootVersion jcr:primaryType="nt:version" jcr:mixinTypes="" jcr:uuid="dace4fb6-ca1c-440f-a7fc-51898d3e458a" jcr:created="2008-05-19T14:21:39.875-07:00" jcr:predecessors="" jcr:successors="2e9cb4a4-cca5-4c96-9e3b-a2b3ee3028c3" />&lt;/_x0039_9c31c38-0e76-4f46-b26c-463fc56eb18f&gt;
    <d7db1c1a-f3ca-438c-a065-89a95dc884ee jcr:primaryType="nt:versionHistory" jcr:mixinTypes="" jcr:uuid="d7db1c1a-f3ca-438c-a065-89a95dc884ee" jcr:versionableUuid="2bdb71b8-d6e8-40bb-a02b-2cfe9e69984a">
    <jcr:versionLabels jcr:primaryType="nt:versionLabels" jcr:mixinTypes="" />&lt;_x0031_.0 jcr:primaryType="nt:version" jcr:mixinTypes="" jcr:uuid="94b28cdc-3f9e-40c5-bf08-f13847e87d95" jcr:created="2008-05-19T14:21:42.446-07:00" jcr:predecessors="a5db17a9-d21f-4f59-8f34-0361936c1252" jcr:successors=""&gt;
    <jcr:frozenNode jcr:primaryType="nt:frozenNode" jcr:mixinTypes="" jcr:uuid="9140f3f4-dab6-4b8f-8124-5b80b74f4d2b" jcr:frozenUuid="2bdb71b8-d6e8-40bb-a02b-2cfe9e69984a" jcr:frozenPrimaryType="test:versionable" jcr:frozenMixinTypes="" jcr:versionHistory="d7db1c1a-f3ca-438c-a065-89a95dc884ee" jcr:predecessors="a5db17a9-d21f-4f59-8f34-0361936c1252" />&lt;/_x0031_.0&gt;
    <jcr:rootVersion jcr:primaryType="nt:version" jcr:mixinTypes="" jcr:uuid="a5db17a9-d21f-4f59-8f34-0361936c1252" jcr:created="2008-05-19T14:21:42.366-07:00" jcr:predecessors="" jcr:successors="94b28cdc-3f9e-40c5-bf08-f13847e87d95" /></d7db1c1a-f3ca-438c-a065-89a95dc884ee>
    <f527ec7a-b7a5-4619-8dec-a48b80919231 jcr:primaryType="nt:versionHistory" jcr:mixinTypes="" jcr:uuid="f527ec7a-b7a5-4619-8dec-a48b80919231" jcr:versionableUuid="9675d1b0-4426-43c4-85dd-cbefd6bb0428">
    <jcr:versionLabels jcr:primaryType="nt:versionLabels" jcr:mixinTypes="" />&lt;_x0031_.0 jcr:primaryType="nt:version" jcr:mixinTypes="" jcr:uuid="d9c38a58-819b-4ae5-b7c0-5db0c9f3ec1d" jcr:created="2008-05-19T14:21:45.090-07:00" jcr:predecessors="0e74c7c1-ce01-4156-9ecd-5ff67db7af6a" jcr:successors=""&gt;
    <jcr:frozenNode jcr:primaryType="nt:frozenNode" jcr:mixinTypes="" jcr:uuid="95f0c06c-2631-4edd-8560-ba2adb914195" jcr:frozenUuid="9675d1b0-4426-43c4-85dd-cbefd6bb0428" jcr:frozenPrimaryType="test:versionable" jcr:frozenMixinTypes="" jcr:versionHistory="f527ec7a-b7a5-4619-8dec-a48b80919231" jcr:predecessors="0e74c7c1-ce01-4156-9ecd-5ff67db7af6a" />&lt;/_x0031_.0&gt;
    <jcr:rootVersion jcr:primaryType="nt:version" jcr:mixinTypes="" jcr:uuid="0e74c7c1-ce01-4156-9ecd-5ff67db7af6a" jcr:created="2008-05-19T14:21:44.810-07:00" jcr:predecessors="" jcr:successors="d9c38a58-819b-4ae5-b7c0-5db0c9f3ec1d" /></f527ec7a-b7a5-4619-8dec-a48b80919231>&lt;_x0032_f686349-b0c5-41bb-b586-027bec358965 jcr:primaryType="nt:versionHistory" jcr:mixinTypes="" jcr:uuid="2f686349-b0c5-41bb-b586-027bec358965" jcr:versionableUuid="9f179d8f-40bb-4e5a-b7b1-3ea0c9deeb79"&gt;
    <jcr:versionLabels jcr:primaryType="nt:versionLabels" jcr:mixinTypes="" />&lt;_x0031_.0 jcr:primaryType="nt:version" jcr:mixinTypes="" jcr:uuid="7b04ed77-6e03-4a52-9e5a-63f3b6c3a9e6" jcr:created="2008-05-19T14:21:39.833-07:00" jcr:predecessors="7d825cba-a9d5-4357-a5f3-83fc05569b12" jcr:successors=""&gt;
    <jcr:frozenNode jcr:primaryType="nt:frozenNode" jcr:mixinTypes="" jcr:uuid="dce9aed7-0bc9-4393-8f1c-7a54825d652f" jcr:frozenUuid="9f179d8f-40bb-4e5a-b7b1-3ea0c9deeb79" jcr:frozenPrimaryType="test:versionable" jcr:frozenMixinTypes="" jcr:versionHistory="2f686349-b0c5-41bb-b586-027bec358965" jcr:predecessors="7d825cba-a9d5-4357-a5f3-83fc05569b12" />&lt;/_x0031_.0&gt;
    <jcr:rootVersion jcr:primaryType="nt:version" jcr:mixinTypes="" jcr:uuid="7d825cba-a9d5-4357-a5f3-83fc05569b12" jcr:created="2008-05-19T14:21:39.770-07:00" jcr:predecessors="" jcr:successors="7b04ed77-6e03-4a52-9e5a-63f3b6c3a9e6" />&lt;/_x0032_f686349-b0c5-41bb-b586-027bec358965&gt;
    <f624733e-d39c-4dbe-b50e-e2b5d2c6e92d jcr:primaryType="nt:versionHistory" jcr:mixinTypes="" jcr:uuid="f624733e-d39c-4dbe-b50e-e2b5d2c6e92d" jcr:versionableUuid="d6b4e9ba-6284-446a-be5a-c6b7970a62a0">
    <jcr:versionLabels jcr:primaryType="nt:versionLabels" jcr:mixinTypes="" />&lt;_x0031_.0 jcr:primaryType="nt:version" jcr:mixinTypes="" jcr:uuid="a6f17460-426b-4e0b-9e97-5e54ef330da5" jcr:created="2008-05-19T14:21:22.572-07:00" jcr:predecessors="9f37b450-2bad-4016-aa71-a0f0cb592011" jcr:successors=""&gt;
    <jcr:frozenNode jcr:primaryType="nt:frozenNode" jcr:mixinTypes="" jcr:uuid="025288c6-d723-4a34-92e9-86063ecb6936" jcr:frozenUuid="d6b4e9ba-6284-446a-be5a-c6b7970a62a0" jcr:frozenPrimaryType="nt:unstructured" jcr:frozenMixinTypes="mix:versionable" prop1="abc" prop2="abc" jcr:versionHistory="f624733e-d39c-4dbe-b50e-e2b5d2c6e92d" jcr:predecessors="9f37b450-2bad-4016-aa71-a0f0cb592011" />&lt;/_x0031_.0&gt;
    <jcr:rootVersion jcr:primaryType="nt:version" jcr:mixinTypes="" jcr:uuid="9f37b450-2bad-4016-aa71-a0f0cb592011" jcr:created="2008-05-19T14:21:22.542-07:00" jcr:predecessors="" jcr:successors="a6f17460-426b-4e0b-9e97-5e54ef330da5" /></f624733e-d39c-4dbe-b50e-e2b5d2c6e92d>
    <b45cbd11-e582-4590-b4ac-bff6896d5f93 jcr:primaryType="nt:versionHistory" jcr:mixinTypes="" jcr:uuid="b45cbd11-e582-4590-b4ac-bff6896d5f93" jcr:versionableUuid="6977764d-a239-4d47-a008-95f1ac94fe35">
    <jcr:versionLabels jcr:primaryType="nt:versionLabels" jcr:mixinTypes="" />&lt;_x0031_.1 jcr:primaryType="nt:version" jcr:mixinTypes="" jcr:uuid="25deea4d-741d-4796-a575-c475f4980596" jcr:created="2008-05-19T14:21:57.539-07:00" jcr:predecessors="f9aed610-2b4a-44ba-99c0-3b210018c3f8" jcr:successors=""&gt;
    <jcr:frozenNode jcr:primaryType="nt:frozenNode" jcr:mixinTypes="" jcr:uuid="a1e9efd3-0721-4e00-9c2b-89884ce407b3" jcr:frozenUuid="6977764d-a239-4d47-a008-95f1ac94fe35" jcr:frozenPrimaryType="test:versionable" jcr:frozenMixinTypes="" jcr:versionHistory="b45cbd11-e582-4590-b4ac-bff6896d5f93" jcr:predecessors="f9aed610-2b4a-44ba-99c0-3b210018c3f8" />&lt;/_x0031_.1&gt;&lt;_x0031_.0 jcr:primaryType="nt:version" jcr:mixinTypes="" jcr:uuid="f9aed610-2b4a-44ba-99c0-3b210018c3f8" jcr:created="2008-05-19T14:21:57.524-07:00" jcr:predecessors="d0bcd7d7-9e73-4dd2-b9e4-f0441584b950" jcr:successors="25deea4d-741d-4796-a575-c475f4980596"&gt;
    <jcr:frozenNode jcr:primaryType="nt:frozenNode" jcr:mixinTypes="" jcr:uuid="28a16c20-5822-4753-9772-539e5cac2c1a" jcr:frozenUuid="6977764d-a239-4d47-a008-95f1ac94fe35" jcr:frozenPrimaryType="test:versionable" jcr:frozenMixinTypes="" jcr:versionHistory="b45cbd11-e582-4590-b4ac-bff6896d5f93" jcr:predecessors="d0bcd7d7-9e73-4dd2-b9e4-f0441584b950" />&lt;/_x0031_.0&gt;
    <jcr:rootVersion jcr:primaryType="nt:version" jcr:mixinTypes="" jcr:uuid="d0bcd7d7-9e73-4dd2-b9e4-f0441584b950" jcr:created="2008-05-19T14:21:57.438-07:00" jcr:predecessors="" jcr:successors="f9aed610-2b4a-44ba-99c0-3b210018c3f8" /></b45cbd11-e582-4590-b4ac-bff6896d5f93>&lt;_x0035_ec8ff18-35fa-40c0-a36d-b678b18a43a2 jcr:primaryType="nt:versionHistory" jcr:mixinTypes="" jcr:uuid="5ec8ff18-35fa-40c0-a36d-b678b18a43a2" jcr:versionableUuid="ae079ac4-38f4-4e05-8325-115eabb8f63d"&gt;
    <jcr:versionLabels jcr:primaryType="nt:versionLabels" jcr:mixinTypes="" />
    <jcr:rootVersion jcr:primaryType="nt:version" jcr:mixinTypes="" jcr:uuid="b8a257d4-99dc-4749-81fc-84952d8f3a9a" jcr:created="2008-05-19T14:22:19.738-07:00" jcr:predecessors="" jcr:successors="8af67db0-3034-429a-b85b-10419dd4e870" />&lt;_x0031_.0 jcr:primaryType="nt:version" jcr:mixinTypes="" jcr:uuid="8af67db0-3034-429a-b85b-10419dd4e870" jcr:created="2008-05-19T14:22:19.817-07:00" jcr:predecessors="b8a257d4-99dc-4749-81fc-84952d8f3a9a" jcr:successors=""&gt;
    <jcr:frozenNode jcr:primaryType="nt:frozenNode" jcr:mixinTypes="" jcr:uuid="5b8de329-9ac7-43bb-806b-2997677b3fbb" jcr:frozenUuid="ae079ac4-38f4-4e05-8325-115eabb8f63d" jcr:frozenPrimaryType="nt:unstructured" jcr:frozenMixinTypes="mix:versionable mix:lockable" jcr:versionHistory="5ec8ff18-35fa-40c0-a36d-b678b18a43a2" jcr:predecessors="b8a257d4-99dc-4749-81fc-84952d8f3a9a" />&lt;/_x0031_.0&gt;&lt;/_x0035_ec8ff18-35fa-40c0-a36d-b678b18a43a2&gt;&lt;_x0032_e8a7db8-6fa8-4906-8b08-2b793e907d0a jcr:primaryType="nt:versionHistory" jcr:mixinTypes="" jcr:uuid="2e8a7db8-6fa8-4906-8b08-2b793e907d0a" jcr:versionableUuid="80ad146d-b518-4a3b-bd9c-7fd4b7192551"&gt;
    <jcr:versionLabels jcr:primaryType="nt:versionLabels" jcr:mixinTypes="" />
    <jcr:rootVersion jcr:primaryType="nt:version" jcr:mixinTypes="" jcr:uuid="5a68ed5b-38ba-4528-8d76-ac24e4ce39c5" jcr:created="2008-05-19T14:21:37.249-07:00" jcr:predecessors="" jcr:successors="469f2847-5feb-4652-b20d-dea99362952e" />&lt;_x0031_.1 jcr:primaryType="nt:version" jcr:mixinTypes="" jcr:uuid="026a8967-3319-4a00-9699-d59ff328a9a4" jcr:created="2008-05-19T14:21:37.425-07:00" jcr:predecessors="469f2847-5feb-4652-b20d-dea99362952e" jcr:successors=""&gt;
    <jcr:frozenNode jcr:primaryType="nt:frozenNode" jcr:mixinTypes="" jcr:uuid="137f4af2-c317-4df0-b00f-f54ab5da6e22" jcr:frozenUuid="80ad146d-b518-4a3b-bd9c-7fd4b7192551" jcr:frozenPrimaryType="test:versionable" jcr:frozenMixinTypes="" jcr:versionHistory="2e8a7db8-6fa8-4906-8b08-2b793e907d0a" jcr:predecessors="469f2847-5feb-4652-b20d-dea99362952e" />&lt;/_x0031_.1&gt;&lt;_x0031_.0 jcr:primaryType="nt:version" jcr:mixinTypes="" jcr:uuid="469f2847-5feb-4652-b20d-dea99362952e" jcr:created="2008-05-19T14:21:37.362-07:00" jcr:predecessors="5a68ed5b-38ba-4528-8d76-ac24e4ce39c5" jcr:successors="026a8967-3319-4a00-9699-d59ff328a9a4"&gt;
    <jcr:frozenNode jcr:primaryType="nt:frozenNode" jcr:mixinTypes="" jcr:uuid="f5b5574f-8e32-4045-92aa-86bee12c0927" jcr:frozenUuid="80ad146d-b518-4a3b-bd9c-7fd4b7192551" jcr:frozenPrimaryType="test:versionable" jcr:frozenMixinTypes="" jcr:versionHistory="2e8a7db8-6fa8-4906-8b08-2b793e907d0a" jcr:predecessors="5a68ed5b-38ba-4528-8d76-ac24e4ce39c5" />&lt;/_x0031_.0&gt;&lt;/_x0032_e8a7db8-6fa8-4906-8b08-2b793e907d0a&gt;
    <e4be1a5d-ee0f-4bd4-a2cc-112a690955ec jcr:primaryType="nt:versionHistory" jcr:mixinTypes="" jcr:uuid="e4be1a5d-ee0f-4bd4-a2cc-112a690955ec" jcr:versionableUuid="fe6096a0-5ba4-4f1c-90fd-5e7d5fe75010">
      <jcr:versionLabels jcr:primaryType="nt:versionLabels" jcr:mixinTypes="" />
      <jcr:rootVersion jcr:primaryType="nt:version" jcr:mixinTypes="" jcr:uuid="3c18a266-e3c1-42d0-81b1-c1157a5b7ffe" jcr:created="2008-05-19T14:21:16.636-07:00" jcr:predecessors="" jcr:successors="" />
    </e4be1a5d-ee0f-4bd4-a2cc-112a690955ec>&lt;_x0035_cc242be-4aec-459d-ac5e-fe6dccc6919d jcr:primaryType="nt:versionHistory" jcr:mixinTypes="" jcr:uuid="5cc242be-4aec-459d-ac5e-fe6dccc6919d" jcr:versionableUuid="34b5528f-ff91-4ca1-8f83-5b5436caf6f0"&gt;
    <jcr:versionLabels jcr:primaryType="nt:versionLabels" jcr:mixinTypes="" />
    <jcr:rootVersion jcr:primaryType="nt:version" jcr:mixinTypes="" jcr:uuid="366a9014-8dfc-4c71-ad2b-73ed314d2c7d" jcr:created="2008-05-19T14:21:39.114-07:00" jcr:predecessors="" jcr:successors="" />&lt;/_x0035_cc242be-4aec-459d-ac5e-fe6dccc6919d&gt;&lt;_x0034_3e4a451-80f3-41bc-b7a7-605d474a5e49 jcr:primaryType="nt:versionHistory" jcr:mixinTypes="" jcr:uuid="43e4a451-80f3-41bc-b7a7-605d474a5e49" jcr:versionableUuid="4c538957-a1d0-46ba-87b9-16a3bc0c5124"&gt;
    <jcr:versionLabels jcr:primaryType="nt:versionLabels" jcr:mixinTypes="" />&lt;_x0031_.1 jcr:primaryType="nt:version" jcr:mixinTypes="" jcr:uuid="71e146c7-88d8-435f-9b62-9348d4a917df" jcr:created="2008-05-19T14:22:04.913-07:00" jcr:predecessors="c389b7df-6aae-47e6-94e4-a2cf7b9c0b2e" jcr:successors=""&gt;
    <jcr:frozenNode jcr:primaryType="nt:frozenNode" jcr:mixinTypes="" jcr:uuid="1cc80cb4-189c-452c-b6ef-ca3fc66beee3" jcr:frozenUuid="4c538957-a1d0-46ba-87b9-16a3bc0c5124" jcr:frozenPrimaryType="test:versionable" jcr:frozenMixinTypes="" jcr:versionHistory="43e4a451-80f3-41bc-b7a7-605d474a5e49" jcr:predecessors="c389b7df-6aae-47e6-94e4-a2cf7b9c0b2e" />&lt;/_x0031_.1&gt;
    <jcr:rootVersion jcr:primaryType="nt:version" jcr:mixinTypes="" jcr:uuid="14ffca51-bec6-4c53-bd05-b0590d57c499" jcr:created="2008-05-19T14:22:04.826-07:00" jcr:predecessors="" jcr:successors="c389b7df-6aae-47e6-94e4-a2cf7b9c0b2e" />&lt;_x0031_.0 jcr:primaryType="nt:version" jcr:mixinTypes="" jcr:uuid="c389b7df-6aae-47e6-94e4-a2cf7b9c0b2e" jcr:created="2008-05-19T14:22:04.901-07:00" jcr:predecessors="14ffca51-bec6-4c53-bd05-b0590d57c499" jcr:successors="71e146c7-88d8-435f-9b62-9348d4a917df"&gt;
    <jcr:frozenNode jcr:primaryType="nt:frozenNode" jcr:mixinTypes="" jcr:uuid="22196a24-6075-46ed-81fe-91088fcc3f4f" jcr:frozenUuid="4c538957-a1d0-46ba-87b9-16a3bc0c5124" jcr:frozenPrimaryType="test:versionable" jcr:frozenMixinTypes="" jcr:versionHistory="43e4a451-80f3-41bc-b7a7-605d474a5e49" jcr:predecessors="14ffca51-bec6-4c53-bd05-b0590d57c499" />&lt;/_x0031_.0&gt;&lt;/_x0034_3e4a451-80f3-41bc-b7a7-605d474a5e49&gt;
    <d2ef989e-571f-4aeb-90d3-66020c477ca8 jcr:primaryType="nt:versionHistory" jcr:mixinTypes="" jcr:uuid="d2ef989e-571f-4aeb-90d3-66020c477ca8" jcr:versionableUuid="2b255620-f09f-4757-ad2e-e5cda6c9fb47">
    <jcr:versionLabels jcr:primaryType="nt:versionLabels" jcr:mixinTypes="" />&lt;_x0031_.2 jcr:primaryType="nt:version" jcr:mixinTypes="" jcr:uuid="59f57947-1be0-4d4c-a3b4-6b049552ba9c" jcr:created="2008-05-19T14:22:09.543-07:00" jcr:predecessors="0be2175a-394b-4eb2-bb64-d6fd3e0e9108" jcr:successors=""&gt;
    <jcr:frozenNode jcr:primaryType="nt:frozenNode" jcr:mixinTypes="" jcr:uuid="36f53f74-00a9-469b-b5f7-13ddd13cf9e8" jcr:frozenUuid="2b255620-f09f-4757-ad2e-e5cda6c9fb47" jcr:frozenPrimaryType="test:versionable" jcr:frozenMixinTypes="" jcr:versionHistory="d2ef989e-571f-4aeb-90d3-66020c477ca8" jcr:predecessors="0be2175a-394b-4eb2-bb64-d6fd3e0e9108" />&lt;/_x0031_.2&gt;&lt;_x0031_.0 jcr:primaryType="nt:version" jcr:mixinTypes="" jcr:uuid="67a2d6e5-0437-4a82-a657-9b7e7f83ce0c" jcr:created="2008-05-19T14:22:09.242-07:00" jcr:predecessors="6a97c47b-3555-45d3-b753-9651df282eac" jcr:successors="0be2175a-394b-4eb2-bb64-d6fd3e0e9108"&gt;
    <jcr:frozenNode jcr:primaryType="nt:frozenNode" jcr:mixinTypes="" jcr:uuid="91c99bad-c62a-4dab-a4c4-2c6d3a0b4ea1" jcr:frozenUuid="2b255620-f09f-4757-ad2e-e5cda6c9fb47" jcr:frozenPrimaryType="test:versionable" jcr:frozenMixinTypes="" jcr:versionHistory="d2ef989e-571f-4aeb-90d3-66020c477ca8" jcr:predecessors="6a97c47b-3555-45d3-b753-9651df282eac" />&lt;/_x0031_.0&gt;
    <jcr:rootVersion jcr:primaryType="nt:version" jcr:mixinTypes="" jcr:uuid="6a97c47b-3555-45d3-b753-9651df282eac" jcr:created="2008-05-19T14:22:09.158-07:00" jcr:predecessors="" jcr:successors="67a2d6e5-0437-4a82-a657-9b7e7f83ce0c" />&lt;_x0031_.1 jcr:primaryType="nt:version" jcr:mixinTypes="" jcr:uuid="0be2175a-394b-4eb2-bb64-d6fd3e0e9108" jcr:created="2008-05-19T14:22:09.256-07:00" jcr:predecessors="67a2d6e5-0437-4a82-a657-9b7e7f83ce0c" jcr:successors="59f57947-1be0-4d4c-a3b4-6b049552ba9c"&gt;
    <jcr:frozenNode jcr:primaryType="nt:frozenNode" jcr:mixinTypes="" jcr:uuid="b930f600-3acc-489c-8bdb-91e549e9818f" jcr:frozenUuid="2b255620-f09f-4757-ad2e-e5cda6c9fb47" jcr:frozenPrimaryType="test:versionable" jcr:frozenMixinTypes="" jcr:versionHistory="d2ef989e-571f-4aeb-90d3-66020c477ca8" jcr:predecessors="67a2d6e5-0437-4a82-a657-9b7e7f83ce0c" />&lt;/_x0031_.1&gt;</d2ef989e-571f-4aeb-90d3-66020c477ca8>&lt;_x0039_e83f4c9-08f1-4976-a2a6-2970d34efe4e jcr:primaryType="nt:versionHistory" jcr:mixinTypes="" jcr:uuid="9e83f4c9-08f1-4976-a2a6-2970d34efe4e" jcr:versionableUuid="ed79d891-547c-4b84-b715-89fe5f44fd66"&gt;
    <jcr:versionLabels jcr:primaryType="nt:versionLabels" jcr:mixinTypes="" />
    <jcr:rootVersion jcr:primaryType="nt:version" jcr:mixinTypes="" jcr:uuid="35ae6d3c-50f5-4407-8cb4-5a4047047d63" jcr:created="2008-05-19T14:21:14.867-07:00" jcr:predecessors="" jcr:successors="" />&lt;/_x0039_e83f4c9-08f1-4976-a2a6-2970d34efe4e&gt;
    <a0d140db-a574-4d0f-bbf6-6b7b443e3a58 jcr:primaryType="nt:versionHistory" jcr:mixinTypes="" jcr:uuid="a0d140db-a574-4d0f-bbf6-6b7b443e3a58" jcr:versionableUuid="9697e0b6-cf2f-4c32-962b-5a452c5249b1">
    <jcr:versionLabels jcr:primaryType="nt:versionLabels" jcr:mixinTypes="" />&lt;_x0031_.1 jcr:primaryType="nt:version" jcr:mixinTypes="" jcr:uuid="6f040968-152b-49fe-b20b-e3a46f3339ab" jcr:created="2008-05-19T14:21:28.322-07:00" jcr:predecessors="6757e1a6-25ab-44b5-bca6-c47d3ed825ce" jcr:successors=""&gt;
    <jcr:frozenNode jcr:primaryType="nt:frozenNode" jcr:mixinTypes="" jcr:uuid="14d2984b-ef1b-4e9f-a145-c3649cd1fd98" jcr:frozenUuid="9697e0b6-cf2f-4c32-962b-5a452c5249b1" jcr:frozenPrimaryType="test:versionable" jcr:frozenMixinTypes="" prop1="versionableNodeName1" jcr:versionHistory="a0d140db-a574-4d0f-bbf6-6b7b443e3a58" jcr:predecessors="6757e1a6-25ab-44b5-bca6-c47d3ed825ce" />&lt;/_x0031_.1&gt;
    <jcr:rootVersion jcr:primaryType="nt:version" jcr:mixinTypes="" jcr:uuid="58291446-f28a-4829-8177-16be6805844b" jcr:created="2008-05-19T14:21:28.244-07:00" jcr:predecessors="" jcr:successors="6757e1a6-25ab-44b5-bca6-c47d3ed825ce" />&lt;_x0031_.0 jcr:primaryType="nt:version" jcr:mixinTypes="" jcr:uuid="6757e1a6-25ab-44b5-bca6-c47d3ed825ce" jcr:created="2008-05-19T14:21:28.303-07:00" jcr:predecessors="58291446-f28a-4829-8177-16be6805844b" jcr:successors="6f040968-152b-49fe-b20b-e3a46f3339ab 8813b08a-5b02-43ac-9eb2-9d87d29a37e1"&gt;
    <jcr:frozenNode jcr:primaryType="nt:frozenNode" jcr:mixinTypes="" jcr:uuid="d7bc1041-ffba-4091-bb68-a177e04173f0" jcr:frozenUuid="9697e0b6-cf2f-4c32-962b-5a452c5249b1" jcr:frozenPrimaryType="test:versionable" jcr:frozenMixinTypes="" prop1="versionableNodeName1" jcr:versionHistory="a0d140db-a574-4d0f-bbf6-6b7b443e3a58" jcr:predecessors="58291446-f28a-4829-8177-16be6805844b" />&lt;/_x0031_.0&gt;&lt;_x0031_.0.1 jcr:primaryType="nt:version" jcr:mixinTypes="" jcr:uuid="8813b08a-5b02-43ac-9eb2-9d87d29a37e1" jcr:created="2008-05-19T14:21:28.340-07:00" jcr:predecessors="6757e1a6-25ab-44b5-bca6-c47d3ed825ce" jcr:successors=""&gt;
    <jcr:frozenNode jcr:primaryType="nt:frozenNode" jcr:mixinTypes="" jcr:uuid="ee597853-a45c-4972-b9b1-ebcd88c13581" jcr:frozenUuid="9697e0b6-cf2f-4c32-962b-5a452c5249b1" jcr:frozenPrimaryType="test:versionable" jcr:frozenMixinTypes="" prop1="versionableNodeName1" jcr:versionHistory="a0d140db-a574-4d0f-bbf6-6b7b443e3a58" jcr:predecessors="6757e1a6-25ab-44b5-bca6-c47d3ed825ce" />&lt;/_x0031_.0.1&gt;</a0d140db-a574-4d0f-bbf6-6b7b443e3a58>&lt;_x0034_999cf5d-f75c-4ff2-8491-936f8caaa88d jcr:primaryType="nt:versionHistory" jcr:mixinTypes="" jcr:uuid="4999cf5d-f75c-4ff2-8491-936f8caaa88d" jcr:versionableUuid="08952197-7ed8-47fa-b2e7-79430e7ec404"&gt;
    <jcr:versionLabels jcr:primaryType="nt:versionLabels" jcr:mixinTypes="" />
    <jcr:rootVersion jcr:primaryType="nt:version" jcr:mixinTypes="" jcr:uuid="cef65488-a65f-4a2e-a446-f6725b71ede9" jcr:created="2008-05-19T14:21:34.144-07:00" jcr:predecessors="" jcr:successors="" />&lt;/_x0034_999cf5d-f75c-4ff2-8491-936f8caaa88d&gt;&lt;_x0032_77a02a4-3aa4-4bf9-9b80-ceb559c33e70 jcr:primaryType="nt:versionHistory" jcr:mixinTypes="" jcr:uuid="277a02a4-3aa4-4bf9-9b80-ceb559c33e70" jcr:versionableUuid="8b38d0d5-f581-408e-9975-b468d006b1eb"&gt;
    <jcr:versionLabels jcr:primaryType="nt:versionLabels" jcr:mixinTypes="" />
    <jcr:rootVersion jcr:primaryType="nt:version" jcr:mixinTypes="" jcr:uuid="46f432ec-ca30-4406-9f16-7324857ce291" jcr:created="2008-05-19T14:21:13.215-07:00" jcr:predecessors="" jcr:successors="" />&lt;/_x0032_77a02a4-3aa4-4bf9-9b80-ceb559c33e70&gt;&lt;_x0033_938c1d6-23ec-45c3-8111-131131701d1a jcr:primaryType="nt:versionHistory" jcr:mixinTypes="" jcr:uuid="3938c1d6-23ec-45c3-8111-131131701d1a" jcr:versionableUuid="b527468a-d6c3-4443-93e1-61aea36c75d2"&gt;
    <jcr:versionLabels jcr:primaryType="nt:versionLabels" jcr:mixinTypes="" />&lt;_x0031_.0 jcr:primaryType="nt:version" jcr:mixinTypes="" jcr:uuid="b34574fc-f884-4c8f-927e-b5fbc333d4ff" jcr:created="2008-05-19T14:21:59.213-07:00" jcr:predecessors="9cb1aa39-9fe3-410a-9e36-bc2c9c817fea" jcr:successors="f3aed5e2-0cef-43e3-a9e5-9b66301fa664"&gt;
    <jcr:frozenNode jcr:primaryType="nt:frozenNode" jcr:mixinTypes="" jcr:uuid="78685984-919b-4b9d-b98b-1f5079e04d21" jcr:frozenUuid="b527468a-d6c3-4443-93e1-61aea36c75d2" jcr:frozenPrimaryType="test:versionable" jcr:frozenMixinTypes="" jcr:versionHistory="3938c1d6-23ec-45c3-8111-131131701d1a" jcr:predecessors="9cb1aa39-9fe3-410a-9e36-bc2c9c817fea" />&lt;/_x0031_.0&gt;&lt;_x0031_.1 jcr:primaryType="nt:version" jcr:mixinTypes="" jcr:uuid="f3aed5e2-0cef-43e3-a9e5-9b66301fa664" jcr:created="2008-05-19T14:21:59.227-07:00" jcr:predecessors="b34574fc-f884-4c8f-927e-b5fbc333d4ff" jcr:successors=""&gt;
    <jcr:frozenNode jcr:primaryType="nt:frozenNode" jcr:mixinTypes="" jcr:uuid="2b0dd37b-11a4-40e9-b084-0912b2ebf07b" jcr:frozenUuid="b527468a-d6c3-4443-93e1-61aea36c75d2" jcr:frozenPrimaryType="test:versionable" jcr:frozenMixinTypes="" jcr:versionHistory="3938c1d6-23ec-45c3-8111-131131701d1a" jcr:predecessors="b34574fc-f884-4c8f-927e-b5fbc333d4ff" />&lt;/_x0031_.1&gt;
    <jcr:rootVersion jcr:primaryType="nt:version" jcr:mixinTypes="" jcr:uuid="9cb1aa39-9fe3-410a-9e36-bc2c9c817fea" jcr:created="2008-05-19T14:21:59.066-07:00" jcr:predecessors="" jcr:successors="b34574fc-f884-4c8f-927e-b5fbc333d4ff" />&lt;/_x0033_938c1d6-23ec-45c3-8111-131131701d1a&gt;&lt;_x0038_5d3358c-d66a-4b8b-9f93-66e0b696862f jcr:primaryType="nt:versionHistory" jcr:mixinTypes="" jcr:uuid="85d3358c-d66a-4b8b-9f93-66e0b696862f" jcr:versionableUuid="e6a53e28-c375-4ff4-85dc-25fa3cf4e267"&gt;
    <jcr:versionLabels jcr:primaryType="nt:versionLabels" jcr:mixinTypes="" />
    <jcr:rootVersion jcr:primaryType="nt:version" jcr:mixinTypes="" jcr:uuid="71760932-28d6-47a9-b98c-5d69068f4bb5" jcr:created="2008-05-19T14:21:15.339-07:00" jcr:predecessors="" jcr:successors="" />&lt;/_x0038_5d3358c-d66a-4b8b-9f93-66e0b696862f&gt;
    <eb25e1f7-a3d0-4c1b-9167-b48b8d9badc4 jcr:primaryType="nt:versionHistory" jcr:mixinTypes="" jcr:uuid="eb25e1f7-a3d0-4c1b-9167-b48b8d9badc4" jcr:versionableUuid="7c3add33-b068-4f94-abb4-50111c428b4e">
    <jcr:versionLabels jcr:primaryType="nt:versionLabels" jcr:mixinTypes="" />
    <jcr:rootVersion jcr:primaryType="nt:version" jcr:mixinTypes="" jcr:uuid="357313c0-9d4a-4439-ad38-8d6a3b5e9788" jcr:created="2008-05-19T14:22:12.889-07:00" jcr:predecessors="" jcr:successors="5806ab56-c61f-4d5c-a993-e8d48b3ab525" />&lt;_x0031_.0 jcr:primaryType="nt:version" jcr:mixinTypes="" jcr:uuid="5806ab56-c61f-4d5c-a993-e8d48b3ab525" jcr:created="2008-05-19T14:22:12.953-07:00" jcr:predecessors="357313c0-9d4a-4439-ad38-8d6a3b5e9788" jcr:successors=""&gt;
    <jcr:frozenNode jcr:primaryType="nt:frozenNode" jcr:mixinTypes="" jcr:uuid="17f82089-6042-4858-93aa-187c992953f2" jcr:frozenUuid="7c3add33-b068-4f94-abb4-50111c428b4e" jcr:frozenPrimaryType="test:versionable" jcr:frozenMixinTypes="" jcr:versionHistory="eb25e1f7-a3d0-4c1b-9167-b48b8d9badc4" jcr:predecessors="357313c0-9d4a-4439-ad38-8d6a3b5e9788" />&lt;/_x0031_.0&gt;</eb25e1f7-a3d0-4c1b-9167-b48b8d9badc4>&lt;_x0036_364ee77-c69c-46ad-9f24-6d8411653066 jcr:primaryType="nt:versionHistory" jcr:mixinTypes="" jcr:uuid="6364ee77-c69c-46ad-9f24-6d8411653066" jcr:versionableUuid="4d5e2375-5207-43b2-b4fd-9d29fd591319"&gt;
    <jcr:versionLabels jcr:primaryType="nt:versionLabels" jcr:mixinTypes="" />
    <jcr:rootVersion jcr:primaryType="nt:version" jcr:mixinTypes="" jcr:uuid="1a919f70-c04f-42b8-89d7-45650c8a3b83" jcr:created="2008-05-19T14:21:45.868-07:00" jcr:predecessors="" jcr:successors="95e9dcc0-471b-4556-ab14-b836f9d1a220" />&lt;_x0031_.0 jcr:primaryType="nt:version" jcr:mixinTypes="" jcr:uuid="95e9dcc0-471b-4556-ab14-b836f9d1a220" jcr:created="2008-05-19T14:21:45.925-07:00" jcr:predecessors="1a919f70-c04f-42b8-89d7-45650c8a3b83" jcr:successors=""&gt;
    <jcr:frozenNode jcr:primaryType="nt:frozenNode" jcr:mixinTypes="" jcr:uuid="d682f81c-46c4-4872-b813-9af32a0eab6c" jcr:frozenUuid="4d5e2375-5207-43b2-b4fd-9d29fd591319" jcr:frozenPrimaryType="test:versionable" jcr:frozenMixinTypes="" jcr:versionHistory="6364ee77-c69c-46ad-9f24-6d8411653066" jcr:predecessors="1a919f70-c04f-42b8-89d7-45650c8a3b83" />&lt;/_x0031_.0&gt;&lt;/_x0036_364ee77-c69c-46ad-9f24-6d8411653066&gt;
    <a29f34b2-50ba-43a4-a3f1-e5b083b6d402 jcr:primaryType="nt:versionHistory" jcr:mixinTypes="" jcr:uuid="a29f34b2-50ba-43a4-a3f1-e5b083b6d402" jcr:versionableUuid="9bc771fb-af64-4ce2-9baf-9f9d89c5b856">
    <jcr:versionLabels jcr:primaryType="nt:versionLabels" jcr:mixinTypes="" />&lt;_x0031_.0 jcr:primaryType="nt:version" jcr:mixinTypes="" jcr:uuid="0b948ab8-7c51-4e12-b996-876bf62a1727" jcr:created="2008-05-19T14:21:45.837-07:00" jcr:predecessors="4801e01e-0c70-45b0-acf0-0388cad8413d" jcr:successors=""&gt;
    <jcr:frozenNode jcr:primaryType="nt:frozenNode" jcr:mixinTypes="" jcr:uuid="9db9b136-8035-4648-bfd5-c74e0c1d35fc" jcr:frozenUuid="9bc771fb-af64-4ce2-9baf-9f9d89c5b856" jcr:frozenPrimaryType="test:versionable" jcr:frozenMixinTypes="" jcr:versionHistory="a29f34b2-50ba-43a4-a3f1-e5b083b6d402" jcr:predecessors="4801e01e-0c70-45b0-acf0-0388cad8413d" />&lt;/_x0031_.0&gt;
    <jcr:rootVersion jcr:primaryType="nt:version" jcr:mixinTypes="" jcr:uuid="4801e01e-0c70-45b0-acf0-0388cad8413d" jcr:created="2008-05-19T14:21:45.759-07:00" jcr:predecessors="" jcr:successors="0b948ab8-7c51-4e12-b996-876bf62a1727" /></a29f34b2-50ba-43a4-a3f1-e5b083b6d402>&lt;_x0038_f9c1cab-2d66-4d06-9b72-1f5adaf85f3e jcr:primaryType="nt:versionHistory" jcr:mixinTypes="" jcr:uuid="8f9c1cab-2d66-4d06-9b72-1f5adaf85f3e" jcr:versionableUuid="5aeb5d26-bc88-4b2e-b238-a462a9fff084"&gt;
    <jcr:versionLabels jcr:primaryType="nt:versionLabels" jcr:mixinTypes="" />
    <jcr:rootVersion jcr:primaryType="nt:version" jcr:mixinTypes="" jcr:uuid="a32f8649-0f37-4dee-8c5a-4fab59715eb4" jcr:created="2008-05-19T14:22:00.962-07:00" jcr:predecessors="" jcr:successors="3f70c78c-6bc6-420e-bb4f-62d3d69f1a5c" />&lt;_x0031_.0 jcr:primaryType="nt:version" jcr:mixinTypes="" jcr:uuid="3f70c78c-6bc6-420e-bb4f-62d3d69f1a5c" jcr:created="2008-05-19T14:22:01.035-07:00" jcr:predecessors="a32f8649-0f37-4dee-8c5a-4fab59715eb4" jcr:successors="c03519bd-63cf-4bb4-9e9b-f10d3414ca15"&gt;
    <jcr:frozenNode jcr:primaryType="nt:frozenNode" jcr:mixinTypes="" jcr:uuid="8c13fd0a-1ce1-45f1-b39e-e090f62a20ea" jcr:frozenUuid="5aeb5d26-bc88-4b2e-b238-a462a9fff084" jcr:frozenPrimaryType="test:versionable" jcr:frozenMixinTypes="" jcr:versionHistory="8f9c1cab-2d66-4d06-9b72-1f5adaf85f3e" jcr:predecessors="a32f8649-0f37-4dee-8c5a-4fab59715eb4" />&lt;/_x0031_.0&gt;&lt;_x0031_.1 jcr:primaryType="nt:version" jcr:mixinTypes="" jcr:uuid="c03519bd-63cf-4bb4-9e9b-f10d3414ca15" jcr:created="2008-05-19T14:22:01.051-07:00" jcr:predecessors="3f70c78c-6bc6-420e-bb4f-62d3d69f1a5c" jcr:successors=""&gt;
    <jcr:frozenNode jcr:primaryType="nt:frozenNode" jcr:mixinTypes="" jcr:uuid="abaf1b86-3302-4442-80cd-9e1a5aaf8a4c" jcr:frozenUuid="5aeb5d26-bc88-4b2e-b238-a462a9fff084" jcr:frozenPrimaryType="test:versionable" jcr:frozenMixinTypes="" jcr:versionHistory="8f9c1cab-2d66-4d06-9b72-1f5adaf85f3e" jcr:predecessors="3f70c78c-6bc6-420e-bb4f-62d3d69f1a5c" />&lt;/_x0031_.1&gt;&lt;/_x0038_f9c1cab-2d66-4d06-9b72-1f5adaf85f3e&gt;&lt;_x0037_6e867a0-c23d-4fa4-8472-d1d88d2d51f2 jcr:primaryType="nt:versionHistory" jcr:mixinTypes="" jcr:uuid="76e867a0-c23d-4fa4-8472-d1d88d2d51f2" jcr:versionableUuid="61c45ac8-89e6-47df-85d9-4e7853f821eb"&gt;
    <jcr:versionLabels jcr:primaryType="nt:versionLabels" jcr:mixinTypes="" />
    <jcr:rootVersion jcr:primaryType="nt:version" jcr:mixinTypes="" jcr:uuid="01435f6f-4c58-4c78-934a-ee339de58867" jcr:created="2008-05-19T14:21:15.677-07:00" jcr:predecessors="" jcr:successors="" />&lt;/_x0037_6e867a0-c23d-4fa4-8472-d1d88d2d51f2&gt;&lt;_x0034_3f72740-b5cb-4336-ad5e-554846bc4ba1 jcr:primaryType="nt:versionHistory" jcr:mixinTypes="" jcr:uuid="43f72740-b5cb-4336-ad5e-554846bc4ba1" jcr:versionableUuid="940c45af-7406-4248-9d17-bb1792a2e9e5"&gt;
    <jcr:versionLabels jcr:primaryType="nt:versionLabels" jcr:mixinTypes="" />
    <jcr:rootVersion jcr:primaryType="nt:version" jcr:mixinTypes="" jcr:uuid="ca52de3b-212a-4e15-afbe-1a18248a8e5f" jcr:created="2008-05-19T14:21:40.660-07:00" jcr:predecessors="" jcr:successors="68632f3b-71b0-4754-b1eb-880432b62bd2" />&lt;_x0031_.0 jcr:primaryType="nt:version" jcr:mixinTypes="" jcr:uuid="68632f3b-71b0-4754-b1eb-880432b62bd2" jcr:created="2008-05-19T14:21:40.737-07:00" jcr:predecessors="ca52de3b-212a-4e15-afbe-1a18248a8e5f" jcr:successors=""&gt;
    <jcr:frozenNode jcr:primaryType="nt:frozenNode" jcr:mixinTypes="" jcr:uuid="f0b93d33-46ef-4f8a-bba3-7b19363b7170" jcr:frozenUuid="940c45af-7406-4248-9d17-bb1792a2e9e5" jcr:frozenPrimaryType="test:versionable" jcr:frozenMixinTypes="" jcr:versionHistory="43f72740-b5cb-4336-ad5e-554846bc4ba1" jcr:predecessors="ca52de3b-212a-4e15-afbe-1a18248a8e5f" />&lt;/_x0031_.0&gt;&lt;/_x0034_3f72740-b5cb-4336-ad5e-554846bc4ba1&gt;
    <b65114b4-8c16-4828-8184-c57a30d8bfd4 jcr:primaryType="nt:versionHistory" jcr:mixinTypes="" jcr:uuid="b65114b4-8c16-4828-8184-c57a30d8bfd4" jcr:versionableUuid="1d3ea81f-d5ac-4f2c-ab66-a29b0fefd150">
    <jcr:versionLabels jcr:primaryType="nt:versionLabels" jcr:mixinTypes="" />
    <jcr:rootVersion jcr:primaryType="nt:version" jcr:mixinTypes="" jcr:uuid="c888097a-9e0c-4728-ae46-824e865fa92e" jcr:created="2008-05-19T14:21:24.789-07:00" jcr:predecessors="" jcr:successors="86861a15-1a5b-49df-b1d3-0818e61614da" />&lt;_x0031_.0 jcr:primaryType="nt:version" jcr:mixinTypes="" jcr:uuid="86861a15-1a5b-49df-b1d3-0818e61614da" jcr:created="2008-05-19T14:21:24.919-07:00" jcr:predecessors="c888097a-9e0c-4728-ae46-824e865fa92e" jcr:successors=""&gt;
    <jcr:frozenNode jcr:primaryType="nt:frozenNode" jcr:mixinTypes="" jcr:uuid="3e29f024-f50e-4dc7-bce4-d461ab15a72c" jcr:frozenUuid="1d3ea81f-d5ac-4f2c-ab66-a29b0fefd150" jcr:frozenPrimaryType="nt:unstructured" jcr:frozenMixinTypes="mix:versionable" jcr:versionHistory="b65114b4-8c16-4828-8184-c57a30d8bfd4" jcr:predecessors="c888097a-9e0c-4728-ae46-824e865fa92e">
      <node2 jcr:primaryType="nt:unstructured" jcr:mixinTypes="" />
    </jcr:frozenNode>&lt;/_x0031_.0&gt;</b65114b4-8c16-4828-8184-c57a30d8bfd4>
    <b66d3dba-5827-44a4-b50f-bdd3dce58e6a jcr:primaryType="nt:versionHistory" jcr:mixinTypes="" jcr:uuid="b66d3dba-5827-44a4-b50f-bdd3dce58e6a" jcr:versionableUuid="cee7fa44-dcb5-40db-bdc0-9e504bcdc8cf">
    <jcr:versionLabels jcr:primaryType="nt:versionLabels" jcr:mixinTypes="" />
    <jcr:rootVersion jcr:primaryType="nt:version" jcr:mixinTypes="" jcr:uuid="9e5acea5-9683-4b29-9e81-83a1c81dadc9" jcr:created="2008-05-19T14:22:05.584-07:00" jcr:predecessors="" jcr:successors="b96ff994-7250-4b27-85e0-eef3d1cd95b7" />&lt;_x0031_.0 jcr:primaryType="nt:version" jcr:mixinTypes="" jcr:uuid="b96ff994-7250-4b27-85e0-eef3d1cd95b7" jcr:created="2008-05-19T14:22:05.948-07:00" jcr:predecessors="9e5acea5-9683-4b29-9e81-83a1c81dadc9" jcr:successors=""&gt;
    <jcr:frozenNode jcr:primaryType="nt:frozenNode" jcr:mixinTypes="" jcr:uuid="f0bab258-f3b9-4477-91eb-7f988a91fef2" jcr:frozenUuid="cee7fa44-dcb5-40db-bdc0-9e504bcdc8cf" jcr:frozenPrimaryType="test:versionable" jcr:frozenMixinTypes="" jcr:versionHistory="b66d3dba-5827-44a4-b50f-bdd3dce58e6a" jcr:predecessors="9e5acea5-9683-4b29-9e81-83a1c81dadc9" />&lt;/_x0031_.0&gt;</b66d3dba-5827-44a4-b50f-bdd3dce58e6a>
    <dd48302c-2377-4aae-9fc3-6e7133eedc2a jcr:primaryType="nt:versionHistory" jcr:mixinTypes="" jcr:uuid="dd48302c-2377-4aae-9fc3-6e7133eedc2a" jcr:versionableUuid="ec68bb9a-4282-4ca6-8ad7-7afc14eb30af">
    <jcr:versionLabels jcr:primaryType="nt:versionLabels" jcr:mixinTypes="" />
    <jcr:rootVersion jcr:primaryType="nt:version" jcr:mixinTypes="" jcr:uuid="85a93759-7d7a-4f47-b702-aa3cdb69060f" jcr:created="2008-05-19T14:21:26.485-07:00" jcr:predecessors="" jcr:successors="16e7e0e6-e63f-481f-9a45-36bd92db798f" />&lt;_x0031_.0 jcr:primaryType="nt:version" jcr:mixinTypes="" jcr:uuid="16e7e0e6-e63f-481f-9a45-36bd92db798f" jcr:created="2008-05-19T14:21:26.526-07:00" jcr:predecessors="85a93759-7d7a-4f47-b702-aa3cdb69060f" jcr:successors=""&gt;
    <jcr:frozenNode jcr:primaryType="nt:frozenNode" jcr:mixinTypes="" jcr:uuid="cc31a1c8-168e-4a3e-8b08-1844de0b28fd" jcr:frozenUuid="ec68bb9a-4282-4ca6-8ad7-7afc14eb30af" jcr:frozenPrimaryType="test:versionable" jcr:frozenMixinTypes="" jcr:versionHistory="dd48302c-2377-4aae-9fc3-6e7133eedc2a" jcr:predecessors="85a93759-7d7a-4f47-b702-aa3cdb69060f" />&lt;/_x0031_.0&gt;</dd48302c-2377-4aae-9fc3-6e7133eedc2a>&lt;_x0035_3cff8e2-abeb-4b69-b955-3af655c8eac5 jcr:primaryType="nt:versionHistory" jcr:mixinTypes="" jcr:uuid="53cff8e2-abeb-4b69-b955-3af655c8eac5" jcr:versionableUuid="3a286d96-dd19-4677-85bf-601080d46236"&gt;
    <jcr:versionLabels jcr:primaryType="nt:versionLabels" jcr:mixinTypes="" />&lt;_x0031_.1 jcr:primaryType="nt:version" jcr:mixinTypes="" jcr:uuid="0d99374e-2f8a-4ae6-8d76-7088c6806c99" jcr:created="2008-05-19T14:22:03.524-07:00" jcr:predecessors="8d6da6a7-8415-4370-99d8-f2c58591e38d" jcr:successors=""&gt;
    <jcr:frozenNode jcr:primaryType="nt:frozenNode" jcr:mixinTypes="" jcr:uuid="ba26024d-ac31-4cb7-88de-7462c5a4530c" jcr:frozenUuid="3a286d96-dd19-4677-85bf-601080d46236" jcr:frozenPrimaryType="test:versionable" jcr:frozenMixinTypes="" jcr:versionHistory="53cff8e2-abeb-4b69-b955-3af655c8eac5" jcr:predecessors="8d6da6a7-8415-4370-99d8-f2c58591e38d" />&lt;/_x0031_.1&gt;&lt;_x0031_.0 jcr:primaryType="nt:version" jcr:mixinTypes="" jcr:uuid="8d6da6a7-8415-4370-99d8-f2c58591e38d" jcr:created="2008-05-19T14:22:03.513-07:00" jcr:predecessors="83ed7856-7721-46d4-9dee-c85f9c6ed107" jcr:successors="0d99374e-2f8a-4ae6-8d76-7088c6806c99"&gt;
    <jcr:frozenNode jcr:primaryType="nt:frozenNode" jcr:mixinTypes="" jcr:uuid="355d401a-6dfe-4267-b18e-88553acb1991" jcr:frozenUuid="3a286d96-dd19-4677-85bf-601080d46236" jcr:frozenPrimaryType="test:versionable" jcr:frozenMixinTypes="" jcr:versionHistory="53cff8e2-abeb-4b69-b955-3af655c8eac5" jcr:predecessors="83ed7856-7721-46d4-9dee-c85f9c6ed107" />&lt;/_x0031_.0&gt;
    <jcr:rootVersion jcr:primaryType="nt:version" jcr:mixinTypes="" jcr:uuid="83ed7856-7721-46d4-9dee-c85f9c6ed107" jcr:created="2008-05-19T14:22:03.424-07:00" jcr:predecessors="" jcr:successors="8d6da6a7-8415-4370-99d8-f2c58591e38d" />&lt;/_x0035_3cff8e2-abeb-4b69-b955-3af655c8eac5&gt;&lt;_x0032_51faff2-f678-4d7f-82ea-1c04b15b6950 jcr:primaryType="nt:versionHistory" jcr:mixinTypes="" jcr:uuid="251faff2-f678-4d7f-82ea-1c04b15b6950" jcr:versionableUuid="ecb9c5d1-4187-4c67-b11d-57f72a192d3b"&gt;
    <jcr:versionLabels jcr:primaryType="nt:versionLabels" jcr:mixinTypes="" />
    <jcr:rootVersion jcr:primaryType="nt:version" jcr:mixinTypes="" jcr:uuid="a9680685-78df-47d4-83d0-1cdf58fdd2d6" jcr:created="2008-05-19T14:21:17.841-07:00" jcr:predecessors="" jcr:successors="" />&lt;/_x0032_51faff2-f678-4d7f-82ea-1c04b15b6950&gt;&lt;_x0031_3e793c5-bf01-4fb5-9b6e-14e26ade6dfe jcr:primaryType="nt:versionHistory" jcr:mixinTypes="" jcr:uuid="13e793c5-bf01-4fb5-9b6e-14e26ade6dfe" jcr:versionableUuid="90faa33a-f59e-495b-b18a-ecc097a5c3cd"&gt;
    <jcr:versionLabels jcr:primaryType="nt:versionLabels" jcr:mixinTypes="" />&lt;_x0031_.0 jcr:primaryType="nt:version" jcr:mixinTypes="" jcr:uuid="622faec9-4961-48a0-8555-fdd87a1e4592" jcr:created="2008-05-19T14:21:10.496-07:00" jcr:predecessors="4fb9492e-030a-4232-845d-10a7592e5bc1" jcr:successors=""&gt;
    <jcr:frozenNode jcr:primaryType="nt:frozenNode" jcr:mixinTypes="" jcr:uuid="e12e4cc1-c54c-495b-ba99-ebdeb71c0d50" jcr:frozenUuid="90faa33a-f59e-495b-b18a-ecc097a5c3cd" jcr:frozenPrimaryType="nt:unstructured" jcr:frozenMixinTypes="mix:versionable mix:lockable" jcr:versionHistory="13e793c5-bf01-4fb5-9b6e-14e26ade6dfe" jcr:predecessors="4fb9492e-030a-4232-845d-10a7592e5bc1" />&lt;/_x0031_.0&gt;
    <jcr:rootVersion jcr:primaryType="nt:version" jcr:mixinTypes="" jcr:uuid="4fb9492e-030a-4232-845d-10a7592e5bc1" jcr:created="2008-05-19T14:21:10.473-07:00" jcr:predecessors="" jcr:successors="622faec9-4961-48a0-8555-fdd87a1e4592" />&lt;/_x0031_3e793c5-bf01-4fb5-9b6e-14e26ade6dfe&gt;
    <ffe2f2e3-f0dd-4dd4-9351-86d2945b23ae jcr:primaryType="nt:versionHistory" jcr:mixinTypes="" jcr:uuid="ffe2f2e3-f0dd-4dd4-9351-86d2945b23ae" jcr:versionableUuid="31cb2206-4a69-4dfe-ac45-5d166a23e33a">
    <jcr:versionLabels jcr:primaryType="nt:versionLabels" jcr:mixinTypes="" />&lt;_x0031_.0 jcr:primaryType="nt:version" jcr:mixinTypes="" jcr:uuid="41915080-e251-4b34-80e2-4b675746feea" jcr:created="2008-05-19T14:22:10.194-07:00" jcr:predecessors="e2614a28-74f3-4062-be32-e457f10d6c5f" jcr:successors=""&gt;
    <jcr:frozenNode jcr:primaryType="nt:frozenNode" jcr:mixinTypes="" jcr:uuid="2aa5ba33-d3f9-46f7-8113-605544fc1336" jcr:frozenUuid="31cb2206-4a69-4dfe-ac45-5d166a23e33a" jcr:frozenPrimaryType="test:versionable" jcr:frozenMixinTypes="" jcr:versionHistory="ffe2f2e3-f0dd-4dd4-9351-86d2945b23ae" jcr:predecessors="e2614a28-74f3-4062-be32-e457f10d6c5f" />&lt;/_x0031_.0&gt;
    <jcr:rootVersion jcr:primaryType="nt:version" jcr:mixinTypes="" jcr:uuid="e2614a28-74f3-4062-be32-e457f10d6c5f" jcr:created="2008-05-19T14:22:10.100-07:00" jcr:predecessors="" jcr:successors="41915080-e251-4b34-80e2-4b675746feea" /></ffe2f2e3-f0dd-4dd4-9351-86d2945b23ae>
    <b5f44166-dbd5-4ca8-96af-fbb52d9b4d02 jcr:primaryType="nt:versionHistory" jcr:mixinTypes="" jcr:uuid="b5f44166-dbd5-4ca8-96af-fbb52d9b4d02" jcr:versionableUuid="7076da8c-610a-4fbd-b070-90dfcc62255e">
      <jcr:versionLabels jcr:primaryType="nt:versionLabels" jcr:mixinTypes="" />
      <jcr:rootVersion jcr:primaryType="nt:version" jcr:mixinTypes="" jcr:uuid="8472b8b5-bb07-46e9-b65f-858b9e00946c" jcr:created="2008-05-19T14:21:18.083-07:00" jcr:predecessors="" jcr:successors="" />
    </b5f44166-dbd5-4ca8-96af-fbb52d9b4d02>&lt;_x0037_937aa50-e709-4532-972b-041b924a3865 jcr:primaryType="nt:versionHistory" jcr:mixinTypes="" jcr:uuid="7937aa50-e709-4532-972b-041b924a3865" jcr:versionableUuid="17bac670-963e-43a3-bcbd-65be8da90a5b"&gt;
    <jcr:versionLabels jcr:primaryType="nt:versionLabels" jcr:mixinTypes="" />&lt;_x0031_.0 jcr:primaryType="nt:version" jcr:mixinTypes="" jcr:uuid="47e17b57-bfd2-42b9-b8fe-3f523a2d3b54" jcr:created="2008-05-19T14:22:18.325-07:00" jcr:predecessors="40737426-4a3a-40be-bb2c-8c0ef08017ce" jcr:successors=""&gt;
    <jcr:frozenNode jcr:primaryType="nt:frozenNode" jcr:mixinTypes="" jcr:uuid="875a1b83-fc1e-4d7b-a317-c2be516f700a" jcr:frozenUuid="17bac670-963e-43a3-bcbd-65be8da90a5b" jcr:frozenPrimaryType="test:versionable" jcr:frozenMixinTypes="" jcr:versionHistory="7937aa50-e709-4532-972b-041b924a3865" jcr:predecessors="40737426-4a3a-40be-bb2c-8c0ef08017ce" />&lt;/_x0031_.0&gt;
    <jcr:rootVersion jcr:primaryType="nt:version" jcr:mixinTypes="" jcr:uuid="40737426-4a3a-40be-bb2c-8c0ef08017ce" jcr:created="2008-05-19T14:22:18.154-07:00" jcr:predecessors="" jcr:successors="47e17b57-bfd2-42b9-b8fe-3f523a2d3b54" />&lt;/_x0037_937aa50-e709-4532-972b-041b924a3865&gt;&lt;_x0036_a842782-888a-406e-9fc0-ccc66d1a41ce jcr:primaryType="nt:versionHistory" jcr:mixinTypes="" jcr:uuid="6a842782-888a-406e-9fc0-ccc66d1a41ce" jcr:versionableUuid="5df79196-9fe3-4e20-bb8b-2cd60bf33ac3"&gt;
    <jcr:versionLabels jcr:primaryType="nt:versionLabels" jcr:mixinTypes="" />
    <jcr:rootVersion jcr:primaryType="nt:version" jcr:mixinTypes="" jcr:uuid="ed98d425-c4fb-4db8-a4f0-3cd97b3e3662" jcr:created="2008-05-19T14:21:37.471-07:00" jcr:predecessors="" jcr:successors="" />&lt;/_x0036_a842782-888a-406e-9fc0-ccc66d1a41ce&gt;
    <df957666-01a4-4c70-bfd0-cc5fd3a3a2ca jcr:primaryType="nt:versionHistory" jcr:mixinTypes="" jcr:uuid="df957666-01a4-4c70-bfd0-cc5fd3a3a2ca" jcr:versionableUuid="04dd5c9b-5186-47f6-9c60-0141068955a5">
      <jcr:versionLabels jcr:primaryType="nt:versionLabels" jcr:mixinTypes="" />
      <jcr:rootVersion jcr:primaryType="nt:version" jcr:mixinTypes="" jcr:uuid="2eb6571f-3137-4e0c-b439-fc97a53ba37c" jcr:created="2008-05-19T14:22:11.472-07:00" jcr:predecessors="" jcr:successors="" />
    </df957666-01a4-4c70-bfd0-cc5fd3a3a2ca>&lt;_x0035_3be4edc-8ab1-4f88-85ab-b8a793604563 jcr:primaryType="nt:versionHistory" jcr:mixinTypes="" jcr:uuid="53be4edc-8ab1-4f88-85ab-b8a793604563" jcr:versionableUuid="ac68c14b-7857-4669-8a3d-f53a345a65ed"&gt;
    <jcr:versionLabels jcr:primaryType="nt:versionLabels" jcr:mixinTypes="" />
    <jcr:rootVersion jcr:primaryType="nt:version" jcr:mixinTypes="" jcr:uuid="fc87a968-3b0c-49c9-a9ab-082df6375878" jcr:created="2008-05-19T14:21:48.203-07:00" jcr:predecessors="" jcr:successors="17b29812-4c71-423e-b0b7-f4dd049a7637" />&lt;_x0031_.0 jcr:primaryType="nt:version" jcr:mixinTypes="" jcr:uuid="17b29812-4c71-423e-b0b7-f4dd049a7637" jcr:created="2008-05-19T14:21:48.286-07:00" jcr:predecessors="fc87a968-3b0c-49c9-a9ab-082df6375878" jcr:successors=""&gt;
    <jcr:frozenNode jcr:primaryType="nt:frozenNode" jcr:mixinTypes="" jcr:uuid="4834b085-5528-4bcc-9e1f-476706e22bfb" jcr:frozenUuid="ac68c14b-7857-4669-8a3d-f53a345a65ed" jcr:frozenPrimaryType="test:versionable" jcr:frozenMixinTypes="" jcr:versionHistory="53be4edc-8ab1-4f88-85ab-b8a793604563" jcr:predecessors="fc87a968-3b0c-49c9-a9ab-082df6375878" />&lt;/_x0031_.0&gt;&lt;/_x0035_3be4edc-8ab1-4f88-85ab-b8a793604563&gt;
    <f75f3205-53bd-49b2-8fa6-ce6dc083ade0 jcr:primaryType="nt:versionHistory" jcr:mixinTypes="" jcr:uuid="f75f3205-53bd-49b2-8fa6-ce6dc083ade0" jcr:versionableUuid="a1fe769b-3ed1-4a51-9c29-06684f5df4da">
      <jcr:versionLabels jcr:primaryType="nt:versionLabels" jcr:mixinTypes="" />
      <jcr:rootVersion jcr:primaryType="nt:version" jcr:mixinTypes="" jcr:uuid="d60dea94-a2d8-4cce-a983-4cf565e5ef80" jcr:created="2008-05-19T14:21:18.949-07:00" jcr:predecessors="" jcr:successors="" />
    </f75f3205-53bd-49b2-8fa6-ce6dc083ade0>
    <ea4e464a-c992-4d5b-94ff-3ddf1e39b863 jcr:primaryType="nt:versionHistory" jcr:mixinTypes="" jcr:uuid="ea4e464a-c992-4d5b-94ff-3ddf1e39b863" jcr:versionableUuid="cafd8c5c-0a6d-4c9a-97d1-e04f8913024a">
    <jcr:versionLabels jcr:primaryType="nt:versionLabels" jcr:mixinTypes="" />&lt;_x0031_.0 jcr:primaryType="nt:version" jcr:mixinTypes="" jcr:uuid="a95bb357-37cf-4a7b-b858-4a3f32865dbe" jcr:created="2008-05-19T14:21:44.725-07:00" jcr:predecessors="c166c108-888e-482a-b3e2-ad412c0f3e92" jcr:successors=""&gt;
    <jcr:frozenNode jcr:primaryType="nt:frozenNode" jcr:mixinTypes="" jcr:uuid="524d2779-229f-465a-8c96-5830ed1ea8e2" jcr:frozenUuid="cafd8c5c-0a6d-4c9a-97d1-e04f8913024a" jcr:frozenPrimaryType="test:versionable" jcr:frozenMixinTypes="" jcr:versionHistory="ea4e464a-c992-4d5b-94ff-3ddf1e39b863" jcr:predecessors="c166c108-888e-482a-b3e2-ad412c0f3e92" />&lt;/_x0031_.0&gt;
    <jcr:rootVersion jcr:primaryType="nt:version" jcr:mixinTypes="" jcr:uuid="c166c108-888e-482a-b3e2-ad412c0f3e92" jcr:created="2008-05-19T14:21:44.660-07:00" jcr:predecessors="" jcr:successors="a95bb357-37cf-4a7b-b858-4a3f32865dbe" /></ea4e464a-c992-4d5b-94ff-3ddf1e39b863>&lt;_x0033_aea08ee-598c-49c8-a285-85735308dd1c jcr:primaryType="nt:versionHistory" jcr:mixinTypes="" jcr:uuid="3aea08ee-598c-49c8-a285-85735308dd1c" jcr:versionableUuid="6057dff5-87b5-48a3-80d4-a16d03e4bb93"&gt;
    <jcr:versionLabels jcr:primaryType="nt:versionLabels" jcr:mixinTypes="" />&lt;_x0031_.0 jcr:primaryType="nt:version" jcr:mixinTypes="" jcr:uuid="29da9e44-3663-47a0-8e2c-2b19a74ad9d7" jcr:created="2008-05-19T14:21:36.065-07:00" jcr:predecessors="931b150a-0512-45c5-9ddb-962830850775" jcr:successors="a3616df2-d955-4281-8331-cbcbecf7de52"&gt;
    <jcr:frozenNode jcr:primaryType="nt:frozenNode" jcr:mixinTypes="" jcr:uuid="b53aabf6-43ac-4d4c-a28d-5e7bea0da251" jcr:frozenUuid="6057dff5-87b5-48a3-80d4-a16d03e4bb93" jcr:frozenPrimaryType="test:versionable" jcr:frozenMixinTypes="" jcr:versionHistory="3aea08ee-598c-49c8-a285-85735308dd1c" jcr:predecessors="931b150a-0512-45c5-9ddb-962830850775" />&lt;/_x0031_.0&gt;&lt;_x0031_.1 jcr:primaryType="nt:version" jcr:mixinTypes="" jcr:uuid="a3616df2-d955-4281-8331-cbcbecf7de52" jcr:created="2008-05-19T14:21:36.077-07:00" jcr:predecessors="29da9e44-3663-47a0-8e2c-2b19a74ad9d7" jcr:successors=""&gt;
    <jcr:frozenNode jcr:primaryType="nt:frozenNode" jcr:mixinTypes="" jcr:uuid="cf5ca7c7-0e4f-46db-a4e7-2c82d283b4f9" jcr:frozenUuid="6057dff5-87b5-48a3-80d4-a16d03e4bb93" jcr:frozenPrimaryType="test:versionable" jcr:frozenMixinTypes="" jcr:versionHistory="3aea08ee-598c-49c8-a285-85735308dd1c" jcr:predecessors="29da9e44-3663-47a0-8e2c-2b19a74ad9d7" />&lt;/_x0031_.1&gt;
    <jcr:rootVersion jcr:primaryType="nt:version" jcr:mixinTypes="" jcr:uuid="931b150a-0512-45c5-9ddb-962830850775" jcr:created="2008-05-19T14:21:36.006-07:00" jcr:predecessors="" jcr:successors="29da9e44-3663-47a0-8e2c-2b19a74ad9d7" />&lt;/_x0033_aea08ee-598c-49c8-a285-85735308dd1c&gt;
    <da022718-868c-445c-902d-63bdeba8c381 jcr:primaryType="nt:versionHistory" jcr:mixinTypes="" jcr:uuid="da022718-868c-445c-902d-63bdeba8c381" jcr:versionableUuid="571e1df8-944b-4ca9-a68d-a2341e2c6897">
    <jcr:versionLabels jcr:primaryType="nt:versionLabels" jcr:mixinTypes="" />
    <jcr:rootVersion jcr:primaryType="nt:version" jcr:mixinTypes="" jcr:uuid="2d858c2f-3275-40be-888f-c971358ca047" jcr:created="2008-05-19T14:21:27.105-07:00" jcr:predecessors="" jcr:successors="eb2fa744-4853-4b28-85c2-290927bcb162" />&lt;_x0031_.0 jcr:primaryType="nt:version" jcr:mixinTypes="" jcr:uuid="eb2fa744-4853-4b28-85c2-290927bcb162" jcr:created="2008-05-19T14:21:27.153-07:00" jcr:predecessors="2d858c2f-3275-40be-888f-c971358ca047" jcr:successors=""&gt;
    <jcr:frozenNode jcr:primaryType="nt:frozenNode" jcr:mixinTypes="" jcr:uuid="e37ba952-4029-454c-85b4-1c01be0e1ce1" jcr:frozenUuid="571e1df8-944b-4ca9-a68d-a2341e2c6897" jcr:frozenPrimaryType="test:versionable" jcr:frozenMixinTypes="" jcr:versionHistory="da022718-868c-445c-902d-63bdeba8c381" jcr:predecessors="2d858c2f-3275-40be-888f-c971358ca047" />&lt;/_x0031_.0&gt;</da022718-868c-445c-902d-63bdeba8c381>&lt;_x0032_999f987-94ab-4113-af9a-bb941e7845b1 jcr:primaryType="nt:versionHistory" jcr:mixinTypes="" jcr:uuid="2999f987-94ab-4113-af9a-bb941e7845b1" jcr:versionableUuid="6d265b79-ba97-4d07-a580-d18dbe3c4124"&gt;
    <jcr:versionLabels jcr:primaryType="nt:versionLabels" jcr:mixinTypes="" />
    <jcr:rootVersion jcr:primaryType="nt:version" jcr:mixinTypes="" jcr:uuid="3773599d-fe9e-4c80-be4a-9e99cded6f92" jcr:created="2008-05-19T14:21:46.151-07:00" jcr:predecessors="" jcr:successors="e59d4cf3-2060-47de-ad59-442d66219931" />&lt;_x0031_.0 jcr:primaryType="nt:version" jcr:mixinTypes="" jcr:uuid="e59d4cf3-2060-47de-ad59-442d66219931" jcr:created="2008-05-19T14:21:46.208-07:00" jcr:predecessors="3773599d-fe9e-4c80-be4a-9e99cded6f92" jcr:successors=""&gt;
    <jcr:frozenNode jcr:primaryType="nt:frozenNode" jcr:mixinTypes="" jcr:uuid="a8253fb2-8d20-42ef-b716-b4bd60a77755" jcr:frozenUuid="6d265b79-ba97-4d07-a580-d18dbe3c4124" jcr:frozenPrimaryType="test:versionable" jcr:frozenMixinTypes="" jcr:versionHistory="2999f987-94ab-4113-af9a-bb941e7845b1" jcr:predecessors="3773599d-fe9e-4c80-be4a-9e99cded6f92" />&lt;/_x0031_.0&gt;&lt;/_x0032_999f987-94ab-4113-af9a-bb941e7845b1&gt;&lt;_x0032_67f8476-a3f5-41b5-a6a6-20eb4f947711 jcr:primaryType="nt:versionHistory" jcr:mixinTypes="" jcr:uuid="267f8476-a3f5-41b5-a6a6-20eb4f947711" jcr:versionableUuid="56f5965b-d720-4a76-bb7c-712407e14a8c"&gt;
    <jcr:versionLabels jcr:primaryType="nt:versionLabels" jcr:mixinTypes="" />
    <jcr:rootVersion jcr:primaryType="nt:version" jcr:mixinTypes="" jcr:uuid="e58af816-ea2f-4c87-9b74-abdee5fce2c5" jcr:created="2008-05-19T14:21:12.970-07:00" jcr:predecessors="" jcr:successors="" />&lt;/_x0032_67f8476-a3f5-41b5-a6a6-20eb4f947711&gt;&lt;_x0037_2bc3895-60a5-4b66-8d70-456c3f2a0693 jcr:primaryType="nt:versionHistory" jcr:mixinTypes="" jcr:uuid="72bc3895-60a5-4b66-8d70-456c3f2a0693" jcr:versionableUuid="b2b7b6f5-71d1-491f-98e1-fcabed0ada96"&gt;
    <jcr:versionLabels jcr:primaryType="nt:versionLabels" jcr:mixinTypes="" />
    <jcr:rootVersion jcr:primaryType="nt:version" jcr:mixinTypes="" jcr:uuid="04352b52-cb7a-47cb-bd7d-a71e9b69dea8" jcr:created="2008-05-19T14:21:22.875-07:00" jcr:predecessors="" jcr:successors="68d01454-7633-4ab0-bb91-3bb14c6b9f62" />&lt;_x0031_.0 jcr:primaryType="nt:version" jcr:mixinTypes="" jcr:uuid="68d01454-7633-4ab0-bb91-3bb14c6b9f62" jcr:created="2008-05-19T14:21:23.132-07:00" jcr:predecessors="04352b52-cb7a-47cb-bd7d-a71e9b69dea8" jcr:successors=""&gt;
    <jcr:frozenNode jcr:primaryType="nt:frozenNode" jcr:mixinTypes="" jcr:uuid="7040feab-d836-4bf1-8cae-2a02963c44bd" jcr:frozenUuid="b2b7b6f5-71d1-491f-98e1-fcabed0ada96" jcr:frozenPrimaryType="nt:unstructured" jcr:frozenMixinTypes="mix:versionable" prop1="abc" prop2="abc" jcr:versionHistory="72bc3895-60a5-4b66-8d70-456c3f2a0693" jcr:predecessors="04352b52-cb7a-47cb-bd7d-a71e9b69dea8" />&lt;/_x0031_.0&gt;&lt;/_x0037_2bc3895-60a5-4b66-8d70-456c3f2a0693&gt;&lt;_x0034_4429d76-c2c3-4a95-b1d6-1cd0746ce518 jcr:primaryType="nt:versionHistory" jcr:mixinTypes="" jcr:uuid="44429d76-c2c3-4a95-b1d6-1cd0746ce518" jcr:versionableUuid="408b4c79-0bbf-4a91-b3a7-74b93d8226ef"&gt;
    <jcr:versionLabels jcr:primaryType="nt:versionLabels" jcr:mixinTypes="" />
    <jcr:rootVersion jcr:primaryType="nt:version" jcr:mixinTypes="" jcr:uuid="04fe6cae-c254-4f6e-ae0b-d118d7660271" jcr:created="2008-05-19T14:22:07.917-07:00" jcr:predecessors="" jcr:successors="68374710-3862-4d88-886a-29df8b931af5" />&lt;_x0031_.0 jcr:primaryType="nt:version" jcr:mixinTypes="" jcr:uuid="68374710-3862-4d88-886a-29df8b931af5" jcr:created="2008-05-19T14:22:08.263-07:00" jcr:predecessors="04fe6cae-c254-4f6e-ae0b-d118d7660271" jcr:successors=""&gt;
    <jcr:frozenNode jcr:primaryType="nt:frozenNode" jcr:mixinTypes="" jcr:uuid="4af689c6-a080-4644-9f24-6ca2897d9b06" jcr:frozenUuid="408b4c79-0bbf-4a91-b3a7-74b93d8226ef" jcr:frozenPrimaryType="test:versionable" jcr:frozenMixinTypes="" jcr:versionHistory="44429d76-c2c3-4a95-b1d6-1cd0746ce518" jcr:predecessors="04fe6cae-c254-4f6e-ae0b-d118d7660271" />&lt;/_x0031_.0&gt;&lt;/_x0034_4429d76-c2c3-4a95-b1d6-1cd0746ce518&gt;&lt;_x0038_b8b803a-9830-4c89-afd1-eea289e2ae89 jcr:primaryType="nt:versionHistory" jcr:mixinTypes="" jcr:uuid="8b8b803a-9830-4c89-afd1-eea289e2ae89" jcr:versionableUuid="5f7fe481-b811-49a3-af9e-8c9bb652679f"&gt;
    <jcr:versionLabels jcr:primaryType="nt:versionLabels" jcr:mixinTypes="" />&lt;_x0031_.0 jcr:primaryType="nt:version" jcr:mixinTypes="" jcr:uuid="742c41e7-2aa5-4140-bf17-ab0ce38067ea" jcr:created="2008-05-19T14:21:49.668-07:00" jcr:predecessors="9fc94a7f-c13c-4145-9e01-d682743555cf" jcr:successors=""&gt;
    <jcr:frozenNode jcr:primaryType="nt:frozenNode" jcr:mixinTypes="" jcr:uuid="dcc4cec2-007d-4eb3-8bed-f845514bfd5a" jcr:frozenUuid="5f7fe481-b811-49a3-af9e-8c9bb652679f" jcr:frozenPrimaryType="test:versionable" jcr:frozenMixinTypes="" jcr:versionHistory="8b8b803a-9830-4c89-afd1-eea289e2ae89" jcr:predecessors="9fc94a7f-c13c-4145-9e01-d682743555cf" />&lt;/_x0031_.0&gt;
    <jcr:rootVersion jcr:primaryType="nt:version" jcr:mixinTypes="" jcr:uuid="9fc94a7f-c13c-4145-9e01-d682743555cf" jcr:created="2008-05-19T14:21:49.598-07:00" jcr:predecessors="" jcr:successors="742c41e7-2aa5-4140-bf17-ab0ce38067ea" />&lt;/_x0038_b8b803a-9830-4c89-afd1-eea289e2ae89&gt;
    <d3cbe019-d809-4ade-8390-90a8a2be2715 jcr:primaryType="nt:versionHistory" jcr:mixinTypes="" jcr:uuid="d3cbe019-d809-4ade-8390-90a8a2be2715" jcr:versionableUuid="886d21d0-e378-48d1-b02c-548a33e74776">
      <jcr:versionLabels jcr:primaryType="nt:versionLabels" jcr:mixinTypes="" />
      <jcr:rootVersion jcr:primaryType="nt:version" jcr:mixinTypes="" jcr:uuid="c2ccc8ae-53c2-4e9f-b7a3-e5c66470c59f" jcr:created="2008-05-19T14:21:12.088-07:00" jcr:predecessors="" jcr:successors="" />
    </d3cbe019-d809-4ade-8390-90a8a2be2715>&lt;_x0035_cbf231c-d2eb-4a29-8260-b79a45423baf jcr:primaryType="nt:versionHistory" jcr:mixinTypes="" jcr:uuid="5cbf231c-d2eb-4a29-8260-b79a45423baf" jcr:versionableUuid="03589005-62ff-45cf-8fc5-36c605871196"&gt;
    <jcr:versionLabels jcr:primaryType="nt:versionLabels" jcr:mixinTypes="" />
    <jcr:rootVersion jcr:primaryType="nt:version" jcr:mixinTypes="" jcr:uuid="d8478ac0-28b9-4cc0-a0e6-27902b981ef3" jcr:created="2008-05-19T14:21:19.055-07:00" jcr:predecessors="" jcr:successors="" />&lt;/_x0035_cbf231c-d2eb-4a29-8260-b79a45423baf&gt;&lt;_x0032_91a6c4d-e31d-4138-ad1b-bf902ef3c9c4 jcr:primaryType="nt:versionHistory" jcr:mixinTypes="" jcr:uuid="291a6c4d-e31d-4138-ad1b-bf902ef3c9c4" jcr:versionableUuid="1d513ee5-dac5-4734-a604-f9c984d2d5d6"&gt;
    <jcr:versionLabels jcr:primaryType="nt:versionLabels" jcr:mixinTypes="" />&lt;_x0031_.1 jcr:primaryType="nt:version" jcr:mixinTypes="" jcr:uuid="44abfa2e-a143-46d7-b152-86bca6b234e2" jcr:created="2008-05-19T14:22:13.178-07:00" jcr:predecessors="eb3a4df5-77f3-4242-b5dd-fcb55e2577f3" jcr:successors=""&gt;
    <jcr:frozenNode jcr:primaryType="nt:frozenNode" jcr:mixinTypes="" jcr:uuid="1f4c641c-115b-4efd-8a7b-7cc9e5118df8" jcr:frozenUuid="1d513ee5-dac5-4734-a604-f9c984d2d5d6" jcr:frozenPrimaryType="test:versionable" jcr:frozenMixinTypes="" jcr:versionHistory="291a6c4d-e31d-4138-ad1b-bf902ef3c9c4" jcr:predecessors="eb3a4df5-77f3-4242-b5dd-fcb55e2577f3" />&lt;/_x0031_.1&gt;
    <jcr:rootVersion jcr:primaryType="nt:version" jcr:mixinTypes="" jcr:uuid="622d23c8-1daf-4f2e-b3ce-78fad7a44de8" jcr:created="2008-05-19T14:22:13.027-07:00" jcr:predecessors="" jcr:successors="eb3a4df5-77f3-4242-b5dd-fcb55e2577f3" />&lt;_x0031_.0 jcr:primaryType="nt:version" jcr:mixinTypes="" jcr:uuid="eb3a4df5-77f3-4242-b5dd-fcb55e2577f3" jcr:created="2008-05-19T14:22:13.148-07:00" jcr:predecessors="622d23c8-1daf-4f2e-b3ce-78fad7a44de8" jcr:successors="44abfa2e-a143-46d7-b152-86bca6b234e2"&gt;
    <jcr:frozenNode jcr:primaryType="nt:frozenNode" jcr:mixinTypes="" jcr:uuid="231e1179-d976-4ec6-ab2d-2cfbbc427cd4" jcr:frozenUuid="1d513ee5-dac5-4734-a604-f9c984d2d5d6" jcr:frozenPrimaryType="test:versionable" jcr:frozenMixinTypes="" jcr:versionHistory="291a6c4d-e31d-4138-ad1b-bf902ef3c9c4" jcr:predecessors="622d23c8-1daf-4f2e-b3ce-78fad7a44de8" />&lt;/_x0031_.0&gt;&lt;/_x0032_91a6c4d-e31d-4138-ad1b-bf902ef3c9c4&gt;&lt;_x0037_74f05df-cf77-46e1-8b50-c680d8a7f9f4 jcr:primaryType="nt:versionHistory" jcr:mixinTypes="" jcr:uuid="774f05df-cf77-46e1-8b50-c680d8a7f9f4" jcr:versionableUuid="f89f03bf-2688-4ec8-9842-8fb030e78825"&gt;
    <jcr:versionLabels jcr:primaryType="nt:versionLabels" jcr:mixinTypes="" />&lt;_x0031_.0 jcr:primaryType="nt:version" jcr:mixinTypes="" jcr:uuid="5278ab18-2956-40cc-bbc9-ef07151c6201" jcr:created="2008-05-19T14:21:44.505-07:00" jcr:predecessors="332d0ea7-1d24-41a1-b682-694f5ff3d2b7" jcr:successors=""&gt;
    <jcr:frozenNode jcr:primaryType="nt:frozenNode" jcr:mixinTypes="" jcr:uuid="803357a3-f543-4e37-8651-79c4247637bd" jcr:frozenUuid="f89f03bf-2688-4ec8-9842-8fb030e78825" jcr:frozenPrimaryType="test:versionable" jcr:frozenMixinTypes="" jcr:versionHistory="774f05df-cf77-46e1-8b50-c680d8a7f9f4" jcr:predecessors="332d0ea7-1d24-41a1-b682-694f5ff3d2b7" />&lt;/_x0031_.0&gt;
    <jcr:rootVersion jcr:primaryType="nt:version" jcr:mixinTypes="" jcr:uuid="332d0ea7-1d24-41a1-b682-694f5ff3d2b7" jcr:created="2008-05-19T14:21:44.433-07:00" jcr:predecessors="" jcr:successors="5278ab18-2956-40cc-bbc9-ef07151c6201" />&lt;/_x0037_74f05df-cf77-46e1-8b50-c680d8a7f9f4&gt;&lt;_x0038_e23fd4d-8077-4626-87a6-0b0bba0f31c0 jcr:primaryType="nt:versionHistory" jcr:mixinTypes="" jcr:uuid="8e23fd4d-8077-4626-87a6-0b0bba0f31c0" jcr:versionableUuid="77b7ae35-a8e8-4bb8-8809-77b02583981a"&gt;
    <jcr:versionLabels jcr:primaryType="nt:versionLabels" jcr:mixinTypes="" />
    <jcr:rootVersion jcr:primaryType="nt:version" jcr:mixinTypes="" jcr:uuid="06ff7ecb-3c93-4f47-a52d-a3bda91f4532" jcr:created="2008-05-19T14:21:38.236-07:00" jcr:predecessors="" jcr:successors="" />&lt;/_x0038_e23fd4d-8077-4626-87a6-0b0bba0f31c0&gt;&lt;_x0031_46f70f1-33d9-4c84-9509-287e888bf7ce jcr:primaryType="nt:versionHistory" jcr:mixinTypes="" jcr:uuid="146f70f1-33d9-4c84-9509-287e888bf7ce" jcr:versionableUuid="ca387416-a66c-442d-8c84-d22518094f81"&gt;
    <jcr:versionLabels jcr:primaryType="nt:versionLabels" jcr:mixinTypes="" />
    <jcr:rootVersion jcr:primaryType="nt:version" jcr:mixinTypes="" jcr:uuid="e31ed5a8-cd82-42ad-95b5-589f8f5ebe57" jcr:created="2008-05-19T14:21:17.366-07:00" jcr:predecessors="" jcr:successors="" />&lt;/_x0031_46f70f1-33d9-4c84-9509-287e888bf7ce&gt;&lt;_x0038_b56f87c-1694-40fd-8dc4-34e9727ac720 jcr:primaryType="nt:versionHistory" jcr:mixinTypes="" jcr:uuid="8b56f87c-1694-40fd-8dc4-34e9727ac720" jcr:versionableUuid="d7bb8c17-a46f-4770-9e88-25ce98485f4b"&gt;
    <jcr:versionLabels jcr:primaryType="nt:versionLabels" jcr:mixinTypes="" />
    <jcr:rootVersion jcr:primaryType="nt:version" jcr:mixinTypes="" jcr:uuid="20a3c4bf-d7d7-4937-b059-1b504614655e" jcr:created="2008-05-19T14:21:25.380-07:00" jcr:predecessors="" jcr:successors="d8fffbc6-cab5-4a2e-9de6-7dfdb7949045" />&lt;_x0031_.0 jcr:primaryType="nt:version" jcr:mixinTypes="" jcr:uuid="d8fffbc6-cab5-4a2e-9de6-7dfdb7949045" jcr:created="2008-05-19T14:21:25.486-07:00" jcr:predecessors="20a3c4bf-d7d7-4937-b059-1b504614655e" jcr:successors=""&gt;
    <jcr:frozenNode jcr:primaryType="nt:frozenNode" jcr:mixinTypes="" jcr:uuid="7f6efca9-be0f-4cc1-906d-513c8bc0c653" jcr:frozenUuid="d7bb8c17-a46f-4770-9e88-25ce98485f4b" jcr:frozenPrimaryType="test:versionable" jcr:frozenMixinTypes="" jcr:versionHistory="8b56f87c-1694-40fd-8dc4-34e9727ac720" jcr:predecessors="20a3c4bf-d7d7-4937-b059-1b504614655e" />&lt;/_x0031_.0&gt;&lt;/_x0038_b56f87c-1694-40fd-8dc4-34e9727ac720&gt;
    <db5e93cf-29fc-447b-a7c2-ed40063883d8 jcr:primaryType="nt:versionHistory" jcr:mixinTypes="" jcr:uuid="db5e93cf-29fc-447b-a7c2-ed40063883d8" jcr:versionableUuid="f21593a4-b5da-4ace-a3e1-a876ecf24a2a">
      <jcr:versionLabels jcr:primaryType="nt:versionLabels" jcr:mixinTypes="" />
      <jcr:rootVersion jcr:primaryType="nt:version" jcr:mixinTypes="" jcr:uuid="d7005ca8-1abc-4aea-9a5f-141363391505" jcr:created="2008-05-19T14:21:12.380-07:00" jcr:predecessors="" jcr:successors="" />
    </db5e93cf-29fc-447b-a7c2-ed40063883d8>&lt;_x0032_40e376b-4935-4889-9b33-a9cf59567873 jcr:primaryType="nt:versionHistory" jcr:mixinTypes="" jcr:uuid="240e376b-4935-4889-9b33-a9cf59567873" jcr:versionableUuid="bcd29d25-0ff2-4160-8715-067454587aec"&gt;
    <jcr:versionLabels jcr:primaryType="nt:versionLabels" jcr:mixinTypes="" />&lt;_x0031_.0 jcr:primaryType="nt:version" jcr:mixinTypes="" jcr:uuid="d95c29de-748b-4dbf-a535-31bc5a9e71cd" jcr:created="2008-05-19T14:21:25.911-07:00" jcr:predecessors="5b1565bc-4c23-4807-bf01-bf71193a4464" jcr:successors=""&gt;
    <jcr:frozenNode jcr:primaryType="nt:frozenNode" jcr:mixinTypes="" jcr:uuid="f74544bf-959c-4458-9c81-2db1a10f8e24" jcr:frozenUuid="bcd29d25-0ff2-4160-8715-067454587aec" jcr:frozenPrimaryType="test:versionable" jcr:frozenMixinTypes="" jcr:versionHistory="240e376b-4935-4889-9b33-a9cf59567873" jcr:predecessors="5b1565bc-4c23-4807-bf01-bf71193a4464" />&lt;/_x0031_.0&gt;
    <jcr:rootVersion jcr:primaryType="nt:version" jcr:mixinTypes="" jcr:uuid="5b1565bc-4c23-4807-bf01-bf71193a4464" jcr:created="2008-05-19T14:21:25.871-07:00" jcr:predecessors="" jcr:successors="d95c29de-748b-4dbf-a535-31bc5a9e71cd" />&lt;/_x0032_40e376b-4935-4889-9b33-a9cf59567873&gt;&lt;_x0034_905dceb-b042-4537-89cc-79ce97a2c723 jcr:primaryType="nt:versionHistory" jcr:mixinTypes="" jcr:uuid="4905dceb-b042-4537-89cc-79ce97a2c723" jcr:versionableUuid="36da7422-68c9-4d39-abb6-de6c5a84a655"&gt;
    <jcr:versionLabels jcr:primaryType="nt:versionLabels" jcr:mixinTypes="" />&lt;_x0031_.1 jcr:primaryType="nt:version" jcr:mixinTypes="" jcr:uuid="100e6475-2dd7-48f9-9229-7adbf4f3f100" jcr:created="2008-05-19T14:22:04.689-07:00" jcr:predecessors="e5f1e05f-6fa6-49cb-b670-af1e402e07b7" jcr:successors=""&gt;
    <jcr:frozenNode jcr:primaryType="nt:frozenNode" jcr:mixinTypes="" jcr:uuid="e56d1846-e91a-4c60-a6e8-52e1155cf81c" jcr:frozenUuid="36da7422-68c9-4d39-abb6-de6c5a84a655" jcr:frozenPrimaryType="test:versionable" jcr:frozenMixinTypes="" jcr:versionHistory="4905dceb-b042-4537-89cc-79ce97a2c723" jcr:predecessors="e5f1e05f-6fa6-49cb-b670-af1e402e07b7" />&lt;/_x0031_.1&gt;&lt;_x0031_.0 jcr:primaryType="nt:version" jcr:mixinTypes="" jcr:uuid="e5f1e05f-6fa6-49cb-b670-af1e402e07b7" jcr:created="2008-05-19T14:22:04.673-07:00" jcr:predecessors="b6517b45-5eef-4aed-9e23-c282f9c4dc01" jcr:successors="100e6475-2dd7-48f9-9229-7adbf4f3f100"&gt;
    <jcr:frozenNode jcr:primaryType="nt:frozenNode" jcr:mixinTypes="" jcr:uuid="f7cdc468-e204-4318-8dd3-8f346fbdd29a" jcr:frozenUuid="36da7422-68c9-4d39-abb6-de6c5a84a655" jcr:frozenPrimaryType="test:versionable" jcr:frozenMixinTypes="" jcr:versionHistory="4905dceb-b042-4537-89cc-79ce97a2c723" jcr:predecessors="b6517b45-5eef-4aed-9e23-c282f9c4dc01" />&lt;/_x0031_.0&gt;
    <jcr:rootVersion jcr:primaryType="nt:version" jcr:mixinTypes="" jcr:uuid="b6517b45-5eef-4aed-9e23-c282f9c4dc01" jcr:created="2008-05-19T14:22:04.292-07:00" jcr:predecessors="" jcr:successors="e5f1e05f-6fa6-49cb-b670-af1e402e07b7" />&lt;/_x0034_905dceb-b042-4537-89cc-79ce97a2c723&gt;&lt;_x0037_d081f54-30d1-4b7c-8547-c0272b13cfab jcr:primaryType="nt:versionHistory" jcr:mixinTypes="" jcr:uuid="7d081f54-30d1-4b7c-8547-c0272b13cfab" jcr:versionableUuid="0f9b2bc9-5cf8-437d-947b-f929df881cd1"&gt;
    <jcr:versionLabels jcr:primaryType="nt:versionLabels" jcr:mixinTypes="" />
    <jcr:rootVersion jcr:primaryType="nt:version" jcr:mixinTypes="" jcr:uuid="0bbebf75-e47f-42ab-a1ad-345898da12f9" jcr:created="2008-05-19T14:21:10.193-07:00" jcr:predecessors="" jcr:successors="" />&lt;/_x0037_d081f54-30d1-4b7c-8547-c0272b13cfab&gt;
    <c7550755-bc54-48fe-9997-e46e4316d1e9 jcr:primaryType="nt:versionHistory" jcr:mixinTypes="" jcr:uuid="c7550755-bc54-48fe-9997-e46e4316d1e9" jcr:versionableUuid="2701a1e8-8d64-4909-807c-a2a0a9737894">
      <jcr:versionLabels jcr:primaryType="nt:versionLabels" jcr:mixinTypes="" />
      <jcr:rootVersion jcr:primaryType="nt:version" jcr:mixinTypes="" jcr:uuid="d55bee4d-2645-4e88-9014-fcd4a113a0d6" jcr:created="2008-05-19T14:21:39.049-07:00" jcr:predecessors="" jcr:successors="" />
    </c7550755-bc54-48fe-9997-e46e4316d1e9>&lt;_x0030_4838c0a-e1b1-4f4a-a92d-ef42353eefa6 jcr:primaryType="nt:versionHistory" jcr:mixinTypes="" jcr:uuid="04838c0a-e1b1-4f4a-a92d-ef42353eefa6" jcr:versionableUuid="6e5332a2-2c80-4604-b030-80a3de0a4a57"&gt;
    <jcr:versionLabels jcr:primaryType="nt:versionLabels" jcr:mixinTypes="" />&lt;_x0031_.0 jcr:primaryType="nt:version" jcr:mixinTypes="" jcr:uuid="8194df00-6953-49b4-97a6-a0ed2fce17d8" jcr:created="2008-05-19T14:21:43.036-07:00" jcr:predecessors="3144e1ed-7a91-448f-8a3c-31114889c56b" jcr:successors=""&gt;
    <jcr:frozenNode jcr:primaryType="nt:frozenNode" jcr:mixinTypes="" jcr:uuid="cdcdf769-4084-43a0-b919-c6e07275691d" jcr:frozenUuid="6e5332a2-2c80-4604-b030-80a3de0a4a57" jcr:frozenPrimaryType="test:versionable" jcr:frozenMixinTypes="" jcr:versionHistory="04838c0a-e1b1-4f4a-a92d-ef42353eefa6" jcr:predecessors="3144e1ed-7a91-448f-8a3c-31114889c56b" />&lt;/_x0031_.0&gt;
    <jcr:rootVersion jcr:primaryType="nt:version" jcr:mixinTypes="" jcr:uuid="3144e1ed-7a91-448f-8a3c-31114889c56b" jcr:created="2008-05-19T14:21:42.966-07:00" jcr:predecessors="" jcr:successors="8194df00-6953-49b4-97a6-a0ed2fce17d8" />&lt;/_x0030_4838c0a-e1b1-4f4a-a92d-ef42353eefa6&gt;
    <ec06e2c1-c2f1-40cd-91a0-f32388d1d1a8 jcr:primaryType="nt:versionHistory" jcr:mixinTypes="" jcr:uuid="ec06e2c1-c2f1-40cd-91a0-f32388d1d1a8" jcr:versionableUuid="f55f5cf4-50d8-4f84-8086-557f40b9eeb5">
      <jcr:versionLabels jcr:primaryType="nt:versionLabels" jcr:mixinTypes="" />
      <jcr:rootVersion jcr:primaryType="nt:version" jcr:mixinTypes="" jcr:uuid="53e2109e-29f1-420a-afe7-a1e5d10d5d74" jcr:created="2008-05-19T14:21:31.544-07:00" jcr:predecessors="" jcr:successors="" />
    </ec06e2c1-c2f1-40cd-91a0-f32388d1d1a8>&lt;_x0039_67b47aa-43f7-436d-b5fa-b85b36f100f4 jcr:primaryType="nt:versionHistory" jcr:mixinTypes="" jcr:uuid="967b47aa-43f7-436d-b5fa-b85b36f100f4" jcr:versionableUuid="e7db5675-b9f3-494b-a59b-172f050b2e0d"&gt;
    <jcr:versionLabels jcr:primaryType="nt:versionLabels" jcr:mixinTypes="" />&lt;_x0031_.0 jcr:primaryType="nt:version" jcr:mixinTypes="" jcr:uuid="cc294279-59e0-4741-b86f-68e739cf3871" jcr:created="2008-05-19T14:21:55.054-07:00" jcr:predecessors="dd5cc1fd-aacd-4d32-be42-ed4e7e44d92e" jcr:successors="adb14782-6aa6-4620-a39b-0a24578bf5b5"&gt;
    <jcr:frozenNode jcr:primaryType="nt:frozenNode" jcr:mixinTypes="" jcr:uuid="7accdc3b-dc4f-4907-8dbe-a574f2782ab2" jcr:frozenUuid="e7db5675-b9f3-494b-a59b-172f050b2e0d" jcr:frozenPrimaryType="test:versionable" jcr:frozenMixinTypes="" jcr:versionHistory="967b47aa-43f7-436d-b5fa-b85b36f100f4" jcr:predecessors="dd5cc1fd-aacd-4d32-be42-ed4e7e44d92e" />&lt;/_x0031_.0&gt;&lt;_x0031_.1 jcr:primaryType="nt:version" jcr:mixinTypes="" jcr:uuid="adb14782-6aa6-4620-a39b-0a24578bf5b5" jcr:created="2008-05-19T14:21:55.290-07:00" jcr:predecessors="cc294279-59e0-4741-b86f-68e739cf3871" jcr:successors=""&gt;
    <jcr:frozenNode jcr:primaryType="nt:frozenNode" jcr:mixinTypes="" jcr:uuid="34beccca-ff90-4685-8487-efbc114ce4ca" jcr:frozenUuid="e7db5675-b9f3-494b-a59b-172f050b2e0d" jcr:frozenPrimaryType="test:versionable" jcr:frozenMixinTypes="" jcr:versionHistory="967b47aa-43f7-436d-b5fa-b85b36f100f4" jcr:predecessors="cc294279-59e0-4741-b86f-68e739cf3871" />&lt;/_x0031_.1&gt;
    <jcr:rootVersion jcr:primaryType="nt:version" jcr:mixinTypes="" jcr:uuid="dd5cc1fd-aacd-4d32-be42-ed4e7e44d92e" jcr:created="2008-05-19T14:21:54.929-07:00" jcr:predecessors="" jcr:successors="cc294279-59e0-4741-b86f-68e739cf3871" />&lt;/_x0039_67b47aa-43f7-436d-b5fa-b85b36f100f4&gt;
    <bce1407b-2285-49bd-92c0-e2e8fbc678a1 jcr:primaryType="nt:versionHistory" jcr:mixinTypes="" jcr:uuid="bce1407b-2285-49bd-92c0-e2e8fbc678a1" jcr:versionableUuid="4e55a0c3-4aab-4027-a2a7-a01c3eebaada">
    <jcr:versionLabels jcr:primaryType="nt:versionLabels" jcr:mixinTypes="" />&lt;_x0031_.0 jcr:primaryType="nt:version" jcr:mixinTypes="" jcr:uuid="4a026022-1ec8-46e0-9c96-5576f78cdba1" jcr:created="2008-05-19T14:21:26.675-07:00" jcr:predecessors="ba952652-430f-402f-a55e-bc80f9e06a57" jcr:successors=""&gt;
    <jcr:frozenNode jcr:primaryType="nt:frozenNode" jcr:mixinTypes="" jcr:uuid="f58fd7dd-eef1-4064-96e0-17694865ac09" jcr:frozenUuid="4e55a0c3-4aab-4027-a2a7-a01c3eebaada" jcr:frozenPrimaryType="test:versionable" jcr:frozenMixinTypes="" jcr:versionHistory="bce1407b-2285-49bd-92c0-e2e8fbc678a1" jcr:predecessors="ba952652-430f-402f-a55e-bc80f9e06a57" />&lt;/_x0031_.0&gt;
    <jcr:rootVersion jcr:primaryType="nt:version" jcr:mixinTypes="" jcr:uuid="ba952652-430f-402f-a55e-bc80f9e06a57" jcr:created="2008-05-19T14:21:26.639-07:00" jcr:predecessors="" jcr:successors="4a026022-1ec8-46e0-9c96-5576f78cdba1" /></bce1407b-2285-49bd-92c0-e2e8fbc678a1>
    <bea9f6f0-ffad-490b-b277-d5c21fefc902 jcr:primaryType="nt:versionHistory" jcr:mixinTypes="" jcr:uuid="bea9f6f0-ffad-490b-b277-d5c21fefc902" jcr:versionableUuid="c73c25a5-4009-4987-a046-5561694a69f1">
    <jcr:versionLabels jcr:primaryType="nt:versionLabels" jcr:mixinTypes="" />
    <jcr:rootVersion jcr:primaryType="nt:version" jcr:mixinTypes="" jcr:uuid="bd0d5767-ef9a-42f5-9eca-e9f27e1b546d" jcr:created="2008-05-19T14:22:09.377-07:00" jcr:predecessors="" jcr:successors="8eccb630-c23f-4070-9d75-1f1c8a10743a" />&lt;_x0031_.0 jcr:primaryType="nt:version" jcr:mixinTypes="" jcr:uuid="8eccb630-c23f-4070-9d75-1f1c8a10743a" jcr:created="2008-05-19T14:22:09.523-07:00" jcr:predecessors="bd0d5767-ef9a-42f5-9eca-e9f27e1b546d" jcr:successors=""&gt;
    <jcr:frozenNode jcr:primaryType="nt:frozenNode" jcr:mixinTypes="" jcr:uuid="edb74bf5-c089-4fd8-80b4-caed15ff2700" jcr:frozenUuid="c73c25a5-4009-4987-a046-5561694a69f1" jcr:frozenPrimaryType="test:versionable" jcr:frozenMixinTypes="" jcr:versionHistory="bea9f6f0-ffad-490b-b277-d5c21fefc902" jcr:predecessors="bd0d5767-ef9a-42f5-9eca-e9f27e1b546d" />&lt;/_x0031_.0&gt;</bea9f6f0-ffad-490b-b277-d5c21fefc902>&lt;_x0037_73d38d7-07b5-4600-8a41-8c2915e1b3c0 jcr:primaryType="nt:versionHistory" jcr:mixinTypes="" jcr:uuid="773d38d7-07b5-4600-8a41-8c2915e1b3c0" jcr:versionableUuid="24546c9c-6bf7-4641-8519-40c52c88a911"&gt;
    <jcr:versionLabels jcr:primaryType="nt:versionLabels" jcr:mixinTypes="" />
    <jcr:rootVersion jcr:primaryType="nt:version" jcr:mixinTypes="" jcr:uuid="7f73eafc-942c-4031-818b-4d875c896c73" jcr:created="2008-05-19T14:21:48.450-07:00" jcr:predecessors="" jcr:successors="ec096357-ac7b-46fb-81de-6a79d34ab7ff" />&lt;_x0031_.0 jcr:primaryType="nt:version" jcr:mixinTypes="" jcr:uuid="ec096357-ac7b-46fb-81de-6a79d34ab7ff" jcr:created="2008-05-19T14:21:48.735-07:00" jcr:predecessors="7f73eafc-942c-4031-818b-4d875c896c73" jcr:successors=""&gt;
    <jcr:frozenNode jcr:primaryType="nt:frozenNode" jcr:mixinTypes="" jcr:uuid="bc8fb6d1-826d-426b-93d9-8d2e891641a8" jcr:frozenUuid="24546c9c-6bf7-4641-8519-40c52c88a911" jcr:frozenPrimaryType="test:versionable" jcr:frozenMixinTypes="" jcr:versionHistory="773d38d7-07b5-4600-8a41-8c2915e1b3c0" jcr:predecessors="7f73eafc-942c-4031-818b-4d875c896c73" />&lt;/_x0031_.0&gt;&lt;/_x0037_73d38d7-07b5-4600-8a41-8c2915e1b3c0&gt;
    <c066b413-47b7-44b9-8dbe-e2af55051a27 jcr:primaryType="nt:versionHistory" jcr:mixinTypes="" jcr:uuid="c066b413-47b7-44b9-8dbe-e2af55051a27" jcr:versionableUuid="70bf5f81-27f0-4730-b458-8eb3ed544d6f">
    <jcr:versionLabels jcr:primaryType="nt:versionLabels" jcr:mixinTypes="" />&lt;_x0031_.1 jcr:primaryType="nt:version" jcr:mixinTypes="" jcr:uuid="9d23ac5f-92e6-46c0-973f-becebe8f5a06" jcr:created="2008-05-19T14:21:30.357-07:00" jcr:predecessors="d034807f-f50f-4c61-90ef-1de31aa282b3" jcr:successors=""&gt;
    <jcr:frozenNode jcr:primaryType="nt:frozenNode" jcr:mixinTypes="" jcr:uuid="e5a17b5f-1ff5-4310-8ae9-8343cf79633d" jcr:frozenUuid="70bf5f81-27f0-4730-b458-8eb3ed544d6f" jcr:frozenPrimaryType="test:versionable" jcr:frozenMixinTypes="" prop1="versionableNodeName1" jcr:versionHistory="c066b413-47b7-44b9-8dbe-e2af55051a27" jcr:predecessors="d034807f-f50f-4c61-90ef-1de31aa282b3" />&lt;/_x0031_.1&gt;&lt;_x0031_.0 jcr:primaryType="nt:version" jcr:mixinTypes="" jcr:uuid="d034807f-f50f-4c61-90ef-1de31aa282b3" jcr:created="2008-05-19T14:21:30.337-07:00" jcr:predecessors="356cd9f7-51e2-43fc-a198-dcba39a6388a" jcr:successors="9d23ac5f-92e6-46c0-973f-becebe8f5a06"&gt;
    <jcr:frozenNode jcr:primaryType="nt:frozenNode" jcr:mixinTypes="" jcr:uuid="4332c85e-c2b7-4b9a-96bd-0c726002ec55" jcr:frozenUuid="70bf5f81-27f0-4730-b458-8eb3ed544d6f" jcr:frozenPrimaryType="test:versionable" jcr:frozenMixinTypes="" prop1="versionableNodeName1" jcr:versionHistory="c066b413-47b7-44b9-8dbe-e2af55051a27" jcr:predecessors="356cd9f7-51e2-43fc-a198-dcba39a6388a" />&lt;/_x0031_.0&gt;
    <jcr:rootVersion jcr:primaryType="nt:version" jcr:mixinTypes="" jcr:uuid="356cd9f7-51e2-43fc-a198-dcba39a6388a" jcr:created="2008-05-19T14:21:30.173-07:00" jcr:predecessors="" jcr:successors="d034807f-f50f-4c61-90ef-1de31aa282b3" /></c066b413-47b7-44b9-8dbe-e2af55051a27>&lt;_x0032_b8e5abc-adc2-4bf7-ad25-7a2bd1c51485 jcr:primaryType="nt:versionHistory" jcr:mixinTypes="" jcr:uuid="2b8e5abc-adc2-4bf7-ad25-7a2bd1c51485" jcr:versionableUuid="abbe2e36-e2bf-4379-b33a-59d82d773499"&gt;
    <jcr:versionLabels jcr:primaryType="nt:versionLabels" jcr:mixinTypes="" />
    <jcr:rootVersion jcr:primaryType="nt:version" jcr:mixinTypes="" jcr:uuid="b1fd0470-d6fe-4601-b026-a6ec3dcdbb56" jcr:created="2008-05-19T14:21:56.868-07:00" jcr:predecessors="" jcr:successors="b7d43488-3739-4675-ac7e-e0176a3b2632" />&lt;_x0031_.1 jcr:primaryType="nt:version" jcr:mixinTypes="" jcr:uuid="c091a7d1-ed0f-4c2e-a2cc-b3a469f88a40" jcr:created="2008-05-19T14:21:56.978-07:00" jcr:predecessors="b7d43488-3739-4675-ac7e-e0176a3b2632" jcr:successors=""&gt;
    <jcr:frozenNode jcr:primaryType="nt:frozenNode" jcr:mixinTypes="" jcr:uuid="0059ae6b-c2bf-4262-86e1-2b7b790528c0" jcr:frozenUuid="abbe2e36-e2bf-4379-b33a-59d82d773499" jcr:frozenPrimaryType="test:versionable" jcr:frozenMixinTypes="" jcr:versionHistory="2b8e5abc-adc2-4bf7-ad25-7a2bd1c51485" jcr:predecessors="b7d43488-3739-4675-ac7e-e0176a3b2632" />&lt;/_x0031_.1&gt;&lt;_x0031_.0 jcr:primaryType="nt:version" jcr:mixinTypes="" jcr:uuid="b7d43488-3739-4675-ac7e-e0176a3b2632" jcr:created="2008-05-19T14:21:56.961-07:00" jcr:predecessors="b1fd0470-d6fe-4601-b026-a6ec3dcdbb56" jcr:successors="c091a7d1-ed0f-4c2e-a2cc-b3a469f88a40"&gt;
    <jcr:frozenNode jcr:primaryType="nt:frozenNode" jcr:mixinTypes="" jcr:uuid="4845d278-7c9c-421d-9a7f-f5b34952c2fe" jcr:frozenUuid="abbe2e36-e2bf-4379-b33a-59d82d773499" jcr:frozenPrimaryType="test:versionable" jcr:frozenMixinTypes="" jcr:versionHistory="2b8e5abc-adc2-4bf7-ad25-7a2bd1c51485" jcr:predecessors="b1fd0470-d6fe-4601-b026-a6ec3dcdbb56" />&lt;/_x0031_.0&gt;&lt;/_x0032_b8e5abc-adc2-4bf7-ad25-7a2bd1c51485&gt;&lt;_x0032_167c27a-3e34-4f1b-ac9a-50148c7ee7db jcr:primaryType="nt:versionHistory" jcr:mixinTypes="" jcr:uuid="2167c27a-3e34-4f1b-ac9a-50148c7ee7db" jcr:versionableUuid="5d0a1293-337c-4a90-8cc7-a0f05fb9118e"&gt;
    <jcr:versionLabels jcr:primaryType="nt:versionLabels" jcr:mixinTypes="" />&lt;_x0031_.2 jcr:primaryType="nt:version" jcr:mixinTypes="" jcr:uuid="85bd42c7-00b8-4e83-b79e-547e922d7811" jcr:created="2008-05-19T14:21:34.548-07:00" jcr:predecessors="3cd11e6b-dd10-4e11-8cce-bec1d74b2c23" jcr:successors=""&gt;
    <jcr:frozenNode jcr:primaryType="nt:frozenNode" jcr:mixinTypes="" jcr:uuid="9afc4e76-3fe6-4ba6-8763-4003141582b7" jcr:frozenUuid="5d0a1293-337c-4a90-8cc7-a0f05fb9118e" jcr:frozenPrimaryType="test:versionable" jcr:frozenMixinTypes="" jcr:versionHistory="2167c27a-3e34-4f1b-ac9a-50148c7ee7db" jcr:predecessors="3cd11e6b-dd10-4e11-8cce-bec1d74b2c23" />&lt;/_x0031_.2&gt;&lt;_x0031_.1 jcr:primaryType="nt:version" jcr:mixinTypes="" jcr:uuid="3cd11e6b-dd10-4e11-8cce-bec1d74b2c23" jcr:created="2008-05-19T14:21:34.466-07:00" jcr:predecessors="3fa0882f-bb6a-4bd1-b15f-7bbe566f4fcb" jcr:successors="85bd42c7-00b8-4e83-b79e-547e922d7811"&gt;
    <jcr:frozenNode jcr:primaryType="nt:frozenNode" jcr:mixinTypes="" jcr:uuid="6da53d91-c70d-4fe8-8d61-93f51fef7368" jcr:frozenUuid="5d0a1293-337c-4a90-8cc7-a0f05fb9118e" jcr:frozenPrimaryType="test:versionable" jcr:frozenMixinTypes="" jcr:versionHistory="2167c27a-3e34-4f1b-ac9a-50148c7ee7db" jcr:predecessors="3fa0882f-bb6a-4bd1-b15f-7bbe566f4fcb" />&lt;/_x0031_.1&gt;&lt;_x0031_.0 jcr:primaryType="nt:version" jcr:mixinTypes="" jcr:uuid="3fa0882f-bb6a-4bd1-b15f-7bbe566f4fcb" jcr:created="2008-05-19T14:21:34.370-07:00" jcr:predecessors="550c9b49-0659-4d29-9445-527789f4301f" jcr:successors="3cd11e6b-dd10-4e11-8cce-bec1d74b2c23"&gt;
    <jcr:frozenNode jcr:primaryType="nt:frozenNode" jcr:mixinTypes="" jcr:uuid="d15feeda-e69f-4d0a-ac99-fbe27ac0f294" jcr:frozenUuid="5d0a1293-337c-4a90-8cc7-a0f05fb9118e" jcr:frozenPrimaryType="test:versionable" jcr:frozenMixinTypes="" jcr:versionHistory="2167c27a-3e34-4f1b-ac9a-50148c7ee7db" jcr:predecessors="550c9b49-0659-4d29-9445-527789f4301f" />&lt;/_x0031_.0&gt;
    <jcr:rootVersion jcr:primaryType="nt:version" jcr:mixinTypes="" jcr:uuid="550c9b49-0659-4d29-9445-527789f4301f" jcr:created="2008-05-19T14:21:34.250-07:00" jcr:predecessors="" jcr:successors="3fa0882f-bb6a-4bd1-b15f-7bbe566f4fcb" />&lt;/_x0032_167c27a-3e34-4f1b-ac9a-50148c7ee7db&gt;
    <c517d583-c3fe-4f98-be11-09b1f8dd22b0 jcr:primaryType="nt:versionHistory" jcr:mixinTypes="" jcr:uuid="c517d583-c3fe-4f98-be11-09b1f8dd22b0" jcr:versionableUuid="940964b4-2382-4768-b842-288bbaa3d1e0">
    <jcr:versionLabels jcr:primaryType="nt:versionLabels" jcr:mixinTypes="" />&lt;_x0031_.0 jcr:primaryType="nt:version" jcr:mixinTypes="" jcr:uuid="72a1317c-5e4b-4d8b-b5a2-d171d8778e87" jcr:created="2008-05-19T14:22:00.136-07:00" jcr:predecessors="e4a44690-bb00-4ec5-9184-372dfef8e5fc" jcr:successors="235c8e78-509c-45f4-aaeb-c6fafb8f86dc"&gt;
    <jcr:frozenNode jcr:primaryType="nt:frozenNode" jcr:mixinTypes="" jcr:uuid="1e9eb0d4-958c-4b32-abd7-4401d3f78e3b" jcr:frozenUuid="940964b4-2382-4768-b842-288bbaa3d1e0" jcr:frozenPrimaryType="test:versionable" jcr:frozenMixinTypes="" jcr:versionHistory="c517d583-c3fe-4f98-be11-09b1f8dd22b0" jcr:predecessors="e4a44690-bb00-4ec5-9184-372dfef8e5fc" />&lt;/_x0031_.0&gt;&lt;_x0031_.1 jcr:primaryType="nt:version" jcr:mixinTypes="" jcr:uuid="235c8e78-509c-45f4-aaeb-c6fafb8f86dc" jcr:created="2008-05-19T14:22:00.547-07:00" jcr:predecessors="72a1317c-5e4b-4d8b-b5a2-d171d8778e87" jcr:successors=""&gt;
    <jcr:frozenNode jcr:primaryType="nt:frozenNode" jcr:mixinTypes="" jcr:uuid="409a7489-ab52-4fd0-a608-949de6702579" jcr:frozenUuid="940964b4-2382-4768-b842-288bbaa3d1e0" jcr:frozenPrimaryType="test:versionable" jcr:frozenMixinTypes="" jcr:versionHistory="c517d583-c3fe-4f98-be11-09b1f8dd22b0" jcr:predecessors="72a1317c-5e4b-4d8b-b5a2-d171d8778e87" />&lt;/_x0031_.1&gt;
    <jcr:rootVersion jcr:primaryType="nt:version" jcr:mixinTypes="" jcr:uuid="e4a44690-bb00-4ec5-9184-372dfef8e5fc" jcr:created="2008-05-19T14:22:00.054-07:00" jcr:predecessors="" jcr:successors="72a1317c-5e4b-4d8b-b5a2-d171d8778e87" /></c517d583-c3fe-4f98-be11-09b1f8dd22b0>
    <e80b9c2d-2974-4cf2-a661-fd0c0036071c jcr:primaryType="nt:versionHistory" jcr:mixinTypes="" jcr:uuid="e80b9c2d-2974-4cf2-a661-fd0c0036071c" jcr:versionableUuid="3c302ab4-896a-4045-a362-ffaa12ea7a17">
    <jcr:versionLabels jcr:primaryType="nt:versionLabels" jcr:mixinTypes="" />&lt;_x0031_.0 jcr:primaryType="nt:version" jcr:mixinTypes="" jcr:uuid="9e177a34-f653-43e9-a435-be49e97c7b53" jcr:created="2008-05-19T14:21:26.166-07:00" jcr:predecessors="e2cf72bf-cb9f-4fef-8967-a80c0b92f0dd" jcr:successors=""&gt;
    <jcr:frozenNode jcr:primaryType="nt:frozenNode" jcr:mixinTypes="" jcr:uuid="e44f5b95-02ef-4aec-a796-eb2e951b6e3e" jcr:frozenUuid="3c302ab4-896a-4045-a362-ffaa12ea7a17" jcr:frozenPrimaryType="test:versionable" jcr:frozenMixinTypes="" jcr:versionHistory="e80b9c2d-2974-4cf2-a661-fd0c0036071c" jcr:predecessors="e2cf72bf-cb9f-4fef-8967-a80c0b92f0dd" />&lt;/_x0031_.0&gt;
    <jcr:rootVersion jcr:primaryType="nt:version" jcr:mixinTypes="" jcr:uuid="e2cf72bf-cb9f-4fef-8967-a80c0b92f0dd" jcr:created="2008-05-19T14:21:26.132-07:00" jcr:predecessors="" jcr:successors="9e177a34-f653-43e9-a435-be49e97c7b53" /></e80b9c2d-2974-4cf2-a661-fd0c0036071c>&lt;_x0031_2750006-6fc4-4fc0-89bf-c8a9c22ad08d jcr:primaryType="nt:versionHistory" jcr:mixinTypes="" jcr:uuid="12750006-6fc4-4fc0-89bf-c8a9c22ad08d" jcr:versionableUuid="2394d247-087d-4456-818a-ac65e8169bc1"&gt;
    <jcr:versionLabels jcr:primaryType="nt:versionLabels" jcr:mixinTypes="" />
    <jcr:rootVersion jcr:primaryType="nt:version" jcr:mixinTypes="" jcr:uuid="2be01d3b-1c2f-463b-8db4-d73eed3ff35f" jcr:created="2008-05-19T14:21:45.115-07:00" jcr:predecessors="" jcr:successors="e00bb52f-75ef-41ce-af10-0f29020128bf" />&lt;_x0031_.0 jcr:primaryType="nt:version" jcr:mixinTypes="" jcr:uuid="e00bb52f-75ef-41ce-af10-0f29020128bf" jcr:created="2008-05-19T14:21:45.186-07:00" jcr:predecessors="2be01d3b-1c2f-463b-8db4-d73eed3ff35f" jcr:successors=""&gt;
    <jcr:frozenNode jcr:primaryType="nt:frozenNode" jcr:mixinTypes="" jcr:uuid="07035b1b-5855-4a54-b1f1-6d76b2e83b09" jcr:frozenUuid="2394d247-087d-4456-818a-ac65e8169bc1" jcr:frozenPrimaryType="test:versionable" jcr:frozenMixinTypes="" jcr:versionHistory="12750006-6fc4-4fc0-89bf-c8a9c22ad08d" jcr:predecessors="2be01d3b-1c2f-463b-8db4-d73eed3ff35f" />&lt;/_x0031_.0&gt;&lt;/_x0031_2750006-6fc4-4fc0-89bf-c8a9c22ad08d&gt;&lt;_x0030_6d2a742-350b-44e9-9305-0e522390f80f jcr:primaryType="nt:versionHistory" jcr:mixinTypes="" jcr:uuid="06d2a742-350b-44e9-9305-0e522390f80f" jcr:versionableUuid="4a2a178b-3f0b-4f6a-857b-715c3206345e"&gt;
    <jcr:versionLabels jcr:primaryType="nt:versionLabels" jcr:mixinTypes="" />&lt;_x0031_.1 jcr:primaryType="nt:version" jcr:mixinTypes="" jcr:uuid="b7a9fc30-36c4-4fdd-862d-1f3c96351b9c" jcr:created="2008-05-19T14:21:32.083-07:00" jcr:predecessors="786cd2ce-f52d-44dd-ad4a-1e62f0321847" jcr:successors="d7d06e3c-1156-43e7-8bf6-9f885df81555"&gt;
    <jcr:frozenNode jcr:primaryType="nt:frozenNode" jcr:mixinTypes="" jcr:uuid="74c6b490-e3a9-4e4f-974a-9fa38af95b3e" jcr:frozenUuid="4a2a178b-3f0b-4f6a-857b-715c3206345e" jcr:frozenPrimaryType="test:versionable" jcr:frozenMixinTypes="" jcr:versionHistory="06d2a742-350b-44e9-9305-0e522390f80f" jcr:predecessors="138398c4-401f-4365-9bce-0921a86c5922" />&lt;/_x0031_.1&gt;&lt;_x0031_.2 jcr:primaryType="nt:version" jcr:mixinTypes="" jcr:uuid="d7d06e3c-1156-43e7-8bf6-9f885df81555" jcr:created="2008-05-19T14:21:32.233-07:00" jcr:predecessors="b7a9fc30-36c4-4fdd-862d-1f3c96351b9c" jcr:successors="bb35e7fb-1dd9-49b2-8559-6a55c4885531"&gt;
    <jcr:frozenNode jcr:primaryType="nt:frozenNode" jcr:mixinTypes="" jcr:uuid="afa85be1-494e-4a47-be8d-2c7f21b4b654" jcr:frozenUuid="4a2a178b-3f0b-4f6a-857b-715c3206345e" jcr:frozenPrimaryType="test:versionable" jcr:frozenMixinTypes="" jcr:versionHistory="06d2a742-350b-44e9-9305-0e522390f80f" jcr:predecessors="b7a9fc30-36c4-4fdd-862d-1f3c96351b9c" />&lt;/_x0031_.2&gt;&lt;_x0031_.4 jcr:primaryType="nt:version" jcr:mixinTypes="" jcr:uuid="bb35e7fb-1dd9-49b2-8559-6a55c4885531" jcr:created="2008-05-19T14:21:32.484-07:00" jcr:predecessors="d7d06e3c-1156-43e7-8bf6-9f885df81555" jcr:successors=""&gt;
    <jcr:frozenNode jcr:primaryType="nt:frozenNode" jcr:mixinTypes="" jcr:uuid="08db60fa-7221-400a-8527-69e6962467fd" jcr:frozenUuid="4a2a178b-3f0b-4f6a-857b-715c3206345e" jcr:frozenPrimaryType="test:versionable" jcr:frozenMixinTypes="" jcr:versionHistory="06d2a742-350b-44e9-9305-0e522390f80f" jcr:predecessors="ae7da2c5-be2d-4256-a91c-0eea4c6c270f" />&lt;/_x0031_.4&gt;
    <jcr:rootVersion jcr:primaryType="nt:version" jcr:mixinTypes="" jcr:uuid="786cd2ce-f52d-44dd-ad4a-1e62f0321847" jcr:created="2008-05-19T14:21:31.999-07:00" jcr:predecessors="" jcr:successors="b7a9fc30-36c4-4fdd-862d-1f3c96351b9c" />&lt;/_x0030_6d2a742-350b-44e9-9305-0e522390f80f&gt;
    <f3bb844b-fd7c-4987-985c-d1d8c8c4b7e6 jcr:primaryType="nt:versionHistory" jcr:mixinTypes="" jcr:uuid="f3bb844b-fd7c-4987-985c-d1d8c8c4b7e6" jcr:versionableUuid="93baaadd-0cc1-487f-8358-d67def52015d">
      <jcr:versionLabels jcr:primaryType="nt:versionLabels" jcr:mixinTypes="" />
      <jcr:rootVersion jcr:primaryType="nt:version" jcr:mixinTypes="" jcr:uuid="e33a3356-2114-46d8-85a3-cfc2264f669b" jcr:created="2008-05-19T14:22:10.905-07:00" jcr:predecessors="" jcr:successors="" />
    </f3bb844b-fd7c-4987-985c-d1d8c8c4b7e6>
    <dd83ca2b-dfc1-400a-8b0e-26e829e74bc1 jcr:primaryType="nt:versionHistory" jcr:mixinTypes="" jcr:uuid="dd83ca2b-dfc1-400a-8b0e-26e829e74bc1" jcr:versionableUuid="5027f2d0-6893-4f07-970c-a9b915ab4ebd">
      <jcr:versionLabels jcr:primaryType="nt:versionLabels" jcr:mixinTypes="" />
      <jcr:rootVersion jcr:primaryType="nt:version" jcr:mixinTypes="" jcr:uuid="1ac8b50e-677d-4d02-9f84-83cdb97b59c8" jcr:created="2008-05-19T14:21:52.707-07:00" jcr:predecessors="" jcr:successors="" />
    </dd83ca2b-dfc1-400a-8b0e-26e829e74bc1>&lt;_x0038_cae8259-bb98-4c3b-8d79-4dd1b5fe1f35 jcr:primaryType="nt:versionHistory" jcr:mixinTypes="" jcr:uuid="8cae8259-bb98-4c3b-8d79-4dd1b5fe1f35" jcr:versionableUuid="98424082-6ca8-4c42-9a73-3d0e263bc671"&gt;
    <jcr:versionLabels jcr:primaryType="nt:versionLabels" jcr:mixinTypes="" />
    <jcr:rootVersion jcr:primaryType="nt:version" jcr:mixinTypes="" jcr:uuid="28ef2837-9530-4ae3-8611-c9fda92d5c5e" jcr:created="2008-05-19T14:21:27.714-07:00" jcr:predecessors="" jcr:successors="" />&lt;/_x0038_cae8259-bb98-4c3b-8d79-4dd1b5fe1f35&gt;
    <e8a6bdab-dbdd-480d-89e5-d6cf0f8c1f14 jcr:primaryType="nt:versionHistory" jcr:mixinTypes="" jcr:uuid="e8a6bdab-dbdd-480d-89e5-d6cf0f8c1f14" jcr:versionableUuid="cdc6f332-b08d-4271-bb04-0acba202285d">
      <jcr:versionLabels jcr:primaryType="nt:versionLabels" jcr:mixinTypes="" />
      <jcr:rootVersion jcr:primaryType="nt:version" jcr:mixinTypes="" jcr:uuid="12a05dda-60d0-4c8b-8d2a-b0e76e77ad11" jcr:created="2008-05-19T14:22:06.747-07:00" jcr:predecessors="" jcr:successors="" />
    </e8a6bdab-dbdd-480d-89e5-d6cf0f8c1f14>
    <d45ac51b-cba5-4694-b831-6e6eeda72fa3 jcr:primaryType="nt:versionHistory" jcr:mixinTypes="" jcr:uuid="d45ac51b-cba5-4694-b831-6e6eeda72fa3" jcr:versionableUuid="14874bea-6c85-4ca7-8750-aa8c1d20f3e5">
    <jcr:versionLabels jcr:primaryType="nt:versionLabels" jcr:mixinTypes="" />
    <jcr:rootVersion jcr:primaryType="nt:version" jcr:mixinTypes="" jcr:uuid="0fc15c5c-ab71-42f4-ad82-6db97d644271" jcr:created="2008-05-19T14:22:01.871-07:00" jcr:predecessors="" jcr:successors="ea47f3d0-3f12-4f38-8bae-7febf2a2c104" />&lt;_x0031_.1 jcr:primaryType="nt:version" jcr:mixinTypes="" jcr:uuid="378d94eb-85fe-47a4-98cb-47e5830de957" jcr:created="2008-05-19T14:22:01.970-07:00" jcr:predecessors="ea47f3d0-3f12-4f38-8bae-7febf2a2c104" jcr:successors=""&gt;
    <jcr:frozenNode jcr:primaryType="nt:frozenNode" jcr:mixinTypes="" jcr:uuid="5cd198f4-c0c3-4de7-bb2a-0a4e3384e608" jcr:frozenUuid="14874bea-6c85-4ca7-8750-aa8c1d20f3e5" jcr:frozenPrimaryType="test:versionable" jcr:frozenMixinTypes="" jcr:versionHistory="d45ac51b-cba5-4694-b831-6e6eeda72fa3" jcr:predecessors="ea47f3d0-3f12-4f38-8bae-7febf2a2c104" />&lt;/_x0031_.1&gt;&lt;_x0031_.0 jcr:primaryType="nt:version" jcr:mixinTypes="" jcr:uuid="ea47f3d0-3f12-4f38-8bae-7febf2a2c104" jcr:created="2008-05-19T14:22:01.939-07:00" jcr:predecessors="0fc15c5c-ab71-42f4-ad82-6db97d644271" jcr:successors="378d94eb-85fe-47a4-98cb-47e5830de957"&gt;
    <jcr:frozenNode jcr:primaryType="nt:frozenNode" jcr:mixinTypes="" jcr:uuid="13194126-b979-4335-bc59-9fd83d23a875" jcr:frozenUuid="14874bea-6c85-4ca7-8750-aa8c1d20f3e5" jcr:frozenPrimaryType="test:versionable" jcr:frozenMixinTypes="" jcr:versionHistory="d45ac51b-cba5-4694-b831-6e6eeda72fa3" jcr:predecessors="0fc15c5c-ab71-42f4-ad82-6db97d644271" />&lt;/_x0031_.0&gt;</d45ac51b-cba5-4694-b831-6e6eeda72fa3>&lt;_x0038_06d575d-42b3-471e-bf63-0cf4e4bae5af jcr:primaryType="nt:versionHistory" jcr:mixinTypes="" jcr:uuid="806d575d-42b3-471e-bf63-0cf4e4bae5af" jcr:versionableUuid="041a65b8-0398-43a7-9d6e-5458b519cdc2"&gt;
    <jcr:versionLabels jcr:primaryType="nt:versionLabels" jcr:mixinTypes="" />
    <jcr:rootVersion jcr:primaryType="nt:version" jcr:mixinTypes="" jcr:uuid="dbe57e34-71a4-4a0d-95a0-17c1ce556053" jcr:created="2008-05-19T14:21:41.706-07:00" jcr:predecessors="" jcr:successors="63a43e02-088a-4e77-9034-21100c8a1f53" />&lt;_x0031_.0 jcr:primaryType="nt:version" jcr:mixinTypes="" jcr:uuid="63a43e02-088a-4e77-9034-21100c8a1f53" jcr:created="2008-05-19T14:21:41.774-07:00" jcr:predecessors="dbe57e34-71a4-4a0d-95a0-17c1ce556053" jcr:successors=""&gt;
    <jcr:frozenNode jcr:primaryType="nt:frozenNode" jcr:mixinTypes="" jcr:uuid="d47edc30-6ef5-4e9c-a473-f09c1c108729" jcr:frozenUuid="041a65b8-0398-43a7-9d6e-5458b519cdc2" jcr:frozenPrimaryType="test:versionable" jcr:frozenMixinTypes="" jcr:versionHistory="806d575d-42b3-471e-bf63-0cf4e4bae5af" jcr:predecessors="dbe57e34-71a4-4a0d-95a0-17c1ce556053" />&lt;/_x0031_.0&gt;&lt;/_x0038_06d575d-42b3-471e-bf63-0cf4e4bae5af&gt;&lt;_x0039_e9510af-2504-41a1-bd4b-67d9954d870a jcr:primaryType="nt:versionHistory" jcr:mixinTypes="" jcr:uuid="9e9510af-2504-41a1-bd4b-67d9954d870a" jcr:versionableUuid="3d4e75cf-c078-4fb0-b62b-2ea1b2ba8f7c"&gt;
    <jcr:versionLabels jcr:primaryType="nt:versionLabels" jcr:mixinTypes="" />
    <jcr:rootVersion jcr:primaryType="nt:version" jcr:mixinTypes="" jcr:uuid="6e337c30-c250-426b-885a-54f881de6b94" jcr:created="2008-05-19T14:21:27.390-07:00" jcr:predecessors="" jcr:successors="81be3d67-6b52-46c2-b20d-d8ff1670c7b1" />&lt;_x0031_.0 jcr:primaryType="nt:version" jcr:mixinTypes="" jcr:uuid="81be3d67-6b52-46c2-b20d-d8ff1670c7b1" jcr:created="2008-05-19T14:21:27.438-07:00" jcr:predecessors="6e337c30-c250-426b-885a-54f881de6b94" jcr:successors=""&gt;
    <jcr:frozenNode jcr:primaryType="nt:frozenNode" jcr:mixinTypes="" jcr:uuid="2aee4f49-da6f-4429-adfb-4f602e0cfb71" jcr:frozenUuid="3d4e75cf-c078-4fb0-b62b-2ea1b2ba8f7c" jcr:frozenPrimaryType="test:versionable" jcr:frozenMixinTypes="" jcr:versionHistory="9e9510af-2504-41a1-bd4b-67d9954d870a" jcr:predecessors="6e337c30-c250-426b-885a-54f881de6b94" />&lt;/_x0031_.0&gt;&lt;/_x0039_e9510af-2504-41a1-bd4b-67d9954d870a&gt;&lt;_x0038_7880c1f-91c5-43e5-af6a-0490ae81ae82 jcr:primaryType="nt:versionHistory" jcr:mixinTypes="" jcr:uuid="87880c1f-91c5-43e5-af6a-0490ae81ae82" jcr:versionableUuid="5c0b5738-c7d2-4aca-86ea-ff24624abacc"&gt;
    <jcr:versionLabels jcr:primaryType="nt:versionLabels" jcr:mixinTypes="" />
    <jcr:rootVersion jcr:primaryType="nt:version" jcr:mixinTypes="" jcr:uuid="1a697a4b-1e65-4ecf-981b-a120078f559f" jcr:created="2008-05-19T14:22:06.084-07:00" jcr:predecessors="" jcr:successors="" />&lt;/_x0038_7880c1f-91c5-43e5-af6a-0490ae81ae82&gt;&lt;_x0033_7c70051-d145-4c91-a347-e0e0bf27fb15 jcr:primaryType="nt:versionHistory" jcr:mixinTypes="" jcr:uuid="37c70051-d145-4c91-a347-e0e0bf27fb15" jcr:versionableUuid="9714ae37-5a25-48b6-9014-6c6b93011e2f"&gt;
    <jcr:versionLabels jcr:primaryType="nt:versionLabels" jcr:mixinTypes="" />&lt;_x0031_.0 jcr:primaryType="nt:version" jcr:mixinTypes="" jcr:uuid="f5439f4f-6d85-44a7-b888-4b954a918ca4" jcr:created="2008-05-19T14:21:43.197-07:00" jcr:predecessors="f78444d2-5d69-4d4d-8b4e-02e2825424b2" jcr:successors=""&gt;
    <jcr:frozenNode jcr:primaryType="nt:frozenNode" jcr:mixinTypes="" jcr:uuid="3606ec1b-a4d3-4137-9b3c-3c9285ef4512" jcr:frozenUuid="9714ae37-5a25-48b6-9014-6c6b93011e2f" jcr:frozenPrimaryType="test:versionable" jcr:frozenMixinTypes="" jcr:versionHistory="37c70051-d145-4c91-a347-e0e0bf27fb15" jcr:predecessors="f78444d2-5d69-4d4d-8b4e-02e2825424b2" />&lt;/_x0031_.0&gt;
    <jcr:rootVersion jcr:primaryType="nt:version" jcr:mixinTypes="" jcr:uuid="f78444d2-5d69-4d4d-8b4e-02e2825424b2" jcr:created="2008-05-19T14:21:43.063-07:00" jcr:predecessors="" jcr:successors="f5439f4f-6d85-44a7-b888-4b954a918ca4" />&lt;/_x0033_7c70051-d145-4c91-a347-e0e0bf27fb15&gt;&lt;_x0035_ea1079b-0a8b-4613-b1ba-2a8acb9656da jcr:primaryType="nt:versionHistory" jcr:mixinTypes="" jcr:uuid="5ea1079b-0a8b-4613-b1ba-2a8acb9656da" jcr:versionableUuid="e9ad1b32-c24c-4896-9f58-1515bff8cda7"&gt;
    <jcr:versionLabels jcr:primaryType="nt:versionLabels" jcr:mixinTypes="" />
    <jcr:rootVersion jcr:primaryType="nt:version" jcr:mixinTypes="" jcr:uuid="3f0f2ee4-cf70-4bc3-9870-9c25c2a1c867" jcr:created="2008-05-19T14:21:39.276-07:00" jcr:predecessors="" jcr:successors="" />&lt;/_x0035_ea1079b-0a8b-4613-b1ba-2a8acb9656da&gt;
    <d201c31e-c7fd-4962-af3b-252e84e0d06d jcr:primaryType="nt:versionHistory" jcr:mixinTypes="" jcr:uuid="d201c31e-c7fd-4962-af3b-252e84e0d06d" jcr:versionableUuid="2eff5485-3934-4149-ab54-47697cba2ce9">
      <jcr:versionLabels jcr:primaryType="nt:versionLabels" jcr:mixinTypes="" />
      <jcr:rootVersion jcr:primaryType="nt:version" jcr:mixinTypes="" jcr:uuid="59604465-d1e8-407b-adde-f13ac58ac861" jcr:created="2008-05-19T14:21:31.328-07:00" jcr:predecessors="" jcr:successors="" />
    </d201c31e-c7fd-4962-af3b-252e84e0d06d>
    <c7ce0817-74f4-4ab7-9614-d4936887cc03 jcr:primaryType="nt:versionHistory" jcr:mixinTypes="" jcr:uuid="c7ce0817-74f4-4ab7-9614-d4936887cc03" jcr:versionableUuid="1e223326-e8f7-4410-b809-c0b2f319b38e">
    <jcr:versionLabels jcr:primaryType="nt:versionLabels" jcr:mixinTypes="" />&lt;_x0031_.0 jcr:primaryType="nt:version" jcr:mixinTypes="" jcr:uuid="bb57ab54-a696-4e9c-baf0-1520bcb89039" jcr:created="2008-05-19T14:21:37.976-07:00" jcr:predecessors="dbd8dfd6-039d-4402-9460-7bac6e53843b" jcr:successors="618a638f-9078-4c73-95b0-3333fde7a93e"&gt;
    <jcr:frozenNode jcr:primaryType="nt:frozenNode" jcr:mixinTypes="" jcr:uuid="aa9b593d-998a-41cf-9b8e-2f4a77976f12" jcr:frozenUuid="1e223326-e8f7-4410-b809-c0b2f319b38e" jcr:frozenPrimaryType="test:versionable" jcr:frozenMixinTypes="" jcr:versionHistory="c7ce0817-74f4-4ab7-9614-d4936887cc03" jcr:predecessors="dbd8dfd6-039d-4402-9460-7bac6e53843b" />&lt;/_x0031_.0&gt;&lt;_x0031_.1 jcr:primaryType="nt:version" jcr:mixinTypes="" jcr:uuid="618a638f-9078-4c73-95b0-3333fde7a93e" jcr:created="2008-05-19T14:21:37.989-07:00" jcr:predecessors="bb57ab54-a696-4e9c-baf0-1520bcb89039" jcr:successors=""&gt;
    <jcr:frozenNode jcr:primaryType="nt:frozenNode" jcr:mixinTypes="" jcr:uuid="a5ea94bf-f673-4fd7-97f3-3b86e5468d15" jcr:frozenUuid="1e223326-e8f7-4410-b809-c0b2f319b38e" jcr:frozenPrimaryType="test:versionable" jcr:frozenMixinTypes="" jcr:versionHistory="c7ce0817-74f4-4ab7-9614-d4936887cc03" jcr:predecessors="bb57ab54-a696-4e9c-baf0-1520bcb89039" />&lt;/_x0031_.1&gt;
    <jcr:rootVersion jcr:primaryType="nt:version" jcr:mixinTypes="" jcr:uuid="dbd8dfd6-039d-4402-9460-7bac6e53843b" jcr:created="2008-05-19T14:21:37.617-07:00" jcr:predecessors="" jcr:successors="bb57ab54-a696-4e9c-baf0-1520bcb89039" /></c7ce0817-74f4-4ab7-9614-d4936887cc03>
    <d5b7a59f-98d5-4d36-9d6e-362c17878da8 jcr:primaryType="nt:versionHistory" jcr:mixinTypes="" jcr:uuid="d5b7a59f-98d5-4d36-9d6e-362c17878da8" jcr:versionableUuid="6434fce7-e8c5-41cf-b982-97bd2cd992d9">
      <jcr:versionLabels jcr:primaryType="nt:versionLabels" jcr:mixinTypes="" />
      <jcr:rootVersion jcr:primaryType="nt:version" jcr:mixinTypes="" jcr:uuid="9789aef5-dd20-474a-9576-29a841258e16" jcr:created="2008-05-19T14:21:17.987-07:00" jcr:predecessors="" jcr:successors="" />
    </d5b7a59f-98d5-4d36-9d6e-362c17878da8>
    <d4d87c44-7abe-48d1-ba43-3c2d651a8555 jcr:primaryType="nt:versionHistory" jcr:mixinTypes="" jcr:uuid="d4d87c44-7abe-48d1-ba43-3c2d651a8555" jcr:versionableUuid="c9076f0f-4b07-48fa-b207-732047af2d60">
      <jcr:versionLabels jcr:primaryType="nt:versionLabels" jcr:mixinTypes="" />
      <jcr:rootVersion jcr:primaryType="nt:version" jcr:mixinTypes="" jcr:uuid="a40a03e1-5346-4a02-8013-bd37a857909c" jcr:created="2008-05-19T14:21:51.719-07:00" jcr:predecessors="" jcr:successors="" />
    </d4d87c44-7abe-48d1-ba43-3c2d651a8555>
    <f79f3d20-ef57-463a-93e4-71b9357cf7bf jcr:primaryType="nt:versionHistory" jcr:mixinTypes="" jcr:uuid="f79f3d20-ef57-463a-93e4-71b9357cf7bf" jcr:versionableUuid="730b399f-ba8d-44a3-a660-d24d552b4f45">
      <jcr:versionLabels jcr:primaryType="nt:versionLabels" jcr:mixinTypes="" />
      <jcr:rootVersion jcr:primaryType="nt:version" jcr:mixinTypes="" jcr:uuid="36b8e353-087d-4ccd-aa0a-6951cd30a5d6" jcr:created="2008-05-19T14:21:35.168-07:00" jcr:predecessors="" jcr:successors="" />
    </f79f3d20-ef57-463a-93e4-71b9357cf7bf>&lt;_x0037_1809ed1-2bce-43f0-98c1-cd0d1eafada8 jcr:primaryType="nt:versionHistory" jcr:mixinTypes="" jcr:uuid="71809ed1-2bce-43f0-98c1-cd0d1eafada8" jcr:versionableUuid="d39bd288-14e9-4b40-8d0a-10599e06d919"&gt;
    <jcr:versionLabels jcr:primaryType="nt:versionLabels" jcr:mixinTypes="" />&lt;_x0031_.0 jcr:primaryType="nt:version" jcr:mixinTypes="" jcr:uuid="76145744-6551-4310-9bd0-4cd84676e2df" jcr:created="2008-05-19T14:22:02.259-07:00" jcr:predecessors="a9460b40-5efc-48f7-8b54-da6e0000b616" jcr:successors="3cfed120-fc15-4b64-859c-9a1e9c4f6ece"&gt;
    <jcr:frozenNode jcr:primaryType="nt:frozenNode" jcr:mixinTypes="" jcr:uuid="20d88bef-fe01-4694-bf39-674d806bc385" jcr:frozenUuid="d39bd288-14e9-4b40-8d0a-10599e06d919" jcr:frozenPrimaryType="test:versionable" jcr:frozenMixinTypes="" jcr:versionHistory="71809ed1-2bce-43f0-98c1-cd0d1eafada8" jcr:predecessors="a9460b40-5efc-48f7-8b54-da6e0000b616" />&lt;/_x0031_.0&gt;
    <jcr:rootVersion jcr:primaryType="nt:version" jcr:mixinTypes="" jcr:uuid="a9460b40-5efc-48f7-8b54-da6e0000b616" jcr:created="2008-05-19T14:22:02.179-07:00" jcr:predecessors="" jcr:successors="76145744-6551-4310-9bd0-4cd84676e2df" />&lt;_x0031_.1 jcr:primaryType="nt:version" jcr:mixinTypes="" jcr:uuid="3cfed120-fc15-4b64-859c-9a1e9c4f6ece" jcr:created="2008-05-19T14:22:02.287-07:00" jcr:predecessors="76145744-6551-4310-9bd0-4cd84676e2df" jcr:successors=""&gt;
    <jcr:frozenNode jcr:primaryType="nt:frozenNode" jcr:mixinTypes="" jcr:uuid="e777c2ee-ddf1-43d4-8e68-e64598c05d5a" jcr:frozenUuid="d39bd288-14e9-4b40-8d0a-10599e06d919" jcr:frozenPrimaryType="test:versionable" jcr:frozenMixinTypes="" jcr:versionHistory="71809ed1-2bce-43f0-98c1-cd0d1eafada8" jcr:predecessors="76145744-6551-4310-9bd0-4cd84676e2df" />&lt;/_x0031_.1&gt;&lt;/_x0037_1809ed1-2bce-43f0-98c1-cd0d1eafada8&gt;
    <f7f6a6be-4859-4d69-adcc-99026c4a45c5 jcr:primaryType="nt:versionHistory" jcr:mixinTypes="" jcr:uuid="f7f6a6be-4859-4d69-adcc-99026c4a45c5" jcr:versionableUuid="aef4eae0-2ec9-45c1-ad3c-7474df655ee4">
    <jcr:versionLabels jcr:primaryType="nt:versionLabels" jcr:mixinTypes="" />&lt;_x0031_.0 jcr:primaryType="nt:version" jcr:mixinTypes="" jcr:uuid="d8491580-28b4-4f7b-8ab4-ade472090256" jcr:created="2008-05-19T14:21:48.395-07:00" jcr:predecessors="40a523ee-8539-4158-a739-2943e90b8596" jcr:successors=""&gt;
    <jcr:frozenNode jcr:primaryType="nt:frozenNode" jcr:mixinTypes="" jcr:uuid="50c54096-1809-4e57-a997-6a5b2dc60b48" jcr:frozenUuid="aef4eae0-2ec9-45c1-ad3c-7474df655ee4" jcr:frozenPrimaryType="test:versionable" jcr:frozenMixinTypes="" jcr:versionHistory="f7f6a6be-4859-4d69-adcc-99026c4a45c5" jcr:predecessors="40a523ee-8539-4158-a739-2943e90b8596" />&lt;/_x0031_.0&gt;
    <jcr:rootVersion jcr:primaryType="nt:version" jcr:mixinTypes="" jcr:uuid="40a523ee-8539-4158-a739-2943e90b8596" jcr:created="2008-05-19T14:21:48.329-07:00" jcr:predecessors="" jcr:successors="d8491580-28b4-4f7b-8ab4-ade472090256" /></f7f6a6be-4859-4d69-adcc-99026c4a45c5>&lt;_x0033_3c22710-8117-4dbe-80e8-dfcc4c92cb6b jcr:primaryType="nt:versionHistory" jcr:mixinTypes="" jcr:uuid="33c22710-8117-4dbe-80e8-dfcc4c92cb6b" jcr:versionableUuid="bc44e516-43b1-4fbc-b6b3-9510815dc4d8"&gt;
    <jcr:versionLabels jcr:primaryType="nt:versionLabels" jcr:mixinTypes="" />
    <jcr:rootVersion jcr:primaryType="nt:version" jcr:mixinTypes="" jcr:uuid="72f33039-7e81-45eb-97e9-91cec5866be3" jcr:created="2008-05-19T14:21:58.696-07:00" jcr:predecessors="" jcr:successors="529877b5-a044-4ac0-b63d-15285d68fdc6" />&lt;_x0031_.0 jcr:primaryType="nt:version" jcr:mixinTypes="" jcr:uuid="529877b5-a044-4ac0-b63d-15285d68fdc6" jcr:created="2008-05-19T14:21:59.007-07:00" jcr:predecessors="72f33039-7e81-45eb-97e9-91cec5866be3" jcr:successors="f778382c-a959-4219-b29e-8d826dcdb9d9"&gt;
    <jcr:frozenNode jcr:primaryType="nt:frozenNode" jcr:mixinTypes="" jcr:uuid="3cd8c6b5-0d80-4e4a-a777-becc3da1d9cd" jcr:frozenUuid="bc44e516-43b1-4fbc-b6b3-9510815dc4d8" jcr:frozenPrimaryType="test:versionable" jcr:frozenMixinTypes="" jcr:versionHistory="33c22710-8117-4dbe-80e8-dfcc4c92cb6b" jcr:predecessors="72f33039-7e81-45eb-97e9-91cec5866be3" />&lt;/_x0031_.0&gt;&lt;_x0031_.1 jcr:primaryType="nt:version" jcr:mixinTypes="" jcr:uuid="f778382c-a959-4219-b29e-8d826dcdb9d9" jcr:created="2008-05-19T14:21:59.022-07:00" jcr:predecessors="529877b5-a044-4ac0-b63d-15285d68fdc6" jcr:successors=""&gt;
    <jcr:frozenNode jcr:primaryType="nt:frozenNode" jcr:mixinTypes="" jcr:uuid="af595138-3f19-4b29-b78a-e320b3cc712e" jcr:frozenUuid="bc44e516-43b1-4fbc-b6b3-9510815dc4d8" jcr:frozenPrimaryType="test:versionable" jcr:frozenMixinTypes="" jcr:versionHistory="33c22710-8117-4dbe-80e8-dfcc4c92cb6b" jcr:predecessors="529877b5-a044-4ac0-b63d-15285d68fdc6" />&lt;/_x0031_.1&gt;&lt;/_x0033_3c22710-8117-4dbe-80e8-dfcc4c92cb6b&gt;
    <c1a4da2c-2fd8-4e21-b369-ddf521fbeea2 jcr:primaryType="nt:versionHistory" jcr:mixinTypes="" jcr:uuid="c1a4da2c-2fd8-4e21-b369-ddf521fbeea2" jcr:versionableUuid="e34ec912-f79d-42ed-ae75-dec26b73cc30">
    <jcr:versionLabels jcr:primaryType="nt:versionLabels" jcr:mixinTypes="" />
    <jcr:rootVersion jcr:primaryType="nt:version" jcr:mixinTypes="" jcr:uuid="34fe1a24-9c51-45c0-80d0-23f50f0c274e" jcr:created="2008-05-19T14:21:49.293-07:00" jcr:predecessors="" jcr:successors="9aa9009c-fe62-4fd6-bafb-3617f1462be5" />&lt;_x0031_.0 jcr:primaryType="nt:version" jcr:mixinTypes="" jcr:uuid="9aa9009c-fe62-4fd6-bafb-3617f1462be5" jcr:created="2008-05-19T14:21:49.564-07:00" jcr:predecessors="34fe1a24-9c51-45c0-80d0-23f50f0c274e" jcr:successors=""&gt;
    <jcr:frozenNode jcr:primaryType="nt:frozenNode" jcr:mixinTypes="" jcr:uuid="2b2471db-3cf1-425f-80be-916e3840371e" jcr:frozenUuid="e34ec912-f79d-42ed-ae75-dec26b73cc30" jcr:frozenPrimaryType="test:versionable" jcr:frozenMixinTypes="" jcr:versionHistory="c1a4da2c-2fd8-4e21-b369-ddf521fbeea2" jcr:predecessors="34fe1a24-9c51-45c0-80d0-23f50f0c274e" />&lt;/_x0031_.0&gt;</c1a4da2c-2fd8-4e21-b369-ddf521fbeea2>&lt;_x0030_2201582-2948-456d-804b-8f74e5c13ba8 jcr:primaryType="nt:versionHistory" jcr:mixinTypes="" jcr:uuid="02201582-2948-456d-804b-8f74e5c13ba8" jcr:versionableUuid="a9fbfe9e-bded-480f-927e-2d060989bf29"&gt;
    <jcr:versionLabels jcr:primaryType="nt:versionLabels" jcr:mixinTypes="" />
    <jcr:rootVersion jcr:primaryType="nt:version" jcr:mixinTypes="" jcr:uuid="a16e4b41-0f84-4e00-ae34-c9c94e30b996" jcr:created="2008-05-19T14:21:17.454-07:00" jcr:predecessors="" jcr:successors="" />&lt;/_x0030_2201582-2948-456d-804b-8f74e5c13ba8&gt;&lt;_x0034_fef031a-b575-403f-9c68-457d9fb891f7 jcr:primaryType="nt:versionHistory" jcr:mixinTypes="" jcr:uuid="4fef031a-b575-403f-9c68-457d9fb891f7" jcr:versionableUuid="b55b3305-6eea-4017-aba9-42f1e00d1c02"&gt;
    <jcr:versionLabels jcr:primaryType="nt:versionLabels" jcr:mixinTypes="" />&lt;_x0031_.0.1 jcr:primaryType="nt:version" jcr:mixinTypes="" jcr:uuid="8a9a9a2b-9c45-455e-bf6e-fdad9a059962" jcr:created="2008-05-19T14:21:29.087-07:00" jcr:predecessors="e07e0a1b-2d15-435c-ab8f-5da7c3ddff37" jcr:successors=""&gt;
    <jcr:frozenNode jcr:primaryType="nt:frozenNode" jcr:mixinTypes="" jcr:uuid="ed15f28b-61f7-4a0d-a3ae-4ba3f973e1e2" jcr:frozenUuid="b55b3305-6eea-4017-aba9-42f1e00d1c02" jcr:frozenPrimaryType="test:versionable" jcr:frozenMixinTypes="" jcr:versionHistory="4fef031a-b575-403f-9c68-457d9fb891f7" jcr:predecessors="e07e0a1b-2d15-435c-ab8f-5da7c3ddff37">
      <versionableNodeName1 jcr:primaryType="test:versionable" jcr:mixinTypes="" jcr:uuid="9c537b62-f237-467c-9d6f-c1345bdbb2d2" jcr:isCheckedOut="true" jcr:versionHistory="a55f7dbc-e89f-4b3a-9a59-bbb9509b4977" jcr:baseVersion="f7b2522e-5883-49d3-af7f-cef372c323f7" jcr:predecessors="f7b2522e-5883-49d3-af7f-cef372c323f7" />
    </jcr:frozenNode>&lt;/_x0031_.0.1&gt;&lt;_x0031_.1 jcr:primaryType="nt:version" jcr:mixinTypes="" jcr:uuid="438ceed4-0766-49c9-a3f9-a74e367498ec" jcr:created="2008-05-19T14:21:29.062-07:00" jcr:predecessors="e07e0a1b-2d15-435c-ab8f-5da7c3ddff37" jcr:successors=""&gt;
    <jcr:frozenNode jcr:primaryType="nt:frozenNode" jcr:mixinTypes="" jcr:uuid="7b7aaa9b-a4d9-4a30-8c66-754e5f21e76f" jcr:frozenUuid="b55b3305-6eea-4017-aba9-42f1e00d1c02" jcr:frozenPrimaryType="test:versionable" jcr:frozenMixinTypes="" jcr:versionHistory="4fef031a-b575-403f-9c68-457d9fb891f7" jcr:predecessors="e07e0a1b-2d15-435c-ab8f-5da7c3ddff37">
      <versionableNodeName1 jcr:primaryType="test:versionable" jcr:mixinTypes="" jcr:uuid="9c537b62-f237-467c-9d6f-c1345bdbb2d2" jcr:isCheckedOut="true" jcr:versionHistory="a55f7dbc-e89f-4b3a-9a59-bbb9509b4977" jcr:baseVersion="f7b2522e-5883-49d3-af7f-cef372c323f7" jcr:predecessors="f7b2522e-5883-49d3-af7f-cef372c323f7" />
    </jcr:frozenNode>&lt;/_x0031_.1&gt;&lt;_x0031_.0 jcr:primaryType="nt:version" jcr:mixinTypes="" jcr:uuid="e07e0a1b-2d15-435c-ab8f-5da7c3ddff37" jcr:created="2008-05-19T14:21:28.867-07:00" jcr:predecessors="ce6fb913-6300-4584-b188-12246f454760" jcr:successors="8a9a9a2b-9c45-455e-bf6e-fdad9a059962 438ceed4-0766-49c9-a3f9-a74e367498ec"&gt;
    <jcr:frozenNode jcr:primaryType="nt:frozenNode" jcr:mixinTypes="" jcr:uuid="ad6c5edf-b689-4756-966d-89334e4b3add" jcr:frozenUuid="b55b3305-6eea-4017-aba9-42f1e00d1c02" jcr:frozenPrimaryType="test:versionable" jcr:frozenMixinTypes="" jcr:versionHistory="4fef031a-b575-403f-9c68-457d9fb891f7" jcr:predecessors="ce6fb913-6300-4584-b188-12246f454760">
      <versionableNodeName1 jcr:primaryType="test:versionable" jcr:mixinTypes="" jcr:uuid="9c537b62-f237-467c-9d6f-c1345bdbb2d2" jcr:isCheckedOut="true" jcr:versionHistory="a55f7dbc-e89f-4b3a-9a59-bbb9509b4977" jcr:baseVersion="3e90ab39-ead4-46c7-b9f9-2e3259f3c1be" jcr:predecessors="3e90ab39-ead4-46c7-b9f9-2e3259f3c1be" />
    </jcr:frozenNode>&lt;/_x0031_.0&gt;
    <jcr:rootVersion jcr:primaryType="nt:version" jcr:mixinTypes="" jcr:uuid="ce6fb913-6300-4584-b188-12246f454760" jcr:created="2008-05-19T14:21:28.632-07:00" jcr:predecessors="" jcr:successors="e07e0a1b-2d15-435c-ab8f-5da7c3ddff37" />&lt;/_x0034_fef031a-b575-403f-9c68-457d9fb891f7&gt;
    <aea460a3-f0b4-49d3-af34-f68651a17d6d jcr:primaryType="nt:versionHistory" jcr:mixinTypes="" jcr:uuid="aea460a3-f0b4-49d3-af34-f68651a17d6d" jcr:versionableUuid="3120c818-fae0-4872-b24d-b5db56e8acf1">
      <jcr:versionLabels jcr:primaryType="nt:versionLabels" jcr:mixinTypes="" />
      <jcr:rootVersion jcr:primaryType="nt:version" jcr:mixinTypes="" jcr:uuid="e0612587-3a6f-47ee-ad75-5ef1d407cb5c" jcr:created="2008-05-19T14:21:18.796-07:00" jcr:predecessors="" jcr:successors="" />
    </aea460a3-f0b4-49d3-af34-f68651a17d6d>&lt;_x0035_c74ab17-ce28-45ad-ad7b-cfc71cc3e147 jcr:primaryType="nt:versionHistory" jcr:mixinTypes="" jcr:uuid="5c74ab17-ce28-45ad-ad7b-cfc71cc3e147" jcr:versionableUuid="282f900c-ad4b-4d77-9eb2-f74123a6b1bc"&gt;
    <jcr:versionLabels jcr:primaryType="nt:versionLabels" jcr:mixinTypes="" />
    <jcr:rootVersion jcr:primaryType="nt:version" jcr:mixinTypes="" jcr:uuid="fa65dd92-075e-4551-a713-fd8ca9654174" jcr:created="2008-05-19T14:21:26.864-07:00" jcr:predecessors="" jcr:successors="f5595797-e0c9-49a8-95ae-2d281e5e2a26" />&lt;_x0031_.0 jcr:primaryType="nt:version" jcr:mixinTypes="" jcr:uuid="f5595797-e0c9-49a8-95ae-2d281e5e2a26" jcr:created="2008-05-19T14:21:26.907-07:00" jcr:predecessors="fa65dd92-075e-4551-a713-fd8ca9654174" jcr:successors=""&gt;
    <jcr:frozenNode jcr:primaryType="nt:frozenNode" jcr:mixinTypes="" jcr:uuid="68bf0c79-9fcd-4149-8fe4-2925b33be0a8" jcr:frozenUuid="282f900c-ad4b-4d77-9eb2-f74123a6b1bc" jcr:frozenPrimaryType="test:versionable" jcr:frozenMixinTypes="" jcr:versionHistory="5c74ab17-ce28-45ad-ad7b-cfc71cc3e147" jcr:predecessors="fa65dd92-075e-4551-a713-fd8ca9654174" />&lt;/_x0031_.0&gt;&lt;/_x0035_c74ab17-ce28-45ad-ad7b-cfc71cc3e147&gt;&lt;_x0032_937285f-0cb7-4a84-97a1-420dc9df5180 jcr:primaryType="nt:versionHistory" jcr:mixinTypes="" jcr:uuid="2937285f-0cb7-4a84-97a1-420dc9df5180" jcr:versionableUuid="8f574eb5-8fba-4449-a342-3b179149b954"&gt;
    <jcr:versionLabels jcr:primaryType="nt:versionLabels" jcr:mixinTypes="" />&lt;_x0031_.0 jcr:primaryType="nt:version" jcr:mixinTypes="" jcr:uuid="2b1f10d1-15d0-4968-a31f-faba7ace0d51" jcr:created="2008-05-19T14:22:02.134-07:00" jcr:predecessors="da93f956-f791-4dc9-af25-5daf00b78a22" jcr:successors="387a10e8-1c46-4ede-88ea-ed07958b473d"&gt;
    <jcr:frozenNode jcr:primaryType="nt:frozenNode" jcr:mixinTypes="" jcr:uuid="efdb7f24-1032-4068-b49d-2f22fdb6c2ca" jcr:frozenUuid="8f574eb5-8fba-4449-a342-3b179149b954" jcr:frozenPrimaryType="test:versionable" jcr:frozenMixinTypes="" jcr:versionHistory="2937285f-0cb7-4a84-97a1-420dc9df5180" jcr:predecessors="da93f956-f791-4dc9-af25-5daf00b78a22" />&lt;/_x0031_.0&gt;
    <jcr:rootVersion jcr:primaryType="nt:version" jcr:mixinTypes="" jcr:uuid="da93f956-f791-4dc9-af25-5daf00b78a22" jcr:created="2008-05-19T14:22:01.996-07:00" jcr:predecessors="" jcr:successors="2b1f10d1-15d0-4968-a31f-faba7ace0d51" />&lt;_x0031_.1 jcr:primaryType="nt:version" jcr:mixinTypes="" jcr:uuid="387a10e8-1c46-4ede-88ea-ed07958b473d" jcr:created="2008-05-19T14:22:02.145-07:00" jcr:predecessors="2b1f10d1-15d0-4968-a31f-faba7ace0d51" jcr:successors=""&gt;
    <jcr:frozenNode jcr:primaryType="nt:frozenNode" jcr:mixinTypes="" jcr:uuid="f767d05d-67f5-4efa-a0fb-2464d7400d18" jcr:frozenUuid="8f574eb5-8fba-4449-a342-3b179149b954" jcr:frozenPrimaryType="test:versionable" jcr:frozenMixinTypes="" jcr:versionHistory="2937285f-0cb7-4a84-97a1-420dc9df5180" jcr:predecessors="2b1f10d1-15d0-4968-a31f-faba7ace0d51" />&lt;/_x0031_.1&gt;&lt;/_x0032_937285f-0cb7-4a84-97a1-420dc9df5180&gt;&lt;_x0032_48409f8-cd8b-4f61-8c24-bf0f84620459 jcr:primaryType="nt:versionHistory" jcr:mixinTypes="" jcr:uuid="248409f8-cd8b-4f61-8c24-bf0f84620459" jcr:versionableUuid="e310b9f0-6e9b-4349-8385-8b2e20dc81a2"&gt;
    <jcr:versionLabels jcr:primaryType="nt:versionLabels" jcr:mixinTypes="" />&lt;_x0031_.0 jcr:primaryType="nt:version" jcr:mixinTypes="" jcr:uuid="1d9cf284-89a8-4609-8ca0-1792d4fba326" jcr:created="2008-05-19T14:21:31.684-07:00" jcr:predecessors="2915a960-0118-460a-b50e-460f96e59a15" jcr:successors=""&gt;
    <jcr:frozenNode jcr:primaryType="nt:frozenNode" jcr:mixinTypes="" jcr:uuid="b8ab2cb4-778d-4cb8-ba40-a6b111d9f445" jcr:frozenUuid="e310b9f0-6e9b-4349-8385-8b2e20dc81a2" jcr:frozenPrimaryType="test:versionable" jcr:frozenMixinTypes="" jcr:versionHistory="248409f8-cd8b-4f61-8c24-bf0f84620459" jcr:predecessors="2915a960-0118-460a-b50e-460f96e59a15" test:copyOnParentVersionProp="initialValue">
      <test:copyOnParentVersion jcr:primaryType="nt:unstructured" jcr:mixinTypes="" />
    </jcr:frozenNode>&lt;/_x0031_.0&gt;
    <jcr:rootVersion jcr:primaryType="nt:version" jcr:mixinTypes="" jcr:uuid="2915a960-0118-460a-b50e-460f96e59a15" jcr:created="2008-05-19T14:21:31.631-07:00" jcr:predecessors="" jcr:successors="1d9cf284-89a8-4609-8ca0-1792d4fba326" />&lt;/_x0032_48409f8-cd8b-4f61-8c24-bf0f84620459&gt;&lt;_x0036_84d3db3-6c31-41f5-a45b-32c8da607bce jcr:primaryType="nt:versionHistory" jcr:mixinTypes="" jcr:uuid="684d3db3-6c31-41f5-a45b-32c8da607bce" jcr:versionableUuid="665dbbec-2bf2-4fa2-b2e4-2692f7122d02"&gt;
    <jcr:versionLabels jcr:primaryType="nt:versionLabels" jcr:mixinTypes="" />
    <jcr:rootVersion jcr:primaryType="nt:version" jcr:mixinTypes="" jcr:uuid="1d67d065-26b8-43e1-85b0-37d03a671f5a" jcr:created="2008-05-19T14:22:04.998-07:00" jcr:predecessors="" jcr:successors="c7657ce0-31a2-4a81-b34d-c7ea98374aca" />&lt;_x0031_.1 jcr:primaryType="nt:version" jcr:mixinTypes="" jcr:uuid="a831a6ad-d57b-4631-8bb6-990f60c3d11e" jcr:created="2008-05-19T14:22:05.086-07:00" jcr:predecessors="c7657ce0-31a2-4a81-b34d-c7ea98374aca" jcr:successors=""&gt;
    <jcr:frozenNode jcr:primaryType="nt:frozenNode" jcr:mixinTypes="" jcr:uuid="f8724fb3-8b3b-4ceb-8401-de4ef7084cfe" jcr:frozenUuid="665dbbec-2bf2-4fa2-b2e4-2692f7122d02" jcr:frozenPrimaryType="test:versionable" jcr:frozenMixinTypes="" jcr:versionHistory="684d3db3-6c31-41f5-a45b-32c8da607bce" jcr:predecessors="c7657ce0-31a2-4a81-b34d-c7ea98374aca" />&lt;/_x0031_.1&gt;&lt;_x0031_.0 jcr:primaryType="nt:version" jcr:mixinTypes="" jcr:uuid="c7657ce0-31a2-4a81-b34d-c7ea98374aca" jcr:created="2008-05-19T14:22:05.070-07:00" jcr:predecessors="1d67d065-26b8-43e1-85b0-37d03a671f5a" jcr:successors="a831a6ad-d57b-4631-8bb6-990f60c3d11e"&gt;
    <jcr:frozenNode jcr:primaryType="nt:frozenNode" jcr:mixinTypes="" jcr:uuid="bb710c14-14a2-4280-876c-0a2b3da073ce" jcr:frozenUuid="665dbbec-2bf2-4fa2-b2e4-2692f7122d02" jcr:frozenPrimaryType="test:versionable" jcr:frozenMixinTypes="" jcr:versionHistory="684d3db3-6c31-41f5-a45b-32c8da607bce" jcr:predecessors="1d67d065-26b8-43e1-85b0-37d03a671f5a" />&lt;/_x0031_.0&gt;&lt;/_x0036_84d3db3-6c31-41f5-a45b-32c8da607bce&gt;
    <d62480a8-2597-49da-8f81-4ccd8d10746e jcr:primaryType="nt:versionHistory" jcr:mixinTypes="" jcr:uuid="d62480a8-2597-49da-8f81-4ccd8d10746e" jcr:versionableUuid="17047c28-9652-46d0-ab0f-b7bccccd2f17">
    <jcr:versionLabels jcr:primaryType="nt:versionLabels" jcr:mixinTypes="" />&lt;_x0031_.0 jcr:primaryType="nt:version" jcr:mixinTypes="" jcr:uuid="e54d99a2-3874-4907-9c51-4b45536a2b45" jcr:created="2008-05-19T14:21:11.703-07:00" jcr:predecessors="3115cdf3-0150-4d15-9cbc-d57e2c741514" jcr:successors=""&gt;
    <jcr:frozenNode jcr:primaryType="nt:frozenNode" jcr:mixinTypes="" jcr:uuid="1533d4a9-4bee-469c-877e-8643377ea2e3" jcr:frozenUuid="17047c28-9652-46d0-ab0f-b7bccccd2f17" jcr:frozenPrimaryType="nt:unstructured" jcr:frozenMixinTypes="mix:versionable" jcr:versionHistory="d62480a8-2597-49da-8f81-4ccd8d10746e" jcr:predecessors="3115cdf3-0150-4d15-9cbc-d57e2c741514" />&lt;/_x0031_.0&gt;
    <jcr:rootVersion jcr:primaryType="nt:version" jcr:mixinTypes="" jcr:uuid="3115cdf3-0150-4d15-9cbc-d57e2c741514" jcr:created="2008-05-19T14:21:11.680-07:00" jcr:predecessors="" jcr:successors="e54d99a2-3874-4907-9c51-4b45536a2b45" /></d62480a8-2597-49da-8f81-4ccd8d10746e>&lt;_x0033_e2e1b6a-9255-4747-a9d7-a61ef1ce4464 jcr:primaryType="nt:versionHistory" jcr:mixinTypes="" jcr:uuid="3e2e1b6a-9255-4747-a9d7-a61ef1ce4464" jcr:versionableUuid="61fe3dfd-80cc-47ed-ab3d-a6a628ce66a7"&gt;
    <jcr:versionLabels jcr:primaryType="nt:versionLabels" jcr:mixinTypes="" />&lt;_x0031_.0 jcr:primaryType="nt:version" jcr:mixinTypes="" jcr:uuid="89f4b90d-07bb-41fb-b04a-f1189bba558e" jcr:created="2008-05-19T14:21:41.678-07:00" jcr:predecessors="bbac14e6-d729-4926-80be-96989f677fe7" jcr:successors=""&gt;
    <jcr:frozenNode jcr:primaryType="nt:frozenNode" jcr:mixinTypes="" jcr:uuid="214f3827-5432-401f-b18c-9ad655bd67ab" jcr:frozenUuid="61fe3dfd-80cc-47ed-ab3d-a6a628ce66a7" jcr:frozenPrimaryType="test:versionable" jcr:frozenMixinTypes="" jcr:versionHistory="3e2e1b6a-9255-4747-a9d7-a61ef1ce4464" jcr:predecessors="bbac14e6-d729-4926-80be-96989f677fe7" />&lt;/_x0031_.0&gt;
    <jcr:rootVersion jcr:primaryType="nt:version" jcr:mixinTypes="" jcr:uuid="bbac14e6-d729-4926-80be-96989f677fe7" jcr:created="2008-05-19T14:21:41.616-07:00" jcr:predecessors="" jcr:successors="89f4b90d-07bb-41fb-b04a-f1189bba558e" />&lt;/_x0033_e2e1b6a-9255-4747-a9d7-a61ef1ce4464&gt;
    <c19d4d19-8349-469a-abe2-ca99ccf50ac9 jcr:primaryType="nt:versionHistory" jcr:mixinTypes="" jcr:uuid="c19d4d19-8349-469a-abe2-ca99ccf50ac9" jcr:versionableUuid="b10a25c8-7201-4d02-978d-0495483232ed">
    <jcr:versionLabels jcr:primaryType="nt:versionLabels" jcr:mixinTypes="" />&lt;_x0031_.4 jcr:primaryType="nt:version" jcr:mixinTypes="" jcr:uuid="f5ae2f1c-085b-45bb-bdf1-11a62247d592" jcr:created="2008-05-19T14:21:33.189-07:00" jcr:predecessors="6cf4bc17-a98c-4919-a914-60566c088c30" jcr:successors=""&gt;
    <jcr:frozenNode jcr:primaryType="nt:frozenNode" jcr:mixinTypes="" jcr:uuid="4c758e4d-bc92-4127-a695-117f822b9e5a" jcr:frozenUuid="b10a25c8-7201-4d02-978d-0495483232ed" jcr:frozenPrimaryType="test:versionable" jcr:frozenMixinTypes="" jcr:versionHistory="c19d4d19-8349-469a-abe2-ca99ccf50ac9" jcr:predecessors="6cf4bc17-a98c-4919-a914-60566c088c30" />&lt;/_x0031_.4&gt;&lt;_x0031_.3 jcr:primaryType="nt:version" jcr:mixinTypes="" jcr:uuid="6cf4bc17-a98c-4919-a914-60566c088c30" jcr:created="2008-05-19T14:21:33.102-07:00" jcr:predecessors="3d7753c5-5763-4846-9a54-56cb97ebf335" jcr:successors="f5ae2f1c-085b-45bb-bdf1-11a62247d592"&gt;
    <jcr:frozenNode jcr:primaryType="nt:frozenNode" jcr:mixinTypes="" jcr:uuid="eedf4979-3b4d-4954-81fa-fb21a8cf91ed" jcr:frozenUuid="b10a25c8-7201-4d02-978d-0495483232ed" jcr:frozenPrimaryType="test:versionable" jcr:frozenMixinTypes="" jcr:versionHistory="c19d4d19-8349-469a-abe2-ca99ccf50ac9" jcr:predecessors="3d7753c5-5763-4846-9a54-56cb97ebf335" />&lt;/_x0031_.3&gt;
    <jcr:rootVersion jcr:primaryType="nt:version" jcr:mixinTypes="" jcr:uuid="54d5c973-2903-4245-a8e1-cb00a4cc2a60" jcr:created="2008-05-19T14:21:32.986-07:00" jcr:predecessors="" jcr:successors="84eff4de-ec1a-42a8-842c-aee7b7e58f05" />&lt;_x0031_.1 jcr:primaryType="nt:version" jcr:mixinTypes="" jcr:uuid="84eff4de-ec1a-42a8-842c-aee7b7e58f05" jcr:created="2008-05-19T14:21:33.060-07:00" jcr:predecessors="54d5c973-2903-4245-a8e1-cb00a4cc2a60" jcr:successors="3d7753c5-5763-4846-9a54-56cb97ebf335"&gt;
    <jcr:frozenNode jcr:primaryType="nt:frozenNode" jcr:mixinTypes="" jcr:uuid="2aa21e96-b8a9-46c9-83c6-87c77ca8a84f" jcr:frozenUuid="b10a25c8-7201-4d02-978d-0495483232ed" jcr:frozenPrimaryType="test:versionable" jcr:frozenMixinTypes="" jcr:versionHistory="c19d4d19-8349-469a-abe2-ca99ccf50ac9" jcr:predecessors="9b5a9a2c-3285-4a94-bf26-c1baf7f4661b" />&lt;/_x0031_.1&gt;&lt;_x0031_.2 jcr:primaryType="nt:version" jcr:mixinTypes="" jcr:uuid="3d7753c5-5763-4846-9a54-56cb97ebf335" jcr:created="2008-05-19T14:21:33.073-07:00" jcr:predecessors="84eff4de-ec1a-42a8-842c-aee7b7e58f05" jcr:successors="6cf4bc17-a98c-4919-a914-60566c088c30"&gt;
    <jcr:frozenNode jcr:primaryType="nt:frozenNode" jcr:mixinTypes="" jcr:uuid="a1f232f6-4088-467c-8551-cf8ef2478ba6" jcr:frozenUuid="b10a25c8-7201-4d02-978d-0495483232ed" jcr:frozenPrimaryType="test:versionable" jcr:frozenMixinTypes="" jcr:versionHistory="c19d4d19-8349-469a-abe2-ca99ccf50ac9" jcr:predecessors="84eff4de-ec1a-42a8-842c-aee7b7e58f05" />&lt;/_x0031_.2&gt;</c19d4d19-8349-469a-abe2-ca99ccf50ac9>&lt;_x0039_69d7f48-4b25-4c6a-afd8-d9da07cfe50f jcr:primaryType="nt:versionHistory" jcr:mixinTypes="" jcr:uuid="969d7f48-4b25-4c6a-afd8-d9da07cfe50f" jcr:versionableUuid="1b1c445c-6d71-4271-b01f-92cec727f2ed"&gt;
    <jcr:versionLabels jcr:primaryType="nt:versionLabels" jcr:mixinTypes="" />
    <jcr:rootVersion jcr:primaryType="nt:version" jcr:mixinTypes="" jcr:uuid="3e755747-189a-4555-a618-ccacc2b6171a" jcr:created="2008-05-19T14:21:23.345-07:00" jcr:predecessors="" jcr:successors="dbafd922-9a28-4631-93e8-f6269f10ec41" />&lt;_x0031_.0 jcr:primaryType="nt:version" jcr:mixinTypes="" jcr:uuid="dbafd922-9a28-4631-93e8-f6269f10ec41" jcr:created="2008-05-19T14:21:23.387-07:00" jcr:predecessors="3e755747-189a-4555-a618-ccacc2b6171a" jcr:successors=""&gt;
    <jcr:frozenNode jcr:primaryType="nt:frozenNode" jcr:mixinTypes="" jcr:uuid="751e3e94-784a-46d7-b2cb-e349325cfe07" jcr:frozenUuid="1b1c445c-6d71-4271-b01f-92cec727f2ed" jcr:frozenPrimaryType="nt:unstructured" jcr:frozenMixinTypes="mix:versionable" prop1="abc" prop2="abc" jcr:versionHistory="969d7f48-4b25-4c6a-afd8-d9da07cfe50f" jcr:predecessors="3e755747-189a-4555-a618-ccacc2b6171a" />&lt;/_x0031_.0&gt;&lt;/_x0039_69d7f48-4b25-4c6a-afd8-d9da07cfe50f&gt;
    <e0d6d300-c0cb-410c-bb14-3cee034d55d5 jcr:primaryType="nt:versionHistory" jcr:mixinTypes="" jcr:uuid="e0d6d300-c0cb-410c-bb14-3cee034d55d5" jcr:versionableUuid="0586b784-6bdf-4f29-985f-c57678d03c4e">
    <jcr:versionLabels jcr:primaryType="nt:versionLabels" jcr:mixinTypes="" />&lt;_x0031_.0 jcr:primaryType="nt:version" jcr:mixinTypes="" jcr:uuid="f708a0e2-d6d7-4ccb-98a9-c224e1d3cddb" jcr:created="2008-05-19T14:22:07.115-07:00" jcr:predecessors="163756c4-7fbc-45dd-b3ec-cd4f89f023c7" jcr:successors="8d8acb00-5809-487c-93ec-c1cb8a59fa9f"&gt;
    <jcr:frozenNode jcr:primaryType="nt:frozenNode" jcr:mixinTypes="" jcr:uuid="6bfc70d1-bcd4-48e3-9ae0-b63c63c0041e" jcr:frozenUuid="0586b784-6bdf-4f29-985f-c57678d03c4e" jcr:frozenPrimaryType="test:versionable" jcr:frozenMixinTypes="" jcr:versionHistory="e0d6d300-c0cb-410c-bb14-3cee034d55d5" jcr:predecessors="163756c4-7fbc-45dd-b3ec-cd4f89f023c7" />&lt;/_x0031_.0&gt;&lt;_x0031_.2 jcr:primaryType="nt:version" jcr:mixinTypes="" jcr:uuid="32b3932d-6271-4458-b9f9-dd7303bab6d0" jcr:created="2008-05-19T14:22:07.586-07:00" jcr:predecessors="8d8acb00-5809-487c-93ec-c1cb8a59fa9f" jcr:successors=""&gt;
    <jcr:frozenNode jcr:primaryType="nt:frozenNode" jcr:mixinTypes="" jcr:uuid="2bbe8f00-db80-4112-9095-e3afad505afb" jcr:frozenUuid="0586b784-6bdf-4f29-985f-c57678d03c4e" jcr:frozenPrimaryType="test:versionable" jcr:frozenMixinTypes="" jcr:versionHistory="e0d6d300-c0cb-410c-bb14-3cee034d55d5" jcr:predecessors="8d8acb00-5809-487c-93ec-c1cb8a59fa9f">
      <childNodeName jcr:primaryType="test:versionable" jcr:mixinTypes="" jcr:uuid="5210da13-44a7-4716-a144-8e696b0f4569" jcr:isCheckedOut="true" jcr:versionHistory="69854e00-430b-4615-bc23-b16bbee16283" jcr:baseVersion="d491c85f-5690-4ea3-aba5-f053621c9072" jcr:predecessors="d491c85f-5690-4ea3-aba5-f053621c9072" />
    </jcr:frozenNode>&lt;/_x0031_.2&gt;
    <jcr:rootVersion jcr:primaryType="nt:version" jcr:mixinTypes="" jcr:uuid="163756c4-7fbc-45dd-b3ec-cd4f89f023c7" jcr:created="2008-05-19T14:22:07.036-07:00" jcr:predecessors="" jcr:successors="f708a0e2-d6d7-4ccb-98a9-c224e1d3cddb" />&lt;_x0031_.1 jcr:primaryType="nt:version" jcr:mixinTypes="" jcr:uuid="8d8acb00-5809-487c-93ec-c1cb8a59fa9f" jcr:created="2008-05-19T14:22:07.182-07:00" jcr:predecessors="f708a0e2-d6d7-4ccb-98a9-c224e1d3cddb" jcr:successors="32b3932d-6271-4458-b9f9-dd7303bab6d0"&gt;
    <jcr:frozenNode jcr:primaryType="nt:frozenNode" jcr:mixinTypes="" jcr:uuid="d909990e-d9f0-4ce2-939a-1a7bb97d269f" jcr:frozenUuid="0586b784-6bdf-4f29-985f-c57678d03c4e" jcr:frozenPrimaryType="test:versionable" jcr:frozenMixinTypes="" jcr:versionHistory="e0d6d300-c0cb-410c-bb14-3cee034d55d5" jcr:predecessors="f708a0e2-d6d7-4ccb-98a9-c224e1d3cddb" />&lt;/_x0031_.1&gt;</e0d6d300-c0cb-410c-bb14-3cee034d55d5>&lt;_x0036_c1e8182-48e7-46da-87e3-7809029dddf8 jcr:primaryType="nt:versionHistory" jcr:mixinTypes="" jcr:uuid="6c1e8182-48e7-46da-87e3-7809029dddf8" jcr:versionableUuid="47ef67b8-3fb7-4e71-bfdf-73ae6b12eb71"&gt;
    <jcr:versionLabels jcr:primaryType="nt:versionLabels" jcr:mixinTypes="" />&lt;_x0031_.1 jcr:primaryType="nt:version" jcr:mixinTypes="" jcr:uuid="7e64cbe4-b56a-49a9-8b42-039094180223" jcr:created="2008-05-19T14:21:35.153-07:00" jcr:predecessors="5248fe41-22c2-4cea-a83e-1567d29ec21c" jcr:successors=""&gt;
    <jcr:frozenNode jcr:primaryType="nt:frozenNode" jcr:mixinTypes="" jcr:uuid="ff23349f-c705-4ff5-a197-5f2c8dcacab4" jcr:frozenUuid="47ef67b8-3fb7-4e71-bfdf-73ae6b12eb71" jcr:frozenPrimaryType="test:versionable" jcr:frozenMixinTypes="" jcr:versionHistory="6c1e8182-48e7-46da-87e3-7809029dddf8" jcr:predecessors="5248fe41-22c2-4cea-a83e-1567d29ec21c" />&lt;/_x0031_.1&gt;&lt;_x0031_.0 jcr:primaryType="nt:version" jcr:mixinTypes="" jcr:uuid="5248fe41-22c2-4cea-a83e-1567d29ec21c" jcr:created="2008-05-19T14:21:35.138-07:00" jcr:predecessors="d9977272-de9f-4610-af80-5d6db5dacbe3" jcr:successors="7e64cbe4-b56a-49a9-8b42-039094180223"&gt;
    <jcr:frozenNode jcr:primaryType="nt:frozenNode" jcr:mixinTypes="" jcr:uuid="eb2b6023-f84e-4557-a09e-69e9472a9704" jcr:frozenUuid="47ef67b8-3fb7-4e71-bfdf-73ae6b12eb71" jcr:frozenPrimaryType="test:versionable" jcr:frozenMixinTypes="" jcr:versionHistory="6c1e8182-48e7-46da-87e3-7809029dddf8" jcr:predecessors="d9977272-de9f-4610-af80-5d6db5dacbe3" />&lt;/_x0031_.0&gt;
    <jcr:rootVersion jcr:primaryType="nt:version" jcr:mixinTypes="" jcr:uuid="d9977272-de9f-4610-af80-5d6db5dacbe3" jcr:created="2008-05-19T14:21:35.081-07:00" jcr:predecessors="" jcr:successors="5248fe41-22c2-4cea-a83e-1567d29ec21c" />&lt;/_x0036_c1e8182-48e7-46da-87e3-7809029dddf8&gt;&lt;_x0031_18fda7d-5113-4870-8b3b-6aac279b37e7 jcr:primaryType="nt:versionHistory" jcr:mixinTypes="" jcr:uuid="118fda7d-5113-4870-8b3b-6aac279b37e7" jcr:versionableUuid="54cde86d-8ff2-4499-a2b5-658b8bcb6abc"&gt;
    <jcr:versionLabels jcr:primaryType="nt:versionLabels" jcr:mixinTypes="" />
    <jcr:rootVersion jcr:primaryType="nt:version" jcr:mixinTypes="" jcr:uuid="7d1a97d0-89fd-4424-a6f1-e6f434b0e9b5" jcr:created="2008-05-19T14:21:27.242-07:00" jcr:predecessors="" jcr:successors="a67e58c0-ae51-4457-acc2-cad65b630f42" />&lt;_x0031_.1 jcr:primaryType="nt:version" jcr:mixinTypes="" jcr:uuid="382a017d-ad67-40dc-9cd2-6549cf3d65bd" jcr:created="2008-05-19T14:21:27.360-07:00" jcr:predecessors="a67e58c0-ae51-4457-acc2-cad65b630f42" jcr:successors=""&gt;
    <jcr:frozenNode jcr:primaryType="nt:frozenNode" jcr:mixinTypes="" jcr:uuid="cadf28ab-4e9c-4556-9666-eb80dba21c04" jcr:frozenUuid="54cde86d-8ff2-4499-a2b5-658b8bcb6abc" jcr:frozenPrimaryType="test:versionable" jcr:frozenMixinTypes="" jcr:versionHistory="118fda7d-5113-4870-8b3b-6aac279b37e7" jcr:predecessors="a67e58c0-ae51-4457-acc2-cad65b630f42" />&lt;/_x0031_.1&gt;&lt;_x0031_.0 jcr:primaryType="nt:version" jcr:mixinTypes="" jcr:uuid="a67e58c0-ae51-4457-acc2-cad65b630f42" jcr:created="2008-05-19T14:21:27.328-07:00" jcr:predecessors="7d1a97d0-89fd-4424-a6f1-e6f434b0e9b5" jcr:successors="382a017d-ad67-40dc-9cd2-6549cf3d65bd"&gt;
    <jcr:frozenNode jcr:primaryType="nt:frozenNode" jcr:mixinTypes="" jcr:uuid="813248eb-bd01-4132-adcb-91171ec3ab33" jcr:frozenUuid="54cde86d-8ff2-4499-a2b5-658b8bcb6abc" jcr:frozenPrimaryType="test:versionable" jcr:frozenMixinTypes="" jcr:versionHistory="118fda7d-5113-4870-8b3b-6aac279b37e7" jcr:predecessors="7d1a97d0-89fd-4424-a6f1-e6f434b0e9b5" prop1="1a79d577-1666-4388-9bad-d1b45b3ed1a8" />&lt;/_x0031_.0&gt;&lt;/_x0031_18fda7d-5113-4870-8b3b-6aac279b37e7&gt;&lt;_x0037_b6f5c5c-087c-4e2c-8ce2-19a87e2f44be jcr:primaryType="nt:versionHistory" jcr:mixinTypes="" jcr:uuid="7b6f5c5c-087c-4e2c-8ce2-19a87e2f44be" jcr:versionableUuid="a81f591a-bcbd-4aaa-bb03-91f1542b7df1"&gt;
    <jcr:versionLabels jcr:primaryType="nt:versionLabels" jcr:mixinTypes="" />
    <jcr:rootVersion jcr:primaryType="nt:version" jcr:mixinTypes="" jcr:uuid="f52044d9-07db-4438-b4c8-4d90f9f7eec6" jcr:created="2008-05-19T14:21:09.330-07:00" jcr:predecessors="" jcr:successors="" />&lt;/_x0037_b6f5c5c-087c-4e2c-8ce2-19a87e2f44be&gt;
    <ac4d42bf-85a0-44f0-a61e-77b9b380b87c jcr:primaryType="nt:versionHistory" jcr:mixinTypes="" jcr:uuid="ac4d42bf-85a0-44f0-a61e-77b9b380b87c" jcr:versionableUuid="1607ee56-6e5d-4fb8-a2d4-e44f46c1141a">
      <jcr:versionLabels jcr:primaryType="nt:versionLabels" jcr:mixinTypes="" />
      <jcr:rootVersion jcr:primaryType="nt:version" jcr:mixinTypes="" jcr:uuid="7f35cc51-f292-4889-8992-9ccbc799a414" jcr:created="2008-05-19T14:21:16.448-07:00" jcr:predecessors="" jcr:successors="" />
    </ac4d42bf-85a0-44f0-a61e-77b9b380b87c>
    <f218038d-ead1-446c-9fe0-c4d1393127da jcr:primaryType="nt:versionHistory" jcr:mixinTypes="" jcr:uuid="f218038d-ead1-446c-9fe0-c4d1393127da" jcr:versionableUuid="a0cc2265-27ed-4862-be8c-a37c93f02915">
    <jcr:versionLabels jcr:primaryType="nt:versionLabels" jcr:mixinTypes="" />
    <jcr:rootVersion jcr:primaryType="nt:version" jcr:mixinTypes="" jcr:uuid="7b95d454-bd07-426d-a89f-b4e34dc05cb5" jcr:created="2008-05-19T14:21:47.694-07:00" jcr:predecessors="" jcr:successors="1b1aa0d2-afca-4dd1-91a0-c98add28f5f4" />&lt;_x0031_.0 jcr:primaryType="nt:version" jcr:mixinTypes="" jcr:uuid="1b1aa0d2-afca-4dd1-91a0-c98add28f5f4" jcr:created="2008-05-19T14:21:47.776-07:00" jcr:predecessors="7b95d454-bd07-426d-a89f-b4e34dc05cb5" jcr:successors=""&gt;
    <jcr:frozenNode jcr:primaryType="nt:frozenNode" jcr:mixinTypes="" jcr:uuid="a1437bbc-fee1-4cc3-8286-b52b648bf4ab" jcr:frozenUuid="a0cc2265-27ed-4862-be8c-a37c93f02915" jcr:frozenPrimaryType="test:versionable" jcr:frozenMixinTypes="" jcr:versionHistory="f218038d-ead1-446c-9fe0-c4d1393127da" jcr:predecessors="7b95d454-bd07-426d-a89f-b4e34dc05cb5" />&lt;/_x0031_.0&gt;</f218038d-ead1-446c-9fe0-c4d1393127da>
    <f328aaaf-e26f-4afe-a4a8-2e73115cecca jcr:primaryType="nt:versionHistory" jcr:mixinTypes="" jcr:uuid="f328aaaf-e26f-4afe-a4a8-2e73115cecca" jcr:versionableUuid="670496d0-fcf3-4e7b-9535-cad93b59b5d4">
      <jcr:versionLabels jcr:primaryType="nt:versionLabels" jcr:mixinTypes="" />
      <jcr:rootVersion jcr:primaryType="nt:version" jcr:mixinTypes="" jcr:uuid="3d4fca45-5c26-4d08-a58d-122fd16cc62e" jcr:created="2008-05-19T14:21:14.573-07:00" jcr:predecessors="" jcr:successors="" />
    </f328aaaf-e26f-4afe-a4a8-2e73115cecca>&lt;_x0039_8f3e8e0-9f73-4709-b0a6-d30289d95cda jcr:primaryType="nt:versionHistory" jcr:mixinTypes="" jcr:uuid="98f3e8e0-9f73-4709-b0a6-d30289d95cda" jcr:versionableUuid="081c80f8-c79d-4d81-bcf1-c274bd8be4c5"&gt;
    <jcr:versionLabels jcr:primaryType="nt:versionLabels" jcr:mixinTypes="" />&lt;_x0031_.0 jcr:primaryType="nt:version" jcr:mixinTypes="" jcr:uuid="9418f67e-b350-43d2-a0ea-acdab1a00fcc" jcr:created="2008-05-19T14:21:44.407-07:00" jcr:predecessors="3d5f4cd2-091e-45a4-b6d7-030f71c417ad" jcr:successors=""&gt;
    <jcr:frozenNode jcr:primaryType="nt:frozenNode" jcr:mixinTypes="" jcr:uuid="d75bb300-f16b-4ebe-b984-a5b3ef26cf8e" jcr:frozenUuid="081c80f8-c79d-4d81-bcf1-c274bd8be4c5" jcr:frozenPrimaryType="test:versionable" jcr:frozenMixinTypes="" jcr:versionHistory="98f3e8e0-9f73-4709-b0a6-d30289d95cda" jcr:predecessors="3d5f4cd2-091e-45a4-b6d7-030f71c417ad" />&lt;/_x0031_.0&gt;
    <jcr:rootVersion jcr:primaryType="nt:version" jcr:mixinTypes="" jcr:uuid="3d5f4cd2-091e-45a4-b6d7-030f71c417ad" jcr:created="2008-05-19T14:21:44.029-07:00" jcr:predecessors="" jcr:successors="9418f67e-b350-43d2-a0ea-acdab1a00fcc" />&lt;/_x0039_8f3e8e0-9f73-4709-b0a6-d30289d95cda&gt;
    <bb529448-069e-4173-bd87-af11667715d5 jcr:primaryType="nt:versionHistory" jcr:mixinTypes="" jcr:uuid="bb529448-069e-4173-bd87-af11667715d5" jcr:versionableUuid="bde75668-306b-4ca6-963b-ae51098940eb">
    <jcr:versionLabels jcr:primaryType="nt:versionLabels" jcr:mixinTypes="" />
    <jcr:rootVersion jcr:primaryType="nt:version" jcr:mixinTypes="" jcr:uuid="99c57ba3-e6af-47cf-8f25-e8dc99ae5dc8" jcr:created="2008-05-19T14:21:41.364-07:00" jcr:predecessors="" jcr:successors="acecd96f-778b-4dda-b904-1f7d7f859949" />&lt;_x0031_.0 jcr:primaryType="nt:version" jcr:mixinTypes="" jcr:uuid="acecd96f-778b-4dda-b904-1f7d7f859949" jcr:created="2008-05-19T14:21:41.429-07:00" jcr:predecessors="99c57ba3-e6af-47cf-8f25-e8dc99ae5dc8" jcr:successors=""&gt;
    <jcr:frozenNode jcr:primaryType="nt:frozenNode" jcr:mixinTypes="" jcr:uuid="f3e06507-f626-4466-b130-eefb30becc48" jcr:frozenUuid="bde75668-306b-4ca6-963b-ae51098940eb" jcr:frozenPrimaryType="test:versionable" jcr:frozenMixinTypes="" jcr:versionHistory="bb529448-069e-4173-bd87-af11667715d5" jcr:predecessors="99c57ba3-e6af-47cf-8f25-e8dc99ae5dc8" />&lt;/_x0031_.0&gt;</bb529448-069e-4173-bd87-af11667715d5>&lt;_x0032_2df9c84-da72-4dfd-b369-0389a36f69e0 jcr:primaryType="nt:versionHistory" jcr:mixinTypes="" jcr:uuid="22df9c84-da72-4dfd-b369-0389a36f69e0" jcr:versionableUuid="224d3e1e-07a7-4945-b6be-38d360cb3941"&gt;
    <jcr:versionLabels jcr:primaryType="nt:versionLabels" jcr:mixinTypes="" />
    <jcr:rootVersion jcr:primaryType="nt:version" jcr:mixinTypes="" jcr:uuid="9b8c2a4f-df26-4d4f-ac9e-6a66dfb59894" jcr:created="2008-05-19T14:21:16.336-07:00" jcr:predecessors="" jcr:successors="" />&lt;/_x0032_2df9c84-da72-4dfd-b369-0389a36f69e0&gt;&lt;_x0030_73768a5-a252-4e2c-b5f4-79d0697c1358 jcr:primaryType="nt:versionHistory" jcr:mixinTypes="" jcr:uuid="073768a5-a252-4e2c-b5f4-79d0697c1358" jcr:versionableUuid="f7de3b4b-e2f3-4fd0-b988-bf9e16f9a437"&gt;
    <jcr:versionLabels jcr:primaryType="nt:versionLabels" jcr:mixinTypes="" />
    <jcr:rootVersion jcr:primaryType="nt:version" jcr:mixinTypes="" jcr:uuid="29dc39b8-8444-450d-8aba-e00560a958f3" jcr:created="2008-05-19T14:21:43.686-07:00" jcr:predecessors="" jcr:successors="456ff344-59a1-42ca-a41f-6942a228d6ef" />&lt;_x0031_.0 jcr:primaryType="nt:version" jcr:mixinTypes="" jcr:uuid="456ff344-59a1-42ca-a41f-6942a228d6ef" jcr:created="2008-05-19T14:21:43.759-07:00" jcr:predecessors="29dc39b8-8444-450d-8aba-e00560a958f3" jcr:successors=""&gt;
    <jcr:frozenNode jcr:primaryType="nt:frozenNode" jcr:mixinTypes="" jcr:uuid="ee5872a1-a7c7-44f9-9d0f-3173b80a6cfe" jcr:frozenUuid="f7de3b4b-e2f3-4fd0-b988-bf9e16f9a437" jcr:frozenPrimaryType="test:versionable" jcr:frozenMixinTypes="" jcr:versionHistory="073768a5-a252-4e2c-b5f4-79d0697c1358" jcr:predecessors="29dc39b8-8444-450d-8aba-e00560a958f3" />&lt;/_x0031_.0&gt;&lt;/_x0030_73768a5-a252-4e2c-b5f4-79d0697c1358&gt;&lt;_x0036_8a3c420-e2a3-42da-acbe-6abdd20fb839 jcr:primaryType="nt:versionHistory" jcr:mixinTypes="" jcr:uuid="68a3c420-e2a3-42da-acbe-6abdd20fb839" jcr:versionableUuid="253a2476-b7d7-4959-96a5-14c4c35f144e"&gt;
    <jcr:versionLabels jcr:primaryType="nt:versionLabels" jcr:mixinTypes="" />
    <jcr:rootVersion jcr:primaryType="nt:version" jcr:mixinTypes="" jcr:uuid="52322ee4-9f96-4e6d-a857-5ffd7fc76993" jcr:created="2008-05-19T14:21:14.294-07:00" jcr:predecessors="" jcr:successors="" />&lt;/_x0036_8a3c420-e2a3-42da-acbe-6abdd20fb839&gt;
    <ad674790-0da9-45b2-a2da-94f222282e8f jcr:primaryType="nt:versionHistory" jcr:mixinTypes="" jcr:uuid="ad674790-0da9-45b2-a2da-94f222282e8f" jcr:versionableUuid="89aa0661-5d67-4ecc-85d9-451182b0737e">
    <jcr:versionLabels jcr:primaryType="nt:versionLabels" jcr:mixinTypes="" />
    <jcr:rootVersion jcr:primaryType="nt:version" jcr:mixinTypes="" jcr:uuid="0d700097-736d-4012-b9f4-63e6dfa42589" jcr:created="2008-05-19T14:21:46.940-07:00" jcr:predecessors="" jcr:successors="2b98e440-d104-481f-a618-fe71246fb01e" />&lt;_x0031_.0 jcr:primaryType="nt:version" jcr:mixinTypes="" jcr:uuid="2b98e440-d104-481f-a618-fe71246fb01e" jcr:created="2008-05-19T14:21:47.023-07:00" jcr:predecessors="0d700097-736d-4012-b9f4-63e6dfa42589" jcr:successors=""&gt;
    <jcr:frozenNode jcr:primaryType="nt:frozenNode" jcr:mixinTypes="" jcr:uuid="40b3cde2-8699-4212-a85a-4096a399d061" jcr:frozenUuid="89aa0661-5d67-4ecc-85d9-451182b0737e" jcr:frozenPrimaryType="test:versionable" jcr:frozenMixinTypes="" jcr:versionHistory="ad674790-0da9-45b2-a2da-94f222282e8f" jcr:predecessors="0d700097-736d-4012-b9f4-63e6dfa42589" />&lt;/_x0031_.0&gt;</ad674790-0da9-45b2-a2da-94f222282e8f>&lt;_x0032_2d8ef80-2e9e-4c54-8770-29fb11672d00 jcr:primaryType="nt:versionHistory" jcr:mixinTypes="" jcr:uuid="22d8ef80-2e9e-4c54-8770-29fb11672d00" jcr:versionableUuid="c5a214cf-3428-4056-8a50-293eb4e4fdf8"&gt;
    <jcr:versionLabels jcr:primaryType="nt:versionLabels" jcr:mixinTypes="" />&lt;_x0031_.0.1 jcr:primaryType="nt:version" jcr:mixinTypes="" jcr:uuid="c7a4bcaf-f945-437b-8978-1c046e402b58" jcr:created="2008-05-19T14:21:29.979-07:00" jcr:predecessors="b5508ed8-5c2a-49e1-83b5-ee57d0ee4984" jcr:successors=""&gt;
    <jcr:frozenNode jcr:primaryType="nt:frozenNode" jcr:mixinTypes="" jcr:uuid="26dbb8f4-1520-4ab0-929f-036bc70ef8d8" jcr:frozenUuid="c5a214cf-3428-4056-8a50-293eb4e4fdf8" jcr:frozenPrimaryType="test:versionable" jcr:frozenMixinTypes="" prop1="versionableNodeName1" jcr:versionHistory="22d8ef80-2e9e-4c54-8770-29fb11672d00" jcr:predecessors="b5508ed8-5c2a-49e1-83b5-ee57d0ee4984" />&lt;/_x0031_.0.1&gt;
    <jcr:rootVersion jcr:primaryType="nt:version" jcr:mixinTypes="" jcr:uuid="1a7bf996-f2b1-47eb-8153-3928d0c47c21" jcr:created="2008-05-19T14:21:29.835-07:00" jcr:predecessors="" jcr:successors="b5508ed8-5c2a-49e1-83b5-ee57d0ee4984" />&lt;_x0031_.1 jcr:primaryType="nt:version" jcr:mixinTypes="" jcr:uuid="91f287e7-2c9a-44f1-87d0-52aa1165cc69" jcr:created="2008-05-19T14:21:29.958-07:00" jcr:predecessors="b5508ed8-5c2a-49e1-83b5-ee57d0ee4984" jcr:successors=""&gt;
    <jcr:frozenNode jcr:primaryType="nt:frozenNode" jcr:mixinTypes="" jcr:uuid="ab024f74-a491-4fbb-80df-e1408eecb75b" jcr:frozenUuid="c5a214cf-3428-4056-8a50-293eb4e4fdf8" jcr:frozenPrimaryType="test:versionable" jcr:frozenMixinTypes="" prop1="versionableNodeName1" jcr:versionHistory="22d8ef80-2e9e-4c54-8770-29fb11672d00" jcr:predecessors="b5508ed8-5c2a-49e1-83b5-ee57d0ee4984" />&lt;/_x0031_.1&gt;&lt;_x0031_.0 jcr:primaryType="nt:version" jcr:mixinTypes="" jcr:uuid="b5508ed8-5c2a-49e1-83b5-ee57d0ee4984" jcr:created="2008-05-19T14:21:29.922-07:00" jcr:predecessors="1a7bf996-f2b1-47eb-8153-3928d0c47c21" jcr:successors="c7a4bcaf-f945-437b-8978-1c046e402b58 91f287e7-2c9a-44f1-87d0-52aa1165cc69"&gt;
    <jcr:frozenNode jcr:primaryType="nt:frozenNode" jcr:mixinTypes="" jcr:uuid="97e7bfd6-216a-4999-a72a-8c81ed290a7d" jcr:frozenUuid="c5a214cf-3428-4056-8a50-293eb4e4fdf8" jcr:frozenPrimaryType="test:versionable" jcr:frozenMixinTypes="" prop1="versionableNodeName1" jcr:versionHistory="22d8ef80-2e9e-4c54-8770-29fb11672d00" jcr:predecessors="1a7bf996-f2b1-47eb-8153-3928d0c47c21" />&lt;/_x0031_.0&gt;&lt;/_x0032_2d8ef80-2e9e-4c54-8770-29fb11672d00&gt;
    <addbdc9f-6c67-4fa8-8b36-7b44c55eb21a jcr:primaryType="nt:versionHistory" jcr:mixinTypes="" jcr:uuid="addbdc9f-6c67-4fa8-8b36-7b44c55eb21a" jcr:versionableUuid="11997d50-fe29-48bd-8d19-baace0538be1">
    <jcr:versionLabels jcr:primaryType="nt:versionLabels" jcr:mixinTypes="" />
    <jcr:rootVersion jcr:primaryType="nt:version" jcr:mixinTypes="" jcr:uuid="c0d75fef-c4f1-49d5-b30d-87dd930e9319" jcr:created="2008-05-19T14:22:01.307-07:00" jcr:predecessors="" jcr:successors="7787b7ca-55a3-494d-8d07-e35cfb37bc27" />&lt;_x0031_.0 jcr:primaryType="nt:version" jcr:mixinTypes="" jcr:uuid="7787b7ca-55a3-494d-8d07-e35cfb37bc27" jcr:created="2008-05-19T14:22:01.401-07:00" jcr:predecessors="c0d75fef-c4f1-49d5-b30d-87dd930e9319" jcr:successors="cf9276e1-3a10-4288-9c98-1c0f072fd409"&gt;
    <jcr:frozenNode jcr:primaryType="nt:frozenNode" jcr:mixinTypes="" jcr:uuid="beb7c7a3-2a23-4323-8e0c-35d36f49a846" jcr:frozenUuid="11997d50-fe29-48bd-8d19-baace0538be1" jcr:frozenPrimaryType="test:versionable" jcr:frozenMixinTypes="" jcr:versionHistory="addbdc9f-6c67-4fa8-8b36-7b44c55eb21a" jcr:predecessors="c0d75fef-c4f1-49d5-b30d-87dd930e9319" />&lt;/_x0031_.0&gt;&lt;_x0031_.1 jcr:primaryType="nt:version" jcr:mixinTypes="" jcr:uuid="cf9276e1-3a10-4288-9c98-1c0f072fd409" jcr:created="2008-05-19T14:22:01.481-07:00" jcr:predecessors="7787b7ca-55a3-494d-8d07-e35cfb37bc27" jcr:successors=""&gt;
    <jcr:frozenNode jcr:primaryType="nt:frozenNode" jcr:mixinTypes="" jcr:uuid="f40e5645-d7ea-4c4a-af1a-d86984406110" jcr:frozenUuid="11997d50-fe29-48bd-8d19-baace0538be1" jcr:frozenPrimaryType="test:versionable" jcr:frozenMixinTypes="" jcr:versionHistory="addbdc9f-6c67-4fa8-8b36-7b44c55eb21a" jcr:predecessors="7787b7ca-55a3-494d-8d07-e35cfb37bc27" />&lt;/_x0031_.1&gt;</addbdc9f-6c67-4fa8-8b36-7b44c55eb21a>&lt;_x0038_8655b89-2777-44ae-b3c4-b51c7ccf3c2b jcr:primaryType="nt:versionHistory" jcr:mixinTypes="" jcr:uuid="88655b89-2777-44ae-b3c4-b51c7ccf3c2b" jcr:versionableUuid="e601b9a4-2163-4ec1-aa72-08f1ad147960"&gt;
    <jcr:versionLabels jcr:primaryType="nt:versionLabels" jcr:mixinTypes="" />&lt;_x0031_.1 jcr:primaryType="nt:version" jcr:mixinTypes="" jcr:uuid="32907900-6ecf-4760-aa60-f5645278bcf6" jcr:created="2008-05-19T14:22:02.840-07:00" jcr:predecessors="1bbe2a9b-76f7-4644-8e45-0b4cc983703d" jcr:successors=""&gt;
    <jcr:frozenNode jcr:primaryType="nt:frozenNode" jcr:mixinTypes="" jcr:uuid="b9caa8bf-a59b-49aa-92d4-9c26450891b6" jcr:frozenUuid="e601b9a4-2163-4ec1-aa72-08f1ad147960" jcr:frozenPrimaryType="test:versionable" jcr:frozenMixinTypes="" jcr:versionHistory="88655b89-2777-44ae-b3c4-b51c7ccf3c2b" jcr:predecessors="1bbe2a9b-76f7-4644-8e45-0b4cc983703d" />&lt;/_x0031_.1&gt;
    <jcr:rootVersion jcr:primaryType="nt:version" jcr:mixinTypes="" jcr:uuid="7457933e-e3d4-411d-a8cb-80354bac6c15" jcr:created="2008-05-19T14:22:02.669-07:00" jcr:predecessors="" jcr:successors="1bbe2a9b-76f7-4644-8e45-0b4cc983703d" />&lt;_x0031_.0 jcr:primaryType="nt:version" jcr:mixinTypes="" jcr:uuid="1bbe2a9b-76f7-4644-8e45-0b4cc983703d" jcr:created="2008-05-19T14:22:02.828-07:00" jcr:predecessors="7457933e-e3d4-411d-a8cb-80354bac6c15" jcr:successors="32907900-6ecf-4760-aa60-f5645278bcf6"&gt;
    <jcr:frozenNode jcr:primaryType="nt:frozenNode" jcr:mixinTypes="" jcr:uuid="54d75381-d125-4c90-af54-bc6f6ccbe1d3" jcr:frozenUuid="e601b9a4-2163-4ec1-aa72-08f1ad147960" jcr:frozenPrimaryType="test:versionable" jcr:frozenMixinTypes="" jcr:versionHistory="88655b89-2777-44ae-b3c4-b51c7ccf3c2b" jcr:predecessors="7457933e-e3d4-411d-a8cb-80354bac6c15" />&lt;/_x0031_.0&gt;&lt;/_x0038_8655b89-2777-44ae-b3c4-b51c7ccf3c2b&gt;&lt;_x0031_05cbb0f-c034-41eb-80ac-b2686fc454a5 jcr:primaryType="nt:versionHistory" jcr:mixinTypes="" jcr:uuid="105cbb0f-c034-41eb-80ac-b2686fc454a5" jcr:versionableUuid="a4a8509f-c65b-4443-bcef-70de5e2e97e4"&gt;
    <jcr:versionLabels jcr:primaryType="nt:versionLabels" jcr:mixinTypes="" />
    <jcr:rootVersion jcr:primaryType="nt:version" jcr:mixinTypes="" jcr:uuid="6f37bea7-1360-46d4-9019-0f6b5c426c6a" jcr:created="2008-05-19T14:22:18.951-07:00" jcr:predecessors="" jcr:successors="" />&lt;/_x0031_05cbb0f-c034-41eb-80ac-b2686fc454a5&gt;&lt;_x0030_950af3b-8e0e-40a4-a8d4-4bcacf41c7f0 jcr:primaryType="nt:versionHistory" jcr:mixinTypes="" jcr:uuid="0950af3b-8e0e-40a4-a8d4-4bcacf41c7f0" jcr:versionableUuid="1a79d577-1666-4388-9bad-d1b45b3ed1a8"&gt;
    <jcr:versionLabels jcr:primaryType="nt:versionLabels" jcr:mixinTypes="" />
    <jcr:rootVersion jcr:primaryType="nt:version" jcr:mixinTypes="" jcr:uuid="3ceda3fa-0612-4f4d-9561-ac8ab7bb87b2" jcr:created="2008-05-19T14:21:27.295-07:00" jcr:predecessors="" jcr:successors="" />&lt;/_x0030_950af3b-8e0e-40a4-a8d4-4bcacf41c7f0&gt;&lt;_x0035_b279b4b-48d2-44d2-9886-7a0a96cb004b jcr:primaryType="nt:versionHistory" jcr:mixinTypes="" jcr:uuid="5b279b4b-48d2-44d2-9886-7a0a96cb004b" jcr:versionableUuid="424ef8a6-8fb9-4fbd-9807-b9c90bb8e6ad"&gt;
    <jcr:versionLabels jcr:primaryType="nt:versionLabels" jcr:mixinTypes="" />&lt;_x0031_.0 jcr:primaryType="nt:version" jcr:mixinTypes="" jcr:uuid="3018c7ed-ce9a-493c-b890-77dfa0875895" jcr:created="2008-05-19T14:21:47.424-07:00" jcr:predecessors="c28ea5e2-e6ee-44a0-82ce-9a286ad5767f" jcr:successors=""&gt;
    <jcr:frozenNode jcr:primaryType="nt:frozenNode" jcr:mixinTypes="" jcr:uuid="bd5398e3-eb1b-4d0f-94ba-d21a9a21136d" jcr:frozenUuid="424ef8a6-8fb9-4fbd-9807-b9c90bb8e6ad" jcr:frozenPrimaryType="test:versionable" jcr:frozenMixinTypes="" jcr:versionHistory="5b279b4b-48d2-44d2-9886-7a0a96cb004b" jcr:predecessors="c28ea5e2-e6ee-44a0-82ce-9a286ad5767f" />&lt;/_x0031_.0&gt;
    <jcr:rootVersion jcr:primaryType="nt:version" jcr:mixinTypes="" jcr:uuid="c28ea5e2-e6ee-44a0-82ce-9a286ad5767f" jcr:created="2008-05-19T14:21:47.151-07:00" jcr:predecessors="" jcr:successors="3018c7ed-ce9a-493c-b890-77dfa0875895" />&lt;/_x0035_b279b4b-48d2-44d2-9886-7a0a96cb004b&gt;
    <ce8b08e6-cc0f-4282-909a-24afbbfb1e6c jcr:primaryType="nt:versionHistory" jcr:mixinTypes="" jcr:uuid="ce8b08e6-cc0f-4282-909a-24afbbfb1e6c" jcr:versionableUuid="9d772715-0fc8-41a4-bda9-8491fd179b00">
    <jcr:versionLabels jcr:primaryType="nt:versionLabels" jcr:mixinTypes="" />
    <jcr:rootVersion jcr:primaryType="nt:version" jcr:mixinTypes="" jcr:uuid="44bb4aef-6332-49c3-a564-ad2fb6cf1538" jcr:created="2008-05-19T14:21:28.596-07:00" jcr:predecessors="" jcr:successors="8bfaaa9d-0861-40ec-beb5-fd72e696fd06" />&lt;_x0031_.0 jcr:primaryType="nt:version" jcr:mixinTypes="" jcr:uuid="8bfaaa9d-0861-40ec-beb5-fd72e696fd06" jcr:created="2008-05-19T14:21:28.842-07:00" jcr:predecessors="44bb4aef-6332-49c3-a564-ad2fb6cf1538" jcr:successors=""&gt;
    <jcr:frozenNode jcr:primaryType="nt:frozenNode" jcr:mixinTypes="" jcr:uuid="1f6a9ce4-cfc8-4f6c-afd5-8b4f814f4672" jcr:frozenUuid="9d772715-0fc8-41a4-bda9-8491fd179b00" jcr:frozenPrimaryType="test:versionable" jcr:frozenMixinTypes="" jcr:versionHistory="ce8b08e6-cc0f-4282-909a-24afbbfb1e6c" jcr:predecessors="44bb4aef-6332-49c3-a564-ad2fb6cf1538" />&lt;/_x0031_.0&gt;</ce8b08e6-cc0f-4282-909a-24afbbfb1e6c>
    <dd9c6dd2-6e6c-4819-bf13-63eb6dd43e6b jcr:primaryType="nt:versionHistory" jcr:mixinTypes="" jcr:uuid="dd9c6dd2-6e6c-4819-bf13-63eb6dd43e6b" jcr:versionableUuid="fb0bb35d-2406-46ac-852d-62d9cb37dcb0">
    <jcr:versionLabels jcr:primaryType="nt:versionLabels" jcr:mixinTypes="" />&lt;_x0031_.0 jcr:primaryType="nt:version" jcr:mixinTypes="" jcr:uuid="f271f3ea-34b1-441c-8e0c-db6937f5fec6" jcr:created="2008-05-19T14:22:06.326-07:00" jcr:predecessors="80c568ad-1489-42fa-9f8f-246f42542452" jcr:successors=""&gt;
    <jcr:frozenNode jcr:primaryType="nt:frozenNode" jcr:mixinTypes="" jcr:uuid="6b45816b-c100-4d47-b0ce-df064764a98d" jcr:frozenUuid="fb0bb35d-2406-46ac-852d-62d9cb37dcb0" jcr:frozenPrimaryType="test:versionable" jcr:frozenMixinTypes="" jcr:versionHistory="dd9c6dd2-6e6c-4819-bf13-63eb6dd43e6b" jcr:predecessors="80c568ad-1489-42fa-9f8f-246f42542452" />&lt;/_x0031_.0&gt;
    <jcr:rootVersion jcr:primaryType="nt:version" jcr:mixinTypes="" jcr:uuid="80c568ad-1489-42fa-9f8f-246f42542452" jcr:created="2008-05-19T14:22:06.234-07:00" jcr:predecessors="" jcr:successors="f271f3ea-34b1-441c-8e0c-db6937f5fec6" /></dd9c6dd2-6e6c-4819-bf13-63eb6dd43e6b>&lt;_x0034_0b048b1-9b9d-4ad0-8713-08cfda43ddf6 jcr:primaryType="nt:versionHistory" jcr:mixinTypes="" jcr:uuid="40b048b1-9b9d-4ad0-8713-08cfda43ddf6" jcr:versionableUuid="d01bdb29-4a8b-446e-8d07-7133d1cd319a"&gt;
    <jcr:versionLabels jcr:primaryType="nt:versionLabels" jcr:mixinTypes="" />&lt;_x0031_.0 jcr:primaryType="nt:version" jcr:mixinTypes="" jcr:uuid="fe9639f8-08a8-42f1-8ad4-7d9031041a95" jcr:created="2008-05-19T14:21:26.985-07:00" jcr:predecessors="a7854d7b-fa35-42d4-a0fa-d9dd4eb85040" jcr:successors=""&gt;
    <jcr:frozenNode jcr:primaryType="nt:frozenNode" jcr:mixinTypes="" jcr:uuid="1c73305a-42c5-4d77-87ec-91841211cd41" jcr:frozenUuid="d01bdb29-4a8b-446e-8d07-7133d1cd319a" jcr:frozenPrimaryType="test:versionable" jcr:frozenMixinTypes="" jcr:versionHistory="40b048b1-9b9d-4ad0-8713-08cfda43ddf6" jcr:predecessors="a7854d7b-fa35-42d4-a0fa-d9dd4eb85040" />&lt;/_x0031_.0&gt;
    <jcr:rootVersion jcr:primaryType="nt:version" jcr:mixinTypes="" jcr:uuid="a7854d7b-fa35-42d4-a0fa-d9dd4eb85040" jcr:created="2008-05-19T14:21:26.935-07:00" jcr:predecessors="" jcr:successors="fe9639f8-08a8-42f1-8ad4-7d9031041a95" />&lt;/_x0034_0b048b1-9b9d-4ad0-8713-08cfda43ddf6&gt;&lt;_x0030_b861fc2-ad65-4cdd-a49c-221357280c67 jcr:primaryType="nt:versionHistory" jcr:mixinTypes="" jcr:uuid="0b861fc2-ad65-4cdd-a49c-221357280c67" jcr:versionableUuid="ec98f131-48ff-4dfe-a9f5-a68784210ca5"&gt;
    <jcr:versionLabels jcr:primaryType="nt:versionLabels" jcr:mixinTypes="" />
    <jcr:rootVersion jcr:primaryType="nt:version" jcr:mixinTypes="" jcr:uuid="d30e6778-9b9a-438d-9d63-5ace455886c2" jcr:created="2008-05-19T14:21:10.972-07:00" jcr:predecessors="" jcr:successors="" />&lt;/_x0030_b861fc2-ad65-4cdd-a49c-221357280c67&gt;&lt;_x0038_b170cfb-2490-49f9-bed8-6f20e37876ec jcr:primaryType="nt:versionHistory" jcr:mixinTypes="" jcr:uuid="8b170cfb-2490-49f9-bed8-6f20e37876ec" jcr:versionableUuid="d50c38e9-37de-4a72-884b-4442b82f47f8"&gt;
    <jcr:versionLabels jcr:primaryType="nt:versionLabels" jcr:mixinTypes="" />
    <jcr:rootVersion jcr:primaryType="nt:version" jcr:mixinTypes="" jcr:uuid="f3f665a0-5dbd-4522-999a-e41d35a0dcfe" jcr:created="2008-05-19T14:22:15.675-07:00" jcr:predecessors="" jcr:successors="b6b25f55-876f-4b2e-9d0a-2d18ea67ee8e" />&lt;_x0031_.0 jcr:primaryType="nt:version" jcr:mixinTypes="" jcr:uuid="b6b25f55-876f-4b2e-9d0a-2d18ea67ee8e" jcr:created="2008-05-19T14:22:15.757-07:00" jcr:predecessors="f3f665a0-5dbd-4522-999a-e41d35a0dcfe" jcr:successors="982a3309-0c64-446c-b4ba-20cc27b14a91"&gt;
    <jcr:frozenNode jcr:primaryType="nt:frozenNode" jcr:mixinTypes="" jcr:uuid="67acce42-b96f-4a10-b429-7d66ca3d18b1" jcr:frozenUuid="d50c38e9-37de-4a72-884b-4442b82f47f8" jcr:frozenPrimaryType="test:versionable" jcr:frozenMixinTypes="" jcr:versionHistory="8b170cfb-2490-49f9-bed8-6f20e37876ec" jcr:predecessors="f3f665a0-5dbd-4522-999a-e41d35a0dcfe" />&lt;/_x0031_.0&gt;&lt;_x0031_.1 jcr:primaryType="nt:version" jcr:mixinTypes="" jcr:uuid="982a3309-0c64-446c-b4ba-20cc27b14a91" jcr:created="2008-05-19T14:22:15.774-07:00" jcr:predecessors="b6b25f55-876f-4b2e-9d0a-2d18ea67ee8e" jcr:successors=""&gt;
    <jcr:frozenNode jcr:primaryType="nt:frozenNode" jcr:mixinTypes="" jcr:uuid="5386610c-52c5-4d0f-9d18-c4934313dfab" jcr:frozenUuid="d50c38e9-37de-4a72-884b-4442b82f47f8" jcr:frozenPrimaryType="test:versionable" jcr:frozenMixinTypes="" jcr:versionHistory="8b170cfb-2490-49f9-bed8-6f20e37876ec" jcr:predecessors="b6b25f55-876f-4b2e-9d0a-2d18ea67ee8e" />&lt;/_x0031_.1&gt;&lt;/_x0038_b170cfb-2490-49f9-bed8-6f20e37876ec&gt;&lt;_x0039_4919750-be7d-49b4-ad5e-a90813de3a08 jcr:primaryType="nt:versionHistory" jcr:mixinTypes="" jcr:uuid="94919750-be7d-49b4-ad5e-a90813de3a08" jcr:versionableUuid="934f7221-df95-45a6-8c72-7b00b947e6f0"&gt;
    <jcr:versionLabels jcr:primaryType="nt:versionLabels" jcr:mixinTypes="" />
    <jcr:rootVersion jcr:primaryType="nt:version" jcr:mixinTypes="" jcr:uuid="6262d522-30a8-4bbe-8b1c-4957e4169d97" jcr:created="2008-05-19T14:22:07.822-07:00" jcr:predecessors="" jcr:successors="" />&lt;/_x0039_4919750-be7d-49b4-ad5e-a90813de3a08&gt;
    <d0940a1a-5187-45c9-ae79-816efa48893e jcr:primaryType="nt:versionHistory" jcr:mixinTypes="" jcr:uuid="d0940a1a-5187-45c9-ae79-816efa48893e" jcr:versionableUuid="dbc33d4f-16d8-4ef0-bf46-6510599f8649">
      <jcr:versionLabels jcr:primaryType="nt:versionLabels" jcr:mixinTypes="" />
      <jcr:rootVersion jcr:primaryType="nt:version" jcr:mixinTypes="" jcr:uuid="86019204-41d8-477e-84de-2a6fb560fd05" jcr:created="2008-05-19T14:21:30.891-07:00" jcr:predecessors="" jcr:successors="" />
    </d0940a1a-5187-45c9-ae79-816efa48893e>&lt;_x0037_c9408d0-4db6-4d27-a331-6b8185efb798 jcr:primaryType="nt:versionHistory" jcr:mixinTypes="" jcr:uuid="7c9408d0-4db6-4d27-a331-6b8185efb798" jcr:versionableUuid="40cd79ef-7d2a-4f0b-adec-55949cfb6fb2"&gt;
    <jcr:versionLabels jcr:primaryType="nt:versionLabels" jcr:mixinTypes="" />
    <jcr:rootVersion jcr:primaryType="nt:version" jcr:mixinTypes="" jcr:uuid="3351b0d0-97f4-46b3-974b-e60bf30f4b0b" jcr:created="2008-05-19T14:21:10.519-07:00" jcr:predecessors="" jcr:successors="" />&lt;/_x0037_c9408d0-4db6-4d27-a331-6b8185efb798&gt;
    <f0e7d52f-0513-4c16-8a88-086b7d0d5964 jcr:primaryType="nt:versionHistory" jcr:mixinTypes="" jcr:uuid="f0e7d52f-0513-4c16-8a88-086b7d0d5964" jcr:versionableUuid="20fb571a-1f92-4823-b81a-daef7c89cd30">
    <jcr:versionLabels jcr:primaryType="nt:versionLabels" jcr:mixinTypes="" />
    <jcr:rootVersion jcr:primaryType="nt:version" jcr:mixinTypes="" jcr:uuid="7bd4b76d-ca93-49f3-922a-e772cb305abb" jcr:created="2008-05-19T14:21:59.672-07:00" jcr:predecessors="" jcr:successors="e5e97104-d911-474c-bb94-cf82821bef3f" />&lt;_x0031_.1 jcr:primaryType="nt:version" jcr:mixinTypes="" jcr:uuid="dcef30d7-5634-46e5-b343-d347f519270c" jcr:created="2008-05-19T14:21:59.823-07:00" jcr:predecessors="e5e97104-d911-474c-bb94-cf82821bef3f" jcr:successors=""&gt;
    <jcr:frozenNode jcr:primaryType="nt:frozenNode" jcr:mixinTypes="" jcr:uuid="8642ecb4-1c9a-4fc7-947c-c1531a28e674" jcr:frozenUuid="20fb571a-1f92-4823-b81a-daef7c89cd30" jcr:frozenPrimaryType="test:versionable" jcr:frozenMixinTypes="" jcr:versionHistory="f0e7d52f-0513-4c16-8a88-086b7d0d5964" jcr:predecessors="e5e97104-d911-474c-bb94-cf82821bef3f" />&lt;/_x0031_.1&gt;&lt;_x0031_.0 jcr:primaryType="nt:version" jcr:mixinTypes="" jcr:uuid="e5e97104-d911-474c-bb94-cf82821bef3f" jcr:created="2008-05-19T14:21:59.796-07:00" jcr:predecessors="7bd4b76d-ca93-49f3-922a-e772cb305abb" jcr:successors="dcef30d7-5634-46e5-b343-d347f519270c"&gt;
    <jcr:frozenNode jcr:primaryType="nt:frozenNode" jcr:mixinTypes="" jcr:uuid="603b2814-5c2b-48d3-92ca-3546d2502bf6" jcr:frozenUuid="20fb571a-1f92-4823-b81a-daef7c89cd30" jcr:frozenPrimaryType="test:versionable" jcr:frozenMixinTypes="" jcr:versionHistory="f0e7d52f-0513-4c16-8a88-086b7d0d5964" jcr:predecessors="7bd4b76d-ca93-49f3-922a-e772cb305abb" />&lt;/_x0031_.0&gt;</f0e7d52f-0513-4c16-8a88-086b7d0d5964>
    <b6a299b9-7e47-40c7-bc04-8b97ed53a3d3 jcr:primaryType="nt:versionHistory" jcr:mixinTypes="" jcr:uuid="b6a299b9-7e47-40c7-bc04-8b97ed53a3d3" jcr:versionableUuid="7aabe53f-039f-462b-9499-a7a63a4545bc">
    <jcr:versionLabels jcr:primaryType="nt:versionLabels" jcr:mixinTypes="" />&lt;_x0031_.0 jcr:primaryType="nt:version" jcr:mixinTypes="" jcr:uuid="42c2a0a9-b2d8-407d-89b2-9f57f4383f0b" jcr:created="2008-05-19T14:21:54.528-07:00" jcr:predecessors="96057148-358b-4f4a-a6e2-cb6a04242b6c" jcr:successors="bf78e7d0-9730-4f1c-8f56-b993b748d10b"&gt;
    <jcr:frozenNode jcr:primaryType="nt:frozenNode" jcr:mixinTypes="" jcr:uuid="793c9db7-3b60-448a-9d5e-716502161c32" jcr:frozenUuid="7aabe53f-039f-462b-9499-a7a63a4545bc" jcr:frozenPrimaryType="test:versionable" jcr:frozenMixinTypes="" jcr:versionHistory="b6a299b9-7e47-40c7-bc04-8b97ed53a3d3" jcr:predecessors="96057148-358b-4f4a-a6e2-cb6a04242b6c" />&lt;/_x0031_.0&gt;&lt;_x0031_.1 jcr:primaryType="nt:version" jcr:mixinTypes="" jcr:uuid="bf78e7d0-9730-4f1c-8f56-b993b748d10b" jcr:created="2008-05-19T14:21:54.625-07:00" jcr:predecessors="42c2a0a9-b2d8-407d-89b2-9f57f4383f0b" jcr:successors=""&gt;
    <jcr:frozenNode jcr:primaryType="nt:frozenNode" jcr:mixinTypes="" jcr:uuid="a523674f-159d-4f34-bf7e-f41ac88c9bca" jcr:frozenUuid="7aabe53f-039f-462b-9499-a7a63a4545bc" jcr:frozenPrimaryType="test:versionable" jcr:frozenMixinTypes="" jcr:versionHistory="b6a299b9-7e47-40c7-bc04-8b97ed53a3d3" jcr:predecessors="42c2a0a9-b2d8-407d-89b2-9f57f4383f0b" />&lt;/_x0031_.1&gt;
    <jcr:rootVersion jcr:primaryType="nt:version" jcr:mixinTypes="" jcr:uuid="96057148-358b-4f4a-a6e2-cb6a04242b6c" jcr:created="2008-05-19T14:21:54.465-07:00" jcr:predecessors="" jcr:successors="42c2a0a9-b2d8-407d-89b2-9f57f4383f0b" /></b6a299b9-7e47-40c7-bc04-8b97ed53a3d3>&lt;_x0038_6a298eb-c08a-4a73-abe0-730d6cb7c26b jcr:primaryType="nt:versionHistory" jcr:mixinTypes="" jcr:uuid="86a298eb-c08a-4a73-abe0-730d6cb7c26b" jcr:versionableUuid="8e50b2c8-cf3d-4687-93d1-6bf36e56f69d"&gt;
    <jcr:versionLabels jcr:primaryType="nt:versionLabels" jcr:mixinTypes="" />&lt;_x0031_.1 jcr:primaryType="nt:version" jcr:mixinTypes="" jcr:uuid="591a3e99-1859-4e60-95cf-53a93f9b1243" jcr:created="2008-05-19T14:22:06.733-07:00" jcr:predecessors="5694ef43-12ff-4805-a717-6577df704fd2" jcr:successors=""&gt;
    <jcr:frozenNode jcr:primaryType="nt:frozenNode" jcr:mixinTypes="" jcr:uuid="a7ceb908-ae1b-412e-88f6-d50bc55e9e60" jcr:frozenUuid="8e50b2c8-cf3d-4687-93d1-6bf36e56f69d" jcr:frozenPrimaryType="test:versionable" jcr:frozenMixinTypes="" jcr:versionHistory="86a298eb-c08a-4a73-abe0-730d6cb7c26b" jcr:predecessors="5694ef43-12ff-4805-a717-6577df704fd2" />&lt;/_x0031_.1&gt;
    <jcr:rootVersion jcr:primaryType="nt:version" jcr:mixinTypes="" jcr:uuid="dbfa663a-d0a9-4664-9968-2d6ddbcc15e5" jcr:created="2008-05-19T14:22:06.430-07:00" jcr:predecessors="" jcr:successors="5694ef43-12ff-4805-a717-6577df704fd2" />&lt;_x0031_.0 jcr:primaryType="nt:version" jcr:mixinTypes="" jcr:uuid="5694ef43-12ff-4805-a717-6577df704fd2" jcr:created="2008-05-19T14:22:06.722-07:00" jcr:predecessors="dbfa663a-d0a9-4664-9968-2d6ddbcc15e5" jcr:successors="591a3e99-1859-4e60-95cf-53a93f9b1243"&gt;
    <jcr:frozenNode jcr:primaryType="nt:frozenNode" jcr:mixinTypes="" jcr:uuid="c9840ea4-cc63-42fe-a3ba-d574032f185e" jcr:frozenUuid="8e50b2c8-cf3d-4687-93d1-6bf36e56f69d" jcr:frozenPrimaryType="test:versionable" jcr:frozenMixinTypes="" jcr:versionHistory="86a298eb-c08a-4a73-abe0-730d6cb7c26b" jcr:predecessors="dbfa663a-d0a9-4664-9968-2d6ddbcc15e5" />&lt;/_x0031_.0&gt;&lt;/_x0038_6a298eb-c08a-4a73-abe0-730d6cb7c26b&gt;&lt;_x0034_cdbd559-6f7b-44ed-ba30-606c282c9700 jcr:primaryType="nt:versionHistory" jcr:mixinTypes="" jcr:uuid="4cdbd559-6f7b-44ed-ba30-606c282c9700" jcr:versionableUuid="30ee9962-1faa-4e17-906b-0da775e65ecd"&gt;
    <jcr:versionLabels jcr:primaryType="nt:versionLabels" jcr:mixinTypes="" />
    <jcr:rootVersion jcr:primaryType="nt:version" jcr:mixinTypes="" jcr:uuid="2c21a076-32c4-49ed-beba-043603112bfd" jcr:created="2008-05-19T14:22:12.165-07:00" jcr:predecessors="" jcr:successors="" />&lt;/_x0034_cdbd559-6f7b-44ed-ba30-606c282c9700&gt;&lt;_x0038_668cf1b-edc5-4dbb-aa51-b6b632804d57 jcr:primaryType="nt:versionHistory" jcr:mixinTypes="" jcr:uuid="8668cf1b-edc5-4dbb-aa51-b6b632804d57" jcr:versionableUuid="83d2f0c9-a4fa-40af-b829-2ff0ecb2468d"&gt;
    <jcr:versionLabels jcr:primaryType="nt:versionLabels" jcr:mixinTypes="" />
    <jcr:rootVersion jcr:primaryType="nt:version" jcr:mixinTypes="" jcr:uuid="b0b919f6-b641-4039-8a54-938f8e1e4d2e" jcr:created="2008-05-19T14:21:49.115-07:00" jcr:predecessors="" jcr:successors="2f40a930-d054-4a11-b611-86a5fb2eaf57" />&lt;_x0031_.0 jcr:primaryType="nt:version" jcr:mixinTypes="" jcr:uuid="2f40a930-d054-4a11-b611-86a5fb2eaf57" jcr:created="2008-05-19T14:21:49.185-07:00" jcr:predecessors="b0b919f6-b641-4039-8a54-938f8e1e4d2e" jcr:successors=""&gt;
    <jcr:frozenNode jcr:primaryType="nt:frozenNode" jcr:mixinTypes="" jcr:uuid="14a5c72f-f510-4a6e-8cc3-bbac7353f8ef" jcr:frozenUuid="83d2f0c9-a4fa-40af-b829-2ff0ecb2468d" jcr:frozenPrimaryType="test:versionable" jcr:frozenMixinTypes="" jcr:versionHistory="8668cf1b-edc5-4dbb-aa51-b6b632804d57" jcr:predecessors="b0b919f6-b641-4039-8a54-938f8e1e4d2e" />&lt;/_x0031_.0&gt;&lt;/_x0038_668cf1b-edc5-4dbb-aa51-b6b632804d57&gt;&lt;_x0034_81324a0-fc6c-47a3-afb7-da40bcd0e4be jcr:primaryType="nt:versionHistory" jcr:mixinTypes="" jcr:uuid="481324a0-fc6c-47a3-afb7-da40bcd0e4be" jcr:versionableUuid="28c18d9a-5d86-4231-9f99-deea59f29e23"&gt;
    <jcr:versionLabels jcr:primaryType="nt:versionLabels" jcr:mixinTypes="" />
    <jcr:rootVersion jcr:primaryType="nt:version" jcr:mixinTypes="" jcr:uuid="55b264fc-818a-4c2b-8956-fce510473679" jcr:created="2008-05-19T14:21:12.793-07:00" jcr:predecessors="" jcr:successors="" />&lt;/_x0034_81324a0-fc6c-47a3-afb7-da40bcd0e4be&gt;
    <fe887683-3ff1-498b-933a-661a3c9bcbfe jcr:primaryType="nt:versionHistory" jcr:mixinTypes="" jcr:uuid="fe887683-3ff1-498b-933a-661a3c9bcbfe" jcr:versionableUuid="c34ee637-1fac-4154-8717-4fc89b2c9ce1">
    <jcr:versionLabels jcr:primaryType="nt:versionLabels" jcr:mixinTypes="" />
    <jcr:rootVersion jcr:primaryType="nt:version" jcr:mixinTypes="" jcr:uuid="9a2ab5f6-4216-4239-b73c-65f3ccca5b6a" jcr:created="2008-05-19T14:21:52.096-07:00" jcr:predecessors="" jcr:successors="10d954dc-9f62-47d5-b4b0-b4597d532f88" />&lt;_x0031_.0 jcr:primaryType="nt:version" jcr:mixinTypes="" jcr:uuid="10d954dc-9f62-47d5-b4b0-b4597d532f88" jcr:created="2008-05-19T14:21:52.173-07:00" jcr:predecessors="9a2ab5f6-4216-4239-b73c-65f3ccca5b6a" jcr:successors=""&gt;
    <jcr:frozenNode jcr:primaryType="nt:frozenNode" jcr:mixinTypes="" jcr:uuid="dc5b9c7f-b651-4f66-b499-7e96619a84ec" jcr:frozenUuid="c34ee637-1fac-4154-8717-4fc89b2c9ce1" jcr:frozenPrimaryType="test:versionable" jcr:frozenMixinTypes="" jcr:versionHistory="fe887683-3ff1-498b-933a-661a3c9bcbfe" jcr:predecessors="9a2ab5f6-4216-4239-b73c-65f3ccca5b6a" />&lt;/_x0031_.0&gt;</fe887683-3ff1-498b-933a-661a3c9bcbfe>
    <a5210937-d119-435b-8b25-1e1c1f9b9102 jcr:primaryType="nt:versionHistory" jcr:mixinTypes="" jcr:uuid="a5210937-d119-435b-8b25-1e1c1f9b9102" jcr:versionableUuid="e9ed6f6d-aeaa-4251-a756-0ede712e8734">
    <jcr:versionLabels jcr:primaryType="nt:versionLabels" jcr:mixinTypes="" />
    <jcr:rootVersion jcr:primaryType="nt:version" jcr:mixinTypes="" jcr:uuid="6c6f21da-b147-4e31-99a2-4c1971491d79" jcr:created="2008-05-19T14:21:43.906-07:00" jcr:predecessors="" jcr:successors="0e099865-f5cb-4470-b15a-b1b48e94c993" />&lt;_x0031_.0 jcr:primaryType="nt:version" jcr:mixinTypes="" jcr:uuid="0e099865-f5cb-4470-b15a-b1b48e94c993" jcr:created="2008-05-19T14:21:43.985-07:00" jcr:predecessors="6c6f21da-b147-4e31-99a2-4c1971491d79" jcr:successors=""&gt;
    <jcr:frozenNode jcr:primaryType="nt:frozenNode" jcr:mixinTypes="" jcr:uuid="281195b4-b279-4888-83a7-19f968758ee9" jcr:frozenUuid="e9ed6f6d-aeaa-4251-a756-0ede712e8734" jcr:frozenPrimaryType="test:versionable" jcr:frozenMixinTypes="" jcr:versionHistory="a5210937-d119-435b-8b25-1e1c1f9b9102" jcr:predecessors="6c6f21da-b147-4e31-99a2-4c1971491d79" />&lt;/_x0031_.0&gt;</a5210937-d119-435b-8b25-1e1c1f9b9102>
    <a9fdd8cb-5577-4e0a-9bcf-4e165f6fd562 jcr:primaryType="nt:versionHistory" jcr:mixinTypes="" jcr:uuid="a9fdd8cb-5577-4e0a-9bcf-4e165f6fd562" jcr:versionableUuid="e4b57529-2941-4efc-95de-da67f343f667">
      <jcr:versionLabels jcr:primaryType="nt:versionLabels" jcr:mixinTypes="" />
      <jcr:rootVersion jcr:primaryType="nt:version" jcr:mixinTypes="" jcr:uuid="39304007-53d4-4e10-8f29-e55a28409ff5" jcr:created="2008-05-19T14:21:15.951-07:00" jcr:predecessors="" jcr:successors="" />
    </a9fdd8cb-5577-4e0a-9bcf-4e165f6fd562>&lt;_x0037_26bb6a9-5fcf-4de7-85fd-439b3721de33 jcr:primaryType="nt:versionHistory" jcr:mixinTypes="" jcr:uuid="726bb6a9-5fcf-4de7-85fd-439b3721de33" jcr:versionableUuid="e44bd642-5840-4f9c-a239-37657253e601"&gt;
    <jcr:versionLabels jcr:primaryType="nt:versionLabels" jcr:mixinTypes="" />&lt;_x0031_.0 jcr:primaryType="nt:version" jcr:mixinTypes="" jcr:uuid="93a1e8d4-fa3a-48bf-b7e2-a32c27adc630" jcr:created="2008-05-19T14:21:46.124-07:00" jcr:predecessors="7fa89537-254f-4f51-8e78-a8d02703f399" jcr:successors=""&gt;
    <jcr:frozenNode jcr:primaryType="nt:frozenNode" jcr:mixinTypes="" jcr:uuid="77f22697-9b44-431b-a7fa-fe7433943ee4" jcr:frozenUuid="e44bd642-5840-4f9c-a239-37657253e601" jcr:frozenPrimaryType="test:versionable" jcr:frozenMixinTypes="" jcr:versionHistory="726bb6a9-5fcf-4de7-85fd-439b3721de33" jcr:predecessors="7fa89537-254f-4f51-8e78-a8d02703f399" />&lt;/_x0031_.0&gt;
    <jcr:rootVersion jcr:primaryType="nt:version" jcr:mixinTypes="" jcr:uuid="7fa89537-254f-4f51-8e78-a8d02703f399" jcr:created="2008-05-19T14:21:45.986-07:00" jcr:predecessors="" jcr:successors="93a1e8d4-fa3a-48bf-b7e2-a32c27adc630" />&lt;/_x0037_26bb6a9-5fcf-4de7-85fd-439b3721de33&gt;
    <be2636d0-2b75-46fe-9230-0d5a2545b1f2 jcr:primaryType="nt:versionHistory" jcr:mixinTypes="" jcr:uuid="be2636d0-2b75-46fe-9230-0d5a2545b1f2" jcr:versionableUuid="eb5f0d03-7b45-4058-9b85-98a727cf939e">
    <jcr:versionLabels jcr:primaryType="nt:versionLabels" jcr:mixinTypes="" />&lt;_x0031_.0 jcr:primaryType="nt:version" jcr:mixinTypes="" jcr:uuid="d6cfc3d6-3f79-4cf7-8444-076bc8ec7a08" jcr:created="2008-05-19T14:21:22.637-07:00" jcr:predecessors="bc754e3e-565d-4cc1-9bcc-601511062f6a" jcr:successors=""&gt;
    <jcr:frozenNode jcr:primaryType="nt:frozenNode" jcr:mixinTypes="" jcr:uuid="3e1d494e-947c-4af8-94b4-3f23f35f2aa7" jcr:frozenUuid="eb5f0d03-7b45-4058-9b85-98a727cf939e" jcr:frozenPrimaryType="nt:unstructured" jcr:frozenMixinTypes="mix:versionable" prop1="abc" prop2="abc" jcr:versionHistory="be2636d0-2b75-46fe-9230-0d5a2545b1f2" jcr:predecessors="bc754e3e-565d-4cc1-9bcc-601511062f6a" />&lt;/_x0031_.0&gt;
    <jcr:rootVersion jcr:primaryType="nt:version" jcr:mixinTypes="" jcr:uuid="bc754e3e-565d-4cc1-9bcc-601511062f6a" jcr:created="2008-05-19T14:21:22.602-07:00" jcr:predecessors="" jcr:successors="d6cfc3d6-3f79-4cf7-8444-076bc8ec7a08" /></be2636d0-2b75-46fe-9230-0d5a2545b1f2>
    <e7c8add5-1813-4d49-afa8-eeee2a2a813b jcr:primaryType="nt:versionHistory" jcr:mixinTypes="" jcr:uuid="e7c8add5-1813-4d49-afa8-eeee2a2a813b" jcr:versionableUuid="c0ef684d-e267-49b1-ad9e-3b9d9a83c414">
    <jcr:versionLabels jcr:primaryType="nt:versionLabels" jcr:mixinTypes="" />
    <jcr:rootVersion jcr:primaryType="nt:version" jcr:mixinTypes="" jcr:uuid="b7b2a482-a3f6-49c1-9cce-d4abaf5c2e83" jcr:created="2008-05-19T14:21:59.299-07:00" jcr:predecessors="" jcr:successors="a2ef5fed-3a5d-4254-adc5-6e237f644020" />&lt;_x0031_.0 jcr:primaryType="nt:version" jcr:mixinTypes="" jcr:uuid="a2ef5fed-3a5d-4254-adc5-6e237f644020" jcr:created="2008-05-19T14:21:59.607-07:00" jcr:predecessors="b7b2a482-a3f6-49c1-9cce-d4abaf5c2e83" jcr:successors="04592f25-9bcb-46f2-a773-97522c46142c"&gt;
    <jcr:frozenNode jcr:primaryType="nt:frozenNode" jcr:mixinTypes="" jcr:uuid="09f3e3be-1857-4699-9cf4-b8e5855c0dd2" jcr:frozenUuid="c0ef684d-e267-49b1-ad9e-3b9d9a83c414" jcr:frozenPrimaryType="test:versionable" jcr:frozenMixinTypes="" jcr:versionHistory="e7c8add5-1813-4d49-afa8-eeee2a2a813b" jcr:predecessors="b7b2a482-a3f6-49c1-9cce-d4abaf5c2e83" />&lt;/_x0031_.0&gt;&lt;_x0031_.1 jcr:primaryType="nt:version" jcr:mixinTypes="" jcr:uuid="04592f25-9bcb-46f2-a773-97522c46142c" jcr:created="2008-05-19T14:21:59.619-07:00" jcr:predecessors="a2ef5fed-3a5d-4254-adc5-6e237f644020" jcr:successors=""&gt;
    <jcr:frozenNode jcr:primaryType="nt:frozenNode" jcr:mixinTypes="" jcr:uuid="dbc70d9a-d697-4b6b-8fcd-2958f7102dce" jcr:frozenUuid="c0ef684d-e267-49b1-ad9e-3b9d9a83c414" jcr:frozenPrimaryType="test:versionable" jcr:frozenMixinTypes="" jcr:versionHistory="e7c8add5-1813-4d49-afa8-eeee2a2a813b" jcr:predecessors="a2ef5fed-3a5d-4254-adc5-6e237f644020" />&lt;/_x0031_.1&gt;</e7c8add5-1813-4d49-afa8-eeee2a2a813b>
    <d6b52dbd-a423-4cf0-b309-ccf32719be51 jcr:primaryType="nt:versionHistory" jcr:mixinTypes="" jcr:uuid="d6b52dbd-a423-4cf0-b309-ccf32719be51" jcr:versionableUuid="5837cb1d-25dd-4516-b19a-5263936f22c7">
    <jcr:versionLabels jcr:primaryType="nt:versionLabels" jcr:mixinTypes="" />&lt;_x0031_.1 jcr:primaryType="nt:version" jcr:mixinTypes="" jcr:uuid="c5076350-6384-46ba-aa5c-4ce7ef6ed973" jcr:created="2008-05-19T14:21:56.136-07:00" jcr:predecessors="c43f8f1e-0e61-4c54-b8f8-37a03ce40bc0" jcr:successors=""&gt;
    <jcr:frozenNode jcr:primaryType="nt:frozenNode" jcr:mixinTypes="" jcr:uuid="2a82f682-7f6c-4a3c-b795-5d1fdc2f213d" jcr:frozenUuid="5837cb1d-25dd-4516-b19a-5263936f22c7" jcr:frozenPrimaryType="test:versionable" jcr:frozenMixinTypes="" jcr:versionHistory="d6b52dbd-a423-4cf0-b309-ccf32719be51" jcr:predecessors="c43f8f1e-0e61-4c54-b8f8-37a03ce40bc0" />&lt;/_x0031_.1&gt;&lt;_x0031_.0 jcr:primaryType="nt:version" jcr:mixinTypes="" jcr:uuid="c43f8f1e-0e61-4c54-b8f8-37a03ce40bc0" jcr:created="2008-05-19T14:21:56.122-07:00" jcr:predecessors="176e14ce-915a-42d3-a198-07bcb21b51f4" jcr:successors="c5076350-6384-46ba-aa5c-4ce7ef6ed973"&gt;
    <jcr:frozenNode jcr:primaryType="nt:frozenNode" jcr:mixinTypes="" jcr:uuid="25b9bfc2-fb2d-42f7-a8e2-687e6eb97dc8" jcr:frozenUuid="5837cb1d-25dd-4516-b19a-5263936f22c7" jcr:frozenPrimaryType="test:versionable" jcr:frozenMixinTypes="" jcr:versionHistory="d6b52dbd-a423-4cf0-b309-ccf32719be51" jcr:predecessors="176e14ce-915a-42d3-a198-07bcb21b51f4" />&lt;/_x0031_.0&gt;
    <jcr:rootVersion jcr:primaryType="nt:version" jcr:mixinTypes="" jcr:uuid="176e14ce-915a-42d3-a198-07bcb21b51f4" jcr:created="2008-05-19T14:21:55.837-07:00" jcr:predecessors="" jcr:successors="c43f8f1e-0e61-4c54-b8f8-37a03ce40bc0" /></d6b52dbd-a423-4cf0-b309-ccf32719be51>&lt;_x0034_87ec39e-a978-4601-9631-8dd8f26be9eb jcr:primaryType="nt:versionHistory" jcr:mixinTypes="" jcr:uuid="487ec39e-a978-4601-9631-8dd8f26be9eb" jcr:versionableUuid="c198399c-05c0-4ba9-9435-d32bb5f34b50"&gt;
    <jcr:versionLabels jcr:primaryType="nt:versionLabels" jcr:mixinTypes="" />&lt;_x0031_.0 jcr:primaryType="nt:version" jcr:mixinTypes="" jcr:uuid="31227618-01ba-4667-8b5a-89644a523d6d" jcr:created="2008-05-19T14:21:40.834-07:00" jcr:predecessors="a312557b-f80b-4b2c-90f1-d4b6828fc1d5" jcr:successors=""&gt;
    <jcr:frozenNode jcr:primaryType="nt:frozenNode" jcr:mixinTypes="" jcr:uuid="ad99092d-2e6e-4320-878d-2e94860d62e5" jcr:frozenUuid="c198399c-05c0-4ba9-9435-d32bb5f34b50" jcr:frozenPrimaryType="test:versionable" jcr:frozenMixinTypes="" jcr:versionHistory="487ec39e-a978-4601-9631-8dd8f26be9eb" jcr:predecessors="a312557b-f80b-4b2c-90f1-d4b6828fc1d5" />&lt;/_x0031_.0&gt;
    <jcr:rootVersion jcr:primaryType="nt:version" jcr:mixinTypes="" jcr:uuid="a312557b-f80b-4b2c-90f1-d4b6828fc1d5" jcr:created="2008-05-19T14:21:40.768-07:00" jcr:predecessors="" jcr:successors="31227618-01ba-4667-8b5a-89644a523d6d" />&lt;/_x0034_87ec39e-a978-4601-9631-8dd8f26be9eb&gt;
    <f33130fe-9650-495c-8c3c-da09caf3b7e7 jcr:primaryType="nt:versionHistory" jcr:mixinTypes="" jcr:uuid="f33130fe-9650-495c-8c3c-da09caf3b7e7" jcr:versionableUuid="fd68cf99-fa75-4fc8-aa3c-dc113ff14258">
    <jcr:versionLabels jcr:primaryType="nt:versionLabels" jcr:mixinTypes="" />
    <jcr:rootVersion jcr:primaryType="nt:version" jcr:mixinTypes="" jcr:uuid="832396fa-0cd5-4a2f-abc2-d58bf501f29b" jcr:created="2008-05-19T14:21:31.911-07:00" jcr:predecessors="" jcr:successors="2aa93704-3ead-4338-94ba-3e4dc73e92f3" />&lt;_x0031_.0 jcr:primaryType="nt:version" jcr:mixinTypes="" jcr:uuid="2aa93704-3ead-4338-94ba-3e4dc73e92f3" jcr:created="2008-05-19T14:21:31.968-07:00" jcr:predecessors="832396fa-0cd5-4a2f-abc2-d58bf501f29b" jcr:successors=""&gt;
    <jcr:frozenNode jcr:primaryType="nt:frozenNode" jcr:mixinTypes="" jcr:uuid="a20d2e13-35cf-4915-9057-a730a8d6dd8b" jcr:frozenUuid="fd68cf99-fa75-4fc8-aa3c-dc113ff14258" jcr:frozenPrimaryType="test:versionable" jcr:frozenMixinTypes="" jcr:versionHistory="f33130fe-9650-495c-8c3c-da09caf3b7e7" jcr:predecessors="832396fa-0cd5-4a2f-abc2-d58bf501f29b" />&lt;/_x0031_.0&gt;</f33130fe-9650-495c-8c3c-da09caf3b7e7>
    <cf8d1556-fcea-4cb3-9f53-7cf17a719115 jcr:primaryType="nt:versionHistory" jcr:mixinTypes="" jcr:uuid="cf8d1556-fcea-4cb3-9f53-7cf17a719115" jcr:versionableUuid="a73eda55-cfda-4605-a2cc-7ae6bfe60411">
      <jcr:versionLabels jcr:primaryType="nt:versionLabels" jcr:mixinTypes="" />
      <jcr:rootVersion jcr:primaryType="nt:version" jcr:mixinTypes="" jcr:uuid="50f7bda9-abb9-4d0a-a61c-d8e2f2816a84" jcr:created="2008-05-19T14:21:13.085-07:00" jcr:predecessors="" jcr:successors="" />
    </cf8d1556-fcea-4cb3-9f53-7cf17a719115>&lt;_x0030_95a7f42-54ed-43db-b0a7-b55bec9a291c jcr:primaryType="nt:versionHistory" jcr:mixinTypes="" jcr:uuid="095a7f42-54ed-43db-b0a7-b55bec9a291c" jcr:versionableUuid="ab1a3288-34b6-4d4a-8bad-9ba85d0ced6f"&gt;
    <jcr:versionLabels jcr:primaryType="nt:versionLabels" jcr:mixinTypes="" />
    <jcr:rootVersion jcr:primaryType="nt:version" jcr:mixinTypes="" jcr:uuid="7bd7d5e0-f698-4381-8e14-389419a4088f" jcr:created="2008-05-19T14:21:25.812-07:00" jcr:predecessors="" jcr:successors="" />&lt;/_x0030_95a7f42-54ed-43db-b0a7-b55bec9a291c&gt;&lt;_x0039_f52b70e-a023-4125-a584-f92bbbe45528 jcr:primaryType="nt:versionHistory" jcr:mixinTypes="" jcr:uuid="9f52b70e-a023-4125-a584-f92bbbe45528" jcr:versionableUuid="a3e6b368-01c0-4eda-8079-13a023678cbe"&gt;
    <jcr:versionLabels jcr:primaryType="nt:versionLabels" jcr:mixinTypes="" />&lt;_x0031_.1 jcr:primaryType="nt:version" jcr:mixinTypes="" jcr:uuid="00ae8959-f9e0-418e-8f92-1f36a4c043b0" jcr:created="2008-05-19T14:22:02.622-07:00" jcr:predecessors="191fa8b6-7ca9-44ea-89d3-96c214a3efff" jcr:successors=""&gt;
    <jcr:frozenNode jcr:primaryType="nt:frozenNode" jcr:mixinTypes="" jcr:uuid="01ff1dd8-9dad-4158-b64c-202c406c4382" jcr:frozenUuid="a3e6b368-01c0-4eda-8079-13a023678cbe" jcr:frozenPrimaryType="test:versionable" jcr:frozenMixinTypes="" jcr:versionHistory="9f52b70e-a023-4125-a584-f92bbbe45528" jcr:predecessors="191fa8b6-7ca9-44ea-89d3-96c214a3efff" />&lt;/_x0031_.1&gt;&lt;_x0031_.0 jcr:primaryType="nt:version" jcr:mixinTypes="" jcr:uuid="191fa8b6-7ca9-44ea-89d3-96c214a3efff" jcr:created="2008-05-19T14:22:02.608-07:00" jcr:predecessors="d6c062ce-0c82-4346-88d5-1ca290392990" jcr:successors="00ae8959-f9e0-418e-8f92-1f36a4c043b0"&gt;
    <jcr:frozenNode jcr:primaryType="nt:frozenNode" jcr:mixinTypes="" jcr:uuid="e7ee8a11-8ed6-4af1-a8de-b690d9310857" jcr:frozenUuid="a3e6b368-01c0-4eda-8079-13a023678cbe" jcr:frozenPrimaryType="test:versionable" jcr:frozenMixinTypes="" jcr:versionHistory="9f52b70e-a023-4125-a584-f92bbbe45528" jcr:predecessors="d6c062ce-0c82-4346-88d5-1ca290392990" />&lt;/_x0031_.0&gt;
    <jcr:rootVersion jcr:primaryType="nt:version" jcr:mixinTypes="" jcr:uuid="d6c062ce-0c82-4346-88d5-1ca290392990" jcr:created="2008-05-19T14:22:02.543-07:00" jcr:predecessors="" jcr:successors="191fa8b6-7ca9-44ea-89d3-96c214a3efff" />&lt;/_x0039_f52b70e-a023-4125-a584-f92bbbe45528&gt;&lt;_x0035_6f31200-78ff-4b9f-a64e-d7677bdc7b36 jcr:primaryType="nt:versionHistory" jcr:mixinTypes="" jcr:uuid="56f31200-78ff-4b9f-a64e-d7677bdc7b36" jcr:versionableUuid="43a1c9e8-db14-4d83-8f7e-1dbfd9951363"&gt;
    <jcr:versionLabels jcr:primaryType="nt:versionLabels" jcr:mixinTypes="" />&lt;_x0031_.0 jcr:primaryType="nt:version" jcr:mixinTypes="" jcr:uuid="c2078423-403e-4249-9f6d-b89014fd4c84" jcr:created="2008-05-19T14:21:54.066-07:00" jcr:predecessors="da9defd8-d7cc-4ef9-8300-069dcaa5527b" jcr:successors="7794f482-3001-442d-a09e-e4a437e1c9cf"&gt;
    <jcr:frozenNode jcr:primaryType="nt:frozenNode" jcr:mixinTypes="" jcr:uuid="6d6fbb3b-c582-4f28-88c3-e3bc12efa69f" jcr:frozenUuid="43a1c9e8-db14-4d83-8f7e-1dbfd9951363" jcr:frozenPrimaryType="test:versionable" jcr:frozenMixinTypes="" jcr:versionHistory="56f31200-78ff-4b9f-a64e-d7677bdc7b36" jcr:predecessors="da9defd8-d7cc-4ef9-8300-069dcaa5527b" />&lt;/_x0031_.0&gt;&lt;_x0031_.1 jcr:primaryType="nt:version" jcr:mixinTypes="" jcr:uuid="7794f482-3001-442d-a09e-e4a437e1c9cf" jcr:created="2008-05-19T14:21:54.080-07:00" jcr:predecessors="c2078423-403e-4249-9f6d-b89014fd4c84" jcr:successors=""&gt;
    <jcr:frozenNode jcr:primaryType="nt:frozenNode" jcr:mixinTypes="" jcr:uuid="db43d5e4-f415-4905-8253-37652ca25469" jcr:frozenUuid="43a1c9e8-db14-4d83-8f7e-1dbfd9951363" jcr:frozenPrimaryType="test:versionable" jcr:frozenMixinTypes="" jcr:versionHistory="56f31200-78ff-4b9f-a64e-d7677bdc7b36" jcr:predecessors="c2078423-403e-4249-9f6d-b89014fd4c84" />&lt;/_x0031_.1&gt;
    <jcr:rootVersion jcr:primaryType="nt:version" jcr:mixinTypes="" jcr:uuid="da9defd8-d7cc-4ef9-8300-069dcaa5527b" jcr:created="2008-05-19T14:21:53.988-07:00" jcr:predecessors="" jcr:successors="c2078423-403e-4249-9f6d-b89014fd4c84" />&lt;/_x0035_6f31200-78ff-4b9f-a64e-d7677bdc7b36&gt;&lt;_x0031_d6f25e4-20b4-4205-88c2-91b70af3a9d7 jcr:primaryType="nt:versionHistory" jcr:mixinTypes="" jcr:uuid="1d6f25e4-20b4-4205-88c2-91b70af3a9d7" jcr:versionableUuid="c8f34549-651e-4a42-a0dd-a03f4d92f318"&gt;
    <jcr:versionLabels jcr:primaryType="nt:versionLabels" jcr:mixinTypes="" />
    <jcr:rootVersion jcr:primaryType="nt:version" jcr:mixinTypes="" jcr:uuid="eab0c146-8a13-4c99-aeae-c995062fc5a7" jcr:created="2008-05-19T14:21:22.335-07:00" jcr:predecessors="" jcr:successors="ee25bf88-4703-430b-9c92-7807e8800718" />&lt;_x0031_.0 jcr:primaryType="nt:version" jcr:mixinTypes="" jcr:uuid="ee25bf88-4703-430b-9c92-7807e8800718" jcr:created="2008-05-19T14:21:22.446-07:00" jcr:predecessors="eab0c146-8a13-4c99-aeae-c995062fc5a7" jcr:successors=""&gt;
    <jcr:frozenNode jcr:primaryType="nt:frozenNode" jcr:mixinTypes="" jcr:uuid="ad41c0d4-8e3d-4796-ad2d-17cdc7984974" jcr:frozenUuid="c8f34549-651e-4a42-a0dd-a03f4d92f318" jcr:frozenPrimaryType="nt:linkedFile" jcr:frozenMixinTypes="mix:versionable" jcr:content="c2eb55c7-eb1c-4f98-886f-1cc1efc5d41a" jcr:versionHistory="1d6f25e4-20b4-4205-88c2-91b70af3a9d7" jcr:predecessors="eab0c146-8a13-4c99-aeae-c995062fc5a7" />&lt;/_x0031_.0&gt;&lt;/_x0031_d6f25e4-20b4-4205-88c2-91b70af3a9d7&gt;&lt;_x0036_211a571-fcaf-4ab6-b86a-810322d2724b jcr:primaryType="nt:versionHistory" jcr:mixinTypes="" jcr:uuid="6211a571-fcaf-4ab6-b86a-810322d2724b" jcr:versionableUuid="c088cff0-b2bf-48a4-9bb6-2308e1b21e57"&gt;
    <jcr:versionLabels jcr:primaryType="nt:versionLabels" jcr:mixinTypes="" />
    <jcr:rootVersion jcr:primaryType="nt:version" jcr:mixinTypes="" jcr:uuid="7580b6f8-26cf-4c32-bd33-9641778c1765" jcr:created="2008-05-19T14:22:11.135-07:00" jcr:predecessors="" jcr:successors="7efb7a0f-d11a-49ae-8672-c5099a712256" />&lt;_x0031_.0 jcr:primaryType="nt:version" jcr:mixinTypes="" jcr:uuid="7efb7a0f-d11a-49ae-8672-c5099a712256" jcr:created="2008-05-19T14:22:11.437-07:00" jcr:predecessors="7580b6f8-26cf-4c32-bd33-9641778c1765" jcr:successors="bad21dea-735a-49d6-bb81-7af14674920d"&gt;
    <jcr:frozenNode jcr:primaryType="nt:frozenNode" jcr:mixinTypes="" jcr:uuid="e486c669-2f9d-4cf3-a84a-bc5478c7d3cc" jcr:frozenUuid="c088cff0-b2bf-48a4-9bb6-2308e1b21e57" jcr:frozenPrimaryType="test:versionable" jcr:frozenMixinTypes="" jcr:versionHistory="6211a571-fcaf-4ab6-b86a-810322d2724b" jcr:predecessors="7580b6f8-26cf-4c32-bd33-9641778c1765" />&lt;/_x0031_.0&gt;&lt;_x0031_.1 jcr:primaryType="nt:version" jcr:mixinTypes="" jcr:uuid="bad21dea-735a-49d6-bb81-7af14674920d" jcr:created="2008-05-19T14:22:11.452-07:00" jcr:predecessors="7efb7a0f-d11a-49ae-8672-c5099a712256" jcr:successors="acb63d66-8343-4c09-af9d-c201c69f58e7"&gt;
    <jcr:frozenNode jcr:primaryType="nt:frozenNode" jcr:mixinTypes="" jcr:uuid="ad854801-b118-4aea-acbe-5f1df002a2dd" jcr:frozenUuid="c088cff0-b2bf-48a4-9bb6-2308e1b21e57" jcr:frozenPrimaryType="test:versionable" jcr:frozenMixinTypes="" jcr:versionHistory="6211a571-fcaf-4ab6-b86a-810322d2724b" jcr:predecessors="7efb7a0f-d11a-49ae-8672-c5099a712256" />&lt;/_x0031_.1&gt;&lt;_x0031_.2 jcr:primaryType="nt:version" jcr:mixinTypes="" jcr:uuid="acb63d66-8343-4c09-af9d-c201c69f58e7" jcr:created="2008-05-19T14:22:11.697-07:00" jcr:predecessors="bad21dea-735a-49d6-bb81-7af14674920d" jcr:successors=""&gt;
    <jcr:frozenNode jcr:primaryType="nt:frozenNode" jcr:mixinTypes="" jcr:uuid="c1f6f370-b367-42c7-8656-ae74f0130750" jcr:frozenUuid="c088cff0-b2bf-48a4-9bb6-2308e1b21e57" jcr:frozenPrimaryType="test:versionable" jcr:frozenMixinTypes="" jcr:versionHistory="6211a571-fcaf-4ab6-b86a-810322d2724b" jcr:predecessors="bad21dea-735a-49d6-bb81-7af14674920d" />&lt;/_x0031_.2&gt;&lt;/_x0036_211a571-fcaf-4ab6-b86a-810322d2724b&gt;&lt;_x0037_eca62fb-64b5-4616-8ee0-82b3c53a9e92 jcr:primaryType="nt:versionHistory" jcr:mixinTypes="" jcr:uuid="7eca62fb-64b5-4616-8ee0-82b3c53a9e92" jcr:versionableUuid="17625ea1-150a-41d4-99a5-2860555d3cab"&gt;
    <jcr:versionLabels jcr:primaryType="nt:versionLabels" jcr:mixinTypes="" />
    <jcr:rootVersion jcr:primaryType="nt:version" jcr:mixinTypes="" jcr:uuid="e6ff2c9a-e5dd-4863-b5a3-48de283a1ea3" jcr:created="2008-05-19T14:21:31.023-07:00" jcr:predecessors="" jcr:successors="" />&lt;/_x0037_eca62fb-64b5-4616-8ee0-82b3c53a9e92&gt;&lt;_x0036_9854e00-430b-4615-bc23-b16bbee16283 jcr:primaryType="nt:versionHistory" jcr:mixinTypes="" jcr:uuid="69854e00-430b-4615-bc23-b16bbee16283" jcr:versionableUuid="5210da13-44a7-4716-a144-8e696b0f4569"&gt;
    <jcr:versionLabels jcr:primaryType="nt:versionLabels" jcr:mixinTypes="" />
    <jcr:rootVersion jcr:primaryType="nt:version" jcr:mixinTypes="" jcr:uuid="4130479e-9c97-4e9f-a843-d9771bd5e9ba" jcr:created="2008-05-19T14:22:07.496-07:00" jcr:predecessors="" jcr:successors="d491c85f-5690-4ea3-aba5-f053621c9072" />&lt;_x0031_.0 jcr:primaryType="nt:version" jcr:mixinTypes="" jcr:uuid="d491c85f-5690-4ea3-aba5-f053621c9072" jcr:created="2008-05-19T14:22:07.574-07:00" jcr:predecessors="4130479e-9c97-4e9f-a843-d9771bd5e9ba" jcr:successors=""&gt;
    <jcr:frozenNode jcr:primaryType="nt:frozenNode" jcr:mixinTypes="" jcr:uuid="edf3c144-c818-4f0c-b98c-31dec6193b52" jcr:frozenUuid="5210da13-44a7-4716-a144-8e696b0f4569" jcr:frozenPrimaryType="test:versionable" jcr:frozenMixinTypes="" jcr:versionHistory="69854e00-430b-4615-bc23-b16bbee16283" jcr:predecessors="4130479e-9c97-4e9f-a843-d9771bd5e9ba" />&lt;/_x0031_.0&gt;&lt;/_x0036_9854e00-430b-4615-bc23-b16bbee16283&gt;
    <d76ce135-bfc1-4d13-af16-6c417821b264 jcr:primaryType="nt:versionHistory" jcr:mixinTypes="" jcr:uuid="d76ce135-bfc1-4d13-af16-6c417821b264" jcr:versionableUuid="ca92c58d-f0a1-4024-87ab-dce8433bdfba">
      <jcr:versionLabels jcr:primaryType="nt:versionLabels" jcr:mixinTypes="" />
      <jcr:rootVersion jcr:primaryType="nt:version" jcr:mixinTypes="" jcr:uuid="03206085-6fee-4eb8-9010-8574b3432b32" jcr:created="2008-05-19T14:21:34.986-07:00" jcr:predecessors="" jcr:successors="" />
    </d76ce135-bfc1-4d13-af16-6c417821b264>
    <c327cd7e-5cd4-4472-9c90-0f437a626b32 jcr:primaryType="nt:versionHistory" jcr:mixinTypes="" jcr:uuid="c327cd7e-5cd4-4472-9c90-0f437a626b32" jcr:versionableUuid="c526208e-2b5d-4328-9fdd-9c6d0a100087">
    <jcr:versionLabels jcr:primaryType="nt:versionLabels" jcr:mixinTypes="" />&lt;_x0031_.1 jcr:primaryType="nt:version" jcr:mixinTypes="" jcr:uuid="db54a631-14c1-4f3b-bbf9-5b39e5d4c9f5" jcr:created="2008-05-19T14:22:00.015-07:00" jcr:predecessors="a460e3c2-7b1b-442c-8e1c-34c0a1b9b2e1" jcr:successors=""&gt;
    <jcr:frozenNode jcr:primaryType="nt:frozenNode" jcr:mixinTypes="" jcr:uuid="241573a7-7bb1-44fe-8517-baf2d35a2ac5" jcr:frozenUuid="c526208e-2b5d-4328-9fdd-9c6d0a100087" jcr:frozenPrimaryType="test:versionable" jcr:frozenMixinTypes="" jcr:versionHistory="c327cd7e-5cd4-4472-9c90-0f437a626b32" jcr:predecessors="a460e3c2-7b1b-442c-8e1c-34c0a1b9b2e1" />&lt;/_x0031_.1&gt;
    <jcr:rootVersion jcr:primaryType="nt:version" jcr:mixinTypes="" jcr:uuid="71e01458-e648-4bbe-aff2-9c8fa6e79259" jcr:created="2008-05-19T14:21:59.912-07:00" jcr:predecessors="" jcr:successors="a460e3c2-7b1b-442c-8e1c-34c0a1b9b2e1" />&lt;_x0031_.0 jcr:primaryType="nt:version" jcr:mixinTypes="" jcr:uuid="a460e3c2-7b1b-442c-8e1c-34c0a1b9b2e1" jcr:created="2008-05-19T14:21:59.999-07:00" jcr:predecessors="71e01458-e648-4bbe-aff2-9c8fa6e79259" jcr:successors="db54a631-14c1-4f3b-bbf9-5b39e5d4c9f5"&gt;
    <jcr:frozenNode jcr:primaryType="nt:frozenNode" jcr:mixinTypes="" jcr:uuid="57974fc2-f890-489d-a343-8c3b84cd5f03" jcr:frozenUuid="c526208e-2b5d-4328-9fdd-9c6d0a100087" jcr:frozenPrimaryType="test:versionable" jcr:frozenMixinTypes="" jcr:versionHistory="c327cd7e-5cd4-4472-9c90-0f437a626b32" jcr:predecessors="71e01458-e648-4bbe-aff2-9c8fa6e79259" />&lt;/_x0031_.0&gt;</c327cd7e-5cd4-4472-9c90-0f437a626b32>
    <c4aeac63-0e3d-4ff3-aa11-8bb4b8540c49 jcr:primaryType="nt:versionHistory" jcr:mixinTypes="" jcr:uuid="c4aeac63-0e3d-4ff3-aa11-8bb4b8540c49" jcr:versionableUuid="27ca7f91-811b-44ff-9d99-c46cdd1d5f2f">
    <jcr:versionLabels jcr:primaryType="nt:versionLabels" jcr:mixinTypes="" />
    <jcr:rootVersion jcr:primaryType="nt:version" jcr:mixinTypes="" jcr:uuid="7a631585-6582-41b5-977e-99816029f4c5" jcr:created="2008-05-19T14:21:46.577-07:00" jcr:predecessors="" jcr:successors="91149fc4-f124-4318-876c-2f295b1e9c04" />&lt;_x0031_.0 jcr:primaryType="nt:version" jcr:mixinTypes="" jcr:uuid="91149fc4-f124-4318-876c-2f295b1e9c04" jcr:created="2008-05-19T14:21:46.920-07:00" jcr:predecessors="7a631585-6582-41b5-977e-99816029f4c5" jcr:successors=""&gt;
    <jcr:frozenNode jcr:primaryType="nt:frozenNode" jcr:mixinTypes="" jcr:uuid="2ffa7b65-ba7b-49da-931b-57a5ee4116b5" jcr:frozenUuid="27ca7f91-811b-44ff-9d99-c46cdd1d5f2f" jcr:frozenPrimaryType="test:versionable" jcr:frozenMixinTypes="" jcr:versionHistory="c4aeac63-0e3d-4ff3-aa11-8bb4b8540c49" jcr:predecessors="7a631585-6582-41b5-977e-99816029f4c5" />&lt;/_x0031_.0&gt;</c4aeac63-0e3d-4ff3-aa11-8bb4b8540c49>
    <ff3fb010-ca1e-45c9-ac13-5afc09aaaa1b jcr:primaryType="nt:versionHistory" jcr:mixinTypes="" jcr:uuid="ff3fb010-ca1e-45c9-ac13-5afc09aaaa1b" jcr:versionableUuid="3c86c10d-4b5d-46c7-9d4e-220bd81e4c90">
      <jcr:versionLabels jcr:primaryType="nt:versionLabels" jcr:mixinTypes="" />
      <jcr:rootVersion jcr:primaryType="nt:version" jcr:mixinTypes="" jcr:uuid="75e6d9b1-2e43-49f9-ab3a-5d175ef64d83" jcr:created="2008-05-19T14:21:16.057-07:00" jcr:predecessors="" jcr:successors="" />
    </ff3fb010-ca1e-45c9-ac13-5afc09aaaa1b>&lt;_x0033_2a3cf55-a344-4689-b3ab-8ecb8a8e9737 jcr:primaryType="nt:versionHistory" jcr:mixinTypes="" jcr:uuid="32a3cf55-a344-4689-b3ab-8ecb8a8e9737" jcr:versionableUuid="ea2bac2b-c218-4c2c-85b4-4e1a94add7e3"&gt;
    <jcr:versionLabels jcr:primaryType="nt:versionLabels" jcr:mixinTypes="" />
    <jcr:rootVersion jcr:primaryType="nt:version" jcr:mixinTypes="" jcr:uuid="ae3efb18-13c3-4b2a-92f8-e7a0f04881eb" jcr:created="2008-05-19T14:22:08.505-07:00" jcr:predecessors="" jcr:successors="" />&lt;/_x0033_2a3cf55-a344-4689-b3ab-8ecb8a8e9737&gt;
    <eb1f2f0a-43d3-4c5b-bda3-bfd1c76f1c83 jcr:primaryType="nt:versionHistory" jcr:mixinTypes="" jcr:uuid="eb1f2f0a-43d3-4c5b-bda3-bfd1c76f1c83" jcr:versionableUuid="91127ada-31e3-4126-8ce4-942b34de0928">
    <jcr:versionLabels jcr:primaryType="nt:versionLabels" jcr:mixinTypes="" />
    <jcr:rootVersion jcr:primaryType="nt:version" jcr:mixinTypes="" jcr:uuid="e9db5253-ef46-43b4-8a56-a2e8e94e98c5" jcr:created="2008-05-19T14:21:25.310-07:00" jcr:predecessors="" jcr:successors="e3cab611-294c-4f97-bddc-f386fc003c14" />&lt;_x0031_.0 jcr:primaryType="nt:version" jcr:mixinTypes="" jcr:uuid="e3cab611-294c-4f97-bddc-f386fc003c14" jcr:created="2008-05-19T14:21:25.354-07:00" jcr:predecessors="e9db5253-ef46-43b4-8a56-a2e8e94e98c5" jcr:successors=""&gt;
    <jcr:frozenNode jcr:primaryType="nt:frozenNode" jcr:mixinTypes="" jcr:uuid="ae7c9283-fb16-433f-89d4-89b43a3ba219" jcr:frozenUuid="91127ada-31e3-4126-8ce4-942b34de0928" jcr:frozenPrimaryType="test:versionable" jcr:frozenMixinTypes="" jcr:versionHistory="eb1f2f0a-43d3-4c5b-bda3-bfd1c76f1c83" jcr:predecessors="e9db5253-ef46-43b4-8a56-a2e8e94e98c5" />&lt;/_x0031_.0&gt;</eb1f2f0a-43d3-4c5b-bda3-bfd1c76f1c83>&lt;_x0037_194ac44-60fe-4b57-b3b7-39b4af43c62b jcr:primaryType="nt:versionHistory" jcr:mixinTypes="" jcr:uuid="7194ac44-60fe-4b57-b3b7-39b4af43c62b" jcr:versionableUuid="a4719a31-4255-45ab-a1a3-e27b03edae3a"&gt;
    <jcr:versionLabels jcr:primaryType="nt:versionLabels" jcr:mixinTypes="" />
    <jcr:rootVersion jcr:primaryType="nt:version" jcr:mixinTypes="" jcr:uuid="f73d2e17-8bf3-4230-9cd5-e16ac3c148a8" jcr:created="2008-05-19T14:21:15.205-07:00" jcr:predecessors="" jcr:successors="" />&lt;/_x0037_194ac44-60fe-4b57-b3b7-39b4af43c62b&gt;
    <d8164a0b-bce8-4ebe-8c40-456acbd02ea3 jcr:primaryType="nt:versionHistory" jcr:mixinTypes="" jcr:uuid="d8164a0b-bce8-4ebe-8c40-456acbd02ea3" jcr:versionableUuid="6ef8a11f-d892-4fd5-ad51-07c5ac9435d6">
      <jcr:versionLabels jcr:primaryType="nt:versionLabels" jcr:mixinTypes="" />
      <jcr:rootVersion jcr:primaryType="nt:version" jcr:mixinTypes="" jcr:uuid="4be8e168-f686-41aa-becf-d20bc2cbff1c" jcr:created="2008-05-19T14:21:50.570-07:00" jcr:predecessors="" jcr:successors="" />
    </d8164a0b-bce8-4ebe-8c40-456acbd02ea3>
    <e5fbb947-fb48-4f14-97b8-fe12d27ecfcd jcr:primaryType="nt:versionHistory" jcr:mixinTypes="" jcr:uuid="e5fbb947-fb48-4f14-97b8-fe12d27ecfcd" jcr:versionableUuid="4db145d6-51ec-435a-83fe-d22b802caa96">
    <jcr:versionLabels jcr:primaryType="nt:versionLabels" jcr:mixinTypes="" />
    <jcr:rootVersion jcr:primaryType="nt:version" jcr:mixinTypes="" jcr:uuid="cedf7c46-f371-41a0-9be4-433483d5f587" jcr:created="2008-05-19T14:21:23.426-07:00" jcr:predecessors="" jcr:successors="fae7e743-cc7a-4884-94cc-1bfd9a3543ab" />&lt;_x0031_.0 jcr:primaryType="nt:version" jcr:mixinTypes="" jcr:uuid="fae7e743-cc7a-4884-94cc-1bfd9a3543ab" jcr:created="2008-05-19T14:21:23.450-07:00" jcr:predecessors="cedf7c46-f371-41a0-9be4-433483d5f587" jcr:successors=""&gt;
    <jcr:frozenNode jcr:primaryType="nt:frozenNode" jcr:mixinTypes="" jcr:uuid="be5a4b0a-5d44-47c3-b0dc-1fd67b3f25cb" jcr:frozenUuid="4db145d6-51ec-435a-83fe-d22b802caa96" jcr:frozenPrimaryType="nt:unstructured" jcr:frozenMixinTypes="mix:versionable" prop1="abc" prop2="abc" jcr:versionHistory="e5fbb947-fb48-4f14-97b8-fe12d27ecfcd" jcr:predecessors="cedf7c46-f371-41a0-9be4-433483d5f587" />&lt;/_x0031_.0&gt;</e5fbb947-fb48-4f14-97b8-fe12d27ecfcd>
    <cde54d69-fb6a-4dd7-8f3b-b111976f70d4 jcr:primaryType="nt:versionHistory" jcr:mixinTypes="" jcr:uuid="cde54d69-fb6a-4dd7-8f3b-b111976f70d4" jcr:versionableUuid="b6401d9e-bdcc-4000-8a3e-02337298fa98">
    <jcr:versionLabels jcr:primaryType="nt:versionLabels" jcr:mixinTypes="" />&lt;_x0031_.0 jcr:primaryType="nt:version" jcr:mixinTypes="" jcr:uuid="b861214e-1aae-4d28-b087-6506eddfec3e" jcr:created="2008-05-19T14:21:49.947-07:00" jcr:predecessors="2eaf55e3-89b0-4fa7-bd12-574b7ebc4a45" jcr:successors=""&gt;
    <jcr:frozenNode jcr:primaryType="nt:frozenNode" jcr:mixinTypes="" jcr:uuid="b6b31aed-e71c-4497-af35-73283894f6e4" jcr:frozenUuid="b6401d9e-bdcc-4000-8a3e-02337298fa98" jcr:frozenPrimaryType="test:versionable" jcr:frozenMixinTypes="" jcr:versionHistory="cde54d69-fb6a-4dd7-8f3b-b111976f70d4" jcr:predecessors="2eaf55e3-89b0-4fa7-bd12-574b7ebc4a45" />&lt;/_x0031_.0&gt;
    <jcr:rootVersion jcr:primaryType="nt:version" jcr:mixinTypes="" jcr:uuid="2eaf55e3-89b0-4fa7-bd12-574b7ebc4a45" jcr:created="2008-05-19T14:21:49.875-07:00" jcr:predecessors="" jcr:successors="b861214e-1aae-4d28-b087-6506eddfec3e" /></cde54d69-fb6a-4dd7-8f3b-b111976f70d4>
    <b97fa6e3-7ba0-4244-947b-9696530c2ce4 jcr:primaryType="nt:versionHistory" jcr:mixinTypes="" jcr:uuid="b97fa6e3-7ba0-4244-947b-9696530c2ce4" jcr:versionableUuid="e0ca171c-2bbc-483f-b9ae-578f319d397e">
    <jcr:versionLabels jcr:primaryType="nt:versionLabels" jcr:mixinTypes="" />&lt;_x0031_.2 jcr:primaryType="nt:version" jcr:mixinTypes="" jcr:uuid="303ac121-04ff-475c-996d-a35d5ef915f7" jcr:created="2008-05-19T14:21:38.456-07:00" jcr:predecessors="ea88b1ab-67cd-47bc-8079-6a84e0efc13b" jcr:successors=""&gt;
    <jcr:frozenNode jcr:primaryType="nt:frozenNode" jcr:mixinTypes="" jcr:uuid="c0b08492-5ff3-4594-bb7d-1cb4888848a8" jcr:frozenUuid="e0ca171c-2bbc-483f-b9ae-578f319d397e" jcr:frozenPrimaryType="test:versionable" jcr:frozenMixinTypes="" jcr:versionHistory="b97fa6e3-7ba0-4244-947b-9696530c2ce4" jcr:predecessors="ea88b1ab-67cd-47bc-8079-6a84e0efc13b">
      <test:versionOnParentVersion jcr:primaryType="nt:versionedChild" jcr:mixinTypes="" jcr:childVersionHistory="2e33af5a-bb54-4df8-9bb8-ee5f9215029e" />
    </jcr:frozenNode>&lt;/_x0031_.2&gt;&lt;_x0031_.1 jcr:primaryType="nt:version" jcr:mixinTypes="" jcr:uuid="ea88b1ab-67cd-47bc-8079-6a84e0efc13b" jcr:created="2008-05-19T14:21:38.224-07:00" jcr:predecessors="a449e6fb-443a-4f06-9f2c-ca20a135c8c3" jcr:successors="303ac121-04ff-475c-996d-a35d5ef915f7"&gt;
    <jcr:frozenNode jcr:primaryType="nt:frozenNode" jcr:mixinTypes="" jcr:uuid="1394c9d1-42e3-4bc7-b857-939149095a7e" jcr:frozenUuid="e0ca171c-2bbc-483f-b9ae-578f319d397e" jcr:frozenPrimaryType="test:versionable" jcr:frozenMixinTypes="" jcr:versionHistory="b97fa6e3-7ba0-4244-947b-9696530c2ce4" jcr:predecessors="a449e6fb-443a-4f06-9f2c-ca20a135c8c3" />&lt;/_x0031_.1&gt;&lt;_x0031_.0 jcr:primaryType="nt:version" jcr:mixinTypes="" jcr:uuid="a449e6fb-443a-4f06-9f2c-ca20a135c8c3" jcr:created="2008-05-19T14:21:38.197-07:00" jcr:predecessors="c71af18c-1149-4290-9ade-2b6a9bb14b81" jcr:successors="ea88b1ab-67cd-47bc-8079-6a84e0efc13b"&gt;
    <jcr:frozenNode jcr:primaryType="nt:frozenNode" jcr:mixinTypes="" jcr:uuid="44b2e13c-8a74-4cdd-a455-acb692791b29" jcr:frozenUuid="e0ca171c-2bbc-483f-b9ae-578f319d397e" jcr:frozenPrimaryType="test:versionable" jcr:frozenMixinTypes="" jcr:versionHistory="b97fa6e3-7ba0-4244-947b-9696530c2ce4" jcr:predecessors="c71af18c-1149-4290-9ade-2b6a9bb14b81" />&lt;/_x0031_.0&gt;
    <jcr:rootVersion jcr:primaryType="nt:version" jcr:mixinTypes="" jcr:uuid="c71af18c-1149-4290-9ade-2b6a9bb14b81" jcr:created="2008-05-19T14:21:38.134-07:00" jcr:predecessors="" jcr:successors="a449e6fb-443a-4f06-9f2c-ca20a135c8c3" /></b97fa6e3-7ba0-4244-947b-9696530c2ce4>&lt;_x0038_d610781-8801-4e83-ab4c-a971b29b84d3 jcr:primaryType="nt:versionHistory" jcr:mixinTypes="" jcr:uuid="8d610781-8801-4e83-ab4c-a971b29b84d3" jcr:versionableUuid="120fa2db-512d-49a9-a959-a1f5292277c0"&gt;
    <jcr:versionLabels jcr:primaryType="nt:versionLabels" jcr:mixinTypes="" />&lt;_x0031_.0 jcr:primaryType="nt:version" jcr:mixinTypes="" jcr:uuid="1c9bf9db-4bff-4f5c-831c-5fb73a7e3faf" jcr:created="2008-05-19T14:21:29.406-07:00" jcr:predecessors="2daf2f3a-5ddd-415e-a739-4761c2d5613c" jcr:successors=""&gt;
    <jcr:frozenNode jcr:primaryType="nt:frozenNode" jcr:mixinTypes="" jcr:uuid="f5c7c52a-ee4c-473f-810a-81e478bd8ada" jcr:frozenUuid="120fa2db-512d-49a9-a959-a1f5292277c0" jcr:frozenPrimaryType="test:versionable" jcr:frozenMixinTypes="" prop1="versionableNodeName1" jcr:versionHistory="8d610781-8801-4e83-ab4c-a971b29b84d3" jcr:predecessors="2daf2f3a-5ddd-415e-a739-4761c2d5613c" />&lt;/_x0031_.0&gt;
    <jcr:rootVersion jcr:primaryType="nt:version" jcr:mixinTypes="" jcr:uuid="2daf2f3a-5ddd-415e-a739-4761c2d5613c" jcr:created="2008-05-19T14:21:29.359-07:00" jcr:predecessors="" jcr:successors="1c9bf9db-4bff-4f5c-831c-5fb73a7e3faf" />&lt;/_x0038_d610781-8801-4e83-ab4c-a971b29b84d3&gt;
    <cf70a641-44bc-4cb1-99f8-5a970bfe3b19 jcr:primaryType="nt:versionHistory" jcr:mixinTypes="" jcr:uuid="cf70a641-44bc-4cb1-99f8-5a970bfe3b19" jcr:versionableUuid="05a5a38c-1d91-4fe4-bb80-00852424a9fe">
    <jcr:versionLabels jcr:primaryType="nt:versionLabels" jcr:mixinTypes="" />&lt;_x0031_.0 jcr:primaryType="nt:version" jcr:mixinTypes="" jcr:uuid="5d63718b-1bc0-461b-87b2-0756a18d96f1" jcr:created="2008-05-19T14:21:57.894-07:00" jcr:predecessors="67b863ac-d9e8-49f3-a23f-5e7a1ddbc133" jcr:successors="01fa752f-416c-462b-85fb-311bc3214945"&gt;
    <jcr:frozenNode jcr:primaryType="nt:frozenNode" jcr:mixinTypes="" jcr:uuid="fe67de36-ca7d-4995-9c9c-4a0f0593f3ea" jcr:frozenUuid="05a5a38c-1d91-4fe4-bb80-00852424a9fe" jcr:frozenPrimaryType="test:versionable" jcr:frozenMixinTypes="" jcr:versionHistory="cf70a641-44bc-4cb1-99f8-5a970bfe3b19" jcr:predecessors="67b863ac-d9e8-49f3-a23f-5e7a1ddbc133" />&lt;/_x0031_.0&gt;&lt;_x0031_.1 jcr:primaryType="nt:version" jcr:mixinTypes="" jcr:uuid="01fa752f-416c-462b-85fb-311bc3214945" jcr:created="2008-05-19T14:21:57.909-07:00" jcr:predecessors="5d63718b-1bc0-461b-87b2-0756a18d96f1" jcr:successors=""&gt;
    <jcr:frozenNode jcr:primaryType="nt:frozenNode" jcr:mixinTypes="" jcr:uuid="0eb5fc3b-c7a8-4eab-81a2-87474b893416" jcr:frozenUuid="05a5a38c-1d91-4fe4-bb80-00852424a9fe" jcr:frozenPrimaryType="test:versionable" jcr:frozenMixinTypes="" jcr:versionHistory="cf70a641-44bc-4cb1-99f8-5a970bfe3b19" jcr:predecessors="5d63718b-1bc0-461b-87b2-0756a18d96f1" />&lt;/_x0031_.1&gt;
    <jcr:rootVersion jcr:primaryType="nt:version" jcr:mixinTypes="" jcr:uuid="67b863ac-d9e8-49f3-a23f-5e7a1ddbc133" jcr:created="2008-05-19T14:21:57.806-07:00" jcr:predecessors="" jcr:successors="5d63718b-1bc0-461b-87b2-0756a18d96f1" /></cf70a641-44bc-4cb1-99f8-5a970bfe3b19>
    <f9164658-01e7-4b9b-8157-7fa3257b7fbb jcr:primaryType="nt:versionHistory" jcr:mixinTypes="" jcr:uuid="f9164658-01e7-4b9b-8157-7fa3257b7fbb" jcr:versionableUuid="5fb3df01-3d8c-4cb9-9349-1aac5b830f29">
    <jcr:versionLabels jcr:primaryType="nt:versionLabels" jcr:mixinTypes="" />&lt;_x0031_.0 jcr:primaryType="nt:version" jcr:mixinTypes="" jcr:uuid="01074394-eda4-4fdb-bc17-3e207943008e" jcr:created="2008-05-19T14:21:42.938-07:00" jcr:predecessors="c902499c-3921-4e1b-95e5-875ae00b94fe" jcr:successors=""&gt;
    <jcr:frozenNode jcr:primaryType="nt:frozenNode" jcr:mixinTypes="" jcr:uuid="e87bb70c-12fa-448b-a0fd-8b5c5b7bab0d" jcr:frozenUuid="5fb3df01-3d8c-4cb9-9349-1aac5b830f29" jcr:frozenPrimaryType="test:versionable" jcr:frozenMixinTypes="" jcr:versionHistory="f9164658-01e7-4b9b-8157-7fa3257b7fbb" jcr:predecessors="c902499c-3921-4e1b-95e5-875ae00b94fe" />&lt;/_x0031_.0&gt;
    <jcr:rootVersion jcr:primaryType="nt:version" jcr:mixinTypes="" jcr:uuid="c902499c-3921-4e1b-95e5-875ae00b94fe" jcr:created="2008-05-19T14:21:42.859-07:00" jcr:predecessors="" jcr:successors="01074394-eda4-4fdb-bc17-3e207943008e" /></f9164658-01e7-4b9b-8157-7fa3257b7fbb>&lt;_x0037_d95da6a-3148-4f6f-a781-29dfa11a3fc6 jcr:primaryType="nt:versionHistory" jcr:mixinTypes="" jcr:uuid="7d95da6a-3148-4f6f-a781-29dfa11a3fc6" jcr:versionableUuid="5457aa35-1cbc-4e48-8c9e-b9aacb00c64e"&gt;
    <jcr:versionLabels jcr:primaryType="nt:versionLabels" jcr:mixinTypes="" />
    <jcr:rootVersion jcr:primaryType="nt:version" jcr:mixinTypes="" jcr:uuid="0924cb50-8d00-41cd-b583-7e6dbaadd941" jcr:created="2008-05-19T14:21:42.247-07:00" jcr:predecessors="" jcr:successors="97c209e1-56bf-446b-8522-0e3a38191a88" />&lt;_x0031_.0 jcr:primaryType="nt:version" jcr:mixinTypes="" jcr:uuid="97c209e1-56bf-446b-8522-0e3a38191a88" jcr:created="2008-05-19T14:21:42.337-07:00" jcr:predecessors="0924cb50-8d00-41cd-b583-7e6dbaadd941" jcr:successors=""&gt;
    <jcr:frozenNode jcr:primaryType="nt:frozenNode" jcr:mixinTypes="" jcr:uuid="443a450e-066c-4870-b283-fa32a0565d50" jcr:frozenUuid="5457aa35-1cbc-4e48-8c9e-b9aacb00c64e" jcr:frozenPrimaryType="test:versionable" jcr:frozenMixinTypes="" jcr:versionHistory="7d95da6a-3148-4f6f-a781-29dfa11a3fc6" jcr:predecessors="0924cb50-8d00-41cd-b583-7e6dbaadd941" />&lt;/_x0031_.0&gt;&lt;/_x0037_d95da6a-3148-4f6f-a781-29dfa11a3fc6&gt;&lt;_x0033_0eaecde-6272-4083-89ab-330d57af869e jcr:primaryType="nt:versionHistory" jcr:mixinTypes="" jcr:uuid="30eaecde-6272-4083-89ab-330d57af869e" jcr:versionableUuid="c1195379-e6cd-42dc-a7d0-003ab9586c14"&gt;
    <jcr:versionLabels jcr:primaryType="nt:versionLabels" jcr:mixinTypes="" />
    <jcr:rootVersion jcr:primaryType="nt:version" jcr:mixinTypes="" jcr:uuid="f965954d-ad10-4710-9fe3-ccf6cf0ae265" jcr:created="2008-05-19T14:21:18.588-07:00" jcr:predecessors="" jcr:successors="" />&lt;/_x0033_0eaecde-6272-4083-89ab-330d57af869e&gt;
    <c0b7c9fc-6dc9-450e-bc19-211fd379985a jcr:primaryType="nt:versionHistory" jcr:mixinTypes="" jcr:uuid="c0b7c9fc-6dc9-450e-bc19-211fd379985a" jcr:versionableUuid="0a4d1e2c-06af-46aa-9555-73963a332b08">
    <jcr:versionLabels jcr:primaryType="nt:versionLabels" jcr:mixinTypes="" />
    <jcr:rootVersion jcr:primaryType="nt:version" jcr:mixinTypes="" jcr:uuid="a12d797b-9516-43f5-b0d1-acebd4891909" jcr:created="2008-05-19T14:21:47.459-07:00" jcr:predecessors="" jcr:successors="f5e2234b-c7c7-4a6d-95e6-6a15b365aa13" />&lt;_x0031_.0 jcr:primaryType="nt:version" jcr:mixinTypes="" jcr:uuid="f5e2234b-c7c7-4a6d-95e6-6a15b365aa13" jcr:created="2008-05-19T14:21:47.557-07:00" jcr:predecessors="a12d797b-9516-43f5-b0d1-acebd4891909" jcr:successors=""&gt;
    <jcr:frozenNode jcr:primaryType="nt:frozenNode" jcr:mixinTypes="" jcr:uuid="d49a529a-4011-46f4-b0ae-a9f6e169c9ac" jcr:frozenUuid="0a4d1e2c-06af-46aa-9555-73963a332b08" jcr:frozenPrimaryType="test:versionable" jcr:frozenMixinTypes="" jcr:versionHistory="c0b7c9fc-6dc9-450e-bc19-211fd379985a" jcr:predecessors="a12d797b-9516-43f5-b0d1-acebd4891909" />&lt;/_x0031_.0&gt;</c0b7c9fc-6dc9-450e-bc19-211fd379985a>&lt;_x0030_983fe09-35b4-4ce3-8c74-368bbe38a1bc jcr:primaryType="nt:versionHistory" jcr:mixinTypes="" jcr:uuid="0983fe09-35b4-4ce3-8c74-368bbe38a1bc" jcr:versionableUuid="19f3779f-e838-4862-a725-a07841330cf0"&gt;
    <jcr:versionLabels jcr:primaryType="nt:versionLabels" jcr:mixinTypes="" />
    <jcr:rootVersion jcr:primaryType="nt:version" jcr:mixinTypes="" jcr:uuid="30b9ac03-fd6f-4a64-85cd-4997c4e5f92a" jcr:created="2008-05-19T14:21:41.808-07:00" jcr:predecessors="" jcr:successors="e90f810c-61f2-4068-8902-5f0efd7bc88b" />&lt;_x0031_.0 jcr:primaryType="nt:version" jcr:mixinTypes="" jcr:uuid="e90f810c-61f2-4068-8902-5f0efd7bc88b" jcr:created="2008-05-19T14:21:42.068-07:00" jcr:predecessors="30b9ac03-fd6f-4a64-85cd-4997c4e5f92a" jcr:successors=""&gt;
    <jcr:frozenNode jcr:primaryType="nt:frozenNode" jcr:mixinTypes="" jcr:uuid="da85c482-b8c0-4924-ba75-1ed7c8af3d02" jcr:frozenUuid="19f3779f-e838-4862-a725-a07841330cf0" jcr:frozenPrimaryType="test:versionable" jcr:frozenMixinTypes="" jcr:versionHistory="0983fe09-35b4-4ce3-8c74-368bbe38a1bc" jcr:predecessors="30b9ac03-fd6f-4a64-85cd-4997c4e5f92a" />&lt;/_x0031_.0&gt;&lt;/_x0030_983fe09-35b4-4ce3-8c74-368bbe38a1bc&gt;&lt;_x0030_e55bc63-1ec5-4311-b207-4db63a0650c2 jcr:primaryType="nt:versionHistory" jcr:mixinTypes="" jcr:uuid="0e55bc63-1ec5-4311-b207-4db63a0650c2" jcr:versionableUuid="40177ce1-3544-4828-bff0-4032917172ad"&gt;
    <jcr:versionLabels jcr:primaryType="nt:versionLabels" jcr:mixinTypes="" />&lt;_x0031_.0 jcr:primaryType="nt:version" jcr:mixinTypes="" jcr:uuid="fdeebd16-9641-4005-aef9-65942fec4797" jcr:created="2008-05-19T14:21:40.534-07:00" jcr:predecessors="140335f9-24d9-457b-ba5e-628b32f5280d" jcr:successors=""&gt;
    <jcr:frozenNode jcr:primaryType="nt:frozenNode" jcr:mixinTypes="" jcr:uuid="e6f8b84e-985a-4aa6-9494-bf93978c92a3" jcr:frozenUuid="40177ce1-3544-4828-bff0-4032917172ad" jcr:frozenPrimaryType="test:versionable" jcr:frozenMixinTypes="" jcr:versionHistory="0e55bc63-1ec5-4311-b207-4db63a0650c2" jcr:predecessors="140335f9-24d9-457b-ba5e-628b32f5280d" />&lt;/_x0031_.0&gt;
    <jcr:rootVersion jcr:primaryType="nt:version" jcr:mixinTypes="" jcr:uuid="140335f9-24d9-457b-ba5e-628b32f5280d" jcr:created="2008-05-19T14:21:40.249-07:00" jcr:predecessors="" jcr:successors="fdeebd16-9641-4005-aef9-65942fec4797" />&lt;/_x0030_e55bc63-1ec5-4311-b207-4db63a0650c2&gt;
    <bd8aa873-6a1a-4205-8c4b-d4dd12b42761 jcr:primaryType="nt:versionHistory" jcr:mixinTypes="" jcr:uuid="bd8aa873-6a1a-4205-8c4b-d4dd12b42761" jcr:versionableUuid="b69e1bfa-ea28-4698-9e5c-649f6c6f5e48">
      <jcr:versionLabels jcr:primaryType="nt:versionLabels" jcr:mixinTypes="" />
      <jcr:rootVersion jcr:primaryType="nt:version" jcr:mixinTypes="" jcr:uuid="bdc7d430-e011-4d39-9b46-4542f494906c" jcr:created="2008-05-19T14:21:17.207-07:00" jcr:predecessors="" jcr:successors="" />
    </bd8aa873-6a1a-4205-8c4b-d4dd12b42761>
    <a8c6d5be-8e11-4459-9199-252bade97930 jcr:primaryType="nt:versionHistory" jcr:mixinTypes="" jcr:uuid="a8c6d5be-8e11-4459-9199-252bade97930" jcr:versionableUuid="6e0ea03e-a764-4155-b212-f3f1ed679039">
    <jcr:versionLabels jcr:primaryType="nt:versionLabels" jcr:mixinTypes="" />&lt;_x0031_.0 jcr:primaryType="nt:version" jcr:mixinTypes="" jcr:uuid="32b62eaa-9f78-43a2-9ab7-71b5ab0483d1" jcr:created="2008-05-19T14:21:39.005-07:00" jcr:predecessors="78728843-2dda-49a7-8ce9-0953b4e6a1ca" jcr:successors=""&gt;
    <jcr:frozenNode jcr:primaryType="nt:frozenNode" jcr:mixinTypes="" jcr:uuid="bbeb1da6-c1e8-4af4-8178-d495eeaba00c" jcr:frozenUuid="6e0ea03e-a764-4155-b212-f3f1ed679039" jcr:frozenPrimaryType="test:versionable" jcr:frozenMixinTypes="" jcr:versionHistory="a8c6d5be-8e11-4459-9199-252bade97930" jcr:predecessors="78728843-2dda-49a7-8ce9-0953b4e6a1ca" />&lt;/_x0031_.0&gt;
    <jcr:rootVersion jcr:primaryType="nt:version" jcr:mixinTypes="" jcr:uuid="78728843-2dda-49a7-8ce9-0953b4e6a1ca" jcr:created="2008-05-19T14:21:38.884-07:00" jcr:predecessors="" jcr:successors="32b62eaa-9f78-43a2-9ab7-71b5ab0483d1" /></a8c6d5be-8e11-4459-9199-252bade97930>
    <ebc43fef-c123-4d37-9d13-3d048af62856 jcr:primaryType="nt:versionHistory" jcr:mixinTypes="" jcr:uuid="ebc43fef-c123-4d37-9d13-3d048af62856" jcr:versionableUuid="70cbb6ba-7b03-497c-869f-f293e44470bd">
    <jcr:versionLabels jcr:primaryType="nt:versionLabels" jcr:mixinTypes="" />&lt;_x0031_.0 jcr:primaryType="nt:version" jcr:mixinTypes="" jcr:uuid="2195bca1-fabc-4569-9f77-2681960fb9ea" jcr:created="2008-05-19T14:21:27.075-07:00" jcr:predecessors="84222ccd-291e-4c30-aca9-d79831b8c03d" jcr:successors=""&gt;
    <jcr:frozenNode jcr:primaryType="nt:frozenNode" jcr:mixinTypes="" jcr:uuid="0f026c7c-9a52-4198-8d7c-3f84d81b0606" jcr:frozenUuid="70cbb6ba-7b03-497c-869f-f293e44470bd" jcr:frozenPrimaryType="test:versionable" jcr:frozenMixinTypes="" jcr:versionHistory="ebc43fef-c123-4d37-9d13-3d048af62856" jcr:predecessors="84222ccd-291e-4c30-aca9-d79831b8c03d" />&lt;/_x0031_.0&gt;
    <jcr:rootVersion jcr:primaryType="nt:version" jcr:mixinTypes="" jcr:uuid="84222ccd-291e-4c30-aca9-d79831b8c03d" jcr:created="2008-05-19T14:21:27.025-07:00" jcr:predecessors="" jcr:successors="2195bca1-fabc-4569-9f77-2681960fb9ea" /></ebc43fef-c123-4d37-9d13-3d048af62856>&lt;_x0033_8cf379b-f283-448e-855c-ff5bcdf03aa1 jcr:primaryType="nt:versionHistory" jcr:mixinTypes="" jcr:uuid="38cf379b-f283-448e-855c-ff5bcdf03aa1" jcr:versionableUuid="e23c37d0-f2fe-4bf6-ae1f-871255cb90da"&gt;
    <jcr:versionLabels jcr:primaryType="nt:versionLabels" jcr:mixinTypes="" />
    <jcr:rootVersion jcr:primaryType="nt:version" jcr:mixinTypes="" jcr:uuid="7586a5c4-91b5-4a9b-868a-a34f4ed4881d" jcr:created="2008-05-19T14:21:14.390-07:00" jcr:predecessors="" jcr:successors="" />&lt;/_x0033_8cf379b-f283-448e-855c-ff5bcdf03aa1&gt;
    <ee8d2b31-29ef-4957-ac7a-3df8d121630c jcr:primaryType="nt:versionHistory" jcr:mixinTypes="" jcr:uuid="ee8d2b31-29ef-4957-ac7a-3df8d121630c" jcr:versionableUuid="9a30bfff-c0ee-4f8a-974c-9538d11747a3">
    <jcr:versionLabels jcr:primaryType="nt:versionLabels" jcr:mixinTypes="" />
    <jcr:rootVersion jcr:primaryType="nt:version" jcr:mixinTypes="" jcr:uuid="1e9a577b-6f3b-4c08-8d6b-f28992bf4430" jcr:created="2008-05-19T14:21:43.332-07:00" jcr:predecessors="" jcr:successors="ffb562b4-515f-454c-a701-f6099ca923d1" />&lt;_x0031_.0 jcr:primaryType="nt:version" jcr:mixinTypes="" jcr:uuid="ffb562b4-515f-454c-a701-f6099ca923d1" jcr:created="2008-05-19T14:21:43.664-07:00" jcr:predecessors="1e9a577b-6f3b-4c08-8d6b-f28992bf4430" jcr:successors=""&gt;
    <jcr:frozenNode jcr:primaryType="nt:frozenNode" jcr:mixinTypes="" jcr:uuid="aa62b39c-3237-408f-b979-ef4703440f7d" jcr:frozenUuid="9a30bfff-c0ee-4f8a-974c-9538d11747a3" jcr:frozenPrimaryType="test:versionable" jcr:frozenMixinTypes="" jcr:versionHistory="ee8d2b31-29ef-4957-ac7a-3df8d121630c" jcr:predecessors="1e9a577b-6f3b-4c08-8d6b-f28992bf4430" />&lt;/_x0031_.0&gt;</ee8d2b31-29ef-4957-ac7a-3df8d121630c>&lt;_x0030_41ca28e-4b0d-4634-9cc6-a5d13f5c2264 jcr:primaryType="nt:versionHistory" jcr:mixinTypes="" jcr:uuid="041ca28e-4b0d-4634-9cc6-a5d13f5c2264" jcr:versionableUuid="d027b272-05b9-4866-91aa-ae02bca776e2"&gt;
    <jcr:versionLabels jcr:primaryType="nt:versionLabels" jcr:mixinTypes="" />
    <jcr:rootVersion jcr:primaryType="nt:version" jcr:mixinTypes="" jcr:uuid="22102332-0722-48bd-afaa-044f8e120da6" jcr:created="2008-05-19T14:22:13.825-07:00" jcr:predecessors="" jcr:successors="" />&lt;/_x0030_41ca28e-4b0d-4634-9cc6-a5d13f5c2264&gt;&lt;_x0033_2a50d2b-4dc5-4cf9-be33-aaed417aaf51 jcr:primaryType="nt:versionHistory" jcr:mixinTypes="" jcr:uuid="32a50d2b-4dc5-4cf9-be33-aaed417aaf51" jcr:versionableUuid="e7991b07-a301-4d3f-9379-a23e76ee282e"&gt;
    <jcr:versionLabels jcr:primaryType="nt:versionLabels" jcr:mixinTypes="" />
    <jcr:rootVersion jcr:primaryType="nt:version" jcr:mixinTypes="" jcr:uuid="db32b447-6d8b-49fa-a883-952175df2724" jcr:created="2008-05-19T14:22:15.799-07:00" jcr:predecessors="" jcr:successors="" />&lt;/_x0033_2a50d2b-4dc5-4cf9-be33-aaed417aaf51&gt;&lt;_x0035_9058fcd-08d3-43bf-a6b5-352cd52f5c8b jcr:primaryType="nt:versionHistory" jcr:mixinTypes="" jcr:uuid="59058fcd-08d3-43bf-a6b5-352cd52f5c8b" jcr:versionableUuid="8f70607a-0647-4038-9068-b8cc5598a6ac"&gt;
    <jcr:versionLabels jcr:primaryType="nt:versionLabels" jcr:mixinTypes="" />
    <jcr:rootVersion jcr:primaryType="nt:version" jcr:mixinTypes="" jcr:uuid="ab9bc4be-cbc3-4906-88b4-f6c2f65fbc5d" jcr:created="2008-05-19T14:22:18.708-07:00" jcr:predecessors="" jcr:successors="" />&lt;/_x0035_9058fcd-08d3-43bf-a6b5-352cd52f5c8b&gt;&lt;_x0032_cb89346-2d5b-4651-961a-19fde7280590 jcr:primaryType="nt:versionHistory" jcr:mixinTypes="" jcr:uuid="2cb89346-2d5b-4651-961a-19fde7280590" jcr:versionableUuid="47bb858d-2546-4a5e-a4c4-25c0be106c2d"&gt;
    <jcr:versionLabels jcr:primaryType="nt:versionLabels" jcr:mixinTypes="" />&lt;_x0031_.0 jcr:primaryType="nt:version" jcr:mixinTypes="" jcr:uuid="9473d2e3-a216-4e17-9847-c0b7f9f77031" jcr:created="2008-05-19T14:22:16.483-07:00" jcr:predecessors="ab4d16f5-d289-4347-adfd-1710b59c3bd1" jcr:successors="6e26e46e-f424-4d1a-921a-7d967e1a3cf7"&gt;
    <jcr:frozenNode jcr:primaryType="nt:frozenNode" jcr:mixinTypes="" jcr:uuid="771fae01-6d60-43f5-9a13-791d510d8cb3" jcr:frozenUuid="47bb858d-2546-4a5e-a4c4-25c0be106c2d" jcr:frozenPrimaryType="test:versionable" jcr:frozenMixinTypes="" jcr:versionHistory="2cb89346-2d5b-4651-961a-19fde7280590" jcr:predecessors="ab4d16f5-d289-4347-adfd-1710b59c3bd1" />&lt;/_x0031_.0&gt;&lt;_x0031_.1 jcr:primaryType="nt:version" jcr:mixinTypes="" jcr:uuid="6e26e46e-f424-4d1a-921a-7d967e1a3cf7" jcr:created="2008-05-19T14:22:16.497-07:00" jcr:predecessors="9473d2e3-a216-4e17-9847-c0b7f9f77031" jcr:successors=""&gt;
    <jcr:frozenNode jcr:primaryType="nt:frozenNode" jcr:mixinTypes="" jcr:uuid="d2703457-b0db-40b2-a996-4fea9d3f3518" jcr:frozenUuid="47bb858d-2546-4a5e-a4c4-25c0be106c2d" jcr:frozenPrimaryType="test:versionable" jcr:frozenMixinTypes="" jcr:versionHistory="2cb89346-2d5b-4651-961a-19fde7280590" jcr:predecessors="9473d2e3-a216-4e17-9847-c0b7f9f77031" />&lt;/_x0031_.1&gt;
    <jcr:rootVersion jcr:primaryType="nt:version" jcr:mixinTypes="" jcr:uuid="ab4d16f5-d289-4347-adfd-1710b59c3bd1" jcr:created="2008-05-19T14:22:16.320-07:00" jcr:predecessors="" jcr:successors="9473d2e3-a216-4e17-9847-c0b7f9f77031" />&lt;/_x0032_cb89346-2d5b-4651-961a-19fde7280590&gt;
    <f2b30925-4ca3-415a-b28a-2f867b3a0c8a jcr:primaryType="nt:versionHistory" jcr:mixinTypes="" jcr:uuid="f2b30925-4ca3-415a-b28a-2f867b3a0c8a" jcr:versionableUuid="299145f6-c0e8-467f-b1d6-b2db42e39bfe">
    <jcr:versionLabels jcr:primaryType="nt:versionLabels" jcr:mixinTypes="" />&lt;_x0031_.0 jcr:primaryType="nt:version" jcr:mixinTypes="" jcr:uuid="895fb94b-8716-4587-b2a4-dd1bb4700b11" jcr:created="2008-05-19T14:22:10.880-07:00" jcr:predecessors="43d1638d-2728-4b87-a014-ddf990e4c6e0" jcr:successors="aca9413f-d07f-4a3a-9737-68a64ae62e80"&gt;
    <jcr:frozenNode jcr:primaryType="nt:frozenNode" jcr:mixinTypes="" jcr:uuid="0b8b9be9-1076-4c3b-92ed-cd9c8013114b" jcr:frozenUuid="299145f6-c0e8-467f-b1d6-b2db42e39bfe" jcr:frozenPrimaryType="test:versionable" jcr:frozenMixinTypes="" jcr:versionHistory="f2b30925-4ca3-415a-b28a-2f867b3a0c8a" jcr:predecessors="43d1638d-2728-4b87-a014-ddf990e4c6e0" />&lt;/_x0031_.0&gt;
    <jcr:rootVersion jcr:primaryType="nt:version" jcr:mixinTypes="" jcr:uuid="43d1638d-2728-4b87-a014-ddf990e4c6e0" jcr:created="2008-05-19T14:22:10.492-07:00" jcr:predecessors="" jcr:successors="895fb94b-8716-4587-b2a4-dd1bb4700b11" />&lt;_x0031_.1 jcr:primaryType="nt:version" jcr:mixinTypes="" jcr:uuid="aca9413f-d07f-4a3a-9737-68a64ae62e80" jcr:created="2008-05-19T14:22:10.893-07:00" jcr:predecessors="895fb94b-8716-4587-b2a4-dd1bb4700b11" jcr:successors=""&gt;
    <jcr:frozenNode jcr:primaryType="nt:frozenNode" jcr:mixinTypes="" jcr:uuid="c6f85d7c-4e1c-4120-afb5-d6b8f50d1e4a" jcr:frozenUuid="299145f6-c0e8-467f-b1d6-b2db42e39bfe" jcr:frozenPrimaryType="test:versionable" jcr:frozenMixinTypes="" jcr:versionHistory="f2b30925-4ca3-415a-b28a-2f867b3a0c8a" jcr:predecessors="895fb94b-8716-4587-b2a4-dd1bb4700b11" />&lt;/_x0031_.1&gt;</f2b30925-4ca3-415a-b28a-2f867b3a0c8a>&lt;_x0033_21f713f-93c6-443c-a459-c0a743d4af82 jcr:primaryType="nt:versionHistory" jcr:mixinTypes="" jcr:uuid="321f713f-93c6-443c-a459-c0a743d4af82" jcr:versionableUuid="f3f1020d-5d70-48e4-8bf6-9f14f43d84d2"&gt;
    <jcr:versionLabels jcr:primaryType="nt:versionLabels" jcr:mixinTypes="" />
    <jcr:rootVersion jcr:primaryType="nt:version" jcr:mixinTypes="" jcr:uuid="92a5aca6-e2a6-486b-bb54-be5fcbbd2be5" jcr:created="2008-05-19T14:21:18.327-07:00" jcr:predecessors="" jcr:successors="" />&lt;/_x0033_21f713f-93c6-443c-a459-c0a743d4af82&gt;
    <dc03cd46-5d91-43a5-a704-f701159f6968 jcr:primaryType="nt:versionHistory" jcr:mixinTypes="" jcr:uuid="dc03cd46-5d91-43a5-a704-f701159f6968" jcr:versionableUuid="cbbc5c59-6e54-4d05-86a5-92a6ae5942af">
      <jcr:versionLabels jcr:primaryType="nt:versionLabels" jcr:mixinTypes="" />
      <jcr:rootVersion jcr:primaryType="nt:version" jcr:mixinTypes="" jcr:uuid="f4def102-df62-49b7-a694-6efc5b325c15" jcr:created="2008-05-19T14:21:50.284-07:00" jcr:predecessors="" jcr:successors="" />
    </dc03cd46-5d91-43a5-a704-f701159f6968>
    <f5bfa3f9-83d3-46de-888a-ebf0bcb1fc23 jcr:primaryType="nt:versionHistory" jcr:mixinTypes="" jcr:uuid="f5bfa3f9-83d3-46de-888a-ebf0bcb1fc23" jcr:versionableUuid="f1b62443-d0f4-4578-8bc0-cbc77788dcd7">
    <jcr:versionLabels jcr:primaryType="nt:versionLabels" jcr:mixinTypes="" />&lt;_x0031_.0 jcr:primaryType="nt:version" jcr:mixinTypes="" jcr:uuid="8349422c-b618-47e4-b324-eda6f3a026a4" jcr:created="2008-05-19T14:22:16.899-07:00" jcr:predecessors="4ec16024-dfef-4b19-bb4b-3929a767a4f2" jcr:successors=""&gt;
    <jcr:frozenNode jcr:primaryType="nt:frozenNode" jcr:mixinTypes="" jcr:uuid="5f73ea44-8d4f-4f63-927d-fa30c1dae036" jcr:frozenUuid="f1b62443-d0f4-4578-8bc0-cbc77788dcd7" jcr:frozenPrimaryType="test:versionable" jcr:frozenMixinTypes="" jcr:versionHistory="f5bfa3f9-83d3-46de-888a-ebf0bcb1fc23" jcr:predecessors="4ec16024-dfef-4b19-bb4b-3929a767a4f2" />&lt;/_x0031_.0&gt;
    <jcr:rootVersion jcr:primaryType="nt:version" jcr:mixinTypes="" jcr:uuid="4ec16024-dfef-4b19-bb4b-3929a767a4f2" jcr:created="2008-05-19T14:22:16.816-07:00" jcr:predecessors="" jcr:successors="8349422c-b618-47e4-b324-eda6f3a026a4" /></f5bfa3f9-83d3-46de-888a-ebf0bcb1fc23>
    <f0d4b8d3-2baf-41a9-afe5-6b8d0c382dc6 jcr:primaryType="nt:versionHistory" jcr:mixinTypes="" jcr:uuid="f0d4b8d3-2baf-41a9-afe5-6b8d0c382dc6" jcr:versionableUuid="18de916c-3762-480e-880d-3abcc60ff3c2">
    <jcr:versionLabels jcr:primaryType="nt:versionLabels" jcr:mixinTypes="" />&lt;_x0031_.0 jcr:primaryType="nt:version" jcr:mixinTypes="" jcr:uuid="8c262fb9-f071-4c30-839d-2ea4b4d9a532" jcr:created="2008-05-19T14:22:12.329-07:00" jcr:predecessors="260cc12e-d1a7-4aad-9a5d-d2e8e42fb69d" jcr:successors=""&gt;
    <jcr:frozenNode jcr:primaryType="nt:frozenNode" jcr:mixinTypes="" jcr:uuid="46816720-8321-4fde-9df3-dba3e03d15ca" jcr:frozenUuid="18de916c-3762-480e-880d-3abcc60ff3c2" jcr:frozenPrimaryType="test:versionable" jcr:frozenMixinTypes="" jcr:versionHistory="f0d4b8d3-2baf-41a9-afe5-6b8d0c382dc6" jcr:predecessors="260cc12e-d1a7-4aad-9a5d-d2e8e42fb69d" />&lt;/_x0031_.0&gt;
    <jcr:rootVersion jcr:primaryType="nt:version" jcr:mixinTypes="" jcr:uuid="260cc12e-d1a7-4aad-9a5d-d2e8e42fb69d" jcr:created="2008-05-19T14:22:12.261-07:00" jcr:predecessors="" jcr:successors="8c262fb9-f071-4c30-839d-2ea4b4d9a532" /></f0d4b8d3-2baf-41a9-afe5-6b8d0c382dc6>
    <e4327236-18ef-4c31-9e35-5e6bfdd2c771 jcr:primaryType="nt:versionHistory" jcr:mixinTypes="" jcr:uuid="e4327236-18ef-4c31-9e35-5e6bfdd2c771" jcr:versionableUuid="e0ffabe0-f072-4928-933f-d572e957e446">
    <jcr:versionLabels jcr:primaryType="nt:versionLabels" jcr:mixinTypes="" />
    <jcr:rootVersion jcr:primaryType="nt:version" jcr:mixinTypes="" jcr:uuid="66606b58-7e11-4c35-a165-7d93572acf13" jcr:created="2008-05-19T14:21:25.671-07:00" jcr:predecessors="" jcr:successors="dd727124-30ce-45d2-adfc-9218cc7c3e60" />&lt;_x0031_.0 jcr:primaryType="nt:version" jcr:mixinTypes="" jcr:uuid="dd727124-30ce-45d2-adfc-9218cc7c3e60" jcr:created="2008-05-19T14:21:25.714-07:00" jcr:predecessors="66606b58-7e11-4c35-a165-7d93572acf13" jcr:successors=""&gt;
    <jcr:frozenNode jcr:primaryType="nt:frozenNode" jcr:mixinTypes="" jcr:uuid="e3522136-f881-4f93-9cb2-c42569cf228c" jcr:frozenUuid="e0ffabe0-f072-4928-933f-d572e957e446" jcr:frozenPrimaryType="test:versionable" jcr:frozenMixinTypes="" jcr:versionHistory="e4327236-18ef-4c31-9e35-5e6bfdd2c771" jcr:predecessors="66606b58-7e11-4c35-a165-7d93572acf13" />&lt;/_x0031_.0&gt;</e4327236-18ef-4c31-9e35-5e6bfdd2c771>&lt;_x0035_ac20a39-5813-4e0f-b8a0-df771a94b765 jcr:primaryType="nt:versionHistory" jcr:mixinTypes="" jcr:uuid="5ac20a39-5813-4e0f-b8a0-df771a94b765" jcr:versionableUuid="89be2191-2b9c-4c19-9287-decfb6d69e33"&gt;
    <jcr:versionLabels jcr:primaryType="nt:versionLabels" jcr:mixinTypes="" />&lt;_x0031_.0 jcr:primaryType="nt:version" jcr:mixinTypes="" jcr:uuid="4551f3d5-1bf8-407e-9195-fbc75cc505b7" jcr:created="2008-05-19T14:21:25.645-07:00" jcr:predecessors="c3f3bb33-1f32-401d-be2a-90ad51c7b8b2" jcr:successors=""&gt;
    <jcr:frozenNode jcr:primaryType="nt:frozenNode" jcr:mixinTypes="" jcr:uuid="270c36d7-58d5-487a-b545-4235d9f7200b" jcr:frozenUuid="89be2191-2b9c-4c19-9287-decfb6d69e33" jcr:frozenPrimaryType="test:versionable" jcr:frozenMixinTypes="" jcr:versionHistory="5ac20a39-5813-4e0f-b8a0-df771a94b765" jcr:predecessors="c3f3bb33-1f32-401d-be2a-90ad51c7b8b2" />&lt;/_x0031_.0&gt;
    <jcr:rootVersion jcr:primaryType="nt:version" jcr:mixinTypes="" jcr:uuid="c3f3bb33-1f32-401d-be2a-90ad51c7b8b2" jcr:created="2008-05-19T14:21:25.599-07:00" jcr:predecessors="" jcr:successors="4551f3d5-1bf8-407e-9195-fbc75cc505b7" />&lt;/_x0035_ac20a39-5813-4e0f-b8a0-df771a94b765&gt;&lt;_x0035_138dba6-6e60-49a8-a1a5-81f8b4b6779f jcr:primaryType="nt:versionHistory" jcr:mixinTypes="" jcr:uuid="5138dba6-6e60-49a8-a1a5-81f8b4b6779f" jcr:versionableUuid="b4f65f24-6c68-4ee1-b695-48efad471f2d"&gt;
    <jcr:versionLabels jcr:primaryType="nt:versionLabels" jcr:mixinTypes="" />&lt;_x0031_.1 jcr:primaryType="nt:version" jcr:mixinTypes="" jcr:uuid="0af10ab0-7eba-4af7-aedc-43e163b56367" jcr:created="2008-05-19T14:21:33.546-07:00" jcr:predecessors="ce4c12b2-62ca-4e86-b1dd-5ddd90abf1aa" jcr:successors="c6e01b0c-6522-4470-b4aa-06bc36aa99a6"&gt;
    <jcr:frozenNode jcr:primaryType="nt:frozenNode" jcr:mixinTypes="" jcr:uuid="74f7c2a2-a471-4c2b-8fa7-445c965d8aa0" jcr:frozenUuid="b4f65f24-6c68-4ee1-b695-48efad471f2d" jcr:frozenPrimaryType="test:versionable" jcr:frozenMixinTypes="" jcr:versionHistory="5138dba6-6e60-49a8-a1a5-81f8b4b6779f" jcr:predecessors="45141c5a-d587-442f-b1d0-e608f7de51fd" />&lt;/_x0031_.1&gt;&lt;_x0031_.2 jcr:primaryType="nt:version" jcr:mixinTypes="" jcr:uuid="c6e01b0c-6522-4470-b4aa-06bc36aa99a6" jcr:created="2008-05-19T14:21:33.817-07:00" jcr:predecessors="0af10ab0-7eba-4af7-aedc-43e163b56367" jcr:successors="e4d792a2-c15c-437d-87bf-0614195b06d3"&gt;
    <jcr:frozenNode jcr:primaryType="nt:frozenNode" jcr:mixinTypes="" jcr:uuid="a6f8a2e5-db86-4726-acf1-cb003e6e9b8b" jcr:frozenUuid="b4f65f24-6c68-4ee1-b695-48efad471f2d" jcr:frozenPrimaryType="test:versionable" jcr:frozenMixinTypes="" jcr:versionHistory="5138dba6-6e60-49a8-a1a5-81f8b4b6779f" jcr:predecessors="0af10ab0-7eba-4af7-aedc-43e163b56367" />&lt;/_x0031_.2&gt;&lt;_x0031_.3 jcr:primaryType="nt:version" jcr:mixinTypes="" jcr:uuid="e4d792a2-c15c-437d-87bf-0614195b06d3" jcr:created="2008-05-19T14:21:33.834-07:00" jcr:predecessors="c6e01b0c-6522-4470-b4aa-06bc36aa99a6" jcr:successors="56bfa77f-fbba-4807-8c10-38000657957c"&gt;
    <jcr:frozenNode jcr:primaryType="nt:frozenNode" jcr:mixinTypes="" jcr:uuid="bb26f5d2-6c34-4445-bce4-48acc06a006c" jcr:frozenUuid="b4f65f24-6c68-4ee1-b695-48efad471f2d" jcr:frozenPrimaryType="test:versionable" jcr:frozenMixinTypes="" jcr:versionHistory="5138dba6-6e60-49a8-a1a5-81f8b4b6779f" jcr:predecessors="c6e01b0c-6522-4470-b4aa-06bc36aa99a6" />&lt;/_x0031_.3&gt;
    <jcr:rootVersion jcr:primaryType="nt:version" jcr:mixinTypes="" jcr:uuid="ce4c12b2-62ca-4e86-b1dd-5ddd90abf1aa" jcr:created="2008-05-19T14:21:33.357-07:00" jcr:predecessors="" jcr:successors="0af10ab0-7eba-4af7-aedc-43e163b56367" />&lt;_x0031_.4 jcr:primaryType="nt:version" jcr:mixinTypes="" jcr:uuid="56bfa77f-fbba-4807-8c10-38000657957c" jcr:created="2008-05-19T14:21:33.850-07:00" jcr:predecessors="e4d792a2-c15c-437d-87bf-0614195b06d3" jcr:successors=""&gt;
    <jcr:frozenNode jcr:primaryType="nt:frozenNode" jcr:mixinTypes="" jcr:uuid="96f43279-cdf3-414e-a67d-b4d432b20ca5" jcr:frozenUuid="b4f65f24-6c68-4ee1-b695-48efad471f2d" jcr:frozenPrimaryType="test:versionable" jcr:frozenMixinTypes="" jcr:versionHistory="5138dba6-6e60-49a8-a1a5-81f8b4b6779f" jcr:predecessors="e4d792a2-c15c-437d-87bf-0614195b06d3" />&lt;/_x0031_.4&gt;&lt;/_x0035_138dba6-6e60-49a8-a1a5-81f8b4b6779f&gt;
    <afe5819d-fa66-463a-8234-a62a0e68498e jcr:primaryType="nt:versionHistory" jcr:mixinTypes="" jcr:uuid="afe5819d-fa66-463a-8234-a62a0e68498e" jcr:versionableUuid="2390eb2a-d94b-42ec-8a3e-d3abdf080bbf">
    <jcr:versionLabels jcr:primaryType="nt:versionLabels" jcr:mixinTypes="" />&lt;_x0031_.1 jcr:primaryType="nt:version" jcr:mixinTypes="" jcr:uuid="62dd171c-708a-4985-b5af-6c1a4fa5099f" jcr:created="2008-05-19T14:22:15.164-07:00" jcr:predecessors="2b42ccd4-25ce-41ff-a278-168642f77b23" jcr:successors=""&gt;
    <jcr:frozenNode jcr:primaryType="nt:frozenNode" jcr:mixinTypes="" jcr:uuid="dfe67ce9-d871-47cb-9853-ed7cf03d1d8c" jcr:frozenUuid="2390eb2a-d94b-42ec-8a3e-d3abdf080bbf" jcr:frozenPrimaryType="test:versionable" jcr:frozenMixinTypes="" jcr:versionHistory="afe5819d-fa66-463a-8234-a62a0e68498e" jcr:predecessors="2b42ccd4-25ce-41ff-a278-168642f77b23" />&lt;/_x0031_.1&gt;&lt;_x0031_.0 jcr:primaryType="nt:version" jcr:mixinTypes="" jcr:uuid="2b42ccd4-25ce-41ff-a278-168642f77b23" jcr:created="2008-05-19T14:22:15.141-07:00" jcr:predecessors="b8199536-8d59-4ea9-8375-12b9b17b204e" jcr:successors="62dd171c-708a-4985-b5af-6c1a4fa5099f"&gt;
    <jcr:frozenNode jcr:primaryType="nt:frozenNode" jcr:mixinTypes="" jcr:uuid="cedd1ca4-afe9-474f-acd8-ff584d4c2cdc" jcr:frozenUuid="2390eb2a-d94b-42ec-8a3e-d3abdf080bbf" jcr:frozenPrimaryType="test:versionable" jcr:frozenMixinTypes="" jcr:versionHistory="afe5819d-fa66-463a-8234-a62a0e68498e" jcr:predecessors="b8199536-8d59-4ea9-8375-12b9b17b204e" />&lt;/_x0031_.0&gt;
    <jcr:rootVersion jcr:primaryType="nt:version" jcr:mixinTypes="" jcr:uuid="b8199536-8d59-4ea9-8375-12b9b17b204e" jcr:created="2008-05-19T14:22:15.052-07:00" jcr:predecessors="" jcr:successors="2b42ccd4-25ce-41ff-a278-168642f77b23" /></afe5819d-fa66-463a-8234-a62a0e68498e>
    <b000c060-8159-4929-81cc-9eb699db0ea2 jcr:primaryType="nt:versionHistory" jcr:mixinTypes="" jcr:uuid="b000c060-8159-4929-81cc-9eb699db0ea2" jcr:versionableUuid="da502c8c-6341-4520-b2df-7b87bf7119e7">
    <jcr:versionLabels jcr:primaryType="nt:versionLabels" jcr:mixinTypes="" />&lt;_x0031_.0 jcr:primaryType="nt:version" jcr:mixinTypes="" jcr:uuid="a29f58a5-4a96-41e1-9115-b8024029dcd7" jcr:created="2008-05-19T14:22:13.583-07:00" jcr:predecessors="7739a239-8388-4309-a099-844059b07742" jcr:successors=""&gt;
    <jcr:frozenNode jcr:primaryType="nt:frozenNode" jcr:mixinTypes="" jcr:uuid="d292aec2-81bd-44ca-afce-c8a8ba4273a4" jcr:frozenUuid="da502c8c-6341-4520-b2df-7b87bf7119e7" jcr:frozenPrimaryType="test:versionable" jcr:frozenMixinTypes="" jcr:versionHistory="b000c060-8159-4929-81cc-9eb699db0ea2" jcr:predecessors="7739a239-8388-4309-a099-844059b07742" />&lt;/_x0031_.0&gt;
    <jcr:rootVersion jcr:primaryType="nt:version" jcr:mixinTypes="" jcr:uuid="7739a239-8388-4309-a099-844059b07742" jcr:created="2008-05-19T14:22:13.514-07:00" jcr:predecessors="" jcr:successors="a29f58a5-4a96-41e1-9115-b8024029dcd7" /></b000c060-8159-4929-81cc-9eb699db0ea2>&lt;_x0032_07617cd-d9b2-44bc-91e6-803f02f2094f jcr:primaryType="nt:versionHistory" jcr:mixinTypes="" jcr:uuid="207617cd-d9b2-44bc-91e6-803f02f2094f" jcr:versionableUuid="db85985c-8625-4eb0-ba6a-5d90f9e23f1b"&gt;
    <jcr:versionLabels jcr:primaryType="nt:versionLabels" jcr:mixinTypes="" />
    <jcr:rootVersion jcr:primaryType="nt:version" jcr:mixinTypes="" jcr:uuid="20900826-fec4-4350-9cc5-f6ab0b14f5b3" jcr:created="2008-05-19T14:21:13.357-07:00" jcr:predecessors="" jcr:successors="" />&lt;/_x0032_07617cd-d9b2-44bc-91e6-803f02f2094f&gt;
    <d03fcf05-cff9-4343-8514-099d53da8ef3 jcr:primaryType="nt:versionHistory" jcr:mixinTypes="" jcr:uuid="d03fcf05-cff9-4343-8514-099d53da8ef3" jcr:versionableUuid="50ce3368-1064-4391-8227-d3ce186fe472">
    <jcr:versionLabels jcr:primaryType="nt:versionLabels" jcr:mixinTypes="" />
    <jcr:rootVersion jcr:primaryType="nt:version" jcr:mixinTypes="" jcr:uuid="f0550dab-e2e9-4ee8-bdda-07acaf4d646f" jcr:created="2008-05-19T14:22:14.806-07:00" jcr:predecessors="" jcr:successors="d7a9e5d9-086a-47f2-ad1b-ec679ec42472" />&lt;_x0031_.0 jcr:primaryType="nt:version" jcr:mixinTypes="" jcr:uuid="d7a9e5d9-086a-47f2-ad1b-ec679ec42472" jcr:created="2008-05-19T14:22:14.971-07:00" jcr:predecessors="f0550dab-e2e9-4ee8-bdda-07acaf4d646f" jcr:successors=""&gt;
    <jcr:frozenNode jcr:primaryType="nt:frozenNode" jcr:mixinTypes="" jcr:uuid="6cb61255-e32d-45d1-b71a-61e8c7b2b669" jcr:frozenUuid="50ce3368-1064-4391-8227-d3ce186fe472" jcr:frozenPrimaryType="test:versionable" jcr:frozenMixinTypes="" jcr:versionHistory="d03fcf05-cff9-4343-8514-099d53da8ef3" jcr:predecessors="f0550dab-e2e9-4ee8-bdda-07acaf4d646f" />&lt;/_x0031_.0&gt;</d03fcf05-cff9-4343-8514-099d53da8ef3>&lt;_x0032_e33af5a-bb54-4df8-9bb8-ee5f9215029e jcr:primaryType="nt:versionHistory" jcr:mixinTypes="" jcr:uuid="2e33af5a-bb54-4df8-9bb8-ee5f9215029e" jcr:versionableUuid="446022ae-d8c3-4e2c-96ef-ee8ff98708d9"&gt;
    <jcr:versionLabels jcr:primaryType="nt:versionLabels" jcr:mixinTypes="" />
    <jcr:rootVersion jcr:primaryType="nt:version" jcr:mixinTypes="" jcr:uuid="f5950f0b-893f-49b6-8f7f-a03bdbb14008" jcr:created="2008-05-19T14:21:38.397-07:00" jcr:predecessors="" jcr:successors="" />&lt;/_x0032_e33af5a-bb54-4df8-9bb8-ee5f9215029e&gt;
    <ecad2453-0df3-4f83-92ad-bae29e3aafed jcr:primaryType="nt:versionHistory" jcr:mixinTypes="" jcr:uuid="ecad2453-0df3-4f83-92ad-bae29e3aafed" jcr:versionableUuid="c0ccce16-d2bb-4b42-a28b-90e4e8d24a85">
    <jcr:versionLabels jcr:primaryType="nt:versionLabels" jcr:mixinTypes="" />&lt;_x0031_.0 jcr:primaryType="nt:version" jcr:mixinTypes="" jcr:uuid="79628fea-1833-47dc-a556-2883ab35af96" jcr:created="2008-05-19T14:21:35.642-07:00" jcr:predecessors="d2ae6995-a36d-499d-bc3e-08664563428d" jcr:successors="3ac9f3aa-80c3-4b17-9b42-edd4f6a45408"&gt;
    <jcr:frozenNode jcr:primaryType="nt:frozenNode" jcr:mixinTypes="" jcr:uuid="b4be4a16-852b-4c8d-924b-27d4fe8d2ec2" jcr:frozenUuid="c0ccce16-d2bb-4b42-a28b-90e4e8d24a85" jcr:frozenPrimaryType="test:versionable" jcr:frozenMixinTypes="" jcr:versionHistory="ecad2453-0df3-4f83-92ad-bae29e3aafed" jcr:predecessors="d2ae6995-a36d-499d-bc3e-08664563428d" />&lt;/_x0031_.0&gt;
    <jcr:rootVersion jcr:primaryType="nt:version" jcr:mixinTypes="" jcr:uuid="d2ae6995-a36d-499d-bc3e-08664563428d" jcr:created="2008-05-19T14:21:35.593-07:00" jcr:predecessors="" jcr:successors="79628fea-1833-47dc-a556-2883ab35af96" />&lt;_x0031_.1 jcr:primaryType="nt:version" jcr:mixinTypes="" jcr:uuid="3ac9f3aa-80c3-4b17-9b42-edd4f6a45408" jcr:created="2008-05-19T14:21:35.910-07:00" jcr:predecessors="79628fea-1833-47dc-a556-2883ab35af96" jcr:successors=""&gt;
    <jcr:frozenNode jcr:primaryType="nt:frozenNode" jcr:mixinTypes="" jcr:uuid="5755f849-ca7a-44bc-a159-e8da08d8f402" jcr:frozenUuid="c0ccce16-d2bb-4b42-a28b-90e4e8d24a85" jcr:frozenPrimaryType="test:versionable" jcr:frozenMixinTypes="" jcr:versionHistory="ecad2453-0df3-4f83-92ad-bae29e3aafed" jcr:predecessors="79628fea-1833-47dc-a556-2883ab35af96" />&lt;/_x0031_.1&gt;</ecad2453-0df3-4f83-92ad-bae29e3aafed>&lt;_x0031_306e640-fec1-4df1-bdd3-98484921ebdc jcr:primaryType="nt:versionHistory" jcr:mixinTypes="" jcr:uuid="1306e640-fec1-4df1-bdd3-98484921ebdc" jcr:versionableUuid="532f2ca0-6c34-4e6b-a078-de6602909a88"&gt;
    <jcr:versionLabels jcr:primaryType="nt:versionLabels" jcr:mixinTypes="" />
    <jcr:rootVersion jcr:primaryType="nt:version" jcr:mixinTypes="" jcr:uuid="ac5a919d-83c5-40a8-bb9d-f9dbb11b2145" jcr:created="2008-05-19T14:21:50.867-07:00" jcr:predecessors="" jcr:successors="" />&lt;/_x0031_306e640-fec1-4df1-bdd3-98484921ebdc&gt;&lt;_x0039_4b87d66-1878-4c84-ae48-8137327b935d jcr:primaryType="nt:versionHistory" jcr:mixinTypes="" jcr:uuid="94b87d66-1878-4c84-ae48-8137327b935d" jcr:versionableUuid="5cce02ef-2520-4d72-af33-f91f68b26b8e"&gt;
    <jcr:versionLabels jcr:primaryType="nt:versionLabels" jcr:mixinTypes="" />
    <jcr:rootVersion jcr:primaryType="nt:version" jcr:mixinTypes="" jcr:uuid="13beab17-07c5-414b-adb7-92a52c5e4eb8" jcr:created="2008-05-19T14:21:38.009-07:00" jcr:predecessors="" jcr:successors="126bfd58-461b-4c25-8c49-6901ccfc483c" />&lt;_x0031_.0 jcr:primaryType="nt:version" jcr:mixinTypes="" jcr:uuid="126bfd58-461b-4c25-8c49-6901ccfc483c" jcr:created="2008-05-19T14:21:38.084-07:00" jcr:predecessors="13beab17-07c5-414b-adb7-92a52c5e4eb8" jcr:successors=""&gt;
    <jcr:frozenNode jcr:primaryType="nt:frozenNode" jcr:mixinTypes="" jcr:uuid="775c84df-f919-4edc-b4be-d0df752b1a09" jcr:frozenUuid="5cce02ef-2520-4d72-af33-f91f68b26b8e" jcr:frozenPrimaryType="test:versionable" jcr:frozenMixinTypes="" jcr:versionHistory="94b87d66-1878-4c84-ae48-8137327b935d" jcr:predecessors="13beab17-07c5-414b-adb7-92a52c5e4eb8" />&lt;/_x0031_.0&gt;&lt;/_x0039_4b87d66-1878-4c84-ae48-8137327b935d&gt;&lt;_x0039_584dd38-2248-4149-b5c7-d2c9887c7b78 jcr:primaryType="nt:versionHistory" jcr:mixinTypes="" jcr:uuid="9584dd38-2248-4149-b5c7-d2c9887c7b78" jcr:versionableUuid="b903d603-a6ea-4159-9a1f-fe706e3ed15a"&gt;
    <jcr:versionLabels jcr:primaryType="nt:versionLabels" jcr:mixinTypes="" />
    <jcr:rootVersion jcr:primaryType="nt:version" jcr:mixinTypes="" jcr:uuid="98ced444-fb59-408f-ae1a-fb574b720671" jcr:created="2008-05-19T14:21:43.794-07:00" jcr:predecessors="" jcr:successors="5c82df4e-62f2-43d3-a093-56b8d14fde49" />&lt;_x0031_.0 jcr:primaryType="nt:version" jcr:mixinTypes="" jcr:uuid="5c82df4e-62f2-43d3-a093-56b8d14fde49" jcr:created="2008-05-19T14:21:43.874-07:00" jcr:predecessors="98ced444-fb59-408f-ae1a-fb574b720671" jcr:successors=""&gt;
    <jcr:frozenNode jcr:primaryType="nt:frozenNode" jcr:mixinTypes="" jcr:uuid="c7a3c1c9-c021-4b09-a7f8-20d679f7493e" jcr:frozenUuid="b903d603-a6ea-4159-9a1f-fe706e3ed15a" jcr:frozenPrimaryType="test:versionable" jcr:frozenMixinTypes="" jcr:versionHistory="9584dd38-2248-4149-b5c7-d2c9887c7b78" jcr:predecessors="98ced444-fb59-408f-ae1a-fb574b720671" />&lt;/_x0031_.0&gt;&lt;/_x0039_584dd38-2248-4149-b5c7-d2c9887c7b78&gt;&lt;_x0037_1800dcd-b5ed-4034-bfd1-22de4d5941f7 jcr:primaryType="nt:versionHistory" jcr:mixinTypes="" jcr:uuid="71800dcd-b5ed-4034-bfd1-22de4d5941f7" jcr:versionableUuid="37d9dddc-196e-4d80-9860-907216f3f8a6"&gt;
    <jcr:versionLabels jcr:primaryType="nt:versionLabels" jcr:mixinTypes="" />
    <jcr:rootVersion jcr:primaryType="nt:version" jcr:mixinTypes="" jcr:uuid="4ce5e72a-0060-45df-93fe-ad9e594b6ec5" jcr:created="2008-05-19T14:22:17.472-07:00" jcr:predecessors="" jcr:successors="9de15c49-239c-469d-9928-0eb602b5849d" />&lt;_x0031_.0 jcr:primaryType="nt:version" jcr:mixinTypes="" jcr:uuid="9de15c49-239c-469d-9928-0eb602b5849d" jcr:created="2008-05-19T14:22:17.762-07:00" jcr:predecessors="4ce5e72a-0060-45df-93fe-ad9e594b6ec5" jcr:successors=""&gt;
    <jcr:frozenNode jcr:primaryType="nt:frozenNode" jcr:mixinTypes="" jcr:uuid="e494ee79-38f2-4ea9-8c17-54cab394c467" jcr:frozenUuid="37d9dddc-196e-4d80-9860-907216f3f8a6" jcr:frozenPrimaryType="test:versionable" jcr:frozenMixinTypes="" jcr:versionHistory="71800dcd-b5ed-4034-bfd1-22de4d5941f7" jcr:predecessors="4ce5e72a-0060-45df-93fe-ad9e594b6ec5" />&lt;/_x0031_.0&gt;&lt;/_x0037_1800dcd-b5ed-4034-bfd1-22de4d5941f7&gt;&lt;_x0035_231e2b5-a899-477c-9882-3a01200658cf jcr:primaryType="nt:versionHistory" jcr:mixinTypes="" jcr:uuid="5231e2b5-a899-477c-9882-3a01200658cf" jcr:versionableUuid="d1544a71-5b27-4d99-87ef-1863694db549"&gt;
    <jcr:versionLabels jcr:primaryType="nt:versionLabels" jcr:mixinTypes="" />
    <jcr:rootVersion jcr:primaryType="nt:version" jcr:mixinTypes="" jcr:uuid="fec0e440-f035-4ad1-be0a-0ba9fc7dd25d" jcr:created="2008-05-19T14:21:14.765-07:00" jcr:predecessors="" jcr:successors="" />&lt;/_x0035_231e2b5-a899-477c-9882-3a01200658cf&gt;&lt;_x0034_5924ece-cde2-488f-8ce7-134459b7aad8 jcr:primaryType="nt:versionHistory" jcr:mixinTypes="" jcr:uuid="45924ece-cde2-488f-8ce7-134459b7aad8" jcr:versionableUuid="ef39ea0a-2160-4479-bead-83292ca314d0"&gt;
    <jcr:versionLabels jcr:primaryType="nt:versionLabels" jcr:mixinTypes="" />
    <jcr:rootVersion jcr:primaryType="nt:version" jcr:mixinTypes="" jcr:uuid="9be9f23b-73b5-41ec-b625-c3e46236fd0f" jcr:created="2008-05-19T14:21:32.897-07:00" jcr:predecessors="" jcr:successors="" />&lt;/_x0034_5924ece-cde2-488f-8ce7-134459b7aad8&gt;
    <af38d3e5-1627-4fc3-8b26-39b81b330ca8 jcr:primaryType="nt:versionHistory" jcr:mixinTypes="" jcr:uuid="af38d3e5-1627-4fc3-8b26-39b81b330ca8" jcr:versionableUuid="8dc7da4c-0407-4543-a095-fce4d65783ef">
      <jcr:versionLabels jcr:primaryType="nt:versionLabels" jcr:mixinTypes="" />
      <jcr:rootVersion jcr:primaryType="nt:version" jcr:mixinTypes="" jcr:uuid="f8570dd3-466a-478a-af2b-e5a595e2ad18" jcr:created="2008-05-19T14:21:28.420-07:00" jcr:predecessors="" jcr:successors="" />
    </af38d3e5-1627-4fc3-8b26-39b81b330ca8>&lt;_x0031_9bc8154-d382-4c75-88a3-09a10a8777bb jcr:primaryType="nt:versionHistory" jcr:mixinTypes="" jcr:uuid="19bc8154-d382-4c75-88a3-09a10a8777bb" jcr:versionableUuid="30614acb-f5dc-457a-bd5a-a7eb6fcf196e"&gt;
    <jcr:versionLabels jcr:primaryType="nt:versionLabels" jcr:mixinTypes="" />
    <jcr:rootVersion jcr:primaryType="nt:version" jcr:mixinTypes="" jcr:uuid="c0cb40e3-27b4-4233-96e0-7a7955e868e3" jcr:created="2008-05-19T14:22:10.996-07:00" jcr:predecessors="" jcr:successors="52dffb49-5afb-4630-aa19-6df94d780f7a" />&lt;_x0031_.0 jcr:primaryType="nt:version" jcr:mixinTypes="" jcr:uuid="52dffb49-5afb-4630-aa19-6df94d780f7a" jcr:created="2008-05-19T14:22:11.068-07:00" jcr:predecessors="c0cb40e3-27b4-4233-96e0-7a7955e868e3" jcr:successors=""&gt;
    <jcr:frozenNode jcr:primaryType="nt:frozenNode" jcr:mixinTypes="" jcr:uuid="c93c9115-750d-48ed-85b0-06f96eb3a59d" jcr:frozenUuid="30614acb-f5dc-457a-bd5a-a7eb6fcf196e" jcr:frozenPrimaryType="test:versionable" jcr:frozenMixinTypes="" jcr:versionHistory="19bc8154-d382-4c75-88a3-09a10a8777bb" jcr:predecessors="c0cb40e3-27b4-4233-96e0-7a7955e868e3" />&lt;/_x0031_.0&gt;&lt;/_x0031_9bc8154-d382-4c75-88a3-09a10a8777bb&gt;
    <f509d72c-5946-482a-965a-fb8b9371010e jcr:primaryType="nt:versionHistory" jcr:mixinTypes="" jcr:uuid="f509d72c-5946-482a-965a-fb8b9371010e" jcr:versionableUuid="a8ff5e69-b1ed-4410-b5a7-2e7027c9e9bd">
      <jcr:versionLabels jcr:primaryType="nt:versionLabels" jcr:mixinTypes="" />
      <jcr:rootVersion jcr:primaryType="nt:version" jcr:mixinTypes="" jcr:uuid="8d6f3765-6fdd-4c37-b3d0-c62539690e75" jcr:created="2008-05-19T14:21:53.049-07:00" jcr:predecessors="" jcr:successors="" />
    </f509d72c-5946-482a-965a-fb8b9371010e>&lt;_x0034_c343ca6-fc97-4fd1-9398-07f764440073 jcr:primaryType="nt:versionHistory" jcr:mixinTypes="" jcr:uuid="4c343ca6-fc97-4fd1-9398-07f764440073" jcr:versionableUuid="dae54bc7-1524-4c8d-aae3-29a0c1d54170"&gt;
    <jcr:versionLabels jcr:primaryType="nt:versionLabels" jcr:mixinTypes="" />
    <jcr:rootVersion jcr:primaryType="nt:version" jcr:mixinTypes="" jcr:uuid="9f9e4db3-1471-473b-b7c7-2f063dda0728" jcr:created="2008-05-19T14:22:18.809-07:00" jcr:predecessors="" jcr:successors="4aecdb10-86df-4aa6-9e0e-472aa438d20e" />&lt;_x0031_.0 jcr:primaryType="nt:version" jcr:mixinTypes="" jcr:uuid="4aecdb10-86df-4aa6-9e0e-472aa438d20e" jcr:created="2008-05-19T14:22:18.921-07:00" jcr:predecessors="9f9e4db3-1471-473b-b7c7-2f063dda0728" jcr:successors=""&gt;
    <jcr:frozenNode jcr:primaryType="nt:frozenNode" jcr:mixinTypes="" jcr:uuid="4bfd791d-4c17-4fa0-9752-6bb7a1b760f6" jcr:frozenUuid="dae54bc7-1524-4c8d-aae3-29a0c1d54170" jcr:frozenPrimaryType="test:versionable" jcr:frozenMixinTypes="" jcr:versionHistory="4c343ca6-fc97-4fd1-9398-07f764440073" jcr:predecessors="9f9e4db3-1471-473b-b7c7-2f063dda0728" />&lt;/_x0031_.0&gt;&lt;/_x0034_c343ca6-fc97-4fd1-9398-07f764440073&gt;
    <da70b05b-8123-4c21-8cba-25bd823df17d jcr:primaryType="nt:versionHistory" jcr:mixinTypes="" jcr:uuid="da70b05b-8123-4c21-8cba-25bd823df17d" jcr:versionableUuid="2d564da8-fc16-4eb8-a261-25007f1ee0f1">
      <jcr:versionLabels jcr:primaryType="nt:versionLabels" jcr:mixinTypes="" />
      <jcr:rootVersion jcr:primaryType="nt:version" jcr:mixinTypes="" jcr:uuid="04d98a66-d5f9-4dde-be88-074433abf638" jcr:created="2008-05-19T14:21:50.958-07:00" jcr:predecessors="" jcr:successors="" />
    </da70b05b-8123-4c21-8cba-25bd823df17d>
    <fb4808f5-fab2-4dcf-8be8-ffceaf0915c9 jcr:primaryType="nt:versionHistory" jcr:mixinTypes="" jcr:uuid="fb4808f5-fab2-4dcf-8be8-ffceaf0915c9" jcr:versionableUuid="9752f7c1-1f9a-4c26-b7e9-a47078d20ac2">
    <jcr:versionLabels jcr:primaryType="nt:versionLabels" jcr:mixinTypes="" />&lt;_x0031_.1 jcr:primaryType="nt:version" jcr:mixinTypes="" jcr:uuid="aa1d93bd-8b40-4d8b-8c56-e876682e6bdd" jcr:created="2008-05-19T14:22:05.446-07:00" jcr:predecessors="8565e910-5ac5-4896-9e1e-3590869e18a7" jcr:successors=""&gt;
    <jcr:frozenNode jcr:primaryType="nt:frozenNode" jcr:mixinTypes="" jcr:uuid="9da943cb-2999-4549-acbc-ae3f66cfde44" jcr:frozenUuid="9752f7c1-1f9a-4c26-b7e9-a47078d20ac2" jcr:frozenPrimaryType="test:versionable" jcr:frozenMixinTypes="" jcr:versionHistory="fb4808f5-fab2-4dcf-8be8-ffceaf0915c9" jcr:predecessors="8565e910-5ac5-4896-9e1e-3590869e18a7" />&lt;/_x0031_.1&gt;
    <jcr:rootVersion jcr:primaryType="nt:version" jcr:mixinTypes="" jcr:uuid="d5281d23-de29-4167-b178-69989eaebf69" jcr:created="2008-05-19T14:22:05.339-07:00" jcr:predecessors="" jcr:successors="8565e910-5ac5-4896-9e1e-3590869e18a7" />&lt;_x0031_.0 jcr:primaryType="nt:version" jcr:mixinTypes="" jcr:uuid="8565e910-5ac5-4896-9e1e-3590869e18a7" jcr:created="2008-05-19T14:22:05.413-07:00" jcr:predecessors="d5281d23-de29-4167-b178-69989eaebf69" jcr:successors="aa1d93bd-8b40-4d8b-8c56-e876682e6bdd"&gt;
    <jcr:frozenNode jcr:primaryType="nt:frozenNode" jcr:mixinTypes="" jcr:uuid="833d3f8e-0411-4b07-9a78-872556772c19" jcr:frozenUuid="9752f7c1-1f9a-4c26-b7e9-a47078d20ac2" jcr:frozenPrimaryType="test:versionable" jcr:frozenMixinTypes="" jcr:versionHistory="fb4808f5-fab2-4dcf-8be8-ffceaf0915c9" jcr:predecessors="d5281d23-de29-4167-b178-69989eaebf69" />&lt;/_x0031_.0&gt;</fb4808f5-fab2-4dcf-8be8-ffceaf0915c9>
    <ee66c9c0-3f6a-4a54-b257-5e51d8cf8e02 jcr:primaryType="nt:versionHistory" jcr:mixinTypes="" jcr:uuid="ee66c9c0-3f6a-4a54-b257-5e51d8cf8e02" jcr:versionableUuid="48c626b0-2345-4547-adec-ca00b972ad8d">
    <jcr:versionLabels jcr:primaryType="nt:versionLabels" jcr:mixinTypes="" />
    <jcr:rootVersion jcr:primaryType="nt:version" jcr:mixinTypes="" jcr:uuid="7c831675-0f9b-48ea-8bae-dedacc54209a" jcr:created="2008-05-19T14:21:47.052-07:00" jcr:predecessors="" jcr:successors="0250650c-3d96-4a8f-a997-450d2b362d57" />&lt;_x0031_.0 jcr:primaryType="nt:version" jcr:mixinTypes="" jcr:uuid="0250650c-3d96-4a8f-a997-450d2b362d57" jcr:created="2008-05-19T14:21:47.111-07:00" jcr:predecessors="7c831675-0f9b-48ea-8bae-dedacc54209a" jcr:successors=""&gt;
    <jcr:frozenNode jcr:primaryType="nt:frozenNode" jcr:mixinTypes="" jcr:uuid="6f8c1fa3-7ae4-44c6-bb6c-60d63b7c7354" jcr:frozenUuid="48c626b0-2345-4547-adec-ca00b972ad8d" jcr:frozenPrimaryType="test:versionable" jcr:frozenMixinTypes="" jcr:versionHistory="ee66c9c0-3f6a-4a54-b257-5e51d8cf8e02" jcr:predecessors="7c831675-0f9b-48ea-8bae-dedacc54209a" />&lt;/_x0031_.0&gt;</ee66c9c0-3f6a-4a54-b257-5e51d8cf8e02>
    <d05293fc-0490-4f6d-b85a-2e1cd2f74203 jcr:primaryType="nt:versionHistory" jcr:mixinTypes="" jcr:uuid="d05293fc-0490-4f6d-b85a-2e1cd2f74203" jcr:versionableUuid="3ad3c374-1611-4125-acf5-3caa6c1a786f">
      <jcr:versionLabels jcr:primaryType="nt:versionLabels" jcr:mixinTypes="" />
      <jcr:rootVersion jcr:primaryType="nt:version" jcr:mixinTypes="" jcr:uuid="a5745282-75d5-4abf-9e60-6a1e37fdeb41" jcr:created="2008-05-19T14:21:36.355-07:00" jcr:predecessors="" jcr:successors="" />
    </d05293fc-0490-4f6d-b85a-2e1cd2f74203>&lt;_x0033_1199e58-3f83-4c18-a77f-9a34da30a3c4 jcr:primaryType="nt:versionHistory" jcr:mixinTypes="" jcr:uuid="31199e58-3f83-4c18-a77f-9a34da30a3c4" jcr:versionableUuid="ee4ed288-efae-43bf-bcce-4f86791d3f69"&gt;
    <jcr:versionLabels jcr:primaryType="nt:versionLabels" jcr:mixinTypes="" />
    <jcr:rootVersion jcr:primaryType="nt:version" jcr:mixinTypes="" jcr:uuid="3151c6ff-4c47-482f-a15c-1f2cd7aa6f83" jcr:created="2008-05-19T14:22:09.279-07:00" jcr:predecessors="" jcr:successors="" />&lt;/_x0033_1199e58-3f83-4c18-a77f-9a34da30a3c4&gt;
    <f7733db0-8a31-4766-98ae-cd3eec49c797 jcr:primaryType="nt:versionHistory" jcr:mixinTypes="" jcr:uuid="f7733db0-8a31-4766-98ae-cd3eec49c797" jcr:versionableUuid="c82a9c04-dfba-489a-a222-1d72bff17495">
      <jcr:versionLabels jcr:primaryType="nt:versionLabels" jcr:mixinTypes="" />
      <jcr:rootVersion jcr:primaryType="nt:version" jcr:mixinTypes="" jcr:uuid="0912d4d3-909b-4dd0-8f40-bb29da367ff4" jcr:created="2008-05-19T14:21:14.123-07:00" jcr:predecessors="" jcr:successors="" />
    </f7733db0-8a31-4766-98ae-cd3eec49c797>&lt;_x0036_3813a8a-9016-4a23-a1b9-8e784c50c873 jcr:primaryType="nt:versionHistory" jcr:mixinTypes="" jcr:uuid="63813a8a-9016-4a23-a1b9-8e784c50c873" jcr:versionableUuid="bc6840e3-0e0a-4a80-9a65-b8f611869294"&gt;
    <jcr:versionLabels jcr:primaryType="nt:versionLabels" jcr:mixinTypes="" />
    <jcr:rootVersion jcr:primaryType="nt:version" jcr:mixinTypes="" jcr:uuid="f3a859df-b99c-484d-a745-9767b8695db0" jcr:created="2008-05-19T14:22:15.534-07:00" jcr:predecessors="" jcr:successors="0702ad19-bc0b-41fe-9c09-6848e0a35604" />&lt;_x0031_.0 jcr:primaryType="nt:version" jcr:mixinTypes="" jcr:uuid="0702ad19-bc0b-41fe-9c09-6848e0a35604" jcr:created="2008-05-19T14:22:15.620-07:00" jcr:predecessors="f3a859df-b99c-484d-a745-9767b8695db0" jcr:successors=""&gt;
    <jcr:frozenNode jcr:primaryType="nt:frozenNode" jcr:mixinTypes="" jcr:uuid="ef5e409f-493d-466b-898b-609b4a9304d0" jcr:frozenUuid="bc6840e3-0e0a-4a80-9a65-b8f611869294" jcr:frozenPrimaryType="test:versionable" jcr:frozenMixinTypes="" jcr:versionHistory="63813a8a-9016-4a23-a1b9-8e784c50c873" jcr:predecessors="f3a859df-b99c-484d-a745-9767b8695db0" />&lt;/_x0031_.0&gt;&lt;/_x0036_3813a8a-9016-4a23-a1b9-8e784c50c873&gt;&lt;_x0036_f30626e-eba1-41d1-bb67-4c0f91231b3e jcr:primaryType="nt:versionHistory" jcr:mixinTypes="" jcr:uuid="6f30626e-eba1-41d1-bb67-4c0f91231b3e" jcr:versionableUuid="c242ccbd-252d-4b23-8ed3-6643f3ce5310"&gt;
    <jcr:versionLabels jcr:primaryType="nt:versionLabels" jcr:mixinTypes="" />
    <jcr:rootVersion jcr:primaryType="nt:version" jcr:mixinTypes="" jcr:uuid="c7dc5bb8-7ae5-41ed-8f0b-a33fa0beb4c0" jcr:created="2008-05-19T14:21:35.505-07:00" jcr:predecessors="" jcr:successors="" />&lt;/_x0036_f30626e-eba1-41d1-bb67-4c0f91231b3e&gt;&lt;_x0035_6555fd9-2c8e-4ff0-9c30-daf0f9b5b750 jcr:primaryType="nt:versionHistory" jcr:mixinTypes="" jcr:uuid="56555fd9-2c8e-4ff0-9c30-daf0f9b5b750" jcr:versionableUuid="37cfacc3-7906-436c-89a7-fba0675fe38c"&gt;
    <jcr:versionLabels jcr:primaryType="nt:versionLabels" jcr:mixinTypes="" />
    <jcr:rootVersion jcr:primaryType="nt:version" jcr:mixinTypes="" jcr:uuid="6e641c78-b0c8-4551-a4d6-01b1ab270398" jcr:created="2008-05-19T14:21:34.482-07:00" jcr:predecessors="" jcr:successors="" />&lt;/_x0035_6555fd9-2c8e-4ff0-9c30-daf0f9b5b750&gt;
    <cd8cc900-7d41-4405-9709-83cffead95ed jcr:primaryType="nt:versionHistory" jcr:mixinTypes="" jcr:uuid="cd8cc900-7d41-4405-9709-83cffead95ed" jcr:versionableUuid="42c3a69c-8245-4ff6-a742-aba8bcf3861b">
      <jcr:versionLabels jcr:primaryType="nt:versionLabels" jcr:mixinTypes="" />
      <jcr:rootVersion jcr:primaryType="nt:version" jcr:mixinTypes="" jcr:uuid="48b9cff1-752a-4aff-9a7b-d0696092b9cf" jcr:created="2008-05-19T14:21:32.495-07:00" jcr:predecessors="" jcr:successors="" />
    </cd8cc900-7d41-4405-9709-83cffead95ed>&lt;_x0030_48d00b1-b74e-48b2-b91f-d9bfc6651331 jcr:primaryType="nt:versionHistory" jcr:mixinTypes="" jcr:uuid="048d00b1-b74e-48b2-b91f-d9bfc6651331" jcr:versionableUuid="9da9cad0-4c2a-42a3-a87f-284d7227ff80"&gt;
    <jcr:versionLabels jcr:primaryType="nt:versionLabels" jcr:mixinTypes="" />&lt;_x0031_.1 jcr:primaryType="nt:version" jcr:mixinTypes="" jcr:uuid="d956573c-ed60-4de0-8b99-9f30c4c735d4" jcr:created="2008-05-19T14:22:00.922-07:00" jcr:predecessors="7ad50e94-4e7c-4c0c-af8b-aee6bedf496a" jcr:successors=""&gt;
    <jcr:frozenNode jcr:primaryType="nt:frozenNode" jcr:mixinTypes="" jcr:uuid="bb7ee2c8-c8a6-4bcb-8893-da7f68c52160" jcr:frozenUuid="9da9cad0-4c2a-42a3-a87f-284d7227ff80" jcr:frozenPrimaryType="test:versionable" jcr:frozenMixinTypes="" jcr:versionHistory="048d00b1-b74e-48b2-b91f-d9bfc6651331" jcr:predecessors="7ad50e94-4e7c-4c0c-af8b-aee6bedf496a" />&lt;/_x0031_.1&gt;&lt;_x0031_.0 jcr:primaryType="nt:version" jcr:mixinTypes="" jcr:uuid="7ad50e94-4e7c-4c0c-af8b-aee6bedf496a" jcr:created="2008-05-19T14:22:00.902-07:00" jcr:predecessors="a9766443-574f-46b2-bbc2-359ffb85fd9d" jcr:successors="d956573c-ed60-4de0-8b99-9f30c4c735d4"&gt;
    <jcr:frozenNode jcr:primaryType="nt:frozenNode" jcr:mixinTypes="" jcr:uuid="1fdad3d4-5734-4a4d-ab00-0b58ad93e13a" jcr:frozenUuid="9da9cad0-4c2a-42a3-a87f-284d7227ff80" jcr:frozenPrimaryType="test:versionable" jcr:frozenMixinTypes="" jcr:versionHistory="048d00b1-b74e-48b2-b91f-d9bfc6651331" jcr:predecessors="a9766443-574f-46b2-bbc2-359ffb85fd9d" />&lt;/_x0031_.0&gt;
    <jcr:rootVersion jcr:primaryType="nt:version" jcr:mixinTypes="" jcr:uuid="a9766443-574f-46b2-bbc2-359ffb85fd9d" jcr:created="2008-05-19T14:22:00.722-07:00" jcr:predecessors="" jcr:successors="7ad50e94-4e7c-4c0c-af8b-aee6bedf496a" />&lt;/_x0030_48d00b1-b74e-48b2-b91f-d9bfc6651331&gt;&lt;_x0031_4546ab7-8231-4afb-86d3-1a17ad32b004 jcr:primaryType="nt:versionHistory" jcr:mixinTypes="" jcr:uuid="14546ab7-8231-4afb-86d3-1a17ad32b004" jcr:versionableUuid="83c9be31-8424-4cc7-b421-1686236d46b4"&gt;
    <jcr:versionLabels jcr:primaryType="nt:versionLabels" jcr:mixinTypes="" />
    <jcr:rootVersion jcr:primaryType="nt:version" jcr:mixinTypes="" jcr:uuid="06c4dee4-ec10-41e4-ad0e-7544b112e3c1" jcr:created="2008-05-19T14:22:03.585-07:00" jcr:predecessors="" jcr:successors="c56e1630-5275-4c51-94e6-3569399a3d19" />&lt;_x0031_.0 jcr:primaryType="nt:version" jcr:mixinTypes="" jcr:uuid="c56e1630-5275-4c51-94e6-3569399a3d19" jcr:created="2008-05-19T14:22:03.655-07:00" jcr:predecessors="06c4dee4-ec10-41e4-ad0e-7544b112e3c1" jcr:successors="23a36d8f-1f25-4523-8a18-f03a67693499"&gt;
    <jcr:frozenNode jcr:primaryType="nt:frozenNode" jcr:mixinTypes="" jcr:uuid="36ebf9e0-1fea-426d-b758-3a2f44c21b32" jcr:frozenUuid="83c9be31-8424-4cc7-b421-1686236d46b4" jcr:frozenPrimaryType="test:versionable" jcr:frozenMixinTypes="" jcr:versionHistory="14546ab7-8231-4afb-86d3-1a17ad32b004" jcr:predecessors="06c4dee4-ec10-41e4-ad0e-7544b112e3c1" />&lt;/_x0031_.0&gt;&lt;_x0031_.1 jcr:primaryType="nt:version" jcr:mixinTypes="" jcr:uuid="23a36d8f-1f25-4523-8a18-f03a67693499" jcr:created="2008-05-19T14:22:03.685-07:00" jcr:predecessors="c56e1630-5275-4c51-94e6-3569399a3d19" jcr:successors=""&gt;
    <jcr:frozenNode jcr:primaryType="nt:frozenNode" jcr:mixinTypes="" jcr:uuid="3ce7b5ce-e474-4bf7-a8a8-cc0409fdbc21" jcr:frozenUuid="83c9be31-8424-4cc7-b421-1686236d46b4" jcr:frozenPrimaryType="test:versionable" jcr:frozenMixinTypes="" jcr:versionHistory="14546ab7-8231-4afb-86d3-1a17ad32b004" jcr:predecessors="c56e1630-5275-4c51-94e6-3569399a3d19" />&lt;/_x0031_.1&gt;&lt;/_x0031_4546ab7-8231-4afb-86d3-1a17ad32b004&gt;
    <a10db3a9-f6d9-4fb8-8589-1206758b9e15 jcr:primaryType="nt:versionHistory" jcr:mixinTypes="" jcr:uuid="a10db3a9-f6d9-4fb8-8589-1206758b9e15" jcr:versionableUuid="fc04b9ec-f64b-4c60-8a0c-cf99e8249abe">
    <jcr:versionLabels jcr:primaryType="nt:versionLabels" jcr:mixinTypes="" />
    <jcr:rootVersion jcr:primaryType="nt:version" jcr:mixinTypes="" jcr:uuid="d33644fd-61ff-4a48-a9d1-bea1388dc14d" jcr:created="2008-05-19T14:21:36.250-07:00" jcr:predecessors="" jcr:successors="8c8fa40f-f16b-4a6e-8b70-ab731f31f926" />&lt;_x0031_.1 jcr:primaryType="nt:version" jcr:mixinTypes="" jcr:uuid="3f58c559-b96f-4613-9186-9ac2bbfd3522" jcr:created="2008-05-19T14:21:36.340-07:00" jcr:predecessors="8c8fa40f-f16b-4a6e-8b70-ab731f31f926" jcr:successors=""&gt;
    <jcr:frozenNode jcr:primaryType="nt:frozenNode" jcr:mixinTypes="" jcr:uuid="b0114945-7972-4403-9d8d-825ca12a5e18" jcr:frozenUuid="fc04b9ec-f64b-4c60-8a0c-cf99e8249abe" jcr:frozenPrimaryType="test:versionable" jcr:frozenMixinTypes="" jcr:versionHistory="a10db3a9-f6d9-4fb8-8589-1206758b9e15" jcr:predecessors="8c8fa40f-f16b-4a6e-8b70-ab731f31f926" />&lt;/_x0031_.1&gt;&lt;_x0031_.0 jcr:primaryType="nt:version" jcr:mixinTypes="" jcr:uuid="8c8fa40f-f16b-4a6e-8b70-ab731f31f926" jcr:created="2008-05-19T14:21:36.331-07:00" jcr:predecessors="d33644fd-61ff-4a48-a9d1-bea1388dc14d" jcr:successors="3f58c559-b96f-4613-9186-9ac2bbfd3522"&gt;
    <jcr:frozenNode jcr:primaryType="nt:frozenNode" jcr:mixinTypes="" jcr:uuid="d8247179-0fee-41d9-ac76-5a4d675a587c" jcr:frozenUuid="fc04b9ec-f64b-4c60-8a0c-cf99e8249abe" jcr:frozenPrimaryType="test:versionable" jcr:frozenMixinTypes="" jcr:versionHistory="a10db3a9-f6d9-4fb8-8589-1206758b9e15" jcr:predecessors="d33644fd-61ff-4a48-a9d1-bea1388dc14d" />&lt;/_x0031_.0&gt;</a10db3a9-f6d9-4fb8-8589-1206758b9e15>&lt;_x0033_d6f9107-5716-46a7-9d1f-73e571109ee8 jcr:primaryType="nt:versionHistory" jcr:mixinTypes="" jcr:uuid="3d6f9107-5716-46a7-9d1f-73e571109ee8" jcr:versionableUuid="905c6285-16d2-400b-8e05-99a14bef7540"&gt;
    <jcr:versionLabels jcr:primaryType="nt:versionLabels" jcr:mixinTypes="" />&lt;_x0031_.1 jcr:primaryType="nt:version" jcr:mixinTypes="" jcr:uuid="1025b57f-fa30-4267-8709-71ad5a208901" jcr:created="2008-05-19T14:21:53.905-07:00" jcr:predecessors="3bdb45b4-ff07-474c-963f-582bac318a55" jcr:successors=""&gt;
    <jcr:frozenNode jcr:primaryType="nt:frozenNode" jcr:mixinTypes="" jcr:uuid="38a53ae1-1090-45bd-a4da-589f23f84d01" jcr:frozenUuid="905c6285-16d2-400b-8e05-99a14bef7540" jcr:frozenPrimaryType="test:versionable" jcr:frozenMixinTypes="" jcr:versionHistory="3d6f9107-5716-46a7-9d1f-73e571109ee8" jcr:predecessors="3bdb45b4-ff07-474c-963f-582bac318a55" />&lt;/_x0031_.1&gt;&lt;_x0031_.0 jcr:primaryType="nt:version" jcr:mixinTypes="" jcr:uuid="3bdb45b4-ff07-474c-963f-582bac318a55" jcr:created="2008-05-19T14:21:53.892-07:00" jcr:predecessors="93ba751d-576d-4066-9ebf-d0639360ec92" jcr:successors="1025b57f-fa30-4267-8709-71ad5a208901"&gt;
    <jcr:frozenNode jcr:primaryType="nt:frozenNode" jcr:mixinTypes="" jcr:uuid="9624f10d-9576-43eb-bff2-93928874ab8d" jcr:frozenUuid="905c6285-16d2-400b-8e05-99a14bef7540" jcr:frozenPrimaryType="test:versionable" jcr:frozenMixinTypes="" jcr:versionHistory="3d6f9107-5716-46a7-9d1f-73e571109ee8" jcr:predecessors="93ba751d-576d-4066-9ebf-d0639360ec92" />&lt;/_x0031_.0&gt;
    <jcr:rootVersion jcr:primaryType="nt:version" jcr:mixinTypes="" jcr:uuid="93ba751d-576d-4066-9ebf-d0639360ec92" jcr:created="2008-05-19T14:21:53.811-07:00" jcr:predecessors="" jcr:successors="3bdb45b4-ff07-474c-963f-582bac318a55" />&lt;/_x0033_d6f9107-5716-46a7-9d1f-73e571109ee8&gt;&lt;_x0036_f112ffa-8031-4a68-b4e2-587794fb592b jcr:primaryType="nt:versionHistory" jcr:mixinTypes="" jcr:uuid="6f112ffa-8031-4a68-b4e2-587794fb592b" jcr:versionableUuid="9b5fb86a-f017-43f6-9f1a-1e31deeb9485"&gt;
    <jcr:versionLabels jcr:primaryType="nt:versionLabels" jcr:mixinTypes="" />&lt;_x0031_.0 jcr:primaryType="nt:version" jcr:mixinTypes="" jcr:uuid="5246f795-dfe1-4c43-af61-7362cf8b13ed" jcr:created="2008-05-19T14:21:38.828-07:00" jcr:predecessors="bd2fe63d-5c99-4b1d-8690-3cf64b311c62" jcr:successors=""&gt;
    <jcr:frozenNode jcr:primaryType="nt:frozenNode" jcr:mixinTypes="" jcr:uuid="cb828f9f-84f1-4012-86d1-c4a3a1cfad56" jcr:frozenUuid="9b5fb86a-f017-43f6-9f1a-1e31deeb9485" jcr:frozenPrimaryType="test:versionable" jcr:frozenMixinTypes="" jcr:versionHistory="6f112ffa-8031-4a68-b4e2-587794fb592b" jcr:predecessors="bd2fe63d-5c99-4b1d-8690-3cf64b311c62">
      <versionableNodeName1 jcr:primaryType="nt:unstructured" jcr:mixinTypes="" />
    </jcr:frozenNode>&lt;/_x0031_.0&gt;
    <jcr:rootVersion jcr:primaryType="nt:version" jcr:mixinTypes="" jcr:uuid="bd2fe63d-5c99-4b1d-8690-3cf64b311c62" jcr:created="2008-05-19T14:21:38.768-07:00" jcr:predecessors="" jcr:successors="5246f795-dfe1-4c43-af61-7362cf8b13ed" />&lt;/_x0036_f112ffa-8031-4a68-b4e2-587794fb592b&gt;
    <df1bf697-e269-4b9c-bd22-b2e5a3fb5d79 jcr:primaryType="nt:versionHistory" jcr:mixinTypes="" jcr:uuid="df1bf697-e269-4b9c-bd22-b2e5a3fb5d79" jcr:versionableUuid="1cdea7f8-c3a9-4dea-9c60-a67bc7c1046c">
    <jcr:versionLabels jcr:primaryType="nt:versionLabels" jcr:mixinTypes="" />&lt;_x0031_.1 jcr:primaryType="nt:version" jcr:mixinTypes="" jcr:uuid="d74d239e-10ee-4fa4-98a6-405b68061ef4" jcr:created="2008-05-19T14:22:01.617-07:00" jcr:predecessors="b102bc6b-9ec8-4428-98f1-276b8ea936e8" jcr:successors=""&gt;
    <jcr:frozenNode jcr:primaryType="nt:frozenNode" jcr:mixinTypes="" jcr:uuid="85779253-5180-414f-9260-ce64bd2ac3a9" jcr:frozenUuid="1cdea7f8-c3a9-4dea-9c60-a67bc7c1046c" jcr:frozenPrimaryType="test:versionable" jcr:frozenMixinTypes="" jcr:versionHistory="df1bf697-e269-4b9c-bd22-b2e5a3fb5d79" jcr:predecessors="b102bc6b-9ec8-4428-98f1-276b8ea936e8" />&lt;/_x0031_.1&gt;
    <jcr:rootVersion jcr:primaryType="nt:version" jcr:mixinTypes="" jcr:uuid="d5e7102b-832a-4f38-9b67-31a3290d8d5c" jcr:created="2008-05-19T14:22:01.508-07:00" jcr:predecessors="" jcr:successors="b102bc6b-9ec8-4428-98f1-276b8ea936e8" />&lt;_x0031_.0 jcr:primaryType="nt:version" jcr:mixinTypes="" jcr:uuid="b102bc6b-9ec8-4428-98f1-276b8ea936e8" jcr:created="2008-05-19T14:22:01.598-07:00" jcr:predecessors="d5e7102b-832a-4f38-9b67-31a3290d8d5c" jcr:successors="d74d239e-10ee-4fa4-98a6-405b68061ef4"&gt;
    <jcr:frozenNode jcr:primaryType="nt:frozenNode" jcr:mixinTypes="" jcr:uuid="5926c9b2-443c-4de5-ad47-d9cc3043622c" jcr:frozenUuid="1cdea7f8-c3a9-4dea-9c60-a67bc7c1046c" jcr:frozenPrimaryType="test:versionable" jcr:frozenMixinTypes="" jcr:versionHistory="df1bf697-e269-4b9c-bd22-b2e5a3fb5d79" jcr:predecessors="d5e7102b-832a-4f38-9b67-31a3290d8d5c" />&lt;/_x0031_.0&gt;</df1bf697-e269-4b9c-bd22-b2e5a3fb5d79>&lt;_x0030_e4043b8-037d-4ac8-8eb9-b79564063dae jcr:primaryType="nt:versionHistory" jcr:mixinTypes="" jcr:uuid="0e4043b8-037d-4ac8-8eb9-b79564063dae" jcr:versionableUuid="5b00f7f6-cb54-4fa2-b268-577b9a45a087"&gt;
    <jcr:versionLabels jcr:primaryType="nt:versionLabels" jcr:mixinTypes="" />
    <jcr:rootVersion jcr:primaryType="nt:version" jcr:mixinTypes="" jcr:uuid="912661da-d3fd-4a4a-b210-e8b49077eaee" jcr:created="2008-05-19T14:21:43.218-07:00" jcr:predecessors="" jcr:successors="e62ba3d8-df04-4caa-9dd7-e290edfdb1a6" />&lt;_x0031_.0 jcr:primaryType="nt:version" jcr:mixinTypes="" jcr:uuid="e62ba3d8-df04-4caa-9dd7-e290edfdb1a6" jcr:created="2008-05-19T14:21:43.289-07:00" jcr:predecessors="912661da-d3fd-4a4a-b210-e8b49077eaee" jcr:successors=""&gt;
    <jcr:frozenNode jcr:primaryType="nt:frozenNode" jcr:mixinTypes="" jcr:uuid="2a2b558a-6c72-43de-9422-7128e4449cc2" jcr:frozenUuid="5b00f7f6-cb54-4fa2-b268-577b9a45a087" jcr:frozenPrimaryType="test:versionable" jcr:frozenMixinTypes="" jcr:versionHistory="0e4043b8-037d-4ac8-8eb9-b79564063dae" jcr:predecessors="912661da-d3fd-4a4a-b210-e8b49077eaee" />&lt;/_x0031_.0&gt;&lt;/_x0030_e4043b8-037d-4ac8-8eb9-b79564063dae&gt;&lt;_x0030_ec13580-de6d-4b81-a46f-d9c6182a74b8 jcr:primaryType="nt:versionHistory" jcr:mixinTypes="" jcr:uuid="0ec13580-de6d-4b81-a46f-d9c6182a74b8" jcr:versionableUuid="ab8634ad-2edd-4124-b86d-a930fab5445f"&gt;
    <jcr:versionLabels jcr:primaryType="nt:versionLabels" jcr:mixinTypes="" />
    <jcr:rootVersion jcr:primaryType="nt:version" jcr:mixinTypes="" jcr:uuid="da856fc4-15eb-4c04-b4a4-ae176d5a221b" jcr:created="2008-05-19T14:21:25.221-07:00" jcr:predecessors="" jcr:successors="13782b0d-06db-4589-bee1-be7ecc010e9e" />&lt;_x0031_.0 jcr:primaryType="nt:version" jcr:mixinTypes="" jcr:uuid="13782b0d-06db-4589-bee1-be7ecc010e9e" jcr:created="2008-05-19T14:21:25.251-07:00" jcr:predecessors="da856fc4-15eb-4c04-b4a4-ae176d5a221b" jcr:successors=""&gt;
    <jcr:frozenNode jcr:primaryType="nt:frozenNode" jcr:mixinTypes="" jcr:uuid="aeae48d5-eaba-468a-8e55-48866af65a40" jcr:frozenUuid="ab8634ad-2edd-4124-b86d-a930fab5445f" jcr:frozenPrimaryType="nt:unstructured" jcr:frozenMixinTypes="mix:versionable" jcr:versionHistory="0ec13580-de6d-4b81-a46f-d9c6182a74b8" jcr:predecessors="da856fc4-15eb-4c04-b4a4-ae176d5a221b">
      <node2 jcr:primaryType="nt:unstructured" jcr:mixinTypes="" />
    </jcr:frozenNode>&lt;/_x0031_.0&gt;&lt;/_x0030_ec13580-de6d-4b81-a46f-d9c6182a74b8&gt;&lt;_x0030_ee376df-9e08-4549-8e6d-c58b2464ed79 jcr:primaryType="nt:versionHistory" jcr:mixinTypes="" jcr:uuid="0ee376df-9e08-4549-8e6d-c58b2464ed79" jcr:versionableUuid="60bb861b-8ca7-46e9-a67e-4ada03455e24"&gt;
    <jcr:versionLabels jcr:primaryType="nt:versionLabels" jcr:mixinTypes="" />&lt;_x0031_.0 jcr:primaryType="nt:version" jcr:mixinTypes="" jcr:uuid="34d27db9-5d8d-44f4-a38a-2232c50cf712" jcr:created="2008-05-19T14:22:08.986-07:00" jcr:predecessors="ed5115fb-213a-40d7-8cf4-2c6c4b68c7ee" jcr:successors=""&gt;
    <jcr:frozenNode jcr:primaryType="nt:frozenNode" jcr:mixinTypes="" jcr:uuid="02c070ef-3de0-48d0-8726-baa62e6d35cd" jcr:frozenUuid="60bb861b-8ca7-46e9-a67e-4ada03455e24" jcr:frozenPrimaryType="test:versionable" jcr:frozenMixinTypes="" jcr:versionHistory="0ee376df-9e08-4549-8e6d-c58b2464ed79" jcr:predecessors="ed5115fb-213a-40d7-8cf4-2c6c4b68c7ee" />&lt;/_x0031_.0&gt;
    <jcr:rootVersion jcr:primaryType="nt:version" jcr:mixinTypes="" jcr:uuid="ed5115fb-213a-40d7-8cf4-2c6c4b68c7ee" jcr:created="2008-05-19T14:22:08.666-07:00" jcr:predecessors="" jcr:successors="34d27db9-5d8d-44f4-a38a-2232c50cf712" />&lt;/_x0030_ee376df-9e08-4549-8e6d-c58b2464ed79&gt;&lt;_x0032_8523338-2e63-4f35-bafe-992389e14624 jcr:primaryType="nt:versionHistory" jcr:mixinTypes="" jcr:uuid="28523338-2e63-4f35-bafe-992389e14624" jcr:versionableUuid="e78ac8cf-2fe8-4efe-8013-02e9364bfe89"&gt;
    <jcr:versionLabels jcr:primaryType="nt:versionLabels" jcr:mixinTypes="" />&lt;_x0031_.0 jcr:primaryType="nt:version" jcr:mixinTypes="" jcr:uuid="e68726d9-2f2e-459c-b41d-e7eee7662061" jcr:created="2008-05-19T14:21:42.834-07:00" jcr:predecessors="d589d31b-7407-4451-864f-66e1a91bac85" jcr:successors=""&gt;
    <jcr:frozenNode jcr:primaryType="nt:frozenNode" jcr:mixinTypes="" jcr:uuid="ce356dc7-1f22-4275-9205-d3ea97fb5e74" jcr:frozenUuid="e78ac8cf-2fe8-4efe-8013-02e9364bfe89" jcr:frozenPrimaryType="test:versionable" jcr:frozenMixinTypes="" jcr:versionHistory="28523338-2e63-4f35-bafe-992389e14624" jcr:predecessors="d589d31b-7407-4451-864f-66e1a91bac85" />&lt;/_x0031_.0&gt;
    <jcr:rootVersion jcr:primaryType="nt:version" jcr:mixinTypes="" jcr:uuid="d589d31b-7407-4451-864f-66e1a91bac85" jcr:created="2008-05-19T14:21:42.474-07:00" jcr:predecessors="" jcr:successors="e68726d9-2f2e-459c-b41d-e7eee7662061" />&lt;/_x0032_8523338-2e63-4f35-bafe-992389e14624&gt;
    <de29d7c3-0d07-46a0-864c-e8f8788084ad jcr:primaryType="nt:versionHistory" jcr:mixinTypes="" jcr:uuid="de29d7c3-0d07-46a0-864c-e8f8788084ad" jcr:versionableUuid="827fcc90-2694-4699-aae1-361138e00f71">
    <jcr:versionLabels jcr:primaryType="nt:versionLabels" jcr:mixinTypes="" />
    <jcr:rootVersion jcr:primaryType="nt:version" jcr:mixinTypes="" jcr:uuid="bb66b6a2-0413-487d-ba1e-3b81b01a850f" jcr:created="2008-05-19T14:21:27.943-07:00" jcr:predecessors="" jcr:successors="f7230de7-b19f-46e4-a5ee-5f104bcb5649" />&lt;_x0031_.0 jcr:primaryType="nt:version" jcr:mixinTypes="" jcr:uuid="f7230de7-b19f-46e4-a5ee-5f104bcb5649" jcr:created="2008-05-19T14:21:27.998-07:00" jcr:predecessors="bb66b6a2-0413-487d-ba1e-3b81b01a850f" jcr:successors=""&gt;
    <jcr:frozenNode jcr:primaryType="nt:frozenNode" jcr:mixinTypes="" jcr:uuid="66128235-a962-4d40-ade5-266a6aad5c99" jcr:frozenUuid="827fcc90-2694-4699-aae1-361138e00f71" jcr:frozenPrimaryType="test:versionable" jcr:frozenMixinTypes="" prop1="versionableNodeName2" jcr:versionHistory="de29d7c3-0d07-46a0-864c-e8f8788084ad" jcr:predecessors="bb66b6a2-0413-487d-ba1e-3b81b01a850f" />&lt;/_x0031_.0&gt;</de29d7c3-0d07-46a0-864c-e8f8788084ad>&lt;_x0036_31d6575-b9a4-4835-944f-a287d79d25e2 jcr:primaryType="nt:versionHistory" jcr:mixinTypes="" jcr:uuid="631d6575-b9a4-4835-944f-a287d79d25e2" jcr:versionableUuid="d084558c-8a7c-45df-a88f-593320fce573"&gt;
    <jcr:versionLabels jcr:primaryType="nt:versionLabels" jcr:mixinTypes="" />
    <jcr:rootVersion jcr:primaryType="nt:version" jcr:mixinTypes="" jcr:uuid="44338808-8295-4ca5-9b34-eefc1cabfedb" jcr:created="2008-05-19T14:21:12.512-07:00" jcr:predecessors="" jcr:successors="" />&lt;/_x0036_31d6575-b9a4-4835-944f-a287d79d25e2&gt;&lt;_x0031_c11249e-032b-404d-9715-1e7e4d0e9c49 jcr:primaryType="nt:versionHistory" jcr:mixinTypes="" jcr:uuid="1c11249e-032b-404d-9715-1e7e4d0e9c49" jcr:versionableUuid="4885dc46-6693-4a9a-83b3-72b9c3542d54"&gt;
    <jcr:versionLabels jcr:primaryType="nt:versionLabels" jcr:mixinTypes="" />
    <jcr:rootVersion jcr:primaryType="nt:version" jcr:mixinTypes="" jcr:uuid="7c88416d-d451-40d3-be7e-82f2f5d8eb26" jcr:created="2008-05-19T14:21:12.907-07:00" jcr:predecessors="" jcr:successors="" />&lt;/_x0031_c11249e-032b-404d-9715-1e7e4d0e9c49&gt;&lt;_x0033_2db0753-c0aa-4802-8786-64239bf88a43 jcr:primaryType="nt:versionHistory" jcr:mixinTypes="" jcr:uuid="32db0753-c0aa-4802-8786-64239bf88a43" jcr:versionableUuid="7135ed79-8ba4-48c9-ae35-7ec7019445a0"&gt;
    <jcr:versionLabels jcr:primaryType="nt:versionLabels" jcr:mixinTypes="" />
    <jcr:rootVersion jcr:primaryType="nt:version" jcr:mixinTypes="" jcr:uuid="28340ef3-d907-402d-a9b5-697bd381ed58" jcr:created="2008-05-19T14:21:52.628-07:00" jcr:predecessors="" jcr:successors="" />&lt;/_x0033_2db0753-c0aa-4802-8786-64239bf88a43&gt;
    <c502cdb1-dba2-4b57-b339-3dc7dca82e6e jcr:primaryType="nt:versionHistory" jcr:mixinTypes="" jcr:uuid="c502cdb1-dba2-4b57-b339-3dc7dca82e6e" jcr:versionableUuid="1ea6c6e1-a20c-4f02-b39a-e9e8115b4134">
    <jcr:versionLabels jcr:primaryType="nt:versionLabels" jcr:mixinTypes="" />&lt;_x0031_.0 jcr:primaryType="nt:version" jcr:mixinTypes="" jcr:uuid="2424848e-9e95-47d6-a28b-6f44ff52d887" jcr:created="2008-05-19T14:21:51.453-07:00" jcr:predecessors="07059e6c-68e6-43a7-a5ec-540c35d5db14" jcr:successors=""&gt;
    <jcr:frozenNode jcr:primaryType="nt:frozenNode" jcr:mixinTypes="" jcr:uuid="74ec4f57-cedb-4f30-b83c-132033e91fb8" jcr:frozenUuid="1ea6c6e1-a20c-4f02-b39a-e9e8115b4134" jcr:frozenPrimaryType="test:versionable" jcr:frozenMixinTypes="" jcr:versionHistory="c502cdb1-dba2-4b57-b339-3dc7dca82e6e" jcr:predecessors="07059e6c-68e6-43a7-a5ec-540c35d5db14" />&lt;/_x0031_.0&gt;
    <jcr:rootVersion jcr:primaryType="nt:version" jcr:mixinTypes="" jcr:uuid="07059e6c-68e6-43a7-a5ec-540c35d5db14" jcr:created="2008-05-19T14:21:51.395-07:00" jcr:predecessors="" jcr:successors="2424848e-9e95-47d6-a28b-6f44ff52d887" /></c502cdb1-dba2-4b57-b339-3dc7dca82e6e>
    <b0b910e9-6eaa-4230-9a73-cd7f0ccc9d7b jcr:primaryType="nt:versionHistory" jcr:mixinTypes="" jcr:uuid="b0b910e9-6eaa-4230-9a73-cd7f0ccc9d7b" jcr:versionableUuid="5383addf-311a-4a5f-9bbe-a47cfe861e1f">
      <jcr:versionLabels jcr:primaryType="nt:versionLabels" jcr:mixinTypes="" />
      <jcr:rootVersion jcr:primaryType="nt:version" jcr:mixinTypes="" jcr:uuid="8fe33c92-700d-4e19-b5fd-6c71dbcd8e74" jcr:created="2008-05-19T14:21:13.633-07:00" jcr:predecessors="" jcr:successors="" />
    </b0b910e9-6eaa-4230-9a73-cd7f0ccc9d7b>&lt;_x0036_b1535e9-8f18-4b85-a3f5-b542703acc4e jcr:primaryType="nt:versionHistory" jcr:mixinTypes="" jcr:uuid="6b1535e9-8f18-4b85-a3f5-b542703acc4e" jcr:versionableUuid="b9fb69e8-c2bb-4e35-8782-c09d33532cab"&gt;
    <jcr:versionLabels jcr:primaryType="nt:versionLabels" jcr:mixinTypes="" />
    <jcr:rootVersion jcr:primaryType="nt:version" jcr:mixinTypes="" jcr:uuid="c7ed8bc7-8268-4bf5-b9e8-dc33b069310d" jcr:created="2008-05-19T14:21:31.454-07:00" jcr:predecessors="" jcr:successors="ab92e055-bb8d-4a0e-96c5-5f48917e2907" />&lt;_x0031_.0 jcr:primaryType="nt:version" jcr:mixinTypes="" jcr:uuid="ab92e055-bb8d-4a0e-96c5-5f48917e2907" jcr:created="2008-05-19T14:21:31.502-07:00" jcr:predecessors="c7ed8bc7-8268-4bf5-b9e8-dc33b069310d" jcr:successors=""&gt;
    <jcr:frozenNode jcr:primaryType="nt:frozenNode" jcr:mixinTypes="" jcr:uuid="7c07c56b-8928-4fd7-bb1d-db72c24ffcc0" jcr:frozenUuid="b9fb69e8-c2bb-4e35-8782-c09d33532cab" jcr:frozenPrimaryType="test:versionable" jcr:frozenMixinTypes="" jcr:versionHistory="6b1535e9-8f18-4b85-a3f5-b542703acc4e" jcr:predecessors="c7ed8bc7-8268-4bf5-b9e8-dc33b069310d" />&lt;/_x0031_.0&gt;&lt;/_x0036_b1535e9-8f18-4b85-a3f5-b542703acc4e&gt;
    <a2a3f0d4-2abe-46e4-b261-d3a42a8e7106 jcr:primaryType="nt:versionHistory" jcr:mixinTypes="" jcr:uuid="a2a3f0d4-2abe-46e4-b261-d3a42a8e7106" jcr:versionableUuid="9afcd3d2-72b6-4af2-b0b9-c22f6e01ceca">
      <jcr:versionLabels jcr:primaryType="nt:versionLabels" jcr:mixinTypes="" />
      <jcr:rootVersion jcr:primaryType="nt:version" jcr:mixinTypes="" jcr:uuid="be49e7d5-ee34-480c-a399-1bb8f9cd08a7" jcr:created="2008-05-19T14:21:50.192-07:00" jcr:predecessors="" jcr:successors="" />
    </a2a3f0d4-2abe-46e4-b261-d3a42a8e7106>
    <cd1b6c3b-9a20-4185-bc9b-4a4fd0c8040e jcr:primaryType="nt:versionHistory" jcr:mixinTypes="" jcr:uuid="cd1b6c3b-9a20-4185-bc9b-4a4fd0c8040e" jcr:versionableUuid="23c0c879-d3a4-409b-b4f1-ca11fbf1f089">
    <jcr:versionLabels jcr:primaryType="nt:versionLabels" jcr:mixinTypes="" />&lt;_x0031_.1 jcr:primaryType="nt:version" jcr:mixinTypes="" jcr:uuid="0da76653-9725-47aa-abee-dbfdbbff755f" jcr:created="2008-05-19T14:21:32.656-07:00" jcr:predecessors="a22335ab-8dfc-4b5d-97db-75ce85ff890c" jcr:successors="ac899476-9d74-4848-b472-60731d6a0644"&gt;
    <jcr:frozenNode jcr:primaryType="nt:frozenNode" jcr:mixinTypes="" jcr:uuid="9a88635e-7ad6-4c0d-8dd5-493ff771ce09" jcr:frozenUuid="23c0c879-d3a4-409b-b4f1-ca11fbf1f089" jcr:frozenPrimaryType="test:versionable" jcr:frozenMixinTypes="" jcr:versionHistory="cd1b6c3b-9a20-4185-bc9b-4a4fd0c8040e" jcr:predecessors="a2d463a1-d1d4-4fe8-b57d-07c03c470a74" />&lt;/_x0031_.1&gt;&lt;_x0031_.4 jcr:primaryType="nt:version" jcr:mixinTypes="" jcr:uuid="07f9d0bb-243c-4fcd-b48b-91f4669ea1d9" jcr:created="2008-05-19T14:21:32.888-07:00" jcr:predecessors="ac899476-9d74-4848-b472-60731d6a0644" jcr:successors=""&gt;
    <jcr:frozenNode jcr:primaryType="nt:frozenNode" jcr:mixinTypes="" jcr:uuid="e25a5756-f83d-481f-9726-fa0a2f7bf00d" jcr:frozenUuid="23c0c879-d3a4-409b-b4f1-ca11fbf1f089" jcr:frozenPrimaryType="test:versionable" jcr:frozenMixinTypes="" jcr:versionHistory="cd1b6c3b-9a20-4185-bc9b-4a4fd0c8040e" jcr:predecessors="2ec4152b-361e-4339-a446-13e8b5898fcc" />&lt;/_x0031_.4&gt;
    <jcr:rootVersion jcr:primaryType="nt:version" jcr:mixinTypes="" jcr:uuid="a22335ab-8dfc-4b5d-97db-75ce85ff890c" jcr:created="2008-05-19T14:21:32.577-07:00" jcr:predecessors="" jcr:successors="0da76653-9725-47aa-abee-dbfdbbff755f" />&lt;_x0031_.2 jcr:primaryType="nt:version" jcr:mixinTypes="" jcr:uuid="ac899476-9d74-4848-b472-60731d6a0644" jcr:created="2008-05-19T14:21:32.670-07:00" jcr:predecessors="0da76653-9725-47aa-abee-dbfdbbff755f" jcr:successors="07f9d0bb-243c-4fcd-b48b-91f4669ea1d9"&gt;
    <jcr:frozenNode jcr:primaryType="nt:frozenNode" jcr:mixinTypes="" jcr:uuid="53282c47-d7a6-44a9-84a3-f3874739f49d" jcr:frozenUuid="23c0c879-d3a4-409b-b4f1-ca11fbf1f089" jcr:frozenPrimaryType="test:versionable" jcr:frozenMixinTypes="" jcr:versionHistory="cd1b6c3b-9a20-4185-bc9b-4a4fd0c8040e" jcr:predecessors="0da76653-9725-47aa-abee-dbfdbbff755f" />&lt;/_x0031_.2&gt;</cd1b6c3b-9a20-4185-bc9b-4a4fd0c8040e>
    <c0c3a6b6-6f5e-451c-8105-45ef431e62e8 jcr:primaryType="nt:versionHistory" jcr:mixinTypes="" jcr:uuid="c0c3a6b6-6f5e-451c-8105-45ef431e62e8" jcr:versionableUuid="f73f8cc4-6a8b-4f39-b190-3f024bd729bd">
    <jcr:versionLabels jcr:primaryType="nt:versionLabels" jcr:mixinTypes="" />&lt;_x0031_.0 jcr:primaryType="nt:version" jcr:mixinTypes="" jcr:uuid="847bef2c-8e88-4ed2-aa67-4d6d55885dd6" jcr:created="2008-05-19T14:21:31.866-07:00" jcr:predecessors="a18b0bcc-f9d1-42ea-8ad8-d56d4042c352" jcr:successors=""&gt;
    <jcr:frozenNode jcr:primaryType="nt:frozenNode" jcr:mixinTypes="" jcr:uuid="6279c83b-e93f-4882-8680-3a57649d3515" jcr:frozenUuid="f73f8cc4-6a8b-4f39-b190-3f024bd729bd" jcr:frozenPrimaryType="test:versionable" jcr:frozenMixinTypes="" jcr:versionHistory="c0c3a6b6-6f5e-451c-8105-45ef431e62e8" jcr:predecessors="a18b0bcc-f9d1-42ea-8ad8-d56d4042c352" />&lt;/_x0031_.0&gt;
    <jcr:rootVersion jcr:primaryType="nt:version" jcr:mixinTypes="" jcr:uuid="a18b0bcc-f9d1-42ea-8ad8-d56d4042c352" jcr:created="2008-05-19T14:21:31.738-07:00" jcr:predecessors="" jcr:successors="847bef2c-8e88-4ed2-aa67-4d6d55885dd6" /></c0c3a6b6-6f5e-451c-8105-45ef431e62e8>&lt;_x0039_bc9742e-247f-4a0c-ade8-51f3eb43fdb5 jcr:primaryType="nt:versionHistory" jcr:mixinTypes="" jcr:uuid="9bc9742e-247f-4a0c-ade8-51f3eb43fdb5" jcr:versionableUuid="be30f5b2-b450-4480-89d8-5340397b35ac"&gt;
    <jcr:versionLabels jcr:primaryType="nt:versionLabels" jcr:mixinTypes="" />
    <jcr:rootVersion jcr:primaryType="nt:version" jcr:mixinTypes="" jcr:uuid="4d95b8ab-df3c-4beb-971c-a9b74a23b3bf" jcr:created="2008-05-19T14:21:34.625-07:00" jcr:predecessors="" jcr:successors="b4452d9c-e955-4776-853a-5fa2fd08d0fd" />&lt;_x0031_.0 jcr:primaryType="nt:version" jcr:mixinTypes="" jcr:uuid="b4452d9c-e955-4776-853a-5fa2fd08d0fd" jcr:created="2008-05-19T14:21:34.710-07:00" jcr:predecessors="4d95b8ab-df3c-4beb-971c-a9b74a23b3bf" jcr:successors="acbbb468-7a72-4130-af96-9ca3c75d1fd6"&gt;
    <jcr:frozenNode jcr:primaryType="nt:frozenNode" jcr:mixinTypes="" jcr:uuid="0ede2b6b-fd77-4ba1-bb4d-e4a77ca70ba7" jcr:frozenUuid="be30f5b2-b450-4480-89d8-5340397b35ac" jcr:frozenPrimaryType="test:versionable" jcr:frozenMixinTypes="" jcr:versionHistory="9bc9742e-247f-4a0c-ade8-51f3eb43fdb5" jcr:predecessors="4d95b8ab-df3c-4beb-971c-a9b74a23b3bf" />&lt;/_x0031_.0&gt;&lt;_x0031_.1 jcr:primaryType="nt:version" jcr:mixinTypes="" jcr:uuid="acbbb468-7a72-4130-af96-9ca3c75d1fd6" jcr:created="2008-05-19T14:21:34.969-07:00" jcr:predecessors="b4452d9c-e955-4776-853a-5fa2fd08d0fd" jcr:successors=""&gt;
    <jcr:frozenNode jcr:primaryType="nt:frozenNode" jcr:mixinTypes="" jcr:uuid="b4135fbc-ea2a-409e-a7cc-09a8942a4287" jcr:frozenUuid="be30f5b2-b450-4480-89d8-5340397b35ac" jcr:frozenPrimaryType="test:versionable" jcr:frozenMixinTypes="" jcr:versionHistory="9bc9742e-247f-4a0c-ade8-51f3eb43fdb5" jcr:predecessors="b4452d9c-e955-4776-853a-5fa2fd08d0fd" />&lt;/_x0031_.1&gt;&lt;/_x0039_bc9742e-247f-4a0c-ade8-51f3eb43fdb5&gt;&lt;_x0036_a204d61-6345-4be7-93d7-8c1044811ae6 jcr:primaryType="nt:versionHistory" jcr:mixinTypes="" jcr:uuid="6a204d61-6345-4be7-93d7-8c1044811ae6" jcr:versionableUuid="71bc598d-f63a-4b5c-9e5a-2643302b2dd5"&gt;
    <jcr:versionLabels jcr:primaryType="nt:versionLabels" jcr:mixinTypes="" />&lt;_x0031_.0 jcr:primaryType="nt:version" jcr:mixinTypes="" jcr:uuid="0164e96f-308c-4aa1-a0a1-ae72693c4e94" jcr:created="2008-05-19T14:21:54.735-07:00" jcr:predecessors="b0de2b41-c218-4261-b9b9-78a4664eb330" jcr:successors="27742d70-d53a-4023-9be3-b49e18a46ba3"&gt;
    <jcr:frozenNode jcr:primaryType="nt:frozenNode" jcr:mixinTypes="" jcr:uuid="d6881e79-af67-4e2d-808f-38e246c7a23e" jcr:frozenUuid="71bc598d-f63a-4b5c-9e5a-2643302b2dd5" jcr:frozenPrimaryType="test:versionable" jcr:frozenMixinTypes="" jcr:versionHistory="6a204d61-6345-4be7-93d7-8c1044811ae6" jcr:predecessors="b0de2b41-c218-4261-b9b9-78a4664eb330" />&lt;/_x0031_.0&gt;&lt;_x0031_.1 jcr:primaryType="nt:version" jcr:mixinTypes="" jcr:uuid="27742d70-d53a-4023-9be3-b49e18a46ba3" jcr:created="2008-05-19T14:21:54.748-07:00" jcr:predecessors="0164e96f-308c-4aa1-a0a1-ae72693c4e94" jcr:successors=""&gt;
    <jcr:frozenNode jcr:primaryType="nt:frozenNode" jcr:mixinTypes="" jcr:uuid="b00d0d1d-402c-47e7-b473-4f09fa4fa57d" jcr:frozenUuid="71bc598d-f63a-4b5c-9e5a-2643302b2dd5" jcr:frozenPrimaryType="test:versionable" jcr:frozenMixinTypes="" jcr:versionHistory="6a204d61-6345-4be7-93d7-8c1044811ae6" jcr:predecessors="0164e96f-308c-4aa1-a0a1-ae72693c4e94" />&lt;/_x0031_.1&gt;
    <jcr:rootVersion jcr:primaryType="nt:version" jcr:mixinTypes="" jcr:uuid="b0de2b41-c218-4261-b9b9-78a4664eb330" jcr:created="2008-05-19T14:21:54.654-07:00" jcr:predecessors="" jcr:successors="0164e96f-308c-4aa1-a0a1-ae72693c4e94" />&lt;/_x0036_a204d61-6345-4be7-93d7-8c1044811ae6&gt;
    <bddaa1b7-a385-4baf-835e-265e7d9ff607 jcr:primaryType="nt:versionHistory" jcr:mixinTypes="" jcr:uuid="bddaa1b7-a385-4baf-835e-265e7d9ff607" jcr:versionableUuid="2b0f1b3b-6ed4-4f17-b81c-899199d9e1a3">
    <jcr:versionLabels jcr:primaryType="nt:versionLabels" jcr:mixinTypes="" />&lt;_x0031_.0 jcr:primaryType="nt:version" jcr:mixinTypes="" jcr:uuid="5e4cbc75-a97f-4196-ae20-fa3dc5d68fc1" jcr:created="2008-05-19T14:21:41.005-07:00" jcr:predecessors="3ebb3982-81a0-461a-a08d-740b7cb10468" jcr:successors=""&gt;
    <jcr:frozenNode jcr:primaryType="nt:frozenNode" jcr:mixinTypes="" jcr:uuid="0beab6f4-c2f3-4411-bb5c-908eff3e1c58" jcr:frozenUuid="2b0f1b3b-6ed4-4f17-b81c-899199d9e1a3" jcr:frozenPrimaryType="test:versionable" jcr:frozenMixinTypes="" jcr:versionHistory="bddaa1b7-a385-4baf-835e-265e7d9ff607" jcr:predecessors="3ebb3982-81a0-461a-a08d-740b7cb10468" />&lt;/_x0031_.0&gt;
    <jcr:rootVersion jcr:primaryType="nt:version" jcr:mixinTypes="" jcr:uuid="3ebb3982-81a0-461a-a08d-740b7cb10468" jcr:created="2008-05-19T14:21:40.934-07:00" jcr:predecessors="" jcr:successors="5e4cbc75-a97f-4196-ae20-fa3dc5d68fc1" /></bddaa1b7-a385-4baf-835e-265e7d9ff607>&lt;_x0033_0037220-657c-4b9c-a1cf-a994df033241 jcr:primaryType="nt:versionHistory" jcr:mixinTypes="" jcr:uuid="30037220-657c-4b9c-a1cf-a994df033241" jcr:versionableUuid="0cf0df26-4941-44a2-86b3-246e3217b75a"&gt;
    <jcr:versionLabels jcr:primaryType="nt:versionLabels" jcr:mixinTypes="" />&lt;_x0031_.1 jcr:primaryType="nt:version" jcr:mixinTypes="" jcr:uuid="3cfef17e-025f-4c90-9119-3d7b2e6ae6b9" jcr:created="2008-05-19T14:21:37.067-07:00" jcr:predecessors="4967690c-c314-4f6c-8665-644b9a909117" jcr:successors=""&gt;
    <jcr:frozenNode jcr:primaryType="nt:frozenNode" jcr:mixinTypes="" jcr:uuid="1454d3dd-9bbc-49a0-8309-f42f1e165250" jcr:frozenUuid="0cf0df26-4941-44a2-86b3-246e3217b75a" jcr:frozenPrimaryType="test:versionable" jcr:frozenMixinTypes="" jcr:versionHistory="30037220-657c-4b9c-a1cf-a994df033241" jcr:predecessors="4967690c-c314-4f6c-8665-644b9a909117" />&lt;/_x0031_.1&gt;&lt;_x0031_.0 jcr:primaryType="nt:version" jcr:mixinTypes="" jcr:uuid="4967690c-c314-4f6c-8665-644b9a909117" jcr:created="2008-05-19T14:21:37.054-07:00" jcr:predecessors="89625f79-0801-4746-9ab4-4e1ec162f567" jcr:successors="3cfef17e-025f-4c90-9119-3d7b2e6ae6b9"&gt;
    <jcr:frozenNode jcr:primaryType="nt:frozenNode" jcr:mixinTypes="" jcr:uuid="064ea789-ceaf-4acc-b601-122085f4ea53" jcr:frozenUuid="0cf0df26-4941-44a2-86b3-246e3217b75a" jcr:frozenPrimaryType="test:versionable" jcr:frozenMixinTypes="" jcr:versionHistory="30037220-657c-4b9c-a1cf-a994df033241" jcr:predecessors="89625f79-0801-4746-9ab4-4e1ec162f567" />&lt;/_x0031_.0&gt;
    <jcr:rootVersion jcr:primaryType="nt:version" jcr:mixinTypes="" jcr:uuid="89625f79-0801-4746-9ab4-4e1ec162f567" jcr:created="2008-05-19T14:21:36.984-07:00" jcr:predecessors="" jcr:successors="4967690c-c314-4f6c-8665-644b9a909117" />&lt;/_x0033_0037220-657c-4b9c-a1cf-a994df033241&gt;&lt;_x0034_b7d44f4-0d1b-45ae-81a7-4d1129ec6380 jcr:primaryType="nt:versionHistory" jcr:mixinTypes="" jcr:uuid="4b7d44f4-0d1b-45ae-81a7-4d1129ec6380" jcr:versionableUuid="1d7c006e-6bac-4d8c-9cc0-c653bc74091d"&gt;
    <jcr:versionLabels jcr:primaryType="nt:versionLabels" jcr:mixinTypes="" />&lt;_x0031_.0 jcr:primaryType="nt:version" jcr:mixinTypes="" jcr:uuid="afd4b234-dd2c-4b9a-b043-102bb651dd9f" jcr:created="2008-05-19T14:22:14.989-07:00" jcr:predecessors="7c8c3ec8-c29c-479a-8ce0-5d4118cb5763" jcr:successors=""&gt;
    <jcr:frozenNode jcr:primaryType="nt:frozenNode" jcr:mixinTypes="" jcr:uuid="2fe66f1e-d864-4908-8e2b-d03c6c11aedc" jcr:frozenUuid="1d7c006e-6bac-4d8c-9cc0-c653bc74091d" jcr:frozenPrimaryType="test:versionable" jcr:frozenMixinTypes="" jcr:versionHistory="4b7d44f4-0d1b-45ae-81a7-4d1129ec6380" jcr:predecessors="7c8c3ec8-c29c-479a-8ce0-5d4118cb5763" />&lt;/_x0031_.0&gt;
    <jcr:rootVersion jcr:primaryType="nt:version" jcr:mixinTypes="" jcr:uuid="7c8c3ec8-c29c-479a-8ce0-5d4118cb5763" jcr:created="2008-05-19T14:22:14.464-07:00" jcr:predecessors="" jcr:successors="afd4b234-dd2c-4b9a-b043-102bb651dd9f" />&lt;/_x0034_b7d44f4-0d1b-45ae-81a7-4d1129ec6380&gt;&lt;_x0034_d9d72c6-5233-456a-aab2-ecfb5180268e jcr:primaryType="nt:versionHistory" jcr:mixinTypes="" jcr:uuid="4d9d72c6-5233-456a-aab2-ecfb5180268e" jcr:versionableUuid="7f403855-62ea-4a69-a10c-7e046da80b75"&gt;
    <jcr:versionLabels jcr:primaryType="nt:versionLabels" jcr:mixinTypes="" />&lt;_x0031_.0 jcr:primaryType="nt:version" jcr:mixinTypes="" jcr:uuid="b769513b-f0f4-46d7-970f-aba38c00c870" jcr:created="2008-05-19T14:22:06.976-07:00" jcr:predecessors="27ace69b-a3c0-458f-b460-dc3415a169de" jcr:successors=""&gt;
    <jcr:frozenNode jcr:primaryType="nt:frozenNode" jcr:mixinTypes="" jcr:uuid="0ea80a5c-9b66-43f6-8050-76a88a9b485d" jcr:frozenUuid="7f403855-62ea-4a69-a10c-7e046da80b75" jcr:frozenPrimaryType="test:versionable" jcr:frozenMixinTypes="" jcr:versionHistory="4d9d72c6-5233-456a-aab2-ecfb5180268e" jcr:predecessors="27ace69b-a3c0-458f-b460-dc3415a169de" />&lt;/_x0031_.0&gt;
    <jcr:rootVersion jcr:primaryType="nt:version" jcr:mixinTypes="" jcr:uuid="27ace69b-a3c0-458f-b460-dc3415a169de" jcr:created="2008-05-19T14:22:06.902-07:00" jcr:predecessors="" jcr:successors="b769513b-f0f4-46d7-970f-aba38c00c870" />&lt;/_x0034_d9d72c6-5233-456a-aab2-ecfb5180268e&gt;&lt;_x0035_bebf3fa-08e9-44bd-9377-83e30067fc07 jcr:primaryType="nt:versionHistory" jcr:mixinTypes="" jcr:uuid="5bebf3fa-08e9-44bd-9377-83e30067fc07" jcr:versionableUuid="5de33894-1bd2-4ef2-b72a-ed8ae0dff30c"&gt;
    <jcr:versionLabels jcr:primaryType="nt:versionLabels" jcr:mixinTypes="" />&lt;_x0031_.0 jcr:primaryType="nt:version" jcr:mixinTypes="" jcr:uuid="c9083bb2-cba8-481b-9c06-a7d5b466f8c4" jcr:created="2008-05-19T14:21:35.449-07:00" jcr:predecessors="75f7101e-f7fc-4d37-865b-66636e75ff2a" jcr:successors="74616d10-d124-4497-a388-4f74d2e10b3e"&gt;
    <jcr:frozenNode jcr:primaryType="nt:frozenNode" jcr:mixinTypes="" jcr:uuid="2668d348-95a4-45bc-8db4-5ec55068f7e5" jcr:frozenUuid="5de33894-1bd2-4ef2-b72a-ed8ae0dff30c" jcr:frozenPrimaryType="test:versionable" jcr:frozenMixinTypes="" jcr:versionHistory="5bebf3fa-08e9-44bd-9377-83e30067fc07" jcr:predecessors="75f7101e-f7fc-4d37-865b-66636e75ff2a" />&lt;/_x0031_.0&gt;&lt;_x0031_.1 jcr:primaryType="nt:version" jcr:mixinTypes="" jcr:uuid="74616d10-d124-4497-a388-4f74d2e10b3e" jcr:created="2008-05-19T14:21:35.472-07:00" jcr:predecessors="c9083bb2-cba8-481b-9c06-a7d5b466f8c4" jcr:successors=""&gt;
    <jcr:frozenNode jcr:primaryType="nt:frozenNode" jcr:mixinTypes="" jcr:uuid="326e0861-f43e-4cf6-aacb-42f9bcbe4024" jcr:frozenUuid="5de33894-1bd2-4ef2-b72a-ed8ae0dff30c" jcr:frozenPrimaryType="test:versionable" jcr:frozenMixinTypes="" jcr:versionHistory="5bebf3fa-08e9-44bd-9377-83e30067fc07" jcr:predecessors="c9083bb2-cba8-481b-9c06-a7d5b466f8c4" />&lt;/_x0031_.1&gt;
    <jcr:rootVersion jcr:primaryType="nt:version" jcr:mixinTypes="" jcr:uuid="75f7101e-f7fc-4d37-865b-66636e75ff2a" jcr:created="2008-05-19T14:21:35.310-07:00" jcr:predecessors="" jcr:successors="c9083bb2-cba8-481b-9c06-a7d5b466f8c4" />&lt;/_x0035_bebf3fa-08e9-44bd-9377-83e30067fc07&gt;</jcr:versionStorage>
    <jcr:nodeTypes jcr:primaryType="rep:nodeTypes">
      <nt:versionLabels jcr:primaryType="nt:nodeType" jcr:mixinTypes="" jcr:nodeTypeName="nt:versionLabels" jcr:supertypes="nt:base" jcr:isMixin="false" jcr:hasOrderableChildNodes="false">
        <jcr:propertyDefinition jcr:primaryType="nt:propertyDefinition" jcr:mixinTypes="" jcr:autoCreated="false" jcr:mandatory="false" jcr:onParentVersion="ABORT" jcr:protected="true" jcr:multiple="false" jcr:requiredType="Reference" jcr:defaultValues="" jcr:valueConstraints="nt:version" />
      </nt:versionLabels>
      <mix:versionable jcr:primaryType="nt:nodeType" jcr:mixinTypes="" jcr:nodeTypeName="mix:versionable" jcr:supertypes="mix:referenceable" jcr:isMixin="true" jcr:hasOrderableChildNodes="false">
        <jcr:propertyDefinition jcr:primaryType="nt:propertyDefinition" jcr:mixinTypes="" jcr:name="jcr:versionHistory" jcr:autoCreated="false" jcr:mandatory="true" jcr:onParentVersion="COPY" jcr:protected="true" jcr:multiple="false" jcr:requiredType="Reference" jcr:defaultValues="" jcr:valueConstraints="nt:versionHistory" />
        <jcr:propertyDefinition jcr:primaryType="nt:propertyDefinition" jcr:mixinTypes="" jcr:name="jcr:baseVersion" jcr:autoCreated="false" jcr:mandatory="true" jcr:onParentVersion="IGNORE" jcr:protected="true" jcr:multiple="false" jcr:requiredType="Reference" jcr:defaultValues="" jcr:valueConstraints="nt:version" />
        <jcr:propertyDefinition jcr:primaryType="nt:propertyDefinition" jcr:mixinTypes="" jcr:name="jcr:isCheckedOut" jcr:autoCreated="true" jcr:mandatory="true" jcr:onParentVersion="IGNORE" jcr:protected="true" jcr:multiple="false" jcr:requiredType="Boolean" jcr:defaultValues="true" jcr:valueConstraints="" />
        <jcr:propertyDefinition jcr:primaryType="nt:propertyDefinition" jcr:mixinTypes="" jcr:name="jcr:predecessors" jcr:autoCreated="false" jcr:mandatory="true" jcr:onParentVersion="COPY" jcr:protected="true" jcr:multiple="true" jcr:requiredType="Reference" jcr:defaultValues="" jcr:valueConstraints="nt:version" />
        <jcr:propertyDefinition jcr:primaryType="nt:propertyDefinition" jcr:mixinTypes="" jcr:name="jcr:mergeFailed" jcr:autoCreated="false" jcr:mandatory="false" jcr:onParentVersion="ABORT" jcr:protected="true" jcr:multiple="true" jcr:requiredType="Reference" jcr:defaultValues="" jcr:valueConstraints="" />
      </mix:versionable>
      <nt:hierarchyNode jcr:primaryType="nt:nodeType" jcr:mixinTypes="" jcr:nodeTypeName="nt:hierarchyNode" jcr:supertypes="nt:base" jcr:isMixin="false" jcr:hasOrderableChildNodes="false">
        <jcr:propertyDefinition jcr:primaryType="nt:propertyDefinition" jcr:mixinTypes="" jcr:name="jcr:created" jcr:autoCreated="true" jcr:mandatory="true" jcr:onParentVersion="INITIALIZE" jcr:protected="true" jcr:multiple="false" jcr:requiredType="Date" jcr:defaultValues="" jcr:valueConstraints="" />
      </nt:hierarchyNode>
      <nt:resource jcr:primaryType="nt:nodeType" jcr:mixinTypes="" jcr:nodeTypeName="nt:resource" jcr:supertypes="nt:base mix:referenceable" jcr:isMixin="false" jcr:hasOrderableChildNodes="false" jcr:primaryItemName="jcr:data">
        <jcr:propertyDefinition jcr:primaryType="nt:propertyDefinition" jcr:mixinTypes="" jcr:name="jcr:encoding" jcr:autoCreated="false" jcr:mandatory="false" jcr:onParentVersion="COPY" jcr:protected="false" jcr:multiple="false" jcr:requiredType="String" jcr:defaultValues="" jcr:valueConstraints="" />
        <jcr:propertyDefinition jcr:primaryType="nt:propertyDefinition" jcr:mixinTypes="" jcr:name="jcr:mimeType" jcr:autoCreated="false" jcr:mandatory="true" jcr:onParentVersion="COPY" jcr:protected="false" jcr:multiple="false" jcr:requiredType="String" jcr:defaultValues="" jcr:valueConstraints="" />
        <jcr:propertyDefinition jcr:primaryType="nt:propertyDefinition" jcr:mixinTypes="" jcr:name="jcr:data" jcr:autoCreated="false" jcr:mandatory="true" jcr:onParentVersion="COPY" jcr:protected="false" jcr:multiple="false" jcr:requiredType="Binary" jcr:defaultValues="" jcr:valueConstraints="" />
        <jcr:propertyDefinition jcr:primaryType="nt:propertyDefinition" jcr:mixinTypes="" jcr:name="jcr:lastModified" jcr:autoCreated="false" jcr:mandatory="true" jcr:onParentVersion="IGNORE" jcr:protected="false" jcr:multiple="false" jcr:requiredType="Date" jcr:defaultValues="" jcr:valueConstraints="" />
      </nt:resource>
      <nt:base jcr:primaryType="nt:nodeType" jcr:mixinTypes="" jcr:nodeTypeName="nt:base" jcr:supertypes="" jcr:isMixin="false" jcr:hasOrderableChildNodes="false">
        <jcr:propertyDefinition jcr:primaryType="nt:propertyDefinition" jcr:mixinTypes="" jcr:name="jcr:primaryType" jcr:autoCreated="true" jcr:mandatory="true" jcr:onParentVersion="COMPUTE" jcr:protected="true" jcr:multiple="false" jcr:requiredType="Name" jcr:defaultValues="" jcr:valueConstraints="" />
        <jcr:propertyDefinition jcr:primaryType="nt:propertyDefinition" jcr:mixinTypes="" jcr:name="jcr:mixinTypes" jcr:autoCreated="false" jcr:mandatory="false" jcr:onParentVersion="COMPUTE" jcr:protected="true" jcr:multiple="true" jcr:requiredType="Name" jcr:defaultValues="" jcr:valueConstraints="" />
      </nt:base>
      <test:canSetProperty jcr:primaryType="nt:nodeType" jcr:mixinTypes="" jcr:nodeTypeName="test:canSetProperty" jcr:supertypes="nt:base" jcr:isMixin="false" jcr:hasOrderableChildNodes="false">
        <jcr:propertyDefinition jcr:primaryType="nt:propertyDefinition" jcr:mixinTypes="" jcr:name="String" jcr:autoCreated="false" jcr:mandatory="false" jcr:onParentVersion="COPY" jcr:protected="false" jcr:multiple="false" jcr:requiredType="String" jcr:defaultValues="" jcr:valueConstraints="" />
        <jcr:propertyDefinition jcr:primaryType="nt:propertyDefinition" jcr:mixinTypes="" jcr:name="StringMultiple" jcr:autoCreated="false" jcr:mandatory="false" jcr:onParentVersion="COPY" jcr:protected="false" jcr:multiple="true" jcr:requiredType="String" jcr:defaultValues="" jcr:valueConstraints="" />
        <jcr:propertyDefinition jcr:primaryType="nt:propertyDefinition" jcr:mixinTypes="" jcr:name="StringConstraints" jcr:autoCreated="false" jcr:mandatory="false" jcr:onParentVersion="COPY" jcr:protected="false" jcr:multiple="false" jcr:requiredType="String" jcr:defaultValues="" jcr:valueConstraints="abc def ghi" />
        <jcr:propertyDefinition jcr:primaryType="nt:propertyDefinition" jcr:mixinTypes="" jcr:name="StringMultipleConstraints" jcr:autoCreated="false" jcr:mandatory="false" jcr:onParentVersion="COPY" jcr:protected="false" jcr:multiple="true" jcr:requiredType="String" jcr:defaultValues="" jcr:valueConstraints="abc def ghi" />
        <jcr:propertyDefinition jcr:primaryType="nt:propertyDefinition" jcr:mixinTypes="" jcr:name="Binary" jcr:autoCreated="false" jcr:mandatory="false" jcr:onParentVersion="COPY" jcr:protected="false" jcr:multiple="false" jcr:requiredType="Binary" jcr:defaultValues="" jcr:valueConstraints="" />
        <jcr:propertyDefinition jcr:primaryType="nt:propertyDefinition" jcr:mixinTypes="" jcr:name="BinaryMultiple" jcr:autoCreated="false" jcr:mandatory="false" jcr:onParentVersion="COPY" jcr:protected="false" jcr:multiple="true" jcr:requiredType="Binary" jcr:defaultValues="" jcr:valueConstraints="" />
        <jcr:propertyDefinition jcr:primaryType="nt:propertyDefinition" jcr:mixinTypes="" jcr:name="BinaryConstraints" jcr:autoCreated="false" jcr:mandatory="false" jcr:onParentVersion="COPY" jcr:protected="false" jcr:multiple="false" jcr:requiredType="Binary" jcr:defaultValues="" jcr:valueConstraints="(,100)" />
        <jcr:propertyDefinition jcr:primaryType="nt:propertyDefinition" jcr:mixinTypes="" jcr:name="BinaryMultipleConstraints" jcr:autoCreated="false" jcr:mandatory="false" jcr:onParentVersion="COPY" jcr:protected="false" jcr:multiple="true" jcr:requiredType="Binary" jcr:defaultValues="" jcr:valueConstraints="(,100)" />
        <jcr:propertyDefinition jcr:primaryType="nt:propertyDefinition" jcr:mixinTypes="" jcr:name="Date" jcr:autoCreated="false" jcr:mandatory="false" jcr:onParentVersion="COPY" jcr:protected="false" jcr:multiple="false" jcr:requiredType="Date" jcr:defaultValues="" jcr:valueConstraints="" />
        <jcr:propertyDefinition jcr:primaryType="nt:propertyDefinition" jcr:mixinTypes="" jcr:name="DateMultiple" jcr:autoCreated="false" jcr:mandatory="false" jcr:onParentVersion="COPY" jcr:protected="false" jcr:multiple="true" jcr:requiredType="Date" jcr:defaultValues="" jcr:valueConstraints="" />
        <jcr:propertyDefinition jcr:primaryType="nt:propertyDefinition" jcr:mixinTypes="" jcr:name="DateConstraints" jcr:autoCreated="false" jcr:mandatory="false" jcr:onParentVersion="COPY" jcr:protected="false" jcr:multiple="false" jcr:requiredType="Date" jcr:defaultValues="" jcr:valueConstraints="(1974-02-15T00:00:00.000Z,)" />
        <jcr:propertyDefinition jcr:primaryType="nt:propertyDefinition" jcr:mixinTypes="" jcr:name="DateMultipleConstraints" jcr:autoCreated="false" jcr:mandatory="false" jcr:onParentVersion="COPY" jcr:protected="false" jcr:multiple="true" jcr:requiredType="Date" jcr:defaultValues="" jcr:valueConstraints="(,1974-02-15T00:00:00.000Z)" />
        <jcr:propertyDefinition jcr:primaryType="nt:propertyDefinition" jcr:mixinTypes="" jcr:name="Double" jcr:autoCreated="false" jcr:mandatory="false" jcr:onParentVersion="COPY" jcr:protected="false" jcr:multiple="false" jcr:requiredType="Double" jcr:defaultValues="" jcr:valueConstraints="" />
        <jcr:propertyDefinition jcr:primaryType="nt:propertyDefinition" jcr:mixinTypes="" jcr:name="DoubleMultiple" jcr:autoCreated="false" jcr:mandatory="false" jcr:onParentVersion="COPY" jcr:protected="false" jcr:multiple="true" jcr:requiredType="Double" jcr:defaultValues="" jcr:valueConstraints="" />
        <jcr:propertyDefinition jcr:primaryType="nt:propertyDefinition" jcr:mixinTypes="" jcr:name="DoubleConstraints" jcr:autoCreated="false" jcr:mandatory="false" jcr:onParentVersion="COPY" jcr:protected="false" jcr:multiple="false" jcr:requiredType="Double" jcr:defaultValues="" jcr:valueConstraints="(100,)" />
        <jcr:propertyDefinition jcr:primaryType="nt:propertyDefinition" jcr:mixinTypes="" jcr:name="DoubleMultipleConstraints" jcr:autoCreated="false" jcr:mandatory="false" jcr:onParentVersion="COPY" jcr:protected="false" jcr:multiple="true" jcr:requiredType="Double" jcr:defaultValues="" jcr:valueConstraints="(,100)" />
        <jcr:propertyDefinition jcr:primaryType="nt:propertyDefinition" jcr:mixinTypes="" jcr:name="Long" jcr:autoCreated="false" jcr:mandatory="false" jcr:onParentVersion="COPY" jcr:protected="false" jcr:multiple="false" jcr:requiredType="Long" jcr:defaultValues="" jcr:valueConstraints="" />
        <jcr:propertyDefinition jcr:primaryType="nt:propertyDefinition" jcr:mixinTypes="" jcr:name="LongMultiple" jcr:autoCreated="false" jcr:mandatory="false" jcr:onParentVersion="COPY" jcr:protected="false" jcr:multiple="true" jcr:requiredType="Long" jcr:defaultValues="" jcr:valueConstraints="" />
        <jcr:propertyDefinition jcr:primaryType="nt:propertyDefinition" jcr:mixinTypes="" jcr:name="LongConstraints" jcr:autoCreated="false" jcr:mandatory="false" jcr:onParentVersion="COPY" jcr:protected="false" jcr:multiple="false" jcr:requiredType="Long" jcr:defaultValues="" jcr:valueConstraints="(100,)" />
        <jcr:propertyDefinition jcr:primaryType="nt:propertyDefinition" jcr:mixinTypes="" jcr:name="LongMultipleConstraints" jcr:autoCreated="false" jcr:mandatory="false" jcr:onParentVersion="COPY" jcr:protected="false" jcr:multiple="true" jcr:requiredType="Long" jcr:defaultValues="" jcr:valueConstraints="(,100)" />
        <jcr:propertyDefinition jcr:primaryType="nt:propertyDefinition" jcr:mixinTypes="" jcr:name="Boolean" jcr:autoCreated="false" jcr:mandatory="false" jcr:onParentVersion="COPY" jcr:protected="false" jcr:multiple="false" jcr:requiredType="Boolean" jcr:defaultValues="" jcr:valueConstraints="" />
        <jcr:propertyDefinition jcr:primaryType="nt:propertyDefinition" jcr:mixinTypes="" jcr:name="BooleanMultiple" jcr:autoCreated="false" jcr:mandatory="false" jcr:onParentVersion="COPY" jcr:protected="false" jcr:multiple="true" jcr:requiredType="Boolean" jcr:defaultValues="" jcr:valueConstraints="" />
        <jcr:propertyDefinition jcr:primaryType="nt:propertyDefinition" jcr:mixinTypes="" jcr:name="BooleanConstraints" jcr:autoCreated="false" jcr:mandatory="false" jcr:onParentVersion="COPY" jcr:protected="false" jcr:multiple="false" jcr:requiredType="Boolean" jcr:defaultValues="" jcr:valueConstraints="true" />
        <jcr:propertyDefinition jcr:primaryType="nt:propertyDefinition" jcr:mixinTypes="" jcr:name="BooleanMultipleConstraints" jcr:autoCreated="false" jcr:mandatory="false" jcr:onParentVersion="COPY" jcr:protected="false" jcr:multiple="true" jcr:requiredType="Boolean" jcr:defaultValues="" jcr:valueConstraints="true" />
        <jcr:propertyDefinition jcr:primaryType="nt:propertyDefinition" jcr:mixinTypes="" jcr:name="Name" jcr:autoCreated="false" jcr:mandatory="false" jcr:onParentVersion="COPY" jcr:protected="false" jcr:multiple="false" jcr:requiredType="Name" jcr:defaultValues="" jcr:valueConstraints="" />
        <jcr:propertyDefinition jcr:primaryType="nt:propertyDefinition" jcr:mixinTypes="" jcr:name="NameMultiple" jcr:autoCreated="false" jcr:mandatory="false" jcr:onParentVersion="COPY" jcr:protected="false" jcr:multiple="true" jcr:requiredType="Name" jcr:defaultValues="" jcr:valueConstraints="" />
        <jcr:propertyDefinition jcr:primaryType="nt:propertyDefinition" jcr:mixinTypes="" jcr:name="NameConstraints" jcr:autoCreated="false" jcr:mandatory="false" jcr:onParentVersion="COPY" jcr:protected="false" jcr:multiple="false" jcr:requiredType="Name" jcr:defaultValues="" jcr:valueConstraints="abc" />
        <jcr:propertyDefinition jcr:primaryType="nt:propertyDefinition" jcr:mixinTypes="" jcr:name="NameMultipleConstraints" jcr:autoCreated="false" jcr:mandatory="false" jcr:onParentVersion="COPY" jcr:protected="false" jcr:multiple="true" jcr:requiredType="Name" jcr:defaultValues="" jcr:valueConstraints="abc" />
        <jcr:propertyDefinition jcr:primaryType="nt:propertyDefinition" jcr:mixinTypes="" jcr:name="Path" jcr:autoCreated="false" jcr:mandatory="false" jcr:onParentVersion="COPY" jcr:protected="false" jcr:multiple="false" jcr:requiredType="Path" jcr:defaultValues="" jcr:valueConstraints="" />
        <jcr:propertyDefinition jcr:primaryType="nt:propertyDefinition" jcr:mixinTypes="" jcr:name="PathMultiple" jcr:autoCreated="false" jcr:mandatory="false" jcr:onParentVersion="COPY" jcr:protected="false" jcr:multiple="true" jcr:requiredType="Path" jcr:defaultValues="" jcr:valueConstraints="" />
        <jcr:propertyDefinition jcr:primaryType="nt:propertyDefinition" jcr:mixinTypes="" jcr:name="PathConstraints" jcr:autoCreated="false" jcr:mandatory="false" jcr:onParentVersion="COPY" jcr:protected="false" jcr:multiple="false" jcr:requiredType="Path" jcr:defaultValues="" jcr:valueConstraints="/abc" />
        <jcr:propertyDefinition jcr:primaryType="nt:propertyDefinition" jcr:mixinTypes="" jcr:name="PathMultipleConstraints" jcr:autoCreated="false" jcr:mandatory="false" jcr:onParentVersion="COPY" jcr:protected="false" jcr:multiple="true" jcr:requiredType="Path" jcr:defaultValues="" jcr:valueConstraints="/abc" />
        <jcr:propertyDefinition jcr:primaryType="nt:propertyDefinition" jcr:mixinTypes="" jcr:name="ReferenceConstraints" jcr:autoCreated="false" jcr:mandatory="false" jcr:onParentVersion="COPY" jcr:protected="false" jcr:multiple="false" jcr:requiredType="Reference" jcr:defaultValues="" jcr:valueConstraints="test:canSetProperty" />
        <jcr:propertyDefinition jcr:primaryType="nt:propertyDefinition" jcr:mixinTypes="" jcr:name="ReferenceMultipleConstraints" jcr:autoCreated="false" jcr:mandatory="false" jcr:onParentVersion="COPY" jcr:protected="false" jcr:multiple="true" jcr:requiredType="Reference" jcr:defaultValues="" jcr:valueConstraints="test:canSetProperty" />
      </test:canSetProperty>
      <test:refTargetNode jcr:primaryType="nt:nodeType" jcr:mixinTypes="" jcr:nodeTypeName="test:refTargetNode" jcr:supertypes="mix:versionable nt:base" jcr:isMixin="false" jcr:hasOrderableChildNodes="false">
        <jcr:propertyDefinition jcr:primaryType="nt:propertyDefinition" jcr:mixinTypes="" jcr:autoCreated="false" jcr:mandatory="false" jcr:onParentVersion="COPY" jcr:protected="false" jcr:multiple="false" jcr:requiredType="undefined" jcr:defaultValues="" jcr:valueConstraints="" />
      </test:refTargetNode>
      <rep:root jcr:primaryType="nt:nodeType" jcr:mixinTypes="" jcr:nodeTypeName="rep:root" jcr:supertypes="nt:unstructured" jcr:isMixin="false" jcr:hasOrderableChildNodes="true">
        <jcr:childNodeDefinition jcr:primaryType="nt:childNodeDefinition" jcr:mixinTypes="" jcr:name="jcr:system" jcr:autoCreated="false" jcr:mandatory="true" jcr:onParentVersion="IGNORE" jcr:protected="false" jcr:requiredPrimaryTypes="rep:system" jcr:defaultPrimaryType="rep:system" jcr:sameNameSiblings="false" />
      </rep:root>
      <rep:version jcr:primaryType="nt:nodeType" jcr:mixinTypes="" jcr:nodeTypeName="rep:version" jcr:supertypes="nt:unstructured" jcr:isMixin="false" jcr:hasOrderableChildNodes="false" />
      <rep:system jcr:primaryType="nt:nodeType" jcr:mixinTypes="" jcr:nodeTypeName="rep:system" jcr:supertypes="nt:base" jcr:isMixin="false" jcr:hasOrderableChildNodes="true">
        <jcr:childNodeDefinition jcr:primaryType="nt:childNodeDefinition" jcr:mixinTypes="" jcr:name="jcr:versionStorage" jcr:autoCreated="false" jcr:mandatory="true" jcr:onParentVersion="ABORT" jcr:protected="true" jcr:requiredPrimaryTypes="nt:base" jcr:defaultPrimaryType="nt:unstructured" jcr:sameNameSiblings="false" />
        <jcr:childNodeDefinition jcr:primaryType="nt:childNodeDefinition" jcr:mixinTypes="" jcr:autoCreated="false" jcr:mandatory="false" jcr:onParentVersion="IGNORE" jcr:protected="false" jcr:requiredPrimaryTypes="nt:base" jcr:defaultPrimaryType="nt:unstructured" jcr:sameNameSiblings="true" />
      </rep:system>
      <nt:query jcr:primaryType="nt:nodeType" jcr:mixinTypes="" jcr:nodeTypeName="nt:query" jcr:supertypes="nt:base" jcr:isMixin="false" jcr:hasOrderableChildNodes="false">
        <jcr:propertyDefinition jcr:primaryType="nt:propertyDefinition" jcr:mixinTypes="" jcr:name="jcr:statement" jcr:autoCreated="false" jcr:mandatory="false" jcr:onParentVersion="COPY" jcr:protected="false" jcr:multiple="false" jcr:requiredType="String" jcr:defaultValues="" jcr:valueConstraints="" />
        <jcr:propertyDefinition jcr:primaryType="nt:propertyDefinition" jcr:mixinTypes="" jcr:name="jcr:language" jcr:autoCreated="false" jcr:mandatory="false" jcr:onParentVersion="COPY" jcr:protected="false" jcr:multiple="false" jcr:requiredType="String" jcr:defaultValues="" jcr:valueConstraints="" />
      </nt:query>
      <rep:versionLabels jcr:primaryType="nt:nodeType" jcr:mixinTypes="" jcr:nodeTypeName="rep:versionLabels" jcr:supertypes="nt:unstructured" jcr:isMixin="false" jcr:hasOrderableChildNodes="false" />
      <rep:versionStorage jcr:primaryType="nt:nodeType" jcr:mixinTypes="" jcr:nodeTypeName="rep:versionStorage" jcr:supertypes="nt:base" jcr:isMixin="false" jcr:hasOrderableChildNodes="false">
        <jcr:childNodeDefinition jcr:primaryType="nt:childNodeDefinition" jcr:mixinTypes="" jcr:autoCreated="false" jcr:mandatory="false" jcr:onParentVersion="ABORT" jcr:protected="true" jcr:requiredPrimaryTypes="nt:versionHistory" jcr:defaultPrimaryType="nt:versionHistory" jcr:sameNameSiblings="true" />
      </rep:versionStorage>
      <rep:frozenVersionHistory jcr:primaryType="nt:nodeType" jcr:mixinTypes="" jcr:nodeTypeName="rep:frozenVersionHistory" jcr:supertypes="nt:unstructured" jcr:isMixin="false" jcr:hasOrderableChildNodes="true" />
      <test:setProperty jcr:primaryType="nt:nodeType" jcr:mixinTypes="" jcr:nodeTypeName="test:setProperty" jcr:supertypes="nt:base mix:referenceable" jcr:isMixin="false" jcr:hasOrderableChildNodes="false">
        <jcr:propertyDefinition jcr:primaryType="nt:propertyDefinition" jcr:mixinTypes="" jcr:autoCreated="false" jcr:mandatory="false" jcr:onParentVersion="COPY" jcr:protected="false" jcr:multiple="false" jcr:requiredType="undefined" jcr:defaultValues="" jcr:valueConstraints="" />
        <jcr:propertyDefinition jcr:primaryType="nt:propertyDefinition" jcr:mixinTypes="" jcr:name="test:multiProperty" jcr:autoCreated="false" jcr:mandatory="false" jcr:onParentVersion="COPY" jcr:protected="false" jcr:multiple="true" jcr:requiredType="undefined" jcr:defaultValues="" jcr:valueConstraints="" />
        <jcr:childNodeDefinition jcr:primaryType="nt:childNodeDefinition" jcr:mixinTypes="" jcr:autoCreated="false" jcr:mandatory="false" jcr:onParentVersion="COPY" jcr:protected="false" jcr:requiredPrimaryTypes="nt:base" jcr:defaultPrimaryType="test:setProperty" jcr:sameNameSiblings="false" />
      </test:setProperty>
      <rep:frozen jcr:primaryType="nt:nodeType" jcr:mixinTypes="" jcr:nodeTypeName="rep:frozen" jcr:supertypes="nt:unstructured" jcr:isMixin="false" jcr:hasOrderableChildNodes="true" />
      <test:setPropertyAssumingType jcr:primaryType="nt:nodeType" jcr:mixinTypes="" jcr:nodeTypeName="test:setPropertyAssumingType" jcr:supertypes="nt:base" jcr:isMixin="false" jcr:hasOrderableChildNodes="false">
        <jcr:propertyDefinition jcr:primaryType="nt:propertyDefinition" jcr:mixinTypes="" jcr:name="test:singleProperty" jcr:autoCreated="false" jcr:mandatory="false" jcr:onParentVersion="COPY" jcr:protected="false" jcr:multiple="false" jcr:requiredType="undefined" jcr:defaultValues="" jcr:valueConstraints="" />
        <jcr:propertyDefinition jcr:primaryType="nt:propertyDefinition" jcr:mixinTypes="" jcr:name="test:multiProperty" jcr:autoCreated="false" jcr:mandatory="false" jcr:onParentVersion="COPY" jcr:protected="false" jcr:multiple="true" jcr:requiredType="undefined" jcr:defaultValues="" jcr:valueConstraints="" />
        <jcr:childNodeDefinition jcr:primaryType="nt:childNodeDefinition" jcr:mixinTypes="" jcr:autoCreated="false" jcr:mandatory="false" jcr:onParentVersion="COPY" jcr:protected="false" jcr:requiredPrimaryTypes="nt:base" jcr:defaultPrimaryType="test:setPropertyAssumingType" jcr:sameNameSiblings="false" />
      </test:setPropertyAssumingType>
      <test:sameNameSibsFalseChildNodeDefinition jcr:primaryType="nt:nodeType" jcr:mixinTypes="" jcr:nodeTypeName="test:sameNameSibsFalseChildNodeDefinition" jcr:supertypes="nt:base" jcr:isMixin="false" jcr:hasOrderableChildNodes="false">
        <jcr:propertyDefinition jcr:primaryType="nt:propertyDefinition" jcr:mixinTypes="" jcr:autoCreated="false" jcr:mandatory="false" jcr:onParentVersion="COPY" jcr:protected="false" jcr:multiple="false" jcr:requiredType="undefined" jcr:defaultValues="" jcr:valueConstraints="" />
        <jcr:childNodeDefinition jcr:primaryType="nt:childNodeDefinition" jcr:mixinTypes="" jcr:autoCreated="false" jcr:mandatory="false" jcr:onParentVersion="COMPUTE" jcr:protected="false" jcr:requiredPrimaryTypes="nt:base" jcr:defaultPrimaryType="test:sameNameSibsFalseChildNodeDefinition" jcr:sameNameSiblings="false" />
      </test:sameNameSibsFalseChildNodeDefinition>
      <mix:referenceable jcr:primaryType="nt:nodeType" jcr:mixinTypes="" jcr:nodeTypeName="mix:referenceable" jcr:supertypes="" jcr:isMixin="true" jcr:hasOrderableChildNodes="false">
        <jcr:propertyDefinition jcr:primaryType="nt:propertyDefinition" jcr:mixinTypes="" jcr:name="jcr:uuid" jcr:autoCreated="true" jcr:mandatory="true" jcr:onParentVersion="INITIALIZE" jcr:protected="true" jcr:multiple="false" jcr:requiredType="String" jcr:defaultValues="" jcr:valueConstraints="" />
      </mix:referenceable>
      <nt:versionedChild jcr:primaryType="nt:nodeType" jcr:mixinTypes="" jcr:nodeTypeName="nt:versionedChild" jcr:supertypes="nt:base" jcr:isMixin="false" jcr:hasOrderableChildNodes="false">
        <jcr:propertyDefinition jcr:primaryType="nt:propertyDefinition" jcr:mixinTypes="" jcr:name="jcr:childVersionHistory" jcr:autoCreated="true" jcr:mandatory="true" jcr:onParentVersion="ABORT" jcr:protected="true" jcr:multiple="false" jcr:requiredType="Reference" jcr:defaultValues="" jcr:valueConstraints="nt:versionHistory" />
      </nt:versionedChild>
      <nt:childNodeDefinition jcr:primaryType="nt:nodeType" jcr:mixinTypes="" jcr:nodeTypeName="nt:childNodeDefinition" jcr:supertypes="nt:base" jcr:isMixin="false" jcr:hasOrderableChildNodes="false">
        <jcr:propertyDefinition jcr:primaryType="nt:propertyDefinition" jcr:mixinTypes="" jcr:name="jcr:name" jcr:autoCreated="false" jcr:mandatory="false" jcr:onParentVersion="COPY" jcr:protected="false" jcr:multiple="false" jcr:requiredType="Name" jcr:defaultValues="" jcr:valueConstraints="" />
        <jcr:propertyDefinition jcr:primaryType="nt:propertyDefinition" jcr:mixinTypes="" jcr:name="jcr:autoCreated" jcr:autoCreated="false" jcr:mandatory="true" jcr:onParentVersion="COPY" jcr:protected="false" jcr:multiple="false" jcr:requiredType="Boolean" jcr:defaultValues="" jcr:valueConstraints="" />
        <jcr:propertyDefinition jcr:primaryType="nt:propertyDefinition" jcr:mixinTypes="" jcr:name="jcr:mandatory" jcr:autoCreated="false" jcr:mandatory="true" jcr:onParentVersion="COPY" jcr:protected="false" jcr:multiple="false" jcr:requiredType="Boolean" jcr:defaultValues="" jcr:valueConstraints="" />
        <jcr:propertyDefinition jcr:primaryType="nt:propertyDefinition" jcr:mixinTypes="" jcr:name="jcr:onParentVersion" jcr:autoCreated="false" jcr:mandatory="true" jcr:onParentVersion="COPY" jcr:protected="false" jcr:multiple="false" jcr:requiredType="String" jcr:defaultValues="" jcr:valueConstraints="COPY VERSION INITIALIZE COMPUTE IGNORE" />
        <jcr:propertyDefinition jcr:primaryType="nt:propertyDefinition" jcr:mixinTypes="" jcr:name="jcr:protected" jcr:autoCreated="false" jcr:mandatory="true" jcr:onParentVersion="COPY" jcr:protected="false" jcr:multiple="false" jcr:requiredType="Boolean" jcr:defaultValues="" jcr:valueConstraints="" />
        <jcr:propertyDefinition jcr:primaryType="nt:propertyDefinition" jcr:mixinTypes="" jcr:name="jcr:requiredPrimaryTypes" jcr:autoCreated="false" jcr:mandatory="true" jcr:onParentVersion="COPY" jcr:protected="false" jcr:multiple="true" jcr:requiredType="Name" jcr:defaultValues="nt:base" jcr:valueConstraints="" />
        <jcr:propertyDefinition jcr:primaryType="nt:propertyDefinition" jcr:mixinTypes="" jcr:name="jcr:defaultPrimaryType" jcr:autoCreated="false" jcr:mandatory="false" jcr:onParentVersion="COPY" jcr:protected="false" jcr:multiple="false" jcr:requiredType="Name" jcr:defaultValues="" jcr:valueConstraints="" />
        <jcr:propertyDefinition jcr:primaryType="nt:propertyDefinition" jcr:mixinTypes="" jcr:name="jcr:sameNameSiblings" jcr:autoCreated="false" jcr:mandatory="true" jcr:onParentVersion="COPY" jcr:protected="false" jcr:multiple="false" jcr:requiredType="Boolean" jcr:defaultValues="" jcr:valueConstraints="" />
      </nt:childNodeDefinition>
      <nt:file jcr:primaryType="nt:nodeType" jcr:mixinTypes="" jcr:nodeTypeName="nt:file" jcr:supertypes="nt:hierarchyNode" jcr:isMixin="false" jcr:hasOrderableChildNodes="false" jcr:primaryItemName="jcr:content">
        <jcr:childNodeDefinition jcr:primaryType="nt:childNodeDefinition" jcr:mixinTypes="" jcr:name="jcr:content" jcr:autoCreated="false" jcr:mandatory="true" jcr:onParentVersion="COPY" jcr:protected="false" jcr:requiredPrimaryTypes="nt:base" jcr:sameNameSiblings="false" />
      </nt:file>
      <nt:version jcr:primaryType="nt:nodeType" jcr:mixinTypes="" jcr:nodeTypeName="nt:version" jcr:supertypes="nt:base mix:referenceable" jcr:isMixin="false" jcr:hasOrderableChildNodes="false">
        <jcr:propertyDefinition jcr:primaryType="nt:propertyDefinition" jcr:mixinTypes="" jcr:name="jcr:created" jcr:autoCreated="true" jcr:mandatory="true" jcr:onParentVersion="ABORT" jcr:protected="true" jcr:multiple="false" jcr:requiredType="Date" jcr:defaultValues="" jcr:valueConstraints="" />
        <jcr:propertyDefinition jcr:primaryType="nt:propertyDefinition" jcr:mixinTypes="" jcr:name="jcr:predecessors" jcr:autoCreated="false" jcr:mandatory="false" jcr:onParentVersion="ABORT" jcr:protected="true" jcr:multiple="true" jcr:requiredType="Reference" jcr:defaultValues="" jcr:valueConstraints="nt:version" />
        <jcr:propertyDefinition jcr:primaryType="nt:propertyDefinition" jcr:mixinTypes="" jcr:name="jcr:successors" jcr:autoCreated="false" jcr:mandatory="false" jcr:onParentVersion="ABORT" jcr:protected="true" jcr:multiple="true" jcr:requiredType="Reference" jcr:defaultValues="" jcr:valueConstraints="nt:version" />
        <jcr:childNodeDefinition jcr:primaryType="nt:childNodeDefinition" jcr:mixinTypes="" jcr:name="jcr:frozenNode" jcr:autoCreated="false" jcr:mandatory="false" jcr:onParentVersion="ABORT" jcr:protected="true" jcr:requiredPrimaryTypes="nt:frozenNode" jcr:sameNameSiblings="false" />
      </nt:version>
      <nt:versionHistory jcr:primaryType="nt:nodeType" jcr:mixinTypes="" jcr:nodeTypeName="nt:versionHistory" jcr:supertypes="nt:base mix:referenceable" jcr:isMixin="false" jcr:hasOrderableChildNodes="false">
        <jcr:propertyDefinition jcr:primaryType="nt:propertyDefinition" jcr:mixinTypes="" jcr:name="jcr:versionableUuid" jcr:autoCreated="true" jcr:mandatory="true" jcr:onParentVersion="ABORT" jcr:protected="true" jcr:multiple="false" jcr:requiredType="String" jcr:defaultValues="" jcr:valueConstraints="" />
        <jcr:childNodeDefinition jcr:primaryType="nt:childNodeDefinition" jcr:mixinTypes="" jcr:name="jcr:rootVersion" jcr:autoCreated="true" jcr:mandatory="true" jcr:onParentVersion="ABORT" jcr:protected="true" jcr:requiredPrimaryTypes="nt:version" jcr:defaultPrimaryType="nt:version" jcr:sameNameSiblings="false" />
        <jcr:childNodeDefinition jcr:primaryType="nt:childNodeDefinition" jcr:mixinTypes="" jcr:name="jcr:versionLabels" jcr:autoCreated="true" jcr:mandatory="true" jcr:onParentVersion="ABORT" jcr:protected="true" jcr:requiredPrimaryTypes="nt:versionLabels" jcr:defaultPrimaryType="nt:versionLabels" jcr:sameNameSiblings="false" />
        <jcr:childNodeDefinition jcr:primaryType="nt:childNodeDefinition" jcr:mixinTypes="" jcr:autoCreated="false" jcr:mandatory="false" jcr:onParentVersion="ABORT" jcr:protected="true" jcr:requiredPrimaryTypes="nt:version" jcr:defaultPrimaryType="nt:version" jcr:sameNameSiblings="false" />
      </nt:versionHistory>
      <test:canAddChildNode jcr:primaryType="nt:nodeType" jcr:mixinTypes="" jcr:nodeTypeName="test:canAddChildNode" jcr:supertypes="nt:base" jcr:isMixin="false" jcr:hasOrderableChildNodes="false">
        <jcr:childNodeDefinition jcr:primaryType="nt:childNodeDefinition" jcr:mixinTypes="" jcr:name="testChildWithDefaultType" jcr:autoCreated="false" jcr:mandatory="false" jcr:onParentVersion="COPY" jcr:protected="false" jcr:requiredPrimaryTypes="nt:base" jcr:defaultPrimaryType="nt:base" jcr:sameNameSiblings="false" />
        <jcr:childNodeDefinition jcr:primaryType="nt:childNodeDefinition" jcr:mixinTypes="" jcr:name="testChildWithoutDefaultType" jcr:autoCreated="false" jcr:mandatory="false" jcr:onParentVersion="COPY" jcr:protected="false" jcr:requiredPrimaryTypes="nt:base" jcr:sameNameSiblings="false" />
      </test:canAddChildNode>
      <nt:linkedFile jcr:primaryType="nt:nodeType" jcr:mixinTypes="" jcr:nodeTypeName="nt:linkedFile" jcr:supertypes="nt:hierarchyNode" jcr:isMixin="false" jcr:hasOrderableChildNodes="false" jcr:primaryItemName="jcr:content">
        <jcr:propertyDefinition jcr:primaryType="nt:propertyDefinition" jcr:mixinTypes="" jcr:name="jcr:content" jcr:autoCreated="false" jcr:mandatory="true" jcr:onParentVersion="COPY" jcr:protected="false" jcr:multiple="false" jcr:requiredType="Reference" jcr:defaultValues="" jcr:valueConstraints="" />
      </nt:linkedFile>
      <test:versionable jcr:primaryType="nt:nodeType" jcr:mixinTypes="" jcr:nodeTypeName="test:versionable" jcr:supertypes="mix:versionable nt:base" jcr:isMixin="false" jcr:hasOrderableChildNodes="false">
        <jcr:propertyDefinition jcr:primaryType="nt:propertyDefinition" jcr:mixinTypes="" jcr:autoCreated="false" jcr:mandatory="false" jcr:onParentVersion="COPY" jcr:protected="false" jcr:multiple="false" jcr:requiredType="undefined" jcr:defaultValues="" jcr:valueConstraints="" />
        <jcr:propertyDefinition jcr:primaryType="nt:propertyDefinition" jcr:mixinTypes="" jcr:name="test:copyOnParentVersionProp" jcr:autoCreated="false" jcr:mandatory="false" jcr:onParentVersion="COPY" jcr:protected="false" jcr:multiple="false" jcr:requiredType="String" jcr:defaultValues="" jcr:valueConstraints="" />
        <jcr:propertyDefinition jcr:primaryType="nt:propertyDefinition" jcr:mixinTypes="" jcr:name="test:versionOnParentVersionProp" jcr:autoCreated="false" jcr:mandatory="false" jcr:onParentVersion="VERSION" jcr:protected="false" jcr:multiple="false" jcr:requiredType="String" jcr:defaultValues="" jcr:valueConstraints="" />
        <jcr:propertyDefinition jcr:primaryType="nt:propertyDefinition" jcr:mixinTypes="" jcr:name="test:initializeOnParentVersionProp" jcr:autoCreated="false" jcr:mandatory="false" jcr:onParentVersion="INITIALIZE" jcr:protected="false" jcr:multiple="false" jcr:requiredType="String" jcr:defaultValues="" jcr:valueConstraints="" />
        <jcr:propertyDefinition jcr:primaryType="nt:propertyDefinition" jcr:mixinTypes="" jcr:name="test:computeOnParentVersionProp" jcr:autoCreated="false" jcr:mandatory="false" jcr:onParentVersion="COMPUTE" jcr:protected="false" jcr:multiple="false" jcr:requiredType="String" jcr:defaultValues="" jcr:valueConstraints="" />
        <jcr:propertyDefinition jcr:primaryType="nt:propertyDefinition" jcr:mixinTypes="" jcr:name="test:ignoreOnParentVersionProp" jcr:autoCreated="false" jcr:mandatory="false" jcr:onParentVersion="IGNORE" jcr:protected="false" jcr:multiple="false" jcr:requiredType="String" jcr:defaultValues="" jcr:valueConstraints="" />
        <jcr:propertyDefinition jcr:primaryType="nt:propertyDefinition" jcr:mixinTypes="" jcr:name="test:abortOnParentVersionProp" jcr:autoCreated="false" jcr:mandatory="false" jcr:onParentVersion="ABORT" jcr:protected="false" jcr:multiple="false" jcr:requiredType="String" jcr:defaultValues="" jcr:valueConstraints="" />
        <jcr:childNodeDefinition jcr:primaryType="nt:childNodeDefinition" jcr:mixinTypes="" jcr:autoCreated="false" jcr:mandatory="false" jcr:onParentVersion="COPY" jcr:protected="false" jcr:requiredPrimaryTypes="nt:base" jcr:defaultPrimaryType="test:versionable" jcr:sameNameSiblings="false" />
        <jcr:childNodeDefinition jcr:primaryType="nt:childNodeDefinition" jcr:mixinTypes="" jcr:name="test:copyOnParentVersion" jcr:autoCreated="false" jcr:mandatory="false" jcr:onParentVersion="COPY" jcr:protected="false" jcr:requiredPrimaryTypes="nt:base" jcr:defaultPrimaryType="nt:unstructured" jcr:sameNameSiblings="false" />
        <jcr:childNodeDefinition jcr:primaryType="nt:childNodeDefinition" jcr:mixinTypes="" jcr:name="test:versionOnParentVersion" jcr:autoCreated="false" jcr:mandatory="false" jcr:onParentVersion="VERSION" jcr:protected="false" jcr:requiredPrimaryTypes="nt:base" jcr:defaultPrimaryType="nt:unstructured" jcr:sameNameSiblings="false" />
        <jcr:childNodeDefinition jcr:primaryType="nt:childNodeDefinition" jcr:mixinTypes="" jcr:name="test:initializeOnParentVersion" jcr:autoCreated="false" jcr:mandatory="false" jcr:onParentVersion="INITIALIZE" jcr:protected="false" jcr:requiredPrimaryTypes="nt:base" jcr:defaultPrimaryType="nt:unstructured" jcr:sameNameSiblings="false" />
        <jcr:childNodeDefinition jcr:primaryType="nt:childNodeDefinition" jcr:mixinTypes="" jcr:name="test:computeOnParentVersion" jcr:autoCreated="false" jcr:mandatory="false" jcr:onParentVersion="COMPUTE" jcr:protected="false" jcr:requiredPrimaryTypes="nt:base" jcr:defaultPrimaryType="nt:unstructured" jcr:sameNameSiblings="false" />
        <jcr:childNodeDefinition jcr:primaryType="nt:childNodeDefinition" jcr:mixinTypes="" jcr:name="test:ignoreOnParentVersion" jcr:autoCreated="false" jcr:mandatory="false" jcr:onParentVersion="IGNORE" jcr:protected="false" jcr:requiredPrimaryTypes="nt:base" jcr:defaultPrimaryType="nt:unstructured" jcr:sameNameSiblings="false" />
        <jcr:childNodeDefinition jcr:primaryType="nt:childNodeDefinition" jcr:mixinTypes="" jcr:name="test:abortOnParentVersion" jcr:autoCreated="false" jcr:mandatory="false" jcr:onParentVersion="ABORT" jcr:protected="false" jcr:requiredPrimaryTypes="nt:base" jcr:defaultPrimaryType="nt:unstructured" jcr:sameNameSiblings="false" />
      </test:versionable>
      <rep:nodeTypes jcr:primaryType="nt:nodeType" jcr:mixinTypes="" jcr:nodeTypeName="rep:nodeTypes" jcr:supertypes="nt:base" jcr:isMixin="false" jcr:hasOrderableChildNodes="false">
        <jcr:childNodeDefinition jcr:primaryType="nt:childNodeDefinition" jcr:mixinTypes="" jcr:autoCreated="false" jcr:mandatory="false" jcr:onParentVersion="ABORT" jcr:protected="true" jcr:requiredPrimaryTypes="nt:nodeType" jcr:defaultPrimaryType="nt:nodeType" jcr:sameNameSiblings="false" />
      </rep:nodeTypes>
      <nt:frozenNode jcr:primaryType="nt:nodeType" jcr:mixinTypes="" jcr:nodeTypeName="nt:frozenNode" jcr:supertypes="nt:base mix:referenceable" jcr:isMixin="false" jcr:hasOrderableChildNodes="true">
        <jcr:propertyDefinition jcr:primaryType="nt:propertyDefinition" jcr:mixinTypes="" jcr:name="jcr:frozenPrimaryType" jcr:autoCreated="true" jcr:mandatory="true" jcr:onParentVersion="ABORT" jcr:protected="true" jcr:multiple="false" jcr:requiredType="Name" jcr:defaultValues="" jcr:valueConstraints="" />
        <jcr:propertyDefinition jcr:primaryType="nt:propertyDefinition" jcr:mixinTypes="" jcr:name="jcr:frozenMixinTypes" jcr:autoCreated="false" jcr:mandatory="false" jcr:onParentVersion="ABORT" jcr:protected="true" jcr:multiple="true" jcr:requiredType="Name" jcr:defaultValues="" jcr:valueConstraints="" />
        <jcr:propertyDefinition jcr:primaryType="nt:propertyDefinition" jcr:mixinTypes="" jcr:name="jcr:frozenUuid" jcr:autoCreated="true" jcr:mandatory="true" jcr:onParentVersion="ABORT" jcr:protected="true" jcr:multiple="false" jcr:requiredType="String" jcr:defaultValues="" jcr:valueConstraints="" />
        <jcr:propertyDefinition jcr:primaryType="nt:propertyDefinition" jcr:mixinTypes="" jcr:autoCreated="false" jcr:mandatory="false" jcr:onParentVersion="ABORT" jcr:protected="true" jcr:multiple="false" jcr:requiredType="undefined" jcr:defaultValues="" jcr:valueConstraints="" />
        <jcr:propertyDefinition jcr:primaryType="nt:propertyDefinition" jcr:mixinTypes="" jcr:autoCreated="false" jcr:mandatory="false" jcr:onParentVersion="ABORT" jcr:protected="true" jcr:multiple="true" jcr:requiredType="undefined" jcr:defaultValues="" jcr:valueConstraints="" />
        <jcr:childNodeDefinition jcr:primaryType="nt:childNodeDefinition" jcr:mixinTypes="" jcr:autoCreated="false" jcr:mandatory="false" jcr:onParentVersion="ABORT" jcr:protected="true" jcr:requiredPrimaryTypes="nt:base" jcr:sameNameSiblings="true" />
      </nt:frozenNode>
      <nt:propertyDefinition jcr:primaryType="nt:nodeType" jcr:mixinTypes="" jcr:nodeTypeName="nt:propertyDefinition" jcr:supertypes="nt:base" jcr:isMixin="false" jcr:hasOrderableChildNodes="false">
        <jcr:propertyDefinition jcr:primaryType="nt:propertyDefinition" jcr:mixinTypes="" jcr:name="jcr:name" jcr:autoCreated="false" jcr:mandatory="false" jcr:onParentVersion="COPY" jcr:protected="false" jcr:multiple="false" jcr:requiredType="Name" jcr:defaultValues="" jcr:valueConstraints="" />
        <jcr:propertyDefinition jcr:primaryType="nt:propertyDefinition" jcr:mixinTypes="" jcr:name="jcr:autoCreated" jcr:autoCreated="false" jcr:mandatory="true" jcr:onParentVersion="COPY" jcr:protected="false" jcr:multiple="false" jcr:requiredType="Boolean" jcr:defaultValues="" jcr:valueConstraints="" />
        <jcr:propertyDefinition jcr:primaryType="nt:propertyDefinition" jcr:mixinTypes="" jcr:name="jcr:mandatory" jcr:autoCreated="false" jcr:mandatory="true" jcr:onParentVersion="COPY" jcr:protected="false" jcr:multiple="false" jcr:requiredType="Boolean" jcr:defaultValues="" jcr:valueConstraints="" />
        <jcr:propertyDefinition jcr:primaryType="nt:propertyDefinition" jcr:mixinTypes="" jcr:name="jcr:onParentVersion" jcr:autoCreated="false" jcr:mandatory="true" jcr:onParentVersion="COPY" jcr:protected="false" jcr:multiple="false" jcr:requiredType="String" jcr:defaultValues="" jcr:valueConstraints="COPY VERSION INITIALIZE COMPUTE IGNORE" />
        <jcr:propertyDefinition jcr:primaryType="nt:propertyDefinition" jcr:mixinTypes="" jcr:name="jcr:protected" jcr:autoCreated="false" jcr:mandatory="true" jcr:onParentVersion="COPY" jcr:protected="false" jcr:multiple="false" jcr:requiredType="Boolean" jcr:defaultValues="" jcr:valueConstraints="" />
        <jcr:propertyDefinition jcr:primaryType="nt:propertyDefinition" jcr:mixinTypes="" jcr:name="jcr:requiredType" jcr:autoCreated="false" jcr:mandatory="true" jcr:onParentVersion="COPY" jcr:protected="false" jcr:multiple="false" jcr:requiredType="String" jcr:defaultValues="" jcr:valueConstraints="STRING BINARY LONG DOUBLE BOOLEAN DATE NAME PATH REFERENCE UNDEFINED" />
        <jcr:propertyDefinition jcr:primaryType="nt:propertyDefinition" jcr:mixinTypes="" jcr:name="jcr:valueConstraints" jcr:autoCreated="false" jcr:mandatory="false" jcr:onParentVersion="COPY" jcr:protected="false" jcr:multiple="true" jcr:requiredType="String" jcr:defaultValues="" jcr:valueConstraints="" />
        <jcr:propertyDefinition jcr:primaryType="nt:propertyDefinition" jcr:mixinTypes="" jcr:name="jcr:defaultValues" jcr:autoCreated="false" jcr:mandatory="false" jcr:onParentVersion="COPY" jcr:protected="false" jcr:multiple="true" jcr:requiredType="undefined" jcr:defaultValues="" jcr:valueConstraints="" />
        <jcr:propertyDefinition jcr:primaryType="nt:propertyDefinition" jcr:mixinTypes="" jcr:name="jcr:multiple" jcr:autoCreated="false" jcr:mandatory="true" jcr:onParentVersion="COPY" jcr:protected="false" jcr:multiple="false" jcr:requiredType="Boolean" jcr:defaultValues="" jcr:valueConstraints="" />
      </nt:propertyDefinition>
      <rep:versionHistory jcr:primaryType="nt:nodeType" jcr:mixinTypes="" jcr:nodeTypeName="rep:versionHistory" jcr:supertypes="nt:unstructured" jcr:isMixin="false" jcr:hasOrderableChildNodes="false" />
      <nt:unstructured jcr:primaryType="nt:nodeType" jcr:mixinTypes="" jcr:nodeTypeName="nt:unstructured" jcr:supertypes="nt:base" jcr:isMixin="false" jcr:hasOrderableChildNodes="true">
        <jcr:propertyDefinition jcr:primaryType="nt:propertyDefinition" jcr:mixinTypes="" jcr:autoCreated="false" jcr:mandatory="false" jcr:onParentVersion="COPY" jcr:protected="false" jcr:multiple="true" jcr:requiredType="undefined" jcr:defaultValues="" jcr:valueConstraints="" />
        <jcr:propertyDefinition jcr:primaryType="nt:propertyDefinition" jcr:mixinTypes="" jcr:autoCreated="false" jcr:mandatory="false" jcr:onParentVersion="COPY" jcr:protected="false" jcr:multiple="false" jcr:requiredType="undefined" jcr:defaultValues="" jcr:valueConstraints="" />
        <jcr:childNodeDefinition jcr:primaryType="nt:childNodeDefinition" jcr:mixinTypes="" jcr:autoCreated="false" jcr:mandatory="false" jcr:onParentVersion="VERSION" jcr:protected="false" jcr:requiredPrimaryTypes="nt:base" jcr:defaultPrimaryType="nt:unstructured" jcr:sameNameSiblings="true" />
      </nt:unstructured>
      <nt:nodeType jcr:primaryType="nt:nodeType" jcr:mixinTypes="" jcr:nodeTypeName="nt:nodeType" jcr:supertypes="nt:base" jcr:isMixin="false" jcr:hasOrderableChildNodes="false">
        <jcr:propertyDefinition jcr:primaryType="nt:propertyDefinition" jcr:mixinTypes="" jcr:name="jcr:nodeTypeName" jcr:autoCreated="false" jcr:mandatory="true" jcr:onParentVersion="COPY" jcr:protected="false" jcr:multiple="false" jcr:requiredType="Name" jcr:defaultValues="" jcr:valueConstraints="" />
        <jcr:propertyDefinition jcr:primaryType="nt:propertyDefinition" jcr:mixinTypes="" jcr:name="jcr:supertypes" jcr:autoCreated="false" jcr:mandatory="false" jcr:onParentVersion="COPY" jcr:protected="false" jcr:multiple="true" jcr:requiredType="Name" jcr:defaultValues="" jcr:valueConstraints="" />
        <jcr:propertyDefinition jcr:primaryType="nt:propertyDefinition" jcr:mixinTypes="" jcr:name="jcr:isMixin" jcr:autoCreated="false" jcr:mandatory="true" jcr:onParentVersion="COPY" jcr:protected="false" jcr:multiple="false" jcr:requiredType="Boolean" jcr:defaultValues="" jcr:valueConstraints="" />
        <jcr:propertyDefinition jcr:primaryType="nt:propertyDefinition" jcr:mixinTypes="" jcr:name="jcr:hasOrderableChildNodes" jcr:autoCreated="false" jcr:mandatory="true" jcr:onParentVersion="COPY" jcr:protected="false" jcr:multiple="false" jcr:requiredType="Boolean" jcr:defaultValues="" jcr:valueConstraints="" />
        <jcr:propertyDefinition jcr:primaryType="nt:propertyDefinition" jcr:mixinTypes="" jcr:name="jcr:primaryItemName" jcr:autoCreated="false" jcr:mandatory="false" jcr:onParentVersion="COPY" jcr:protected="false" jcr:multiple="false" jcr:requiredType="Name" jcr:defaultValues="" jcr:valueConstraints="" />
        <jcr:childNodeDefinition jcr:primaryType="nt:childNodeDefinition" jcr:mixinTypes="" jcr:name="jcr:propertyDefinition" jcr:autoCreated="false" jcr:mandatory="false" jcr:onParentVersion="VERSION" jcr:protected="false" jcr:requiredPrimaryTypes="nt:propertyDefinition" jcr:defaultPrimaryType="nt:propertyDefinition" jcr:sameNameSiblings="true" />
        <jcr:childNodeDefinition jcr:primaryType="nt:childNodeDefinition" jcr:mixinTypes="" jcr:name="jcr:childNodeDefinition" jcr:autoCreated="false" jcr:mandatory="false" jcr:onParentVersion="VERSION" jcr:protected="false" jcr:requiredPrimaryTypes="nt:childNodeDefinition" jcr:defaultPrimaryType="nt:childNodeDefinition" jcr:sameNameSiblings="true" />
      </nt:nodeType>
      <mix:lockable jcr:primaryType="nt:nodeType" jcr:mixinTypes="" jcr:nodeTypeName="mix:lockable" jcr:supertypes="" jcr:isMixin="true" jcr:hasOrderableChildNodes="false">
        <jcr:propertyDefinition jcr:primaryType="nt:propertyDefinition" jcr:mixinTypes="" jcr:name="jcr:lockOwner" jcr:autoCreated="false" jcr:mandatory="false" jcr:onParentVersion="IGNORE" jcr:protected="true" jcr:multiple="false" jcr:requiredType="String" jcr:defaultValues="" jcr:valueConstraints="" />
        <jcr:propertyDefinition jcr:primaryType="nt:propertyDefinition" jcr:mixinTypes="" jcr:name="jcr:lockIsDeep" jcr:autoCreated="false" jcr:mandatory="false" jcr:onParentVersion="IGNORE" jcr:protected="true" jcr:multiple="false" jcr:requiredType="Boolean" jcr:defaultValues="" jcr:valueConstraints="" />
      </mix:lockable>
      <nt:folder jcr:primaryType="nt:nodeType" jcr:mixinTypes="" jcr:nodeTypeName="nt:folder" jcr:supertypes="nt:hierarchyNode" jcr:isMixin="false" jcr:hasOrderableChildNodes="false">
        <jcr:childNodeDefinition jcr:primaryType="nt:childNodeDefinition" jcr:mixinTypes="" jcr:autoCreated="false" jcr:mandatory="false" jcr:onParentVersion="VERSION" jcr:protected="false" jcr:requiredPrimaryTypes="nt:hierarchyNode" jcr:sameNameSiblings="false" />
      </nt:folder>
    </jcr:nodeTypes>
  </jcr:system>
  <testroot jcr:primaryType="nt:unstructured" test:multiProperty="a z" />
  <testdata jcr:primaryType="nt:unstructured">
    <query jcr:primaryType="nt:unstructured">
      <node1 jcr:primaryType="nt:unstructured" prop1="You_x0020_can_x0020_have_x0020_it_x0020_good,_x0020_cheap,_x0020_or_x0020_fast._x0020_Any_x0020_two." />
      <node1 jcr:primaryType="nt:unstructured" prop1="foo_x0020_bar" />
      <node1 jcr:primaryType="nt:unstructured" prop1="Hello_x0020_world!" />
      <node2 jcr:primaryType="nt:unstructured" prop1="Apache_x0020_Jackrabbit" />
    </query>
    <node jcr:primaryType="nt:unstructured">
      <myResource jcr:primaryType="nt:resource" jcr:uuid="2cdd6e03-cdd2-4d02-a7a7-c29ef60298e3" jcr:encoding="UTF-8" jcr:mimeType="text/plain" jcr:data="SGVsbG8gd8O2cmxkLg==" jcr:lastModified="2005-05-17T12:13:50.238+02:00" />
      <reference jcr:primaryType="nt:unstructured" jcr:mixinTypes="mix:referenceable" jcr:uuid="e5621200-46b4-4c6f-969b-8ffccca9cae2" ref="2cdd6e03-cdd2-4d02-a7a7-c29ef60298e3" />
      <multiReference jcr:primaryType="nt:unstructured" ref="2cdd6e03-cdd2-4d02-a7a7-c29ef60298e3 e5621200-46b4-4c6f-969b-8ffccca9cae2" />
    </node>
    <property jcr:primaryType="nt:unstructured" boolean="true" double="3.141592653589793" long="90834953485278298" calendar="2005-07-18T17:30:50.368+02:00" path="/" multi="one two three" />
    <docViewTest jcr:primaryType="nt:unstructured">
    <invalidXmlName jcr:primaryType="nt:unstructured" propName="some_x0020_text" />A text without any special character.
    <some-element jcr:primaryType="nt:unstructured" />The entity reference characters: &lt;, ', ,&amp;, &gt;, " should be escaped in xml export.
    <some-element jcr:primaryType="nt:unstructured" />A text without any special character.
    <bigNode jcr:primaryType="nt:unstructured" propName0="U0dWc2JHOGdkOE8yY214a0xnPT0= U0dWc2JHOGdkOE8yY214a0xnPT0=" propName1="text_x0020_1" propName2="multival_x0020_text_x0020_1 multival_x0020_text_x0020_2 multival_x0020_text_x0020_3" propName3="text_x0020_1" />
    <validNames jcr:primaryType="nt:unstructured">
      <validMultiNoBin jcr:primaryType="nt:unstructured" propName="multival_x0020_text_x0020_1 multival_x0020_text_x0020_2 multival_x0020_text_x0020_3" />
      <validMultiBin jcr:primaryType="nt:unstructured" jcr:encoding="UTF-8" jcr:mimeType="text/plain" jcrData="U0dWc2JHOGdkOE8yY214a0xnPT0= U0dWc2JHOGdkOE8yY214a0xnPT0=" jcr:lastModified="2005-05-17T12:13:50.458+02:00" />
      <validNoBin jcr:primaryType="nt:unstructured" propName="text_x0020_1" />
      <validBin jcr:primaryType="nt:unstructured" jcr:encoding="UTF-8" jcr:mimeType="text/plain" jcrData="SGVsbG8gd8O2cmxkLg==" jcr:lastModified="2005-05-17T12:13:50.458+02:00" />
    </validNames>
    <invalidNames jcr:primaryType="nt:unstructured">
      <invalidMultiNoBin jcr:primaryType="nt:unstructured" Prop_x003c__x003e_prop="multival_x0020_text_x0020_1 multival_x0020_text_x0020_2 multival_x0020_text_x0020_3" />
      <invalidMultiBin jcr:primaryType="nt:unstructured" jcr:encoding="UTF-8" jcr:mimeType="text/plain" Prop_x003c__x003e_prop="U0dWc2JHOGdkOE8yY214a0xnPT0= U0dWc2JHOGdkOE8yY214a0xnPT0=" jcr:lastModified="2005-05-17T12:13:50.468+02:00" />
      <invalidNoBin jcr:primaryType="nt:unstructured" Prop_x003c__x003e_prop="text_x0020_1" />
      <invalidBin jcr:primaryType="nt:unstructured" jcr:encoding="UTF-8" jcr:mimeType="text/plain" Prop_x003c__x003e_prop="SGVsbG8gd8O2cmxkLg==" jcr:lastModified="2005-05-17T12:13:50.468+02:00" />
    </invalidNames></docViewTest>
    <serialization jcr:primaryType="nt:unstructured" />
  </testdata>
</jcr:root>
